[0.011s] Invoking command in '/home/ros2/ws_RAMS/build/workcell_description': CMAKE_PREFIX_PATH=${CMAKE_PREFIX_PATH}:/opt/ros/humble /usr/bin/cmake /home/ros2/ws_RAMS/src/workcell_description -DCMAKE_INSTALL_PREFIX=/home/ros2/ws_RAMS/install/workcell_description
[0.055s] -- The C compiler identification is GNU 11.4.0
[0.098s] -- The CXX compiler identification is GNU 11.4.0
[0.103s] -- Detecting C compiler ABI info
[0.167s] -- Detecting C compiler ABI info - done
[0.171s] -- Check for working C compiler: /usr/bin/cc - skipped
[0.171s] -- Detecting C compile features
[0.171s] -- Detecting C compile features - done
[0.173s] -- Detecting CXX compiler ABI info
[0.238s] -- Detecting CXX compiler ABI info - done
[0.242s] -- Check for working CXX compiler: /usr/bin/c++ - skipped
[0.242s] -- Detecting CXX compile features
[0.243s] -- Detecting CXX compile features - done
[0.244s] -- Found ament_cmake: 1.3.12 (/opt/ros/humble/share/ament_cmake/cmake)
[0.347s] -- Found Python3: /usr/bin/python3 (found version "3.10.12") found components: Interpreter 
[0.448s] -- Configuring done
[0.450s] -- Generating done
[0.451s] -- Build files have been written to: /home/ros2/ws_RAMS/build/workcell_description
[0.454s] Invoked command in '/home/ros2/ws_RAMS/build/workcell_description' returned '0': CMAKE_PREFIX_PATH=${CMAKE_PREFIX_PATH}:/opt/ros/humble /usr/bin/cmake /home/ros2/ws_RAMS/src/workcell_description -DCMAKE_INSTALL_PREFIX=/home/ros2/ws_RAMS/install/workcell_description
[0.456s] Invoking command in '/home/ros2/ws_RAMS/build/workcell_description': CMAKE_PREFIX_PATH=${CMAKE_PREFIX_PATH}:/opt/ros/humble /usr/bin/cmake --build /home/ros2/ws_RAMS/build/workcell_description -- -j2 -l2
[0.484s] Invoked command in '/home/ros2/ws_RAMS/build/workcell_description' returned '0': CMAKE_PREFIX_PATH=${CMAKE_PREFIX_PATH}:/opt/ros/humble /usr/bin/cmake --build /home/ros2/ws_RAMS/build/workcell_description -- -j2 -l2
[0.491s] Invoking command in '/home/ros2/ws_RAMS/build/workcell_description': CMAKE_PREFIX_PATH=${CMAKE_PREFIX_PATH}:/opt/ros/humble /usr/bin/cmake --install /home/ros2/ws_RAMS/build/workcell_description
[0.496s] -- Install configuration: ""
[0.497s] -- Installing: /home/ros2/ws_RAMS/install/workcell_description/share/workcell_description/urdf
[0.497s] -- Installing: /home/ros2/ws_RAMS/install/workcell_description/share/workcell_description/urdf/robots
[0.497s] -- Installing: /home/ros2/ws_RAMS/install/workcell_description/share/workcell_description/urdf/robots/irb6700_200_260.xacro
[0.497s] -- Installing: /home/ros2/ws_RAMS/install/workcell_description/share/workcell_description/urdf/materials
[0.497s] -- Installing: /home/ros2/ws_RAMS/install/workcell_description/share/workcell_description/urdf/materials/common_colours.xacro
[0.497s] -- Installing: /home/ros2/ws_RAMS/install/workcell_description/share/workcell_description/urdf/materials/common_materials.xacro
[0.497s] -- Installing: /home/ros2/ws_RAMS/install/workcell_description/share/workcell_description/urdf/sensors
[0.497s] -- Installing: /home/ros2/ws_RAMS/install/workcell_description/share/workcell_description/urdf/actuators
[0.497s] -- Installing: /home/ros2/ws_RAMS/install/workcell_description/share/workcell_description/urdf/actuators/spindle.xacro
[0.497s] -- Installing: /home/ros2/ws_RAMS/install/workcell_description/share/workcell_description/urdf/workcell.urdf.xacro
[0.497s] -- Installing: /home/ros2/ws_RAMS/install/workcell_description/share/workcell_description/urdf/props
[0.497s] -- Installing: /home/ros2/ws_RAMS/install/workcell_description/share/workcell_description/urdf/props/common_props.xacro
[0.497s] -- Installing: /home/ros2/ws_RAMS/install/workcell_description/share/workcell_description/meshes
[0.497s] -- Installing: /home/ros2/ws_RAMS/install/workcell_description/share/workcell_description/meshes/robots
[0.497s] -- Installing: /home/ros2/ws_RAMS/install/workcell_description/share/workcell_description/meshes/robots/visual
[0.497s] -- Installing: /home/ros2/ws_RAMS/install/workcell_description/share/workcell_description/meshes/robots/visual/link_3.stl
[0.497s] -- Installing: /home/ros2/ws_RAMS/install/workcell_description/share/workcell_description/meshes/robots/visual/link_2.stl
[0.498s] -- Installing: /home/ros2/ws_RAMS/install/workcell_description/share/workcell_description/meshes/robots/visual/cylinder.stl
[0.499s] -- Installing: /home/ros2/ws_RAMS/install/workcell_description/share/workcell_description/meshes/robots/visual/link_1.stl
[0.499s] -- Installing: /home/ros2/ws_RAMS/install/workcell_description/share/workcell_description/meshes/robots/visual/link_6.stl
[0.500s] -- Installing: /home/ros2/ws_RAMS/install/workcell_description/share/workcell_description/meshes/robots/visual/base_link.stl
[0.500s] -- Installing: /home/ros2/ws_RAMS/install/workcell_description/share/workcell_description/meshes/robots/visual/piston.stl
[0.500s] -- Installing: /home/ros2/ws_RAMS/install/workcell_description/share/workcell_description/meshes/robots/visual/link_4.stl
[0.501s] -- Installing: /home/ros2/ws_RAMS/install/workcell_description/share/workcell_description/meshes/robots/visual/link_5.stl
[0.501s] -- Installing: /home/ros2/ws_RAMS/install/workcell_description/share/workcell_description/meshes/robots/collision
[0.501s] -- Installing: /home/ros2/ws_RAMS/install/workcell_description/share/workcell_description/meshes/robots/collision/link_3.stl
[0.501s] -- Installing: /home/ros2/ws_RAMS/install/workcell_description/share/workcell_description/meshes/robots/collision/link_2.stl
[0.501s] -- Installing: /home/ros2/ws_RAMS/install/workcell_description/share/workcell_description/meshes/robots/collision/cylinder.stl
[0.501s] -- Installing: /home/ros2/ws_RAMS/install/workcell_description/share/workcell_description/meshes/robots/collision/link_1.stl
[0.501s] -- Installing: /home/ros2/ws_RAMS/install/workcell_description/share/workcell_description/meshes/robots/collision/link_6.stl
[0.501s] -- Installing: /home/ros2/ws_RAMS/install/workcell_description/share/workcell_description/meshes/robots/collision/base_link.stl
[0.501s] -- Installing: /home/ros2/ws_RAMS/install/workcell_description/share/workcell_description/meshes/robots/collision/piston.stl
[0.502s] -- Installing: /home/ros2/ws_RAMS/install/workcell_description/share/workcell_description/meshes/robots/collision/link_4.stl
[0.502s] -- Installing: /home/ros2/ws_RAMS/install/workcell_description/share/workcell_description/meshes/robots/collision/link_5.stl
[0.502s] -- Installing: /home/ros2/ws_RAMS/install/workcell_description/share/workcell_description/meshes/sensors
[0.502s] -- Installing: /home/ros2/ws_RAMS/install/workcell_description/share/workcell_description/meshes/sensors/visual
[0.502s] -- Installing: /home/ros2/ws_RAMS/install/workcell_description/share/workcell_description/meshes/sensors/visual/d415.stl
[0.522s] -- Installing: /home/ros2/ws_RAMS/install/workcell_description/share/workcell_description/meshes/sensors/visual/d435.dae
[0.538s] -- Installing: /home/ros2/ws_RAMS/install/workcell_description/share/workcell_description/meshes/sensors/collision
[0.538s] -- Installing: /home/ros2/ws_RAMS/install/workcell_description/share/workcell_description/meshes/sensors/collision/d415.stl
[0.558s] -- Installing: /home/ros2/ws_RAMS/install/workcell_description/share/workcell_description/meshes/sensors/collision/d435.dae
[0.572s] -- Installing: /home/ros2/ws_RAMS/install/workcell_description/share/workcell_description/meshes/actuators
[0.572s] -- Installing: /home/ros2/ws_RAMS/install/workcell_description/share/workcell_description/meshes/actuators/visual
[0.572s] -- Installing: /home/ros2/ws_RAMS/install/workcell_description/share/workcell_description/meshes/actuators/visual/spindle.STL
[0.574s] -- Installing: /home/ros2/ws_RAMS/install/workcell_description/share/workcell_description/meshes/actuators/collision
[0.574s] -- Installing: /home/ros2/ws_RAMS/install/workcell_description/share/workcell_description/meshes/actuators/collision/spindle.STL
[0.576s] -- Installing: /home/ros2/ws_RAMS/install/workcell_description/share/workcell_description/launch
[0.576s] -- Installing: /home/ros2/ws_RAMS/install/workcell_description/share/workcell_description/launch/description.launch.py
[0.576s] -- Installing: /home/ros2/ws_RAMS/install/workcell_description/share/workcell_description/launch/robot_viz.launch.py
[0.576s] -- Installing: /home/ros2/ws_RAMS/install/workcell_description/share/ament_index/resource_index/package_run_dependencies/workcell_description
[0.577s] -- Installing: /home/ros2/ws_RAMS/install/workcell_description/share/ament_index/resource_index/parent_prefix_path/workcell_description
[0.577s] -- Installing: /home/ros2/ws_RAMS/install/workcell_description/share/workcell_description/environment/ament_prefix_path.sh
[0.577s] -- Installing: /home/ros2/ws_RAMS/install/workcell_description/share/workcell_description/environment/ament_prefix_path.dsv
[0.577s] -- Installing: /home/ros2/ws_RAMS/install/workcell_description/share/workcell_description/environment/path.sh
[0.577s] -- Installing: /home/ros2/ws_RAMS/install/workcell_description/share/workcell_description/environment/path.dsv
[0.577s] -- Installing: /home/ros2/ws_RAMS/install/workcell_description/share/workcell_description/local_setup.bash
[0.577s] -- Installing: /home/ros2/ws_RAMS/install/workcell_description/share/workcell_description/local_setup.sh
[0.577s] -- Installing: /home/ros2/ws_RAMS/install/workcell_description/share/workcell_description/local_setup.zsh
[0.577s] -- Installing: /home/ros2/ws_RAMS/install/workcell_description/share/workcell_description/local_setup.dsv
[0.577s] -- Installing: /home/ros2/ws_RAMS/install/workcell_description/share/workcell_description/package.dsv
[0.578s] -- Installing: /home/ros2/ws_RAMS/install/workcell_description/share/ament_index/resource_index/packages/workcell_description
[0.578s] -- Installing: /home/ros2/ws_RAMS/install/workcell_description/share/workcell_description/cmake/workcell_descriptionConfig.cmake
[0.578s] -- Installing: /home/ros2/ws_RAMS/install/workcell_description/share/workcell_description/cmake/workcell_descriptionConfig-version.cmake
[0.578s] -- Installing: /home/ros2/ws_RAMS/install/workcell_description/share/workcell_description/package.xml
[0.580s] Invoked command in '/home/ros2/ws_RAMS/build/workcell_description' returned '0': CMAKE_PREFIX_PATH=${CMAKE_PREFIX_PATH}:/opt/ros/humble /usr/bin/cmake --install /home/ros2/ws_RAMS/build/workcell_description
