[0.470s] DEBUG:colcon:Command line arguments: ['/usr/bin/colcon', 'build']
[0.470s] DEBUG:colcon:Parsed command line arguments: Namespace(log_base=None, log_level=None, verb_name='build', build_base='build', install_base='install', merge_install=False, symlink_install=False, test_result_base=None, continue_on_error=False, executor='parallel', parallel_workers=2, event_handlers=None, ignore_user_meta=False, metas=['./colcon.meta'], base_paths=['.'], packages_ignore=None, packages_ignore_regex=None, paths=None, packages_up_to=None, packages_up_to_regex=None, packages_above=None, packages_above_and_dependencies=None, packages_above_depth=None, packages_select_by_dep=None, packages_skip_by_dep=None, packages_skip_up_to=None, packages_select_build_failed=False, packages_skip_build_finished=False, packages_select_test_failures=False, packages_skip_test_passed=False, packages_select=None, packages_skip=None, packages_select_regex=None, packages_skip_regex=None, packages_start=None, packages_end=None, allow_overriding=[], cmake_args=None, cmake_target=None, cmake_target_skip_unavailable=False, cmake_clean_cache=False, cmake_clean_first=False, cmake_force_configure=False, ament_cmake_args=None, catkin_cmake_args=None, catkin_skip_building_tests=False, mixin_files=None, mixin=None, verb_parser=<colcon_mixin.mixin.mixin_argument.MixinArgumentDecorator object at 0x7652aa15bc10>, verb_extension=<colcon_core.verb.build.BuildVerb object at 0x7652aa15b760>, main=<bound method BuildVerb.main of <colcon_core.verb.build.BuildVerb object at 0x7652aa15b760>>, mixin_verb=('build',))
[2.412s] Level 1:colcon.colcon_core.package_discovery:discover_packages(colcon_meta) check parameters
[2.413s] Level 1:colcon.colcon_core.package_discovery:discover_packages(recursive) check parameters
[2.413s] Level 1:colcon.colcon_core.package_discovery:discover_packages(ignore) check parameters
[2.413s] Level 1:colcon.colcon_core.package_discovery:discover_packages(path) check parameters
[2.413s] Level 1:colcon.colcon_core.package_discovery:discover_packages(colcon_meta) discover
[2.421s] Level 1:colcon.colcon_core.package_discovery:discover_packages(recursive) discover
[2.422s] INFO:colcon.colcon_core.package_discovery:Crawling recursively for packages in '/home/ros2/ws_RAMS'
[2.422s] Level 1:colcon.colcon_core.package_identification:_identify(.) by extensions ['ignore', 'ignore_ament_install']
[2.422s] Level 1:colcon.colcon_core.package_identification:_identify(.) by extension 'ignore'
[2.423s] Level 1:colcon.colcon_core.package_identification:_identify(.) by extension 'ignore_ament_install'
[2.423s] Level 1:colcon.colcon_core.package_identification:_identify(.) by extensions ['colcon_pkg']
[2.423s] Level 1:colcon.colcon_core.package_identification:_identify(.) by extension 'colcon_pkg'
[2.423s] Level 1:colcon.colcon_core.package_identification:_identify(.) by extensions ['colcon_meta']
[2.423s] Level 1:colcon.colcon_core.package_identification:_identify(.) by extension 'colcon_meta'
[2.431s] Level 1:colcon.colcon_core.package_identification:_identify(.) by extensions ['ros']
[2.432s] Level 1:colcon.colcon_core.package_identification:_identify(.) by extension 'ros'
[2.602s] Level 1:colcon.colcon_core.package_identification:_identify(.) by extensions ['cmake', 'python']
[2.602s] Level 1:colcon.colcon_core.package_identification:_identify(.) by extension 'cmake'
[2.602s] Level 1:colcon.colcon_core.package_identification:_identify(.) by extension 'python'
[2.603s] Level 1:colcon.colcon_core.package_identification:_identify(.) by extensions ['python_setup_py']
[2.603s] Level 1:colcon.colcon_core.package_identification:_identify(.) by extension 'python_setup_py'
[2.611s] Level 1:colcon.colcon_core.package_identification:_identify(build) by extensions ['ignore', 'ignore_ament_install']
[2.611s] Level 1:colcon.colcon_core.package_identification:_identify(build) by extension 'ignore'
[2.612s] Level 1:colcon.colcon_core.package_identification:_identify(build) ignored
[2.615s] Level 1:colcon.colcon_core.package_identification:_identify(install) by extensions ['ignore', 'ignore_ament_install']
[2.616s] Level 1:colcon.colcon_core.package_identification:_identify(install) by extension 'ignore'
[2.616s] Level 1:colcon.colcon_core.package_identification:_identify(install) ignored
[2.617s] Level 1:colcon.colcon_core.package_identification:_identify(log) by extensions ['ignore', 'ignore_ament_install']
[2.617s] Level 1:colcon.colcon_core.package_identification:_identify(log) by extension 'ignore'
[2.627s] Level 1:colcon.colcon_core.package_identification:_identify(log) ignored
[2.628s] Level 1:colcon.colcon_core.package_identification:_identify(src) by extensions ['ignore', 'ignore_ament_install']
[2.628s] Level 1:colcon.colcon_core.package_identification:_identify(src) by extension 'ignore'
[2.628s] Level 1:colcon.colcon_core.package_identification:_identify(src) by extension 'ignore_ament_install'
[2.628s] Level 1:colcon.colcon_core.package_identification:_identify(src) by extensions ['colcon_pkg']
[2.628s] Level 1:colcon.colcon_core.package_identification:_identify(src) by extension 'colcon_pkg'
[2.629s] Level 1:colcon.colcon_core.package_identification:_identify(src) by extensions ['colcon_meta']
[2.629s] Level 1:colcon.colcon_core.package_identification:_identify(src) by extension 'colcon_meta'
[2.629s] Level 1:colcon.colcon_core.package_identification:_identify(src) by extensions ['ros']
[2.629s] Level 1:colcon.colcon_core.package_identification:_identify(src) by extension 'ros'
[2.634s] Level 1:colcon.colcon_core.package_identification:_identify(src) by extensions ['cmake', 'python']
[2.634s] Level 1:colcon.colcon_core.package_identification:_identify(src) by extension 'cmake'
[2.634s] Level 1:colcon.colcon_core.package_identification:_identify(src) by extension 'python'
[2.636s] Level 1:colcon.colcon_core.package_identification:_identify(src) by extensions ['python_setup_py']
[2.636s] Level 1:colcon.colcon_core.package_identification:_identify(src) by extension 'python_setup_py'
[2.637s] Level 1:colcon.colcon_core.package_identification:_identify(src/workcell_config) by extensions ['ignore', 'ignore_ament_install']
[2.641s] Level 1:colcon.colcon_core.package_identification:_identify(src/workcell_config) by extension 'ignore'
[2.641s] Level 1:colcon.colcon_core.package_identification:_identify(src/workcell_config) by extension 'ignore_ament_install'
[2.642s] Level 1:colcon.colcon_core.package_identification:_identify(src/workcell_config) by extensions ['colcon_pkg']
[2.642s] Level 1:colcon.colcon_core.package_identification:_identify(src/workcell_config) by extension 'colcon_pkg'
[2.642s] Level 1:colcon.colcon_core.package_identification:_identify(src/workcell_config) by extensions ['colcon_meta']
[2.642s] Level 1:colcon.colcon_core.package_identification:_identify(src/workcell_config) by extension 'colcon_meta'
[2.642s] Level 1:colcon.colcon_core.package_identification:_identify(src/workcell_config) by extensions ['ros']
[2.642s] Level 1:colcon.colcon_core.package_identification:_identify(src/workcell_config) by extension 'ros'
[2.843s] DEBUG:colcon.colcon_core.package_identification:Package 'src/workcell_config' with type 'ros.ament_cmake' and name 'workcell_config'
[2.848s] Level 1:colcon.colcon_core.package_identification:_identify(src/workcell_description) by extensions ['ignore', 'ignore_ament_install']
[2.848s] Level 1:colcon.colcon_core.package_identification:_identify(src/workcell_description) by extension 'ignore'
[2.855s] Level 1:colcon.colcon_core.package_identification:_identify(src/workcell_description) by extension 'ignore_ament_install'
[2.855s] Level 1:colcon.colcon_core.package_identification:_identify(src/workcell_description) by extensions ['colcon_pkg']
[2.855s] Level 1:colcon.colcon_core.package_identification:_identify(src/workcell_description) by extension 'colcon_pkg'
[2.855s] Level 1:colcon.colcon_core.package_identification:_identify(src/workcell_description) by extensions ['colcon_meta']
[2.855s] Level 1:colcon.colcon_core.package_identification:_identify(src/workcell_description) by extension 'colcon_meta'
[2.855s] Level 1:colcon.colcon_core.package_identification:_identify(src/workcell_description) by extensions ['ros']
[2.855s] Level 1:colcon.colcon_core.package_identification:_identify(src/workcell_description) by extension 'ros'
[2.866s] DEBUG:colcon.colcon_core.package_identification:Package 'src/workcell_description' with type 'ros.ament_cmake' and name 'workcell_description'
[2.866s] Level 1:colcon.colcon_core.package_discovery:discover_packages(recursive) using defaults
[2.867s] Level 1:colcon.colcon_core.package_discovery:discover_packages(ignore) discover
[2.867s] Level 1:colcon.colcon_core.package_discovery:discover_packages(ignore) using defaults
[2.867s] Level 1:colcon.colcon_core.package_discovery:discover_packages(path) discover
[2.867s] Level 1:colcon.colcon_core.package_discovery:discover_packages(path) using defaults
[3.191s] Level 1:colcon.colcon_core.package_discovery:discover_packages(prefix_path) check parameters
[3.191s] Level 1:colcon.colcon_core.package_discovery:discover_packages(prefix_path) discover
[3.199s] WARNING:colcon.colcon_ros.prefix_path.ament:The path '/home/ros2/ws_RAMS/install/workcell_config' in the environment variable AMENT_PREFIX_PATH doesn't exist
[3.205s] WARNING:colcon.colcon_ros.prefix_path.ament:The path '/home/ros2/ws_RAMS/install/workcell_description' in the environment variable AMENT_PREFIX_PATH doesn't exist
[3.243s] WARNING:colcon.colcon_ros.prefix_path.catkin:The path '/home/ros2/ws_RAMS/install/workcell_config' in the environment variable CMAKE_PREFIX_PATH doesn't exist
[3.244s] WARNING:colcon.colcon_ros.prefix_path.catkin:The path '/home/ros2/ws_RAMS/install/workcell_description' in the environment variable CMAKE_PREFIX_PATH doesn't exist
[3.262s] DEBUG:colcon.colcon_installed_package_information.package_discovery:Found 0 installed packages in /home/ros2/ws_RAMS/install
[3.273s] DEBUG:colcon.colcon_installed_package_information.package_discovery:Found 1 installed packages in /home/ros2/ws_abb_support/install
[3.285s] DEBUG:colcon.colcon_installed_package_information.package_discovery:Found 15 installed packages in /home/ros2/ws_abb_ros2/install
[3.322s] DEBUG:colcon.colcon_installed_package_information.package_discovery:Found 367 installed packages in /opt/ros/humble
[3.341s] Level 1:colcon.colcon_core.package_discovery:discover_packages(prefix_path) using defaults
[4.345s] Level 5:colcon.colcon_core.verb:set package 'workcell_description' build argument 'cmake_args' from command line to 'None'
[4.348s] Level 5:colcon.colcon_core.verb:set package 'workcell_description' build argument 'cmake_target' from command line to 'None'
[4.348s] Level 5:colcon.colcon_core.verb:set package 'workcell_description' build argument 'cmake_target_skip_unavailable' from command line to 'False'
[4.349s] Level 5:colcon.colcon_core.verb:set package 'workcell_description' build argument 'cmake_clean_cache' from command line to 'False'
[4.349s] Level 5:colcon.colcon_core.verb:set package 'workcell_description' build argument 'cmake_clean_first' from command line to 'False'
[4.349s] Level 5:colcon.colcon_core.verb:set package 'workcell_description' build argument 'cmake_force_configure' from command line to 'False'
[4.349s] Level 5:colcon.colcon_core.verb:set package 'workcell_description' build argument 'ament_cmake_args' from command line to 'None'
[4.349s] Level 5:colcon.colcon_core.verb:set package 'workcell_description' build argument 'catkin_cmake_args' from command line to 'None'
[4.349s] Level 5:colcon.colcon_core.verb:set package 'workcell_description' build argument 'catkin_skip_building_tests' from command line to 'False'
[4.349s] DEBUG:colcon.colcon_core.verb:Building package 'workcell_description' with the following arguments: {'ament_cmake_args': None, 'build_base': '/home/ros2/ws_RAMS/build/workcell_description', 'catkin_cmake_args': None, 'catkin_skip_building_tests': False, 'cmake_args': None, 'cmake_clean_cache': False, 'cmake_clean_first': False, 'cmake_force_configure': False, 'cmake_target': None, 'cmake_target_skip_unavailable': False, 'install_base': '/home/ros2/ws_RAMS/install/workcell_description', 'merge_install': False, 'path': '/home/ros2/ws_RAMS/src/workcell_description', 'symlink_install': False, 'test_result_base': None}
[4.358s] Level 5:colcon.colcon_core.verb:set package 'workcell_config' build argument 'cmake_args' from command line to 'None'
[4.358s] Level 5:colcon.colcon_core.verb:set package 'workcell_config' build argument 'cmake_target' from command line to 'None'
[4.358s] Level 5:colcon.colcon_core.verb:set package 'workcell_config' build argument 'cmake_target_skip_unavailable' from command line to 'False'
[4.358s] Level 5:colcon.colcon_core.verb:set package 'workcell_config' build argument 'cmake_clean_cache' from command line to 'False'
[4.358s] Level 5:colcon.colcon_core.verb:set package 'workcell_config' build argument 'cmake_clean_first' from command line to 'False'
[4.358s] Level 5:colcon.colcon_core.verb:set package 'workcell_config' build argument 'cmake_force_configure' from command line to 'False'
[4.358s] Level 5:colcon.colcon_core.verb:set package 'workcell_config' build argument 'ament_cmake_args' from command line to 'None'
[4.359s] Level 5:colcon.colcon_core.verb:set package 'workcell_config' build argument 'catkin_cmake_args' from command line to 'None'
[4.359s] Level 5:colcon.colcon_core.verb:set package 'workcell_config' build argument 'catkin_skip_building_tests' from command line to 'False'
[4.359s] DEBUG:colcon.colcon_core.verb:Building package 'workcell_config' with the following arguments: {'ament_cmake_args': None, 'build_base': '/home/ros2/ws_RAMS/build/workcell_config', 'catkin_cmake_args': None, 'catkin_skip_building_tests': False, 'cmake_args': None, 'cmake_clean_cache': False, 'cmake_clean_first': False, 'cmake_force_configure': False, 'cmake_target': None, 'cmake_target_skip_unavailable': False, 'install_base': '/home/ros2/ws_RAMS/install/workcell_config', 'merge_install': False, 'path': '/home/ros2/ws_RAMS/src/workcell_config', 'symlink_install': False, 'test_result_base': None}
[4.365s] INFO:colcon.colcon_core.executor:Executing jobs using 'parallel' executor
[4.375s] DEBUG:colcon.colcon_parallel_executor.executor.parallel:run_until_complete
[4.378s] INFO:colcon.colcon_ros.task.ament_cmake.build:Building ROS package in '/home/ros2/ws_RAMS/src/workcell_description' with build type 'ament_cmake'
[4.379s] INFO:colcon.colcon_cmake.task.cmake.build:Building CMake package in '/home/ros2/ws_RAMS/src/workcell_description'
[4.412s] INFO:colcon.colcon_core.plugin_system:Skipping extension 'colcon_core.shell.bat': Not used on non-Windows systems
[4.423s] INFO:colcon.colcon_core.shell:Skip shell extension 'powershell' for command environment: Not usable outside of PowerShell
[4.425s] DEBUG:colcon.colcon_core.shell:Skip shell extension 'dsv' for command environment
[4.619s] DEBUG:colcon.colcon_core.event_handler.log_command:Invoking command in '/home/ros2/ws_RAMS/build/workcell_description': CMAKE_PREFIX_PATH=${CMAKE_PREFIX_PATH}:/opt/ros/humble /usr/bin/cmake /home/ros2/ws_RAMS/src/workcell_description -DCMAKE_INSTALL_PREFIX=/home/ros2/ws_RAMS/install/workcell_description
[14.310s] DEBUG:colcon.colcon_core.event_handler.log_command:Invoked command in '/home/ros2/ws_RAMS/build/workcell_description' returned '0': CMAKE_PREFIX_PATH=${CMAKE_PREFIX_PATH}:/opt/ros/humble /usr/bin/cmake /home/ros2/ws_RAMS/src/workcell_description -DCMAKE_INSTALL_PREFIX=/home/ros2/ws_RAMS/install/workcell_description
[14.331s] DEBUG:colcon.colcon_core.event_handler.log_command:Invoking command in '/home/ros2/ws_RAMS/build/workcell_description': CMAKE_PREFIX_PATH=${CMAKE_PREFIX_PATH}:/opt/ros/humble /usr/bin/cmake --build /home/ros2/ws_RAMS/build/workcell_description -- -j2 -l2
[15.021s] DEBUG:colcon.colcon_core.event_handler.log_command:Invoked command in '/home/ros2/ws_RAMS/build/workcell_description' returned '0': CMAKE_PREFIX_PATH=${CMAKE_PREFIX_PATH}:/opt/ros/humble /usr/bin/cmake --build /home/ros2/ws_RAMS/build/workcell_description -- -j2 -l2
[15.187s] DEBUG:colcon.colcon_core.event_handler.log_command:Invoking command in '/home/ros2/ws_RAMS/build/workcell_description': CMAKE_PREFIX_PATH=${CMAKE_PREFIX_PATH}:/opt/ros/humble /usr/bin/cmake --install /home/ros2/ws_RAMS/build/workcell_description
[17.236s] Level 1:colcon.colcon_core.environment:create_environment_scripts_only(workcell_description)
[17.245s] DEBUG:colcon.colcon_core.event_handler.log_command:Invoked command in '/home/ros2/ws_RAMS/build/workcell_description' returned '0': CMAKE_PREFIX_PATH=${CMAKE_PREFIX_PATH}:/opt/ros/humble /usr/bin/cmake --install /home/ros2/ws_RAMS/build/workcell_description
[17.309s] Level 1:colcon.colcon_core.environment:checking '/home/ros2/ws_RAMS/install/workcell_description' for CMake module files
[17.319s] Level 1:colcon.colcon_core.environment:checking '/home/ros2/ws_RAMS/install/workcell_description' for CMake config files
[17.328s] Level 1:colcon.colcon_core.shell:create_environment_hook('workcell_description', 'cmake_prefix_path')
[17.329s] INFO:colcon.colcon_core.shell:Creating environment hook '/home/ros2/ws_RAMS/install/workcell_description/share/workcell_description/hook/cmake_prefix_path.ps1'
[17.334s] INFO:colcon.colcon_core.shell:Creating environment descriptor '/home/ros2/ws_RAMS/install/workcell_description/share/workcell_description/hook/cmake_prefix_path.dsv'
[17.341s] INFO:colcon.colcon_core.shell:Creating environment hook '/home/ros2/ws_RAMS/install/workcell_description/share/workcell_description/hook/cmake_prefix_path.sh'
[17.356s] Level 1:colcon.colcon_core.environment:checking '/home/ros2/ws_RAMS/install/workcell_description/bin'
[17.357s] Level 1:colcon.colcon_core.environment:checking '/home/ros2/ws_RAMS/install/workcell_description/lib/pkgconfig/workcell_description.pc'
[17.362s] Level 1:colcon.colcon_core.environment:checking '/home/ros2/ws_RAMS/install/workcell_description/lib/python3.10/site-packages'
[17.363s] Level 1:colcon.colcon_core.environment:checking '/home/ros2/ws_RAMS/install/workcell_description/bin'
[17.371s] INFO:colcon.colcon_core.shell:Creating package script '/home/ros2/ws_RAMS/install/workcell_description/share/workcell_description/package.ps1'
[17.380s] INFO:colcon.colcon_core.shell:Creating package descriptor '/home/ros2/ws_RAMS/install/workcell_description/share/workcell_description/package.dsv'
[17.386s] INFO:colcon.colcon_core.shell:Creating package script '/home/ros2/ws_RAMS/install/workcell_description/share/workcell_description/package.sh'
[17.394s] INFO:colcon.colcon_core.shell:Creating package script '/home/ros2/ws_RAMS/install/workcell_description/share/workcell_description/package.bash'
[17.404s] INFO:colcon.colcon_core.shell:Creating package script '/home/ros2/ws_RAMS/install/workcell_description/share/workcell_description/package.zsh'
[17.408s] Level 1:colcon.colcon_core.environment:create_file_with_runtime_dependencies(/home/ros2/ws_RAMS/install/workcell_description/share/colcon-core/packages/workcell_description)
[17.414s] Level 1:colcon.colcon_core.environment:create_environment_scripts_only(workcell_description)
[17.418s] Level 1:colcon.colcon_core.environment:checking '/home/ros2/ws_RAMS/install/workcell_description' for CMake module files
[17.419s] Level 1:colcon.colcon_core.environment:checking '/home/ros2/ws_RAMS/install/workcell_description' for CMake config files
[17.428s] Level 1:colcon.colcon_core.shell:create_environment_hook('workcell_description', 'cmake_prefix_path')
[17.429s] INFO:colcon.colcon_core.shell:Creating environment hook '/home/ros2/ws_RAMS/install/workcell_description/share/workcell_description/hook/cmake_prefix_path.ps1'
[17.435s] INFO:colcon.colcon_core.shell:Creating environment descriptor '/home/ros2/ws_RAMS/install/workcell_description/share/workcell_description/hook/cmake_prefix_path.dsv'
[17.441s] INFO:colcon.colcon_core.shell:Creating environment hook '/home/ros2/ws_RAMS/install/workcell_description/share/workcell_description/hook/cmake_prefix_path.sh'
[17.457s] Level 1:colcon.colcon_core.environment:checking '/home/ros2/ws_RAMS/install/workcell_description/bin'
[17.457s] Level 1:colcon.colcon_core.environment:checking '/home/ros2/ws_RAMS/install/workcell_description/lib/pkgconfig/workcell_description.pc'
[17.458s] Level 1:colcon.colcon_core.environment:checking '/home/ros2/ws_RAMS/install/workcell_description/lib/python3.10/site-packages'
[17.458s] Level 1:colcon.colcon_core.environment:checking '/home/ros2/ws_RAMS/install/workcell_description/bin'
[17.471s] INFO:colcon.colcon_core.shell:Creating package script '/home/ros2/ws_RAMS/install/workcell_description/share/workcell_description/package.ps1'
[17.483s] INFO:colcon.colcon_core.shell:Creating package descriptor '/home/ros2/ws_RAMS/install/workcell_description/share/workcell_description/package.dsv'
[17.485s] INFO:colcon.colcon_core.shell:Creating package script '/home/ros2/ws_RAMS/install/workcell_description/share/workcell_description/package.sh'
[17.497s] INFO:colcon.colcon_core.shell:Creating package script '/home/ros2/ws_RAMS/install/workcell_description/share/workcell_description/package.bash'
[17.500s] INFO:colcon.colcon_core.shell:Creating package script '/home/ros2/ws_RAMS/install/workcell_description/share/workcell_description/package.zsh'
[17.514s] Level 1:colcon.colcon_core.environment:create_file_with_runtime_dependencies(/home/ros2/ws_RAMS/install/workcell_description/share/colcon-core/packages/workcell_description)
[17.523s] INFO:colcon.colcon_ros.task.ament_cmake.build:Building ROS package in '/home/ros2/ws_RAMS/src/workcell_config' with build type 'ament_cmake'
[17.524s] INFO:colcon.colcon_cmake.task.cmake.build:Building CMake package in '/home/ros2/ws_RAMS/src/workcell_config'
[17.531s] INFO:colcon.colcon_core.shell:Skip shell extension 'powershell' for command environment: Not usable outside of PowerShell
[17.532s] DEBUG:colcon.colcon_core.shell:Skip shell extension 'dsv' for command environment
[17.769s] DEBUG:colcon.colcon_core.event_handler.log_command:Invoking command in '/home/ros2/ws_RAMS/build/workcell_config': CMAKE_PREFIX_PATH=/home/ros2/ws_RAMS/install/workcell_description:/home/ros2/ws_RAMS/install/workcell_config:/home/ros2/ws_abb_support/install/abb_irb6700_support:/home/ros2/ws_abb_ros2/install/abb_rws_client:/home/ros2/ws_abb_ros2/install/abb_ros2:/home/ros2/ws_abb_ros2/install/abb_robot_msgs:/home/ros2/ws_abb_ros2/install/abb_resources:/home/ros2/ws_abb_ros2/install/abb_rapid_sm_addin_msgs:/home/ros2/ws_abb_ros2/install/abb_rapid_msgs:/home/ros2/ws_abb_ros2/install/abb_hardware_interface:/home/ros2/ws_abb_ros2/install/abb_egm_rws_managers:/home/ros2/ws_abb_ros2/install/abb_librws:/home/ros2/ws_abb_ros2/install/abb_libegm:/home/ros2/ws_abb_ros2/install/abb_irb4600_support:/home/ros2/ws_abb_ros2/install/abb_irb1200_5_90_moveit_config:/home/ros2/ws_abb_ros2/install/abb_irb1200_support:/home/ros2/ws_abb_ros2/install/abb_egm_msgs:/home/ros2/ws_abb_ros2/install/abb_bringup:/opt/ros/humble /usr/bin/cmake /home/ros2/ws_RAMS/src/workcell_config -DCMAKE_INSTALL_PREFIX=/home/ros2/ws_RAMS/install/workcell_config
[24.307s] DEBUG:colcon.colcon_core.event_handler.log_command:Invoked command in '/home/ros2/ws_RAMS/build/workcell_config' returned '0': CMAKE_PREFIX_PATH=/home/ros2/ws_RAMS/install/workcell_description:/home/ros2/ws_RAMS/install/workcell_config:/home/ros2/ws_abb_support/install/abb_irb6700_support:/home/ros2/ws_abb_ros2/install/abb_rws_client:/home/ros2/ws_abb_ros2/install/abb_ros2:/home/ros2/ws_abb_ros2/install/abb_robot_msgs:/home/ros2/ws_abb_ros2/install/abb_resources:/home/ros2/ws_abb_ros2/install/abb_rapid_sm_addin_msgs:/home/ros2/ws_abb_ros2/install/abb_rapid_msgs:/home/ros2/ws_abb_ros2/install/abb_hardware_interface:/home/ros2/ws_abb_ros2/install/abb_egm_rws_managers:/home/ros2/ws_abb_ros2/install/abb_librws:/home/ros2/ws_abb_ros2/install/abb_libegm:/home/ros2/ws_abb_ros2/install/abb_irb4600_support:/home/ros2/ws_abb_ros2/install/abb_irb1200_5_90_moveit_config:/home/ros2/ws_abb_ros2/install/abb_irb1200_support:/home/ros2/ws_abb_ros2/install/abb_egm_msgs:/home/ros2/ws_abb_ros2/install/abb_bringup:/opt/ros/humble /usr/bin/cmake /home/ros2/ws_RAMS/src/workcell_config -DCMAKE_INSTALL_PREFIX=/home/ros2/ws_RAMS/install/workcell_config
[24.309s] DEBUG:colcon.colcon_core.event_handler.log_command:Invoking command in '/home/ros2/ws_RAMS/build/workcell_config': CMAKE_PREFIX_PATH=/home/ros2/ws_RAMS/install/workcell_description:/home/ros2/ws_RAMS/install/workcell_config:/home/ros2/ws_abb_support/install/abb_irb6700_support:/home/ros2/ws_abb_ros2/install/abb_rws_client:/home/ros2/ws_abb_ros2/install/abb_ros2:/home/ros2/ws_abb_ros2/install/abb_robot_msgs:/home/ros2/ws_abb_ros2/install/abb_resources:/home/ros2/ws_abb_ros2/install/abb_rapid_sm_addin_msgs:/home/ros2/ws_abb_ros2/install/abb_rapid_msgs:/home/ros2/ws_abb_ros2/install/abb_hardware_interface:/home/ros2/ws_abb_ros2/install/abb_egm_rws_managers:/home/ros2/ws_abb_ros2/install/abb_librws:/home/ros2/ws_abb_ros2/install/abb_libegm:/home/ros2/ws_abb_ros2/install/abb_irb4600_support:/home/ros2/ws_abb_ros2/install/abb_irb1200_5_90_moveit_config:/home/ros2/ws_abb_ros2/install/abb_irb1200_support:/home/ros2/ws_abb_ros2/install/abb_egm_msgs:/home/ros2/ws_abb_ros2/install/abb_bringup:/opt/ros/humble /usr/bin/cmake --build /home/ros2/ws_RAMS/build/workcell_config -- -j2 -l2
[24.782s] DEBUG:colcon.colcon_core.event_handler.log_command:Invoked command in '/home/ros2/ws_RAMS/build/workcell_config' returned '0': CMAKE_PREFIX_PATH=/home/ros2/ws_RAMS/install/workcell_description:/home/ros2/ws_RAMS/install/workcell_config:/home/ros2/ws_abb_support/install/abb_irb6700_support:/home/ros2/ws_abb_ros2/install/abb_rws_client:/home/ros2/ws_abb_ros2/install/abb_ros2:/home/ros2/ws_abb_ros2/install/abb_robot_msgs:/home/ros2/ws_abb_ros2/install/abb_resources:/home/ros2/ws_abb_ros2/install/abb_rapid_sm_addin_msgs:/home/ros2/ws_abb_ros2/install/abb_rapid_msgs:/home/ros2/ws_abb_ros2/install/abb_hardware_interface:/home/ros2/ws_abb_ros2/install/abb_egm_rws_managers:/home/ros2/ws_abb_ros2/install/abb_librws:/home/ros2/ws_abb_ros2/install/abb_libegm:/home/ros2/ws_abb_ros2/install/abb_irb4600_support:/home/ros2/ws_abb_ros2/install/abb_irb1200_5_90_moveit_config:/home/ros2/ws_abb_ros2/install/abb_irb1200_support:/home/ros2/ws_abb_ros2/install/abb_egm_msgs:/home/ros2/ws_abb_ros2/install/abb_bringup:/opt/ros/humble /usr/bin/cmake --build /home/ros2/ws_RAMS/build/workcell_config -- -j2 -l2
[24.794s] DEBUG:colcon.colcon_core.event_handler.log_command:Invoking command in '/home/ros2/ws_RAMS/build/workcell_config': CMAKE_PREFIX_PATH=/home/ros2/ws_RAMS/install/workcell_description:/home/ros2/ws_RAMS/install/workcell_config:/home/ros2/ws_abb_support/install/abb_irb6700_support:/home/ros2/ws_abb_ros2/install/abb_rws_client:/home/ros2/ws_abb_ros2/install/abb_ros2:/home/ros2/ws_abb_ros2/install/abb_robot_msgs:/home/ros2/ws_abb_ros2/install/abb_resources:/home/ros2/ws_abb_ros2/install/abb_rapid_sm_addin_msgs:/home/ros2/ws_abb_ros2/install/abb_rapid_msgs:/home/ros2/ws_abb_ros2/install/abb_hardware_interface:/home/ros2/ws_abb_ros2/install/abb_egm_rws_managers:/home/ros2/ws_abb_ros2/install/abb_librws:/home/ros2/ws_abb_ros2/install/abb_libegm:/home/ros2/ws_abb_ros2/install/abb_irb4600_support:/home/ros2/ws_abb_ros2/install/abb_irb1200_5_90_moveit_config:/home/ros2/ws_abb_ros2/install/abb_irb1200_support:/home/ros2/ws_abb_ros2/install/abb_egm_msgs:/home/ros2/ws_abb_ros2/install/abb_bringup:/opt/ros/humble /usr/bin/cmake --install /home/ros2/ws_RAMS/build/workcell_config
[25.054s] Level 1:colcon.colcon_core.environment:create_environment_scripts_only(workcell_config)
[25.055s] DEBUG:colcon.colcon_core.event_handler.log_command:Invoked command in '/home/ros2/ws_RAMS/build/workcell_config' returned '0': CMAKE_PREFIX_PATH=/home/ros2/ws_RAMS/install/workcell_description:/home/ros2/ws_RAMS/install/workcell_config:/home/ros2/ws_abb_support/install/abb_irb6700_support:/home/ros2/ws_abb_ros2/install/abb_rws_client:/home/ros2/ws_abb_ros2/install/abb_ros2:/home/ros2/ws_abb_ros2/install/abb_robot_msgs:/home/ros2/ws_abb_ros2/install/abb_resources:/home/ros2/ws_abb_ros2/install/abb_rapid_sm_addin_msgs:/home/ros2/ws_abb_ros2/install/abb_rapid_msgs:/home/ros2/ws_abb_ros2/install/abb_hardware_interface:/home/ros2/ws_abb_ros2/install/abb_egm_rws_managers:/home/ros2/ws_abb_ros2/install/abb_librws:/home/ros2/ws_abb_ros2/install/abb_libegm:/home/ros2/ws_abb_ros2/install/abb_irb4600_support:/home/ros2/ws_abb_ros2/install/abb_irb1200_5_90_moveit_config:/home/ros2/ws_abb_ros2/install/abb_irb1200_support:/home/ros2/ws_abb_ros2/install/abb_egm_msgs:/home/ros2/ws_abb_ros2/install/abb_bringup:/opt/ros/humble /usr/bin/cmake --install /home/ros2/ws_RAMS/build/workcell_config
[25.057s] Level 1:colcon.colcon_core.environment:checking '/home/ros2/ws_RAMS/install/workcell_config' for CMake module files
[25.075s] Level 1:colcon.colcon_core.environment:checking '/home/ros2/ws_RAMS/install/workcell_config' for CMake config files
[25.095s] Level 1:colcon.colcon_core.shell:create_environment_hook('workcell_config', 'cmake_prefix_path')
[25.100s] INFO:colcon.colcon_core.shell:Creating environment hook '/home/ros2/ws_RAMS/install/workcell_config/share/workcell_config/hook/cmake_prefix_path.ps1'
[25.101s] INFO:colcon.colcon_core.shell:Creating environment descriptor '/home/ros2/ws_RAMS/install/workcell_config/share/workcell_config/hook/cmake_prefix_path.dsv'
[25.107s] INFO:colcon.colcon_core.shell:Creating environment hook '/home/ros2/ws_RAMS/install/workcell_config/share/workcell_config/hook/cmake_prefix_path.sh'
[25.116s] Level 1:colcon.colcon_core.environment:checking '/home/ros2/ws_RAMS/install/workcell_config/bin'
[25.117s] Level 1:colcon.colcon_core.environment:checking '/home/ros2/ws_RAMS/install/workcell_config/lib/pkgconfig/workcell_config.pc'
[25.117s] Level 1:colcon.colcon_core.environment:checking '/home/ros2/ws_RAMS/install/workcell_config/lib/python3.10/site-packages'
[25.122s] Level 1:colcon.colcon_core.environment:checking '/home/ros2/ws_RAMS/install/workcell_config/bin'
[25.124s] INFO:colcon.colcon_core.shell:Creating package script '/home/ros2/ws_RAMS/install/workcell_config/share/workcell_config/package.ps1'
[25.128s] INFO:colcon.colcon_core.shell:Creating package descriptor '/home/ros2/ws_RAMS/install/workcell_config/share/workcell_config/package.dsv'
[25.137s] INFO:colcon.colcon_core.shell:Creating package script '/home/ros2/ws_RAMS/install/workcell_config/share/workcell_config/package.sh'
[25.159s] INFO:colcon.colcon_core.shell:Creating package script '/home/ros2/ws_RAMS/install/workcell_config/share/workcell_config/package.bash'
[25.161s] INFO:colcon.colcon_core.shell:Creating package script '/home/ros2/ws_RAMS/install/workcell_config/share/workcell_config/package.zsh'
[25.165s] Level 1:colcon.colcon_core.environment:create_file_with_runtime_dependencies(/home/ros2/ws_RAMS/install/workcell_config/share/colcon-core/packages/workcell_config)
[25.183s] Level 1:colcon.colcon_core.environment:create_environment_scripts_only(workcell_config)
[25.184s] Level 1:colcon.colcon_core.environment:checking '/home/ros2/ws_RAMS/install/workcell_config' for CMake module files
[25.188s] Level 1:colcon.colcon_core.environment:checking '/home/ros2/ws_RAMS/install/workcell_config' for CMake config files
[25.189s] Level 1:colcon.colcon_core.shell:create_environment_hook('workcell_config', 'cmake_prefix_path')
[25.192s] INFO:colcon.colcon_core.shell:Creating environment hook '/home/ros2/ws_RAMS/install/workcell_config/share/workcell_config/hook/cmake_prefix_path.ps1'
[25.197s] INFO:colcon.colcon_core.shell:Creating environment descriptor '/home/ros2/ws_RAMS/install/workcell_config/share/workcell_config/hook/cmake_prefix_path.dsv'
[25.199s] INFO:colcon.colcon_core.shell:Creating environment hook '/home/ros2/ws_RAMS/install/workcell_config/share/workcell_config/hook/cmake_prefix_path.sh'
[25.204s] Level 1:colcon.colcon_core.environment:checking '/home/ros2/ws_RAMS/install/workcell_config/bin'
[25.207s] Level 1:colcon.colcon_core.environment:checking '/home/ros2/ws_RAMS/install/workcell_config/lib/pkgconfig/workcell_config.pc'
[25.208s] Level 1:colcon.colcon_core.environment:checking '/home/ros2/ws_RAMS/install/workcell_config/lib/python3.10/site-packages'
[25.213s] Level 1:colcon.colcon_core.environment:checking '/home/ros2/ws_RAMS/install/workcell_config/bin'
[25.214s] INFO:colcon.colcon_core.shell:Creating package script '/home/ros2/ws_RAMS/install/workcell_config/share/workcell_config/package.ps1'
[25.220s] INFO:colcon.colcon_core.shell:Creating package descriptor '/home/ros2/ws_RAMS/install/workcell_config/share/workcell_config/package.dsv'
[25.224s] INFO:colcon.colcon_core.shell:Creating package script '/home/ros2/ws_RAMS/install/workcell_config/share/workcell_config/package.sh'
[25.228s] INFO:colcon.colcon_core.shell:Creating package script '/home/ros2/ws_RAMS/install/workcell_config/share/workcell_config/package.bash'
[25.234s] INFO:colcon.colcon_core.shell:Creating package script '/home/ros2/ws_RAMS/install/workcell_config/share/workcell_config/package.zsh'
[25.239s] Level 1:colcon.colcon_core.environment:create_file_with_runtime_dependencies(/home/ros2/ws_RAMS/install/workcell_config/share/colcon-core/packages/workcell_config)
[25.246s] DEBUG:colcon.colcon_parallel_executor.executor.parallel:closing loop
[25.252s] DEBUG:colcon.colcon_parallel_executor.executor.parallel:loop closed
[25.252s] DEBUG:colcon.colcon_parallel_executor.executor.parallel:run_until_complete finished with '0'
[25.253s] DEBUG:colcon.colcon_core.event_reactor:joining thread
[25.299s] INFO:colcon.colcon_core.plugin_system:Skipping extension 'colcon_notification.desktop_notification.terminal_notifier': Not used on non-Darwin systems
[25.304s] INFO:colcon.colcon_core.plugin_system:Skipping extension 'colcon_notification.desktop_notification.win32': Not used on non-Windows systems
[25.305s] INFO:colcon.colcon_notification.desktop_notification:Sending desktop notification using 'notify2'
[25.413s] DEBUG:colcon.colcon_core.event_reactor:joined thread
[25.417s] INFO:colcon.colcon_core.shell:Creating prefix script '/home/ros2/ws_RAMS/install/local_setup.ps1'
[25.426s] INFO:colcon.colcon_core.shell:Creating prefix util module '/home/ros2/ws_RAMS/install/_local_setup_util_ps1.py'
[25.434s] INFO:colcon.colcon_core.shell:Creating prefix chain script '/home/ros2/ws_RAMS/install/setup.ps1'
[25.453s] INFO:colcon.colcon_core.shell:Creating prefix script '/home/ros2/ws_RAMS/install/local_setup.sh'
[25.457s] INFO:colcon.colcon_core.shell:Creating prefix util module '/home/ros2/ws_RAMS/install/_local_setup_util_sh.py'
[25.459s] INFO:colcon.colcon_core.shell:Creating prefix chain script '/home/ros2/ws_RAMS/install/setup.sh'
[25.492s] INFO:colcon.colcon_core.shell:Creating prefix script '/home/ros2/ws_RAMS/install/local_setup.bash'
[25.502s] INFO:colcon.colcon_core.shell:Creating prefix chain script '/home/ros2/ws_RAMS/install/setup.bash'
[25.526s] INFO:colcon.colcon_core.shell:Creating prefix script '/home/ros2/ws_RAMS/install/local_setup.zsh'
[25.527s] INFO:colcon.colcon_core.shell:Creating prefix chain script '/home/ros2/ws_RAMS/install/setup.zsh'
