[0.013s] Invoking command in '/home/ros2/ws_RAMS/build/workcell_description': CMAKE_PREFIX_PATH=${CMAKE_PREFIX_PATH}:/opt/ros/humble /usr/bin/cmake /home/ros2/ws_RAMS/src/workcell_description -DCMAKE_INSTALL_PREFIX=/home/ros2/ws_RAMS/install/workcell_description
[0.064s] -- The C compiler identification is GNU 11.4.0
[0.112s] -- The CXX compiler identification is GNU 11.4.0
[0.118s] -- Detecting C compiler ABI info
[0.185s] -- Detecting C compiler ABI info - done
[0.188s] -- Check for working C compiler: /usr/bin/cc - skipped
[0.188s] -- Detecting C compile features
[0.188s] -- Detecting C compile features - done
[0.191s] -- Detecting CXX compiler ABI info
[0.264s] -- Detecting CXX compiler ABI info - done
[0.268s] -- Check for working CXX compiler: /usr/bin/c++ - skipped
[0.268s] -- Detecting CXX compile features
[0.268s] -- Detecting CXX compile features - done
[0.272s] -- Found ament_cmake: 1.3.12 (/opt/ros/humble/share/ament_cmake/cmake)
[0.396s] -- Found Python3: /usr/bin/python3 (found version "3.10.12") found components: Interpreter 
[0.563s] -- Configuring done
[0.563s] -- Generating done
[0.566s] -- Build files have been written to: /home/ros2/ws_RAMS/build/workcell_description
[0.571s] Invoked command in '/home/ros2/ws_RAMS/build/workcell_description' returned '0': CMAKE_PREFIX_PATH=${CMAKE_PREFIX_PATH}:/opt/ros/humble /usr/bin/cmake /home/ros2/ws_RAMS/src/workcell_description -DCMAKE_INSTALL_PREFIX=/home/ros2/ws_RAMS/install/workcell_description
[0.572s] Invoking command in '/home/ros2/ws_RAMS/build/workcell_description': CMAKE_PREFIX_PATH=${CMAKE_PREFIX_PATH}:/opt/ros/humble /usr/bin/cmake --build /home/ros2/ws_RAMS/build/workcell_description -- -j2 -l2
[0.618s] Invoked command in '/home/ros2/ws_RAMS/build/workcell_description' returned '0': CMAKE_PREFIX_PATH=${CMAKE_PREFIX_PATH}:/opt/ros/humble /usr/bin/cmake --build /home/ros2/ws_RAMS/build/workcell_description -- -j2 -l2
[0.627s] Invoking command in '/home/ros2/ws_RAMS/build/workcell_description': CMAKE_PREFIX_PATH=${CMAKE_PREFIX_PATH}:/opt/ros/humble /usr/bin/cmake --install /home/ros2/ws_RAMS/build/workcell_description
[0.637s] -- Install configuration: ""
[0.637s] -- Installing: /home/ros2/ws_RAMS/install/workcell_description/share/workcell_description/urdf
[0.637s] -- Installing: /home/ros2/ws_RAMS/install/workcell_description/share/workcell_description/urdf/robots
[0.637s] -- Installing: /home/ros2/ws_RAMS/install/workcell_description/share/workcell_description/urdf/robots/irb6700_200_260.xacro
[0.638s] -- Installing: /home/ros2/ws_RAMS/install/workcell_description/share/workcell_description/urdf/sensors
[0.639s] -- Installing: /home/ros2/ws_RAMS/install/workcell_description/share/workcell_description/urdf/actuators
[0.639s] -- Installing: /home/ros2/ws_RAMS/install/workcell_description/share/workcell_description/urdf/actuators/spindle.xacro
[0.639s] -- Installing: /home/ros2/ws_RAMS/install/workcell_description/share/workcell_description/urdf/workcell.urdf.xacro
[0.639s] -- Installing: /home/ros2/ws_RAMS/install/workcell_description/share/workcell_description/urdf/workcell.urdf
[0.639s] -- Installing: /home/ros2/ws_RAMS/install/workcell_description/share/workcell_description/urdf/props
[0.639s] -- Installing: /home/ros2/ws_RAMS/install/workcell_description/share/workcell_description/urdf/props/common_props.xacro
[0.639s] -- Installing: /home/ros2/ws_RAMS/install/workcell_description/share/workcell_description/meshes
[0.639s] -- Installing: /home/ros2/ws_RAMS/install/workcell_description/share/workcell_description/meshes/robots
[0.639s] -- Installing: /home/ros2/ws_RAMS/install/workcell_description/share/workcell_description/meshes/robots/visual
[0.639s] -- Installing: /home/ros2/ws_RAMS/install/workcell_description/share/workcell_description/meshes/robots/visual/link_3.stl
[0.640s] -- Installing: /home/ros2/ws_RAMS/install/workcell_description/share/workcell_description/meshes/robots/visual/link_2.stl
[0.640s] -- Installing: /home/ros2/ws_RAMS/install/workcell_description/share/workcell_description/meshes/robots/visual/cylinder.stl
[0.641s] -- Installing: /home/ros2/ws_RAMS/install/workcell_description/share/workcell_description/meshes/robots/visual/link_1.stl
[0.641s] -- Installing: /home/ros2/ws_RAMS/install/workcell_description/share/workcell_description/meshes/robots/visual/link_6.stl
[0.641s] -- Installing: /home/ros2/ws_RAMS/install/workcell_description/share/workcell_description/meshes/robots/visual/base_link.stl
[0.642s] -- Installing: /home/ros2/ws_RAMS/install/workcell_description/share/workcell_description/meshes/robots/visual/piston.stl
[0.642s] -- Installing: /home/ros2/ws_RAMS/install/workcell_description/share/workcell_description/meshes/robots/visual/link_4.stl
[0.643s] -- Installing: /home/ros2/ws_RAMS/install/workcell_description/share/workcell_description/meshes/robots/visual/link_5.stl
[0.643s] -- Installing: /home/ros2/ws_RAMS/install/workcell_description/share/workcell_description/meshes/robots/collision
[0.643s] -- Installing: /home/ros2/ws_RAMS/install/workcell_description/share/workcell_description/meshes/robots/collision/link_3.stl
[0.643s] -- Installing: /home/ros2/ws_RAMS/install/workcell_description/share/workcell_description/meshes/robots/collision/link_2.stl
[0.644s] -- Installing: /home/ros2/ws_RAMS/install/workcell_description/share/workcell_description/meshes/robots/collision/cylinder.stl
[0.644s] -- Installing: /home/ros2/ws_RAMS/install/workcell_description/share/workcell_description/meshes/robots/collision/link_1.stl
[0.644s] -- Installing: /home/ros2/ws_RAMS/install/workcell_description/share/workcell_description/meshes/robots/collision/link_6.stl
[0.644s] -- Installing: /home/ros2/ws_RAMS/install/workcell_description/share/workcell_description/meshes/robots/collision/base_link.stl
[0.644s] -- Installing: /home/ros2/ws_RAMS/install/workcell_description/share/workcell_description/meshes/robots/collision/piston.stl
[0.644s] -- Installing: /home/ros2/ws_RAMS/install/workcell_description/share/workcell_description/meshes/robots/collision/link_4.stl
[0.644s] -- Installing: /home/ros2/ws_RAMS/install/workcell_description/share/workcell_description/meshes/robots/collision/link_5.stl
[0.644s] -- Installing: /home/ros2/ws_RAMS/install/workcell_description/share/workcell_description/meshes/sensors
[0.645s] -- Installing: /home/ros2/ws_RAMS/install/workcell_description/share/workcell_description/meshes/sensors/visual
[0.645s] -- Installing: /home/ros2/ws_RAMS/install/workcell_description/share/workcell_description/meshes/sensors/visual/d415.stl
[0.721s] -- Installing: /home/ros2/ws_RAMS/install/workcell_description/share/workcell_description/meshes/sensors/visual/d435.dae
[0.741s] -- Installing: /home/ros2/ws_RAMS/install/workcell_description/share/workcell_description/meshes/sensors/collision
[0.742s] -- Installing: /home/ros2/ws_RAMS/install/workcell_description/share/workcell_description/meshes/sensors/collision/d415.stl
[0.774s] -- Installing: /home/ros2/ws_RAMS/install/workcell_description/share/workcell_description/meshes/sensors/collision/d435.dae
[0.794s] -- Installing: /home/ros2/ws_RAMS/install/workcell_description/share/workcell_description/meshes/actuators
[0.794s] -- Installing: /home/ros2/ws_RAMS/install/workcell_description/share/workcell_description/meshes/actuators/visual
[0.794s] -- Installing: /home/ros2/ws_RAMS/install/workcell_description/share/workcell_description/meshes/actuators/visual/spindle.STL
[0.796s] -- Installing: /home/ros2/ws_RAMS/install/workcell_description/share/workcell_description/meshes/actuators/collision
[0.796s] -- Installing: /home/ros2/ws_RAMS/install/workcell_description/share/workcell_description/meshes/actuators/collision/spindle.STL
[0.798s] -- Installing: /home/ros2/ws_RAMS/install/workcell_description/share/workcell_description/launch
[0.798s] -- Installing: /home/ros2/ws_RAMS/install/workcell_description/share/workcell_description/launch/description.launch.py
[0.798s] -- Installing: /home/ros2/ws_RAMS/install/workcell_description/share/workcell_description/launch/robot_viz.launch.py
[0.798s] -- Installing: /home/ros2/ws_RAMS/install/workcell_description/share/ament_index/resource_index/package_run_dependencies/workcell_description
[0.798s] -- Installing: /home/ros2/ws_RAMS/install/workcell_description/share/ament_index/resource_index/parent_prefix_path/workcell_description
[0.799s] -- Installing: /home/ros2/ws_RAMS/install/workcell_description/share/workcell_description/environment/ament_prefix_path.sh
[0.800s] -- Installing: /home/ros2/ws_RAMS/install/workcell_description/share/workcell_description/environment/ament_prefix_path.dsv
[0.800s] -- Installing: /home/ros2/ws_RAMS/install/workcell_description/share/workcell_description/environment/path.sh
[0.800s] -- Installing: /home/ros2/ws_RAMS/install/workcell_description/share/workcell_description/environment/path.dsv
[0.800s] -- Installing: /home/ros2/ws_RAMS/install/workcell_description/share/workcell_description/local_setup.bash
[0.800s] -- Installing: /home/ros2/ws_RAMS/install/workcell_description/share/workcell_description/local_setup.sh
[0.800s] -- Installing: /home/ros2/ws_RAMS/install/workcell_description/share/workcell_description/local_setup.zsh
[0.800s] -- Installing: /home/ros2/ws_RAMS/install/workcell_description/share/workcell_description/local_setup.dsv
[0.800s] -- Installing: /home/ros2/ws_RAMS/install/workcell_description/share/workcell_description/package.dsv
[0.800s] -- Installing: /home/ros2/ws_RAMS/install/workcell_description/share/ament_index/resource_index/packages/workcell_description
[0.800s] -- Installing: /home/ros2/ws_RAMS/install/workcell_description/share/workcell_description/cmake/workcell_descriptionConfig.cmake
[0.800s] -- Installing: /home/ros2/ws_RAMS/install/workcell_description/share/workcell_description/cmake/workcell_descriptionConfig-version.cmake
[0.801s] -- Installing: /home/ros2/ws_RAMS/install/workcell_description/share/workcell_description/package.xml
[0.802s] Invoked command in '/home/ros2/ws_RAMS/build/workcell_description' returned '0': CMAKE_PREFIX_PATH=${CMAKE_PREFIX_PATH}:/opt/ros/humble /usr/bin/cmake --install /home/ros2/ws_RAMS/build/workcell_description
