[0.007s] Invoking command in '/home/ros2/ws_RAMS/build/rams_perception': CMAKE_PREFIX_PATH=/opt/ros/humble /usr/bin/cmake /home/ros2/ws_RAMS/src/rams_perception -DCMAKE_INSTALL_PREFIX=/home/ros2/ws_RAMS/install/rams_perception
[0.071s] -- The C compiler identification is GNU 11.4.0
[0.144s] -- The CXX compiler identification is GNU 11.4.0
[0.158s] -- Detecting C compiler ABI info
[0.242s] -- Detecting C compiler ABI info - done
[0.249s] -- Check for working C compiler: /usr/bin/cc - skipped
[0.249s] -- Detecting C compile features
[0.249s] -- Detecting C compile features - done
[0.254s] -- Detecting CXX compiler ABI info
[0.380s] -- Detecting CXX compiler ABI info - done
[0.395s] -- Check for working CXX compiler: /usr/bin/c++ - skipped
[0.395s] -- Detecting CXX compile features
[0.395s] -- Detecting CXX compile features - done
[0.403s] -- Found ament_cmake: 1.3.12 (/opt/ros/humble/share/ament_cmake/cmake)
[0.571s] -- Found Python3: /usr/bin/python3 (found version "3.10.12") found components: Interpreter 
[0.669s] -- Found rclcpp: 16.0.14 (/opt/ros/humble/share/rclcpp/cmake)
[0.706s] -- Found rosidl_generator_c: 3.1.7 (/opt/ros/humble/share/rosidl_generator_c/cmake)
[0.711s] -- Found rosidl_adapter: 3.1.7 (/opt/ros/humble/share/rosidl_adapter/cmake)
[0.719s] -- Found rosidl_generator_cpp: 3.1.7 (/opt/ros/humble/share/rosidl_generator_cpp/cmake)
[0.728s] -- Using all available rosidl_typesupport_c: rosidl_typesupport_fastrtps_c;rosidl_typesupport_introspection_c
[0.743s] -- Using all available rosidl_typesupport_cpp: rosidl_typesupport_fastrtps_cpp;rosidl_typesupport_introspection_cpp
[0.779s] -- Found rmw_implementation_cmake: 6.1.2 (/opt/ros/humble/share/rmw_implementation_cmake/cmake)
[0.779s] -- Found rmw_fastrtps_cpp: 6.2.8 (/opt/ros/humble/share/rmw_fastrtps_cpp/cmake)
[0.868s] -- Found OpenSSL: /usr/lib/x86_64-linux-gnu/libcrypto.so (found version "3.0.2")  
[0.890s] -- Found FastRTPS: /opt/ros/humble/include  
[0.927s] -- Using RMW implementation 'rmw_fastrtps_cpp' as default
[0.938s] -- Looking for pthread.h
[1.026s] -- Looking for pthread.h - found
[1.026s] -- Performing Test CMAKE_HAVE_LIBC_PTHREAD
[1.113s] -- Performing Test CMAKE_HAVE_LIBC_PTHREAD - Success
[1.120s] -- Found Threads: TRUE  
[1.169s] -- Found sensor_msgs: 4.9.0 (/opt/ros/humble/share/sensor_msgs/cmake)
[1.203s] -- Found tf2_ros: 0.25.15 (/opt/ros/humble/share/tf2_ros/cmake)
[1.290s] -- Found tf2_sensor_msgs: 0.25.15 (/opt/ros/humble/share/tf2_sensor_msgs/cmake)
[1.301s] -- Found moveit_msgs: 2.2.1 (/opt/ros/humble/share/moveit_msgs/cmake)
[1.476s] -- Configuring done
[1.502s] -- Generating done
[1.510s] -- Build files have been written to: /home/ros2/ws_RAMS/build/rams_perception
[1.521s] Invoked command in '/home/ros2/ws_RAMS/build/rams_perception' returned '0': CMAKE_PREFIX_PATH=/opt/ros/humble /usr/bin/cmake /home/ros2/ws_RAMS/src/rams_perception -DCMAKE_INSTALL_PREFIX=/home/ros2/ws_RAMS/install/rams_perception
[1.522s] Invoking command in '/home/ros2/ws_RAMS/build/rams_perception': CMAKE_PREFIX_PATH=/opt/ros/humble /usr/bin/cmake --build /home/ros2/ws_RAMS/build/rams_perception -- -j2 -l2
[1.578s] [ 50%] [32mBuilding CXX object CMakeFiles/perception_node.dir/src/perception_node.cpp.o[0m
[20.693s] [100%] [32m[1mLinking CXX executable perception_node[0m
[21.942s] [100%] Built target perception_node
[21.972s] Invoked command in '/home/ros2/ws_RAMS/build/rams_perception' returned '0': CMAKE_PREFIX_PATH=/opt/ros/humble /usr/bin/cmake --build /home/ros2/ws_RAMS/build/rams_perception -- -j2 -l2
[21.974s] Invoking command in '/home/ros2/ws_RAMS/build/rams_perception': CMAKE_PREFIX_PATH=/opt/ros/humble /usr/bin/cmake --install /home/ros2/ws_RAMS/build/rams_perception
[21.993s] -- Install configuration: ""
[21.996s] -- Installing: /home/ros2/ws_RAMS/install/rams_perception/lib/rams_perception/perception_node
[22.006s] -- Set runtime path of "/home/ros2/ws_RAMS/install/rams_perception/lib/rams_perception/perception_node" to ""
[22.007s] -- Installing: /home/ros2/ws_RAMS/install/rams_perception/share/ament_index/resource_index/package_run_dependencies/rams_perception
[22.007s] -- Installing: /home/ros2/ws_RAMS/install/rams_perception/share/ament_index/resource_index/parent_prefix_path/rams_perception
[22.007s] -- Installing: /home/ros2/ws_RAMS/install/rams_perception/share/rams_perception/environment/ament_prefix_path.sh
[22.007s] -- Installing: /home/ros2/ws_RAMS/install/rams_perception/share/rams_perception/environment/ament_prefix_path.dsv
[22.009s] -- Installing: /home/ros2/ws_RAMS/install/rams_perception/share/rams_perception/environment/path.sh
[22.009s] -- Installing: /home/ros2/ws_RAMS/install/rams_perception/share/rams_perception/environment/path.dsv
[22.009s] -- Installing: /home/ros2/ws_RAMS/install/rams_perception/share/rams_perception/local_setup.bash
[22.009s] -- Installing: /home/ros2/ws_RAMS/install/rams_perception/share/rams_perception/local_setup.sh
[22.009s] -- Installing: /home/ros2/ws_RAMS/install/rams_perception/share/rams_perception/local_setup.zsh
[22.009s] -- Installing: /home/ros2/ws_RAMS/install/rams_perception/share/rams_perception/local_setup.dsv
[22.009s] -- Installing: /home/ros2/ws_RAMS/install/rams_perception/share/rams_perception/package.dsv
[22.009s] -- Installing: /home/ros2/ws_RAMS/install/rams_perception/share/ament_index/resource_index/packages/rams_perception
[22.009s] -- Installing: /home/ros2/ws_RAMS/install/rams_perception/share/rams_perception/cmake/rams_perceptionConfig.cmake
[22.009s] -- Installing: /home/ros2/ws_RAMS/install/rams_perception/share/rams_perception/cmake/rams_perceptionConfig-version.cmake
[22.009s] -- Installing: /home/ros2/ws_RAMS/install/rams_perception/share/rams_perception/package.xml
[22.018s] Invoked command in '/home/ros2/ws_RAMS/build/rams_perception' returned '0': CMAKE_PREFIX_PATH=/opt/ros/humble /usr/bin/cmake --install /home/ros2/ws_RAMS/build/rams_perception
