[0.017s] Invoking command in '/home/ros2/ws_RAMS/build/rams_interface': CMAKE_PREFIX_PATH=/opt/ros/humble /usr/bin/cmake /home/ros2/ws_RAMS/src/rams_interface -DCMAKE_INSTALL_PREFIX=/home/ros2/ws_RAMS/install/rams_interface
[0.118s] -- The C compiler identification is GNU 11.4.0
[0.193s] -- The CXX compiler identification is GNU 11.4.0
[0.200s] -- Detecting C compiler ABI info
[0.277s] -- Detecting C compiler ABI info - done
[0.284s] -- Check for working C compiler: /usr/bin/cc - skipped
[0.285s] -- Detecting C compile features
[0.285s] -- Detecting C compile features - done
[0.288s] -- Detecting CXX compiler ABI info
[0.379s] -- Detecting CXX compiler ABI info - done
[0.397s] -- Check for working CXX compiler: /usr/bin/c++ - skipped
[0.397s] -- Detecting CXX compile features
[0.400s] -- Detecting CXX compile features - done
[0.402s] -- Found ament_cmake: 1.3.12 (/opt/ros/humble/share/ament_cmake/cmake)
[0.578s] -- Found Python3: /usr/bin/python3 (found version "3.10.12") found components: Interpreter 
[0.651s] -- Found rclcpp: 16.0.14 (/opt/ros/humble/share/rclcpp/cmake)
[0.686s] -- Found rosidl_generator_c: 3.1.7 (/opt/ros/humble/share/rosidl_generator_c/cmake)
[0.688s] -- Found rosidl_adapter: 3.1.7 (/opt/ros/humble/share/rosidl_adapter/cmake)
[0.697s] -- Found rosidl_generator_cpp: 3.1.7 (/opt/ros/humble/share/rosidl_generator_cpp/cmake)
[0.704s] -- Using all available rosidl_typesupport_c: rosidl_typesupport_fastrtps_c;rosidl_typesupport_introspection_c
[0.717s] -- Using all available rosidl_typesupport_cpp: rosidl_typesupport_fastrtps_cpp;rosidl_typesupport_introspection_cpp
[0.754s] -- Found rmw_implementation_cmake: 6.1.2 (/opt/ros/humble/share/rmw_implementation_cmake/cmake)
[0.759s] -- Found rmw_fastrtps_cpp: 6.2.8 (/opt/ros/humble/share/rmw_fastrtps_cpp/cmake)
[0.861s] -- Found OpenSSL: /usr/lib/x86_64-linux-gnu/libcrypto.so (found version "3.0.2")  
[0.884s] -- Found FastRTPS: /opt/ros/humble/include  
[0.930s] -- Using RMW implementation 'rmw_fastrtps_cpp' as default
[0.941s] -- Looking for pthread.h
[1.057s] -- Looking for pthread.h - found
[1.058s] -- Performing Test CMAKE_HAVE_LIBC_PTHREAD
[1.176s] -- Performing Test CMAKE_HAVE_LIBC_PTHREAD - Success
[1.177s] -- Found Threads: TRUE  
[1.272s] -- Found geometry_msgs: 4.9.0 (/opt/ros/humble/share/geometry_msgs/cmake)
[1.301s] -- Found sensor_msgs: 4.9.0 (/opt/ros/humble/share/sensor_msgs/cmake)
[1.337s] -- Found std_srvs: 4.9.0 (/opt/ros/humble/share/std_srvs/cmake)
[1.353s] -- Found moveit_ros_planning_interface: 2.5.9 (/opt/ros/humble/share/moveit_ros_planning_interface/cmake)
[1.390s] -- Found Boost: /usr/lib/x86_64-linux-gnu/cmake/Boost-1.74.0/BoostConfig.cmake (found version "1.74.0") found components: date_time filesystem program_options system thread 
[1.588s] -- Found Boost: /usr/lib/x86_64-linux-gnu/cmake/Boost-1.74.0/BoostConfig.cmake (found version "1.74.0") found components: chrono date_time filesystem iostreams program_options regex serialization system thread 
[1.654s] -- Found parameter_traits: 0.5.0 (/opt/ros/humble/share/parameter_traits/cmake)
[1.679s] -- Found rclcpp_lifecycle: 16.0.14 (/opt/ros/humble/share/rclcpp_lifecycle/cmake)
[1.720s] -- Found Boost: /usr/lib/x86_64-linux-gnu/cmake/Boost-1.74.0/BoostConfig.cmake (found version "1.74.0") found components: filesystem 
[1.837s] -- library: /usr/lib/x86_64-linux-gnu/libcurl.so
[1.870s] -- Found Eigen3: TRUE (found version "3.4.0") 
[1.870s] -- Ensuring Eigen3 include directory is part of orocos-kdl CMake target
[1.969s] -- Found Boost: /usr/lib/x86_64-linux-gnu/cmake/Boost-1.74.0/BoostConfig.cmake (found version "1.74.0") found components: system filesystem date_time program_options thread chrono 
[1.991s] -- Found Boost: /usr/lib/x86_64-linux-gnu/cmake/Boost-1.74.0/BoostConfig.cmake (found version "1.74.0") found components: thread system filesystem regex date_time program_options 
[2.007s] -- Found Boost: /usr/lib/x86_64-linux-gnu/cmake/Boost-1.74.0/BoostConfig.cmake (found version "1.74.0") found components: system filesystem date_time program_options thread 
[2.042s] -- Found rosidl_default_generators: 1.2.0 (/opt/ros/humble/share/rosidl_default_generators/cmake)
[2.052s] -- Setting assimp_DIR to: '/opt/ros/humble/share/rviz_assimp_vendor/cmake/../../../opt/rviz_assimp_vendor/lib/cmake/assimp-4.1'
[2.060s] -- Setting OGRE_DIR to: '/opt/ros/humble/share/rviz_ogre_vendor/cmake/../../../opt/rviz_ogre_vendor/lib/OGRE/cmake'
[2.060s] -- Found OGRE
[2.060s] --   static     : OFF
[2.060s] --   components : HLMS;MeshLodGenerator;Overlay;Paging;Property;RTShaderSystem;Terrain;Volume
[2.060s] --   plugins    : Plugin_BSPSceneManager;Plugin_OctreeSceneManager;Plugin_PCZSceneManager;Plugin_ParticleFX;RenderSystem_GL;RenderSystem_GL3Plus;Codec_STBI
[2.060s] --   media      : /opt/ros/humble/opt/rviz_ogre_vendor/share/OGRE/Media
[2.060s] -- OGRE_LIBRARIES: OgreHLMS;OgreMeshLodGenerator;OgreOverlay;OgrePaging;OgreProperty;OgreRTShaderSystem;OgreTerrain;OgreVolume;OgreMain
[2.060s] -- OGRE_LIBRARY_DIRS: /opt/ros/humble/opt/rviz_ogre_vendor/lib
[2.060s] -- OGRE_PLUGINS: Plugin_BSPSceneManager;Plugin_OctreeSceneManager;Plugin_PCZSceneManager;Plugin_ParticleFX;RenderSystem_GL;RenderSystem_GL3Plus;Codec_STBI
[2.060s] -- OGRE_PLUGIN_DIR: /opt/ros/humble/opt/rviz_ogre_vendor/lib/OGRE
[2.060s] -- rviz_ogre_vendor::OgreOverlay for IMPORTED_LOCATION_RELEASE: /opt/ros/humble/opt/rviz_ogre_vendor/lib/libOgreOverlay.so
[2.060s] -- rviz_ogre_vendor::OgreOverlay for IMPORTED_LOCATION_DEBUG: /opt/ros/humble/opt/rviz_ogre_vendor/lib/libOgreOverlay.so
[2.060s] -- rviz_ogre_vendor::OgreMain for IMPORTED_LOCATION_RELEASE: /opt/ros/humble/opt/rviz_ogre_vendor/lib/libOgreMain.so
[2.060s] -- rviz_ogre_vendor::OgreMain for IMPORTED_LOCATION_DEBUG: /opt/ros/humble/opt/rviz_ogre_vendor/lib/libOgreMain.so
[2.060s] -- Could not find freeimage library
[2.074s] -- Found ZLIB: /usr/lib/x86_64-linux-gnu/libz.so (found version "1.2.11") 
[2.081s] -- Found OpenGL: /usr/lib/x86_64-linux-gnu/libOpenGL.so   
[2.169s] -- Found X11: /usr/include   
[2.170s] -- Looking for XOpenDisplay in /usr/lib/x86_64-linux-gnu/libX11.so;/usr/lib/x86_64-linux-gnu/libXext.so
[2.235s] -- Looking for XOpenDisplay in /usr/lib/x86_64-linux-gnu/libX11.so;/usr/lib/x86_64-linux-gnu/libXext.so - found
[2.235s] -- Looking for gethostbyname
[2.310s] -- Looking for gethostbyname - found
[2.310s] -- Looking for connect
[2.418s] -- Looking for connect - found
[2.418s] -- Looking for remove
[2.498s] -- Looking for remove - found
[2.499s] -- Looking for shmat
[2.613s] -- Looking for shmat - found
[2.613s] -- Looking for IceConnectionNumber in ICE
[2.704s] -- Looking for IceConnectionNumber in ICE - found
[3.010s] -- Found ament_cmake_ros: 0.10.0 (/opt/ros/humble/share/ament_cmake_ros/cmake)
[3.466s] -- Using all available rosidl_typesupport_c: rosidl_typesupport_fastrtps_c;rosidl_typesupport_introspection_c
[3.683s] -- Using all available rosidl_typesupport_cpp: rosidl_typesupport_fastrtps_cpp;rosidl_typesupport_introspection_cpp
[3.704s] -- Found PythonInterp: /usr/bin/python3 (found suitable version "3.10.12", minimum required is "3.6") 
[3.707s] -- Found python_cmake_module: 0.10.0 (/opt/ros/humble/share/python_cmake_module/cmake)
[3.730s] -- Found PythonLibs: /usr/lib/x86_64-linux-gnu/libpython3.10.so (found suitable version "3.10.12", minimum required is "3.5") 
[3.730s] -- Using PYTHON_EXECUTABLE: /usr/bin/python3
[3.730s] -- Using PYTHON_INCLUDE_DIRS: /usr/include/python3.10
[3.731s] -- Using PYTHON_LIBRARIES: /usr/lib/x86_64-linux-gnu/libpython3.10.so
[3.755s] -- Found PythonExtra: .so  
[3.830s] [0mCMake Deprecation Warning at /opt/ros/humble/share/rosidl_cmake/cmake/rosidl_target_interfaces.cmake:32 (message):
[3.830s]   Use rosidl_get_typesupport_target() and target_link_libraries() instead of
[3.830s]   rosidl_target_interfaces()
[3.830s] Call Stack (most recent call first):
[3.831s]   CMakeLists.txt:37 (rosidl_target_interfaces)
[3.831s] 
[3.831s] [0m
[3.831s] [0mCMake Deprecation Warning at /opt/ros/humble/share/rosidl_cmake/cmake/rosidl_target_interfaces.cmake:32 (message):
[3.832s]   Use rosidl_get_typesupport_target() and target_link_libraries() instead of
[3.832s]   rosidl_target_interfaces()
[3.832s] Call Stack (most recent call first):
[3.832s]   CMakeLists.txt:56 (rosidl_target_interfaces)
[3.832s] 
[3.833s] [0m
[3.848s] -- Configuring done
[3.866s] [33mCMake Warning (dev) in CMakeLists.txt:
[3.866s]   Policy CMP0071 is not set: Let AUTOMOC and AUTOUIC process GENERATED files.
[3.866s]   Run "cmake --help-policy CMP0071" for policy details.  Use the cmake_policy
[3.866s]   command to set the policy and suppress this warning.
[3.866s] 
[3.866s]   For compatibility, CMake is excluding the GENERATED source file(s):
[3.866s] 
[3.866s]     "/home/ros2/ws_RAMS/build/rams_interface/rosidl_generator_c/rams_interface/srv/move_to_pose.h"
[3.866s]     "/home/ros2/ws_RAMS/build/rams_interface/rosidl_generator_c/rams_interface/srv/detail/move_to_pose__functions.h"
[3.867s]     "/home/ros2/ws_RAMS/build/rams_interface/rosidl_generator_c/rams_interface/srv/detail/move_to_pose__struct.h"
[3.867s]     "/home/ros2/ws_RAMS/build/rams_interface/rosidl_generator_c/rams_interface/srv/detail/move_to_pose__type_support.h"
[3.867s]     "/home/ros2/ws_RAMS/build/rams_interface/rosidl_generator_c/rams_interface/srv/detail/move_to_pose__functions.c"
[3.867s] 
[3.867s]   from processing by AUTOMOC.  If any of the files should be processed, set
[3.867s]   CMP0071 to NEW.  If any of the files should not be processed, explicitly
[3.867s]   exclude them by setting the source file property SKIP_AUTOMOC:
[3.867s] 
[3.867s]     set_property(SOURCE file.h PROPERTY SKIP_AUTOMOC ON)
[3.869s] 
[3.869s] This warning is for project developers.  Use -Wno-dev to suppress it.
[3.869s] [0m
[3.869s] [33mCMake Warning (dev) in CMakeLists.txt:
[3.869s]   Policy CMP0071 is not set: Let AUTOMOC and AUTOUIC process GENERATED files.
[3.871s]   Run "cmake --help-policy CMP0071" for policy details.  Use the cmake_policy
[3.871s]   command to set the policy and suppress this warning.
[3.872s] 
[3.872s]   For compatibility, CMake is excluding the GENERATED source file(s):
[3.872s] 
[3.872s]     "/home/ros2/ws_RAMS/build/rams_interface/rosidl_typesupport_fastrtps_c/rams_interface/srv/detail/move_to_pose__rosidl_typesupport_fastrtps_c.h"
[3.872s]     "/home/ros2/ws_RAMS/build/rams_interface/rosidl_typesupport_fastrtps_c/rams_interface/srv/detail/move_to_pose__type_support_c.cpp"
[3.872s] 
[3.872s]   from processing by AUTOMOC.  If any of the files should be processed, set
[3.872s]   CMP0071 to NEW.  If any of the files should not be processed, explicitly
[3.878s]   exclude them by setting the source file property SKIP_AUTOMOC:
[3.878s] 
[3.878s]     set_property(SOURCE file.h PROPERTY SKIP_AUTOMOC ON)
[3.878s] 
[3.878s] This warning is for project developers.  Use -Wno-dev to suppress it.
[3.878s] [0m
[3.878s] [33mCMake Warning (dev) in CMakeLists.txt:
[3.878s]   Policy CMP0071 is not set: Let AUTOMOC and AUTOUIC process GENERATED files.
[3.878s]   Run "cmake --help-policy CMP0071" for policy details.  Use the cmake_policy
[3.878s]   command to set the policy and suppress this warning.
[3.878s] 
[3.878s]   For compatibility, CMake is excluding the GENERATED source file(s):
[3.878s] 
[3.878s]     "/home/ros2/ws_RAMS/build/rams_interface/rosidl_typesupport_fastrtps_cpp/rams_interface/srv/detail/dds_fastrtps/move_to_pose__type_support.cpp"
[3.879s]     "/home/ros2/ws_RAMS/build/rams_interface/rosidl_typesupport_fastrtps_cpp/rams_interface/srv/detail/move_to_pose__rosidl_typesupport_fastrtps_cpp.hpp"
[3.879s] 
[3.879s]   from processing by AUTOMOC.  If any of the files should be processed, set
[3.879s]   CMP0071 to NEW.  If any of the files should not be processed, explicitly
[3.879s]   exclude them by setting the source file property SKIP_AUTOMOC:
[3.879s] 
[3.879s]     set_property(SOURCE file.h PROPERTY SKIP_AUTOMOC ON)
[3.879s] 
[3.879s] This warning is for project developers.  Use -Wno-dev to suppress it.
[3.884s] [0m
[3.884s] [33mCMake Warning (dev) in CMakeLists.txt:
[3.884s]   Policy CMP0071 is not set: Let AUTOMOC and AUTOUIC process GENERATED files.
[3.884s]   Run "cmake --help-policy CMP0071" for policy details.  Use the cmake_policy
[3.884s]   command to set the policy and suppress this warning.
[3.884s] 
[3.884s]   For compatibility, CMake is excluding the GENERATED source file(s):
[3.884s] 
[3.884s]     "/home/ros2/ws_RAMS/build/rams_interface/rosidl_typesupport_introspection_c/rams_interface/srv/detail/move_to_pose__rosidl_typesupport_introspection_c.h"
[3.884s]     "/home/ros2/ws_RAMS/build/rams_interface/rosidl_typesupport_introspection_c/rams_interface/srv/detail/move_to_pose__type_support.c"
[3.885s] 
[3.885s]   from processing by AUTOMOC.  If any of the files should be processed, set
[3.885s]   CMP0071 to NEW.  If any of the files should not be processed, explicitly
[3.885s]   exclude them by setting the source file property SKIP_AUTOMOC:
[3.885s] 
[3.885s]     set_property(SOURCE file.h PROPERTY SKIP_AUTOMOC ON)
[3.885s] 
[3.885s] This warning is for project developers.  Use -Wno-dev to suppress it.
[3.885s] [0m
[3.885s] [33mCMake Warning (dev) in CMakeLists.txt:
[3.885s]   Policy CMP0071 is not set: Let AUTOMOC and AUTOUIC process GENERATED files.
[3.885s]   Run "cmake --help-policy CMP0071" for policy details.  Use the cmake_policy
[3.885s]   command to set the policy and suppress this warning.
[3.885s] 
[3.885s]   For compatibility, CMake is excluding the GENERATED source file(s):
[3.885s] 
[3.885s]     "/home/ros2/ws_RAMS/build/rams_interface/rosidl_typesupport_c/rams_interface/srv/move_to_pose__type_support.cpp"
[3.885s] 
[3.885s]   from processing by AUTOMOC.  If any of the files should be processed, set
[3.885s]   CMP0071 to NEW.  If any of the files should not be processed, explicitly
[3.885s]   exclude them by setting the source file property SKIP_AUTOMOC:
[3.885s] 
[3.885s]     set_property(SOURCE file.h PROPERTY SKIP_AUTOMOC ON)
[3.885s] 
[3.886s] This warning is for project developers.  Use -Wno-dev to suppress it.
[3.886s] [0m
[3.886s] [33mCMake Warning (dev) in CMakeLists.txt:
[3.886s]   Policy CMP0071 is not set: Let AUTOMOC and AUTOUIC process GENERATED files.
[3.886s]   Run "cmake --help-policy CMP0071" for policy details.  Use the cmake_policy
[3.886s]   command to set the policy and suppress this warning.
[3.886s] 
[3.886s]   For compatibility, CMake is excluding the GENERATED source file(s):
[3.886s] 
[3.887s]     "/home/ros2/ws_RAMS/build/rams_interface/rosidl_typesupport_introspection_cpp/rams_interface/srv/detail/move_to_pose__rosidl_typesupport_introspection_cpp.hpp"
[3.887s]     "/home/ros2/ws_RAMS/build/rams_interface/rosidl_typesupport_introspection_cpp/rams_interface/srv/detail/move_to_pose__type_support.cpp"
[3.888s] 
[3.888s]   from processing by AUTOMOC.  If any of the files should be processed, set
[3.888s]   CMP0071 to NEW.  If any of the files should not be processed, explicitly
[3.888s]   exclude them by setting the source file property SKIP_AUTOMOC:
[3.888s] 
[3.888s]     set_property(SOURCE file.h PROPERTY SKIP_AUTOMOC ON)
[3.888s] 
[3.890s] This warning is for project developers.  Use -Wno-dev to suppress it.
[3.890s] [0m
[3.890s] [33mCMake Warning (dev) in CMakeLists.txt:
[3.890s]   Policy CMP0071 is not set: Let AUTOMOC and AUTOUIC process GENERATED files.
[3.890s]   Run "cmake --help-policy CMP0071" for policy details.  Use the cmake_policy
[3.890s]   command to set the policy and suppress this warning.
[3.890s] 
[3.890s]   For compatibility, CMake is excluding the GENERATED source file(s):
[3.890s] 
[3.890s]     "/home/ros2/ws_RAMS/build/rams_interface/rosidl_typesupport_cpp/rams_interface/srv/move_to_pose__type_support.cpp"
[3.890s] 
[3.891s]   from processing by AUTOMOC.  If any of the files should be processed, set
[3.891s]   CMP0071 to NEW.  If any of the files should not be processed, explicitly
[3.891s]   exclude them by setting the source file property SKIP_AUTOMOC:
[3.891s] 
[3.891s]     set_property(SOURCE file.h PROPERTY SKIP_AUTOMOC ON)
[3.891s] 
[3.891s] This warning is for project developers.  Use -Wno-dev to suppress it.
[3.891s] [0m
[3.891s] [33mCMake Warning (dev) in CMakeLists.txt:
[3.893s]   Policy CMP0071 is not set: Let AUTOMOC and AUTOUIC process GENERATED files.
[3.893s]   Run "cmake --help-policy CMP0071" for policy details.  Use the cmake_policy
[3.893s]   command to set the policy and suppress this warning.
[3.893s] 
[3.893s]   For compatibility, CMake is excluding the GENERATED source file(s):
[3.893s] 
[3.893s]     "/home/ros2/ws_RAMS/build/rams_interface/rosidl_generator_py/rams_interface/srv/_move_to_pose_s.c"
[3.893s] 
[3.893s]   from processing by AUTOMOC.  If any of the files should be processed, set
[3.893s]   CMP0071 to NEW.  If any of the files should not be processed, explicitly
[3.893s]   exclude them by setting the source file property SKIP_AUTOMOC:
[3.894s] 
[3.894s]     set_property(SOURCE file.h PROPERTY SKIP_AUTOMOC ON)
[3.894s] 
[3.894s] This warning is for project developers.  Use -Wno-dev to suppress it.
[3.894s] [0m
[3.894s] [33mCMake Warning (dev) in CMakeLists.txt:
[3.894s]   Policy CMP0071 is not set: Let AUTOMOC and AUTOUIC process GENERATED files.
[3.894s]   Run "cmake --help-policy CMP0071" for policy details.  Use the cmake_policy
[3.894s]   command to set the policy and suppress this warning.
[3.894s] 
[3.894s]   For compatibility, CMake is excluding the GENERATED source file(s):
[3.894s] 
[3.894s]     "/home/ros2/ws_RAMS/build/rams_interface/rosidl_generator_py/rams_interface/_rams_interface_s.ep.rosidl_typesupport_fastrtps_c.c"
[3.894s] 
[3.894s]   from processing by AUTOMOC.  If any of the files should be processed, set
[3.894s]   CMP0071 to NEW.  If any of the files should not be processed, explicitly
[3.894s]   exclude them by setting the source file property SKIP_AUTOMOC:
[3.894s] 
[3.894s]     set_property(SOURCE file.h PROPERTY SKIP_AUTOMOC ON)
[3.894s] 
[3.894s] This warning is for project developers.  Use -Wno-dev to suppress it.
[3.894s] [0m
[3.896s] [33mCMake Warning (dev) in CMakeLists.txt:
[3.896s]   Policy CMP0071 is not set: Let AUTOMOC and AUTOUIC process GENERATED files.
[3.896s]   Run "cmake --help-policy CMP0071" for policy details.  Use the cmake_policy
[3.896s]   command to set the policy and suppress this warning.
[3.896s] 
[3.896s]   For compatibility, CMake is excluding the GENERATED source file(s):
[3.896s] 
[3.896s]     "/home/ros2/ws_RAMS/build/rams_interface/rosidl_generator_py/rams_interface/_rams_interface_s.ep.rosidl_typesupport_introspection_c.c"
[3.896s] 
[3.896s]   from processing by AUTOMOC.  If any of the files should be processed, set
[3.896s]   CMP0071 to NEW.  If any of the files should not be processed, explicitly
[3.897s]   exclude them by setting the source file property SKIP_AUTOMOC:
[3.897s] 
[3.897s]     set_property(SOURCE file.h PROPERTY SKIP_AUTOMOC ON)
[3.897s] 
[3.897s] This warning is for project developers.  Use -Wno-dev to suppress it.
[3.897s] [0m
[3.897s] [33mCMake Warning (dev) in CMakeLists.txt:
[3.897s]   Policy CMP0071 is not set: Let AUTOMOC and AUTOUIC process GENERATED files.
[3.897s]   Run "cmake --help-policy CMP0071" for policy details.  Use the cmake_policy
[3.897s]   command to set the policy and suppress this warning.
[3.897s] 
[3.897s]   For compatibility, CMake is excluding the GENERATED source file(s):
[3.897s] 
[3.897s]     "/home/ros2/ws_RAMS/build/rams_interface/rosidl_generator_py/rams_interface/_rams_interface_s.ep.rosidl_typesupport_c.c"
[3.900s] 
[3.900s]   from processing by AUTOMOC.  If any of the files should be processed, set
[3.900s]   CMP0071 to NEW.  If any of the files should not be processed, explicitly
[3.900s]   exclude them by setting the source file property SKIP_AUTOMOC:
[3.900s] 
[3.900s]     set_property(SOURCE file.h PROPERTY SKIP_AUTOMOC ON)
[3.900s] 
[3.900s] This warning is for project developers.  Use -Wno-dev to suppress it.
[3.900s] [0m
[4.061s] -- Generating done
[4.083s] -- Build files have been written to: /home/ros2/ws_RAMS/build/rams_interface
[4.104s] Invoked command in '/home/ros2/ws_RAMS/build/rams_interface' returned '0': CMAKE_PREFIX_PATH=/opt/ros/humble /usr/bin/cmake /home/ros2/ws_RAMS/src/rams_interface -DCMAKE_INSTALL_PREFIX=/home/ros2/ws_RAMS/install/rams_interface
[4.105s] Invoking command in '/home/ros2/ws_RAMS/build/rams_interface': CMAKE_PREFIX_PATH=/opt/ros/humble /usr/bin/cmake --build /home/ros2/ws_RAMS/build/rams_interface -- -j2 -l2
[4.165s] [  1%] [34m[1mGenerating C++ code for ROS interfaces[0m
[4.175s] [  3%] [34m[1mAutomatic MOC for target rams_interface__rosidl_generator_c[0m
[4.238s] [  3%] Built target rams_interface__rosidl_generator_c_autogen
[4.330s] [  3%] Built target ament_cmake_python_copy_rams_interface
[4.352s] [  4%] [34m[1mGenerating C code for ROS interfaces[0m
[4.656s] [  4%] Built target rams_interface__cpp
[4.975s] [  6%] [32mBuilding CXX object CMakeFiles/rams_interface__rosidl_generator_c.dir/rams_interface__rosidl_generator_c_autogen/mocs_compilation.cpp.o[0m
[5.052s] [  8%] [32mBuilding C object CMakeFiles/rams_interface__rosidl_generator_c.dir/rosidl_generator_c/rams_interface/srv/detail/move_to_pose__functions.c.o[0m
[5.175s] running egg_info
[5.175s] creating rams_interface.egg-info
[5.175s] writing rams_interface.egg-info/PKG-INFO
[5.175s] writing dependency_links to rams_interface.egg-info/dependency_links.txt
[5.176s] writing top-level names to rams_interface.egg-info/top_level.txt
[5.176s] writing manifest file 'rams_interface.egg-info/SOURCES.txt'
[5.184s] reading manifest file 'rams_interface.egg-info/SOURCES.txt'
[5.184s] writing manifest file 'rams_interface.egg-info/SOURCES.txt'
[5.241s] [  9%] [32m[1mLinking CXX shared library librams_interface__rosidl_generator_c.so[0m
[5.244s] [  9%] Built target ament_cmake_python_build_rams_interface_egg
[5.301s] [ 11%] [34m[1mAutomatic MOC for target rams_interface__rosidl_typesupport_cpp[0m
[5.367s] [ 11%] Built target rams_interface__rosidl_generator_c
[5.397s] [ 11%] Built target rams_interface__rosidl_typesupport_cpp_autogen
[5.429s] [ 12%] [34m[1mAutomatic MOC for target rams_interface__rosidl_typesupport_fastrtps_cpp[0m
[5.468s] [ 14%] [34m[1mAutomatic MOC for target rams_interface__rosidl_typesupport_introspection_c[0m
[5.513s] [ 14%] Built target rams_interface__rosidl_typesupport_fastrtps_cpp_autogen
[5.555s] [ 14%] Built target rams_interface__rosidl_typesupport_introspection_c_autogen
[5.578s] [ 16%] [34m[1mAutomatic MOC for target rams_interface__rosidl_typesupport_c[0m
[5.606s] [ 17%] [34m[1mAutomatic MOC for target rams_interface__rosidl_typesupport_introspection_cpp[0m
[5.681s] [ 17%] Built target rams_interface__rosidl_typesupport_c_autogen
[5.693s] [ 17%] Built target rams_interface__rosidl_typesupport_introspection_cpp_autogen
[5.715s] [ 19%] [34m[1mGenerating C++ type support dispatch for ROS interfaces[0m
[5.753s] [ 20%] [34m[1mAutomatic MOC for target rams_interface__rosidl_typesupport_fastrtps_c[0m
[5.830s] [ 20%] Built target rams_interface__rosidl_typesupport_fastrtps_c_autogen
[5.865s] [ 22%] [34m[1mGenerating C++ type support for eProsima Fast-RTPS[0m
[6.166s] [ 24%] [32mBuilding CXX object CMakeFiles/rams_interface__rosidl_typesupport_cpp.dir/rams_interface__rosidl_typesupport_cpp_autogen/mocs_compilation.cpp.o[0m
[6.252s] [ 25%] [32mBuilding CXX object CMakeFiles/rams_interface__rosidl_typesupport_cpp.dir/rosidl_typesupport_cpp/rams_interface/srv/move_to_pose__type_support.cpp.o[0m
[6.464s] [ 27%] [32mBuilding CXX object CMakeFiles/rams_interface__rosidl_typesupport_fastrtps_cpp.dir/rams_interface__rosidl_typesupport_fastrtps_cpp_autogen/mocs_compilation.cpp.o[0m
[6.534s] [ 29%] [32mBuilding CXX object CMakeFiles/rams_interface__rosidl_typesupport_fastrtps_cpp.dir/rosidl_typesupport_fastrtps_cpp/rams_interface/srv/detail/dds_fastrtps/move_to_pose__type_support.cpp.o[0m
[6.849s] [ 30%] [32m[1mLinking CXX shared library librams_interface__rosidl_typesupport_cpp.so[0m
[6.961s] [ 30%] Built target rams_interface__rosidl_typesupport_cpp
[6.990s] [ 32%] [34m[1mGenerating C introspection for ROS interfaces[0m
[7.521s] [ 33%] [32m[1mLinking CXX shared library librams_interface__rosidl_typesupport_fastrtps_cpp.so[0m
[7.528s] [ 35%] [32mBuilding CXX object CMakeFiles/rams_interface__rosidl_typesupport_introspection_c.dir/rams_interface__rosidl_typesupport_introspection_c_autogen/mocs_compilation.cpp.o[0m
[7.578s] [ 37%] [32mBuilding C object CMakeFiles/rams_interface__rosidl_typesupport_introspection_c.dir/rosidl_typesupport_introspection_c/rams_interface/srv/detail/move_to_pose__type_support.c.o[0m
[7.678s] [ 38%] [32m[1mLinking CXX shared library librams_interface__rosidl_typesupport_introspection_c.so[0m
[7.695s] [ 38%] Built target rams_interface__rosidl_typesupport_fastrtps_cpp
[7.716s] [ 40%] [34m[1mGenerating C type support dispatch for ROS interfaces[0m
[7.828s] [ 40%] Built target rams_interface__rosidl_typesupport_introspection_c
[7.851s] [ 41%] [34m[1mGenerating C++ introspection for ROS interfaces[0m
[8.216s] [ 43%] [32mBuilding CXX object CMakeFiles/rams_interface__rosidl_typesupport_c.dir/rams_interface__rosidl_typesupport_c_autogen/mocs_compilation.cpp.o[0m
[8.278s] [ 45%] [32mBuilding CXX object CMakeFiles/rams_interface__rosidl_typesupport_c.dir/rosidl_typesupport_c/rams_interface/srv/move_to_pose__type_support.cpp.o[0m
[8.345s] [ 46%] [32m[1mLinking CXX shared library librams_interface__rosidl_typesupport_c.so[0m
[8.372s] [ 48%] [32mBuilding CXX object CMakeFiles/rams_interface__rosidl_typesupport_introspection_cpp.dir/rams_interface__rosidl_typesupport_introspection_cpp_autogen/mocs_compilation.cpp.o[0m
[8.429s] [ 50%] [32mBuilding CXX object CMakeFiles/rams_interface__rosidl_typesupport_introspection_cpp.dir/rosidl_typesupport_introspection_cpp/rams_interface/srv/detail/move_to_pose__type_support.cpp.o[0m
[8.459s] [ 50%] Built target rams_interface__rosidl_typesupport_c
[8.489s] [ 51%] [34m[1mGenerating C type support for eProsima Fast-RTPS[0m
[9.006s] [ 53%] [32mBuilding CXX object CMakeFiles/rams_interface__rosidl_typesupport_fastrtps_c.dir/rams_interface__rosidl_typesupport_fastrtps_c_autogen/mocs_compilation.cpp.o[0m
[9.056s] [ 54%] [32mBuilding CXX object CMakeFiles/rams_interface__rosidl_typesupport_fastrtps_c.dir/rosidl_typesupport_fastrtps_c/rams_interface/srv/detail/move_to_pose__type_support_c.cpp.o[0m
[9.439s] [ 56%] [32m[1mLinking CXX shared library librams_interface__rosidl_typesupport_introspection_cpp.so[0m
[9.628s] [ 56%] Built target rams_interface__rosidl_typesupport_introspection_cpp
[9.898s] [ 58%] [32m[1mLinking CXX shared library librams_interface__rosidl_typesupport_fastrtps_c.so[0m
[10.090s] [ 58%] Built target rams_interface__rosidl_typesupport_fastrtps_c
[10.143s] [ 58%] Built target rams_interface
[10.198s] [ 59%] [34m[1mGenerating Python code for ROS interfaces[0m
[10.200s] [ 61%] [34m[1mAutomatic MOC for target move_to_pose_server[0m
[10.304s] [ 61%] Built target move_to_pose_server_autogen
[10.337s] [ 62%] [34m[1mAutomatic MOC for target gui_node[0m
[10.409s] [ 62%] Built target gui_node_autogen
[10.445s] [ 64%] [32mBuilding CXX object CMakeFiles/move_to_pose_server.dir/move_to_pose_server_autogen/mocs_compilation.cpp.o[0m
[10.493s] [ 66%] [32mBuilding CXX object CMakeFiles/move_to_pose_server.dir/src/move_to_pose_server.cpp.o[0m
[10.956s] [ 66%] Built target rams_interface__py
[11.003s] [ 67%] [32mBuilding CXX object CMakeFiles/gui_node.dir/gui_node_autogen/mocs_compilation.cpp.o[0m
[11.051s] [ 69%] [32mBuilding CXX object CMakeFiles/gui_node.dir/src/main.cpp.o[0m
[15.915s] [ 70%] [32mBuilding CXX object CMakeFiles/gui_node.dir/src/main_window.cpp.o[0m
[16.856s] [01m[K/home/ros2/ws_RAMS/src/rams_interface/src/main_window.cpp:14:10:[m[K [01;31m[Kfatal error: [m[Krviz_rendering/ogre_helpers/qt_ogre_render_window.hpp: No such file or directory
[16.856s]    14 | #include [01;31m[K<rviz_rendering/ogre_helpers/qt_ogre_render_window.hpp>[m[K
[16.856s]       |          [01;31m[K^~~~~~~~~~~~~~~~~~~~~~~~~~~~~~~~~~~~~~~~~~~~~~~~~~~~~~~[m[K
[16.856s] compilation terminated.
[16.861s] gmake[2]: *** [CMakeFiles/gui_node.dir/build.make:104: CMakeFiles/gui_node.dir/src/main_window.cpp.o] Error 1
[16.862s] gmake[1]: *** [CMakeFiles/Makefile2:649: CMakeFiles/gui_node.dir/all] Error 2
[16.862s] gmake[1]: *** Waiting for unfinished jobs....
[19.790s] [ 72%] [32m[1mLinking CXX executable move_to_pose_server[0m
[20.066s] [ 72%] Built target move_to_pose_server
[20.067s] gmake: *** [Makefile:146: all] Error 2
[20.070s] Invoked command in '/home/ros2/ws_RAMS/build/rams_interface' returned '2': CMAKE_PREFIX_PATH=/opt/ros/humble /usr/bin/cmake --build /home/ros2/ws_RAMS/build/rams_interface -- -j2 -l2
