[0.008s] Invoking command in '/home/ros2/ws_RAMS/build/workcell_config': AMENT_PREFIX_PATH=/home/ros2/ws_RAMS/install/workcell_description:${AMENT_PREFIX_PATH} CMAKE_PREFIX_PATH=/home/ros2/ws_RAMS/install/workcell_description:/opt/ros/humble /usr/bin/cmake /home/ros2/ws_RAMS/src/workcell_config -DCMAKE_INSTALL_PREFIX=/home/ros2/ws_RAMS/install/workcell_config
[0.068s] -- The C compiler identification is GNU 11.4.0
[0.130s] -- The CXX compiler identification is GNU 11.4.0
[0.136s] -- Detecting C compiler ABI info
[0.225s] -- Detecting C compiler ABI info - done
[0.232s] -- Check for working C compiler: /usr/bin/cc - skipped
[0.233s] -- Detecting C compile features
[0.233s] -- Detecting C compile features - done
[0.236s] -- Detecting CXX compiler ABI info
[0.323s] -- Detecting CXX compiler ABI info - done
[0.329s] -- Check for working CXX compiler: /usr/bin/c++ - skipped
[0.330s] -- Detecting CXX compile features
[0.330s] -- Detecting CXX compile features - done
[0.333s] -- Found ament_cmake: 1.3.12 (/opt/ros/humble/share/ament_cmake/cmake)
[0.478s] -- Found Python3: /usr/bin/python3 (found version "3.10.12") found components: Interpreter 
[0.630s] -- Configuring done
[0.638s] -- Generating done
[0.639s] -- Build files have been written to: /home/ros2/ws_RAMS/build/workcell_config
[0.647s] Invoked command in '/home/ros2/ws_RAMS/build/workcell_config' returned '0': AMENT_PREFIX_PATH=/home/ros2/ws_RAMS/install/workcell_description:${AMENT_PREFIX_PATH} CMAKE_PREFIX_PATH=/home/ros2/ws_RAMS/install/workcell_description:/opt/ros/humble /usr/bin/cmake /home/ros2/ws_RAMS/src/workcell_config -DCMAKE_INSTALL_PREFIX=/home/ros2/ws_RAMS/install/workcell_config
[0.648s] Invoking command in '/home/ros2/ws_RAMS/build/workcell_config': AMENT_PREFIX_PATH=/home/ros2/ws_RAMS/install/workcell_description:${AMENT_PREFIX_PATH} CMAKE_PREFIX_PATH=/home/ros2/ws_RAMS/install/workcell_description:/opt/ros/humble /usr/bin/cmake --build /home/ros2/ws_RAMS/build/workcell_config -- -j2 -l2
[0.699s] Invoked command in '/home/ros2/ws_RAMS/build/workcell_config' returned '0': AMENT_PREFIX_PATH=/home/ros2/ws_RAMS/install/workcell_description:${AMENT_PREFIX_PATH} CMAKE_PREFIX_PATH=/home/ros2/ws_RAMS/install/workcell_description:/opt/ros/humble /usr/bin/cmake --build /home/ros2/ws_RAMS/build/workcell_config -- -j2 -l2
[0.702s] Invoking command in '/home/ros2/ws_RAMS/build/workcell_config': AMENT_PREFIX_PATH=/home/ros2/ws_RAMS/install/workcell_description:${AMENT_PREFIX_PATH} CMAKE_PREFIX_PATH=/home/ros2/ws_RAMS/install/workcell_description:/opt/ros/humble /usr/bin/cmake --install /home/ros2/ws_RAMS/build/workcell_config
[0.706s] -- Install configuration: ""
[0.707s] -- Installing: /home/ros2/ws_RAMS/install/workcell_config/share/ament_index/resource_index/package_run_dependencies/workcell_config
[0.709s] -- Installing: /home/ros2/ws_RAMS/install/workcell_config/share/ament_index/resource_index/parent_prefix_path/workcell_config
[0.709s] -- Installing: /home/ros2/ws_RAMS/install/workcell_config/share/workcell_config/environment/ament_prefix_path.sh
[0.711s] -- Installing: /home/ros2/ws_RAMS/install/workcell_config/share/workcell_config/environment/ament_prefix_path.dsv
[0.711s] -- Installing: /home/ros2/ws_RAMS/install/workcell_config/share/workcell_config/environment/path.sh
[0.711s] -- Installing: /home/ros2/ws_RAMS/install/workcell_config/share/workcell_config/environment/path.dsv
[0.712s] -- Installing: /home/ros2/ws_RAMS/install/workcell_config/share/workcell_config/local_setup.bash
[0.712s] -- Installing: /home/ros2/ws_RAMS/install/workcell_config/share/workcell_config/local_setup.sh
[0.713s] -- Installing: /home/ros2/ws_RAMS/install/workcell_config/share/workcell_config/local_setup.zsh
[0.714s] -- Installing: /home/ros2/ws_RAMS/install/workcell_config/share/workcell_config/local_setup.dsv
[0.714s] -- Installing: /home/ros2/ws_RAMS/install/workcell_config/share/workcell_config/package.dsv
[0.715s] -- Installing: /home/ros2/ws_RAMS/install/workcell_config/share/ament_index/resource_index/packages/workcell_config
[0.715s] -- Installing: /home/ros2/ws_RAMS/install/workcell_config/share/workcell_config/cmake/workcell_configConfig.cmake
[0.716s] -- Installing: /home/ros2/ws_RAMS/install/workcell_config/share/workcell_config/cmake/workcell_configConfig-version.cmake
[0.717s] -- Installing: /home/ros2/ws_RAMS/install/workcell_config/share/workcell_config/package.xml
[0.717s] -- Installing: /home/ros2/ws_RAMS/install/workcell_config/share/workcell_config/launch
[0.718s] -- Installing: /home/ros2/ws_RAMS/install/workcell_config/share/workcell_config/launch/demo.launch.py
[0.718s] -- Installing: /home/ros2/ws_RAMS/install/workcell_config/share/workcell_config/launch/setup_assistant.launch.py
[0.719s] -- Installing: /home/ros2/ws_RAMS/install/workcell_config/share/workcell_config/launch/static_virtual_joint_tfs.launch.py
[0.719s] -- Installing: /home/ros2/ws_RAMS/install/workcell_config/share/workcell_config/launch/spawn_controllers.launch.py
[0.719s] -- Installing: /home/ros2/ws_RAMS/install/workcell_config/share/workcell_config/launch/move_group.launch.py
[0.722s] -- Installing: /home/ros2/ws_RAMS/install/workcell_config/share/workcell_config/launch/rsp.launch.py
[0.722s] -- Installing: /home/ros2/ws_RAMS/install/workcell_config/share/workcell_config/launch/warehouse_db.launch.py
[0.722s] -- Installing: /home/ros2/ws_RAMS/install/workcell_config/share/workcell_config/launch/moveit_rviz.launch.py
[0.722s] -- Installing: /home/ros2/ws_RAMS/install/workcell_config/share/workcell_config/config
[0.722s] -- Installing: /home/ros2/ws_RAMS/install/workcell_config/share/workcell_config/config/moveit.rviz
[0.722s] -- Installing: /home/ros2/ws_RAMS/install/workcell_config/share/workcell_config/config/ros2_controllers.yaml
[0.724s] -- Installing: /home/ros2/ws_RAMS/install/workcell_config/share/workcell_config/config/sensors_3d.yaml
[0.725s] -- Installing: /home/ros2/ws_RAMS/install/workcell_config/share/workcell_config/config/initial_positions.yaml
[0.726s] -- Installing: /home/ros2/ws_RAMS/install/workcell_config/share/workcell_config/config/joint_limits.yaml
[0.728s] -- Installing: /home/ros2/ws_RAMS/install/workcell_config/share/workcell_config/config/workcell.srdf
[0.728s] -- Installing: /home/ros2/ws_RAMS/install/workcell_config/share/workcell_config/config/workcell.ros2_control.xacro
[0.732s] -- Installing: /home/ros2/ws_RAMS/install/workcell_config/share/workcell_config/config/moveit_controllers.yaml
[0.735s] -- Installing: /home/ros2/ws_RAMS/install/workcell_config/share/workcell_config/config/pilz_cartesian_limits.yaml
[0.735s] -- Installing: /home/ros2/ws_RAMS/install/workcell_config/share/workcell_config/config/abb_controllers.yaml
[0.736s] -- Installing: /home/ros2/ws_RAMS/install/workcell_config/share/workcell_config/config/workcell.urdf.xacro
[0.737s] -- Installing: /home/ros2/ws_RAMS/install/workcell_config/share/workcell_config/config/kinematics.yaml
[0.741s] -- Installing: /home/ros2/ws_RAMS/install/workcell_config/share/workcell_config/.setup_assistant
[0.745s] Invoked command in '/home/ros2/ws_RAMS/build/workcell_config' returned '0': AMENT_PREFIX_PATH=/home/ros2/ws_RAMS/install/workcell_description:${AMENT_PREFIX_PATH} CMAKE_PREFIX_PATH=/home/ros2/ws_RAMS/install/workcell_description:/opt/ros/humble /usr/bin/cmake --install /home/ros2/ws_RAMS/build/workcell_config
