[0.440s] DEBUG:colcon:Command line arguments: ['/usr/bin/colcon', 'build']
[0.442s] DEBUG:colcon:Parsed command line arguments: Namespace(log_base=None, log_level=None, verb_name='build', build_base='build', install_base='install', merge_install=False, symlink_install=False, test_result_base=None, continue_on_error=False, executor='parallel', parallel_workers=2, event_handlers=None, ignore_user_meta=False, metas=['./colcon.meta'], base_paths=['.'], packages_ignore=None, packages_ignore_regex=None, paths=None, packages_up_to=None, packages_up_to_regex=None, packages_above=None, packages_above_and_dependencies=None, packages_above_depth=None, packages_select_by_dep=None, packages_skip_by_dep=None, packages_skip_up_to=None, packages_select_build_failed=False, packages_skip_build_finished=False, packages_select_test_failures=False, packages_skip_test_passed=False, packages_select=None, packages_skip=None, packages_select_regex=None, packages_skip_regex=None, packages_start=None, packages_end=None, allow_overriding=[], cmake_args=None, cmake_target=None, cmake_target_skip_unavailable=False, cmake_clean_cache=False, cmake_clean_first=False, cmake_force_configure=False, ament_cmake_args=None, catkin_cmake_args=None, catkin_skip_building_tests=False, mixin_files=None, mixin=None, verb_parser=<colcon_mixin.mixin.mixin_argument.MixinArgumentDecorator object at 0x721ffc75bc10>, verb_extension=<colcon_core.verb.build.BuildVerb object at 0x721ffc75b760>, main=<bound method BuildVerb.main of <colcon_core.verb.build.BuildVerb object at 0x721ffc75b760>>, mixin_verb=('build',))
[1.171s] Level 1:colcon.colcon_core.package_discovery:discover_packages(colcon_meta) check parameters
[1.171s] Level 1:colcon.colcon_core.package_discovery:discover_packages(recursive) check parameters
[1.172s] Level 1:colcon.colcon_core.package_discovery:discover_packages(ignore) check parameters
[1.172s] Level 1:colcon.colcon_core.package_discovery:discover_packages(path) check parameters
[1.172s] Level 1:colcon.colcon_core.package_discovery:discover_packages(colcon_meta) discover
[1.175s] Level 1:colcon.colcon_core.package_discovery:discover_packages(recursive) discover
[1.175s] INFO:colcon.colcon_core.package_discovery:Crawling recursively for packages in '/home/ros2/ws_RAMS'
[1.175s] Level 1:colcon.colcon_core.package_identification:_identify(.) by extensions ['ignore', 'ignore_ament_install']
[1.175s] Level 1:colcon.colcon_core.package_identification:_identify(.) by extension 'ignore'
[1.175s] Level 1:colcon.colcon_core.package_identification:_identify(.) by extension 'ignore_ament_install'
[1.175s] Level 1:colcon.colcon_core.package_identification:_identify(.) by extensions ['colcon_pkg']
[1.176s] Level 1:colcon.colcon_core.package_identification:_identify(.) by extension 'colcon_pkg'
[1.176s] Level 1:colcon.colcon_core.package_identification:_identify(.) by extensions ['colcon_meta']
[1.176s] Level 1:colcon.colcon_core.package_identification:_identify(.) by extension 'colcon_meta'
[1.176s] Level 1:colcon.colcon_core.package_identification:_identify(.) by extensions ['ros']
[1.176s] Level 1:colcon.colcon_core.package_identification:_identify(.) by extension 'ros'
[1.259s] Level 1:colcon.colcon_core.package_identification:_identify(.) by extensions ['cmake', 'python']
[1.260s] Level 1:colcon.colcon_core.package_identification:_identify(.) by extension 'cmake'
[1.260s] Level 1:colcon.colcon_core.package_identification:_identify(.) by extension 'python'
[1.260s] Level 1:colcon.colcon_core.package_identification:_identify(.) by extensions ['python_setup_py']
[1.261s] Level 1:colcon.colcon_core.package_identification:_identify(.) by extension 'python_setup_py'
[1.261s] Level 1:colcon.colcon_core.package_identification:_identify(build) by extensions ['ignore', 'ignore_ament_install']
[1.262s] Level 1:colcon.colcon_core.package_identification:_identify(build) by extension 'ignore'
[1.262s] Level 1:colcon.colcon_core.package_identification:_identify(build) ignored
[1.263s] Level 1:colcon.colcon_core.package_identification:_identify(install) by extensions ['ignore', 'ignore_ament_install']
[1.264s] Level 1:colcon.colcon_core.package_identification:_identify(install) by extension 'ignore'
[1.264s] Level 1:colcon.colcon_core.package_identification:_identify(install) ignored
[1.264s] Level 1:colcon.colcon_core.package_identification:_identify(log) by extensions ['ignore', 'ignore_ament_install']
[1.264s] Level 1:colcon.colcon_core.package_identification:_identify(log) by extension 'ignore'
[1.265s] Level 1:colcon.colcon_core.package_identification:_identify(log) ignored
[1.265s] Level 1:colcon.colcon_core.package_identification:_identify(src) by extensions ['ignore', 'ignore_ament_install']
[1.265s] Level 1:colcon.colcon_core.package_identification:_identify(src) by extension 'ignore'
[1.265s] Level 1:colcon.colcon_core.package_identification:_identify(src) by extension 'ignore_ament_install'
[1.265s] Level 1:colcon.colcon_core.package_identification:_identify(src) by extensions ['colcon_pkg']
[1.265s] Level 1:colcon.colcon_core.package_identification:_identify(src) by extension 'colcon_pkg'
[1.266s] Level 1:colcon.colcon_core.package_identification:_identify(src) by extensions ['colcon_meta']
[1.266s] Level 1:colcon.colcon_core.package_identification:_identify(src) by extension 'colcon_meta'
[1.266s] Level 1:colcon.colcon_core.package_identification:_identify(src) by extensions ['ros']
[1.266s] Level 1:colcon.colcon_core.package_identification:_identify(src) by extension 'ros'
[1.269s] Level 1:colcon.colcon_core.package_identification:_identify(src) by extensions ['cmake', 'python']
[1.270s] Level 1:colcon.colcon_core.package_identification:_identify(src) by extension 'cmake'
[1.270s] Level 1:colcon.colcon_core.package_identification:_identify(src) by extension 'python'
[1.275s] Level 1:colcon.colcon_core.package_identification:_identify(src) by extensions ['python_setup_py']
[1.275s] Level 1:colcon.colcon_core.package_identification:_identify(src) by extension 'python_setup_py'
[1.276s] Level 1:colcon.colcon_core.package_identification:_identify(src/workcell_config) by extensions ['ignore', 'ignore_ament_install']
[1.276s] Level 1:colcon.colcon_core.package_identification:_identify(src/workcell_config) by extension 'ignore'
[1.276s] Level 1:colcon.colcon_core.package_identification:_identify(src/workcell_config) by extension 'ignore_ament_install'
[1.276s] Level 1:colcon.colcon_core.package_identification:_identify(src/workcell_config) by extensions ['colcon_pkg']
[1.276s] Level 1:colcon.colcon_core.package_identification:_identify(src/workcell_config) by extension 'colcon_pkg'
[1.276s] Level 1:colcon.colcon_core.package_identification:_identify(src/workcell_config) by extensions ['colcon_meta']
[1.277s] Level 1:colcon.colcon_core.package_identification:_identify(src/workcell_config) by extension 'colcon_meta'
[1.277s] Level 1:colcon.colcon_core.package_identification:_identify(src/workcell_config) by extensions ['ros']
[1.277s] Level 1:colcon.colcon_core.package_identification:_identify(src/workcell_config) by extension 'ros'
[1.314s] DEBUG:colcon.colcon_core.package_identification:Package 'src/workcell_config' with type 'ros.ament_cmake' and name 'workcell_config'
[1.314s] Level 1:colcon.colcon_core.package_identification:_identify(src/workcell_description) by extensions ['ignore', 'ignore_ament_install']
[1.314s] Level 1:colcon.colcon_core.package_identification:_identify(src/workcell_description) by extension 'ignore'
[1.315s] Level 1:colcon.colcon_core.package_identification:_identify(src/workcell_description) by extension 'ignore_ament_install'
[1.315s] Level 1:colcon.colcon_core.package_identification:_identify(src/workcell_description) by extensions ['colcon_pkg']
[1.315s] Level 1:colcon.colcon_core.package_identification:_identify(src/workcell_description) by extension 'colcon_pkg'
[1.316s] Level 1:colcon.colcon_core.package_identification:_identify(src/workcell_description) by extensions ['colcon_meta']
[1.316s] Level 1:colcon.colcon_core.package_identification:_identify(src/workcell_description) by extension 'colcon_meta'
[1.316s] Level 1:colcon.colcon_core.package_identification:_identify(src/workcell_description) by extensions ['ros']
[1.316s] Level 1:colcon.colcon_core.package_identification:_identify(src/workcell_description) by extension 'ros'
[1.318s] DEBUG:colcon.colcon_core.package_identification:Package 'src/workcell_description' with type 'ros.ament_cmake' and name 'workcell_description'
[1.318s] Level 1:colcon.colcon_core.package_discovery:discover_packages(recursive) using defaults
[1.318s] Level 1:colcon.colcon_core.package_discovery:discover_packages(ignore) discover
[1.318s] Level 1:colcon.colcon_core.package_discovery:discover_packages(ignore) using defaults
[1.318s] Level 1:colcon.colcon_core.package_discovery:discover_packages(path) discover
[1.318s] Level 1:colcon.colcon_core.package_discovery:discover_packages(path) using defaults
[1.401s] Level 1:colcon.colcon_core.package_discovery:discover_packages(prefix_path) check parameters
[1.401s] Level 1:colcon.colcon_core.package_discovery:discover_packages(prefix_path) discover
[1.406s] WARNING:colcon.colcon_ros.prefix_path.ament:The path '/home/ros2/ws_RAMS/install/workcell_config' in the environment variable AMENT_PREFIX_PATH doesn't exist
[1.409s] WARNING:colcon.colcon_ros.prefix_path.ament:The path '/home/ros2/ws_RAMS/install/workcell_description' in the environment variable AMENT_PREFIX_PATH doesn't exist
[1.412s] WARNING:colcon.colcon_ros.prefix_path.catkin:The path '/home/ros2/ws_RAMS/install/workcell_config' in the environment variable CMAKE_PREFIX_PATH doesn't exist
[1.412s] WARNING:colcon.colcon_ros.prefix_path.catkin:The path '/home/ros2/ws_RAMS/install/workcell_description' in the environment variable CMAKE_PREFIX_PATH doesn't exist
[1.421s] DEBUG:colcon.colcon_installed_package_information.package_discovery:Found 0 installed packages in /home/ros2/ws_RAMS/install
[1.424s] DEBUG:colcon.colcon_installed_package_information.package_discovery:Found 1 installed packages in /home/ros2/ws_abb_support/install
[1.427s] DEBUG:colcon.colcon_installed_package_information.package_discovery:Found 15 installed packages in /home/ros2/ws_abb_ros2/install
[1.457s] DEBUG:colcon.colcon_installed_package_information.package_discovery:Found 367 installed packages in /opt/ros/humble
[1.483s] Level 1:colcon.colcon_core.package_discovery:discover_packages(prefix_path) using defaults
[1.911s] Level 5:colcon.colcon_core.verb:set package 'workcell_description' build argument 'cmake_args' from command line to 'None'
[1.911s] Level 5:colcon.colcon_core.verb:set package 'workcell_description' build argument 'cmake_target' from command line to 'None'
[1.911s] Level 5:colcon.colcon_core.verb:set package 'workcell_description' build argument 'cmake_target_skip_unavailable' from command line to 'False'
[1.911s] Level 5:colcon.colcon_core.verb:set package 'workcell_description' build argument 'cmake_clean_cache' from command line to 'False'
[1.911s] Level 5:colcon.colcon_core.verb:set package 'workcell_description' build argument 'cmake_clean_first' from command line to 'False'
[1.912s] Level 5:colcon.colcon_core.verb:set package 'workcell_description' build argument 'cmake_force_configure' from command line to 'False'
[1.912s] Level 5:colcon.colcon_core.verb:set package 'workcell_description' build argument 'ament_cmake_args' from command line to 'None'
[1.912s] Level 5:colcon.colcon_core.verb:set package 'workcell_description' build argument 'catkin_cmake_args' from command line to 'None'
[1.912s] Level 5:colcon.colcon_core.verb:set package 'workcell_description' build argument 'catkin_skip_building_tests' from command line to 'False'
[1.912s] DEBUG:colcon.colcon_core.verb:Building package 'workcell_description' with the following arguments: {'ament_cmake_args': None, 'build_base': '/home/ros2/ws_RAMS/build/workcell_description', 'catkin_cmake_args': None, 'catkin_skip_building_tests': False, 'cmake_args': None, 'cmake_clean_cache': False, 'cmake_clean_first': False, 'cmake_force_configure': False, 'cmake_target': None, 'cmake_target_skip_unavailable': False, 'install_base': '/home/ros2/ws_RAMS/install/workcell_description', 'merge_install': False, 'path': '/home/ros2/ws_RAMS/src/workcell_description', 'symlink_install': False, 'test_result_base': None}
[1.917s] Level 5:colcon.colcon_core.verb:set package 'workcell_config' build argument 'cmake_args' from command line to 'None'
[1.917s] Level 5:colcon.colcon_core.verb:set package 'workcell_config' build argument 'cmake_target' from command line to 'None'
[1.917s] Level 5:colcon.colcon_core.verb:set package 'workcell_config' build argument 'cmake_target_skip_unavailable' from command line to 'False'
[1.917s] Level 5:colcon.colcon_core.verb:set package 'workcell_config' build argument 'cmake_clean_cache' from command line to 'False'
[1.919s] Level 5:colcon.colcon_core.verb:set package 'workcell_config' build argument 'cmake_clean_first' from command line to 'False'
[1.919s] Level 5:colcon.colcon_core.verb:set package 'workcell_config' build argument 'cmake_force_configure' from command line to 'False'
[1.919s] Level 5:colcon.colcon_core.verb:set package 'workcell_config' build argument 'ament_cmake_args' from command line to 'None'
[1.919s] Level 5:colcon.colcon_core.verb:set package 'workcell_config' build argument 'catkin_cmake_args' from command line to 'None'
[1.919s] Level 5:colcon.colcon_core.verb:set package 'workcell_config' build argument 'catkin_skip_building_tests' from command line to 'False'
[1.919s] DEBUG:colcon.colcon_core.verb:Building package 'workcell_config' with the following arguments: {'ament_cmake_args': None, 'build_base': '/home/ros2/ws_RAMS/build/workcell_config', 'catkin_cmake_args': None, 'catkin_skip_building_tests': False, 'cmake_args': None, 'cmake_clean_cache': False, 'cmake_clean_first': False, 'cmake_force_configure': False, 'cmake_target': None, 'cmake_target_skip_unavailable': False, 'install_base': '/home/ros2/ws_RAMS/install/workcell_config', 'merge_install': False, 'path': '/home/ros2/ws_RAMS/src/workcell_config', 'symlink_install': False, 'test_result_base': None}
[1.920s] INFO:colcon.colcon_core.executor:Executing jobs using 'parallel' executor
[1.926s] DEBUG:colcon.colcon_parallel_executor.executor.parallel:run_until_complete
[1.926s] INFO:colcon.colcon_ros.task.ament_cmake.build:Building ROS package in '/home/ros2/ws_RAMS/src/workcell_description' with build type 'ament_cmake'
[1.927s] INFO:colcon.colcon_cmake.task.cmake.build:Building CMake package in '/home/ros2/ws_RAMS/src/workcell_description'
[1.950s] INFO:colcon.colcon_core.plugin_system:Skipping extension 'colcon_core.shell.bat': Not used on non-Windows systems
[1.950s] INFO:colcon.colcon_core.shell:Skip shell extension 'powershell' for command environment: Not usable outside of PowerShell
[1.950s] DEBUG:colcon.colcon_core.shell:Skip shell extension 'dsv' for command environment
[2.055s] DEBUG:colcon.colcon_core.event_handler.log_command:Invoking command in '/home/ros2/ws_RAMS/build/workcell_description': CMAKE_PREFIX_PATH=${CMAKE_PREFIX_PATH}:/opt/ros/humble /usr/bin/cmake /home/ros2/ws_RAMS/src/workcell_description -DCMAKE_INSTALL_PREFIX=/home/ros2/ws_RAMS/install/workcell_description
[6.632s] DEBUG:colcon.colcon_core.event_handler.log_command:Invoked command in '/home/ros2/ws_RAMS/build/workcell_description' returned '0': CMAKE_PREFIX_PATH=${CMAKE_PREFIX_PATH}:/opt/ros/humble /usr/bin/cmake /home/ros2/ws_RAMS/src/workcell_description -DCMAKE_INSTALL_PREFIX=/home/ros2/ws_RAMS/install/workcell_description
[6.641s] DEBUG:colcon.colcon_core.event_handler.log_command:Invoking command in '/home/ros2/ws_RAMS/build/workcell_description': CMAKE_PREFIX_PATH=${CMAKE_PREFIX_PATH}:/opt/ros/humble /usr/bin/cmake --build /home/ros2/ws_RAMS/build/workcell_description -- -j2 -l2
[7.087s] DEBUG:colcon.colcon_core.event_handler.log_command:Invoked command in '/home/ros2/ws_RAMS/build/workcell_description' returned '0': CMAKE_PREFIX_PATH=${CMAKE_PREFIX_PATH}:/opt/ros/humble /usr/bin/cmake --build /home/ros2/ws_RAMS/build/workcell_description -- -j2 -l2
[7.226s] DEBUG:colcon.colcon_core.event_handler.log_command:Invoking command in '/home/ros2/ws_RAMS/build/workcell_description': CMAKE_PREFIX_PATH=${CMAKE_PREFIX_PATH}:/opt/ros/humble /usr/bin/cmake --install /home/ros2/ws_RAMS/build/workcell_description
[8.511s] Level 1:colcon.colcon_core.environment:create_environment_scripts_only(workcell_description)
[8.513s] DEBUG:colcon.colcon_core.event_handler.log_command:Invoked command in '/home/ros2/ws_RAMS/build/workcell_description' returned '0': CMAKE_PREFIX_PATH=${CMAKE_PREFIX_PATH}:/opt/ros/humble /usr/bin/cmake --install /home/ros2/ws_RAMS/build/workcell_description
[8.530s] Level 1:colcon.colcon_core.environment:checking '/home/ros2/ws_RAMS/install/workcell_description' for CMake module files
[8.539s] Level 1:colcon.colcon_core.environment:checking '/home/ros2/ws_RAMS/install/workcell_description' for CMake config files
[8.545s] Level 1:colcon.colcon_core.shell:create_environment_hook('workcell_description', 'cmake_prefix_path')
[8.546s] INFO:colcon.colcon_core.shell:Creating environment hook '/home/ros2/ws_RAMS/install/workcell_description/share/workcell_description/hook/cmake_prefix_path.ps1'
[8.554s] INFO:colcon.colcon_core.shell:Creating environment descriptor '/home/ros2/ws_RAMS/install/workcell_description/share/workcell_description/hook/cmake_prefix_path.dsv'
[8.558s] INFO:colcon.colcon_core.shell:Creating environment hook '/home/ros2/ws_RAMS/install/workcell_description/share/workcell_description/hook/cmake_prefix_path.sh'
[8.562s] Level 1:colcon.colcon_core.environment:checking '/home/ros2/ws_RAMS/install/workcell_description/bin'
[8.562s] Level 1:colcon.colcon_core.environment:checking '/home/ros2/ws_RAMS/install/workcell_description/lib/pkgconfig/workcell_description.pc'
[8.562s] Level 1:colcon.colcon_core.environment:checking '/home/ros2/ws_RAMS/install/workcell_description/lib/python3.10/site-packages'
[8.568s] Level 1:colcon.colcon_core.environment:checking '/home/ros2/ws_RAMS/install/workcell_description/bin'
[8.568s] INFO:colcon.colcon_core.shell:Creating package script '/home/ros2/ws_RAMS/install/workcell_description/share/workcell_description/package.ps1'
[8.576s] INFO:colcon.colcon_core.shell:Creating package descriptor '/home/ros2/ws_RAMS/install/workcell_description/share/workcell_description/package.dsv'
[8.579s] INFO:colcon.colcon_core.shell:Creating package script '/home/ros2/ws_RAMS/install/workcell_description/share/workcell_description/package.sh'
[8.580s] INFO:colcon.colcon_core.shell:Creating package script '/home/ros2/ws_RAMS/install/workcell_description/share/workcell_description/package.bash'
[8.582s] INFO:colcon.colcon_core.shell:Creating package script '/home/ros2/ws_RAMS/install/workcell_description/share/workcell_description/package.zsh'
[8.584s] Level 1:colcon.colcon_core.environment:create_file_with_runtime_dependencies(/home/ros2/ws_RAMS/install/workcell_description/share/colcon-core/packages/workcell_description)
[8.586s] Level 1:colcon.colcon_core.environment:create_environment_scripts_only(workcell_description)
[8.586s] Level 1:colcon.colcon_core.environment:checking '/home/ros2/ws_RAMS/install/workcell_description' for CMake module files
[8.589s] Level 1:colcon.colcon_core.environment:checking '/home/ros2/ws_RAMS/install/workcell_description' for CMake config files
[8.593s] Level 1:colcon.colcon_core.shell:create_environment_hook('workcell_description', 'cmake_prefix_path')
[8.594s] INFO:colcon.colcon_core.shell:Creating environment hook '/home/ros2/ws_RAMS/install/workcell_description/share/workcell_description/hook/cmake_prefix_path.ps1'
[8.601s] INFO:colcon.colcon_core.shell:Creating environment descriptor '/home/ros2/ws_RAMS/install/workcell_description/share/workcell_description/hook/cmake_prefix_path.dsv'
[8.605s] INFO:colcon.colcon_core.shell:Creating environment hook '/home/ros2/ws_RAMS/install/workcell_description/share/workcell_description/hook/cmake_prefix_path.sh'
[8.612s] Level 1:colcon.colcon_core.environment:checking '/home/ros2/ws_RAMS/install/workcell_description/bin'
[8.613s] Level 1:colcon.colcon_core.environment:checking '/home/ros2/ws_RAMS/install/workcell_description/lib/pkgconfig/workcell_description.pc'
[8.620s] Level 1:colcon.colcon_core.environment:checking '/home/ros2/ws_RAMS/install/workcell_description/lib/python3.10/site-packages'
[8.621s] Level 1:colcon.colcon_core.environment:checking '/home/ros2/ws_RAMS/install/workcell_description/bin'
[8.621s] INFO:colcon.colcon_core.shell:Creating package script '/home/ros2/ws_RAMS/install/workcell_description/share/workcell_description/package.ps1'
[8.632s] INFO:colcon.colcon_core.shell:Creating package descriptor '/home/ros2/ws_RAMS/install/workcell_description/share/workcell_description/package.dsv'
[8.641s] INFO:colcon.colcon_core.shell:Creating package script '/home/ros2/ws_RAMS/install/workcell_description/share/workcell_description/package.sh'
[8.646s] INFO:colcon.colcon_core.shell:Creating package script '/home/ros2/ws_RAMS/install/workcell_description/share/workcell_description/package.bash'
[8.650s] INFO:colcon.colcon_core.shell:Creating package script '/home/ros2/ws_RAMS/install/workcell_description/share/workcell_description/package.zsh'
[8.652s] Level 1:colcon.colcon_core.environment:create_file_with_runtime_dependencies(/home/ros2/ws_RAMS/install/workcell_description/share/colcon-core/packages/workcell_description)
[8.660s] INFO:colcon.colcon_ros.task.ament_cmake.build:Building ROS package in '/home/ros2/ws_RAMS/src/workcell_config' with build type 'ament_cmake'
[8.661s] INFO:colcon.colcon_cmake.task.cmake.build:Building CMake package in '/home/ros2/ws_RAMS/src/workcell_config'
[8.661s] INFO:colcon.colcon_core.shell:Skip shell extension 'powershell' for command environment: Not usable outside of PowerShell
[8.661s] DEBUG:colcon.colcon_core.shell:Skip shell extension 'dsv' for command environment
[8.717s] DEBUG:colcon.colcon_core.event_handler.log_command:Invoking command in '/home/ros2/ws_RAMS/build/workcell_config': CMAKE_PREFIX_PATH=/home/ros2/ws_RAMS/install/workcell_description:/home/ros2/ws_RAMS/install/workcell_config:/home/ros2/ws_abb_support/install/abb_irb6700_support:/home/ros2/ws_abb_ros2/install/abb_rws_client:/home/ros2/ws_abb_ros2/install/abb_ros2:/home/ros2/ws_abb_ros2/install/abb_robot_msgs:/home/ros2/ws_abb_ros2/install/abb_resources:/home/ros2/ws_abb_ros2/install/abb_rapid_sm_addin_msgs:/home/ros2/ws_abb_ros2/install/abb_rapid_msgs:/home/ros2/ws_abb_ros2/install/abb_hardware_interface:/home/ros2/ws_abb_ros2/install/abb_egm_rws_managers:/home/ros2/ws_abb_ros2/install/abb_librws:/home/ros2/ws_abb_ros2/install/abb_libegm:/home/ros2/ws_abb_ros2/install/abb_irb4600_support:/home/ros2/ws_abb_ros2/install/abb_irb1200_5_90_moveit_config:/home/ros2/ws_abb_ros2/install/abb_irb1200_support:/home/ros2/ws_abb_ros2/install/abb_egm_msgs:/home/ros2/ws_abb_ros2/install/abb_bringup:/opt/ros/humble /usr/bin/cmake /home/ros2/ws_RAMS/src/workcell_config -DCMAKE_INSTALL_PREFIX=/home/ros2/ws_RAMS/install/workcell_config
[13.970s] DEBUG:colcon.colcon_core.event_handler.log_command:Invoked command in '/home/ros2/ws_RAMS/build/workcell_config' returned '0': CMAKE_PREFIX_PATH=/home/ros2/ws_RAMS/install/workcell_description:/home/ros2/ws_RAMS/install/workcell_config:/home/ros2/ws_abb_support/install/abb_irb6700_support:/home/ros2/ws_abb_ros2/install/abb_rws_client:/home/ros2/ws_abb_ros2/install/abb_ros2:/home/ros2/ws_abb_ros2/install/abb_robot_msgs:/home/ros2/ws_abb_ros2/install/abb_resources:/home/ros2/ws_abb_ros2/install/abb_rapid_sm_addin_msgs:/home/ros2/ws_abb_ros2/install/abb_rapid_msgs:/home/ros2/ws_abb_ros2/install/abb_hardware_interface:/home/ros2/ws_abb_ros2/install/abb_egm_rws_managers:/home/ros2/ws_abb_ros2/install/abb_librws:/home/ros2/ws_abb_ros2/install/abb_libegm:/home/ros2/ws_abb_ros2/install/abb_irb4600_support:/home/ros2/ws_abb_ros2/install/abb_irb1200_5_90_moveit_config:/home/ros2/ws_abb_ros2/install/abb_irb1200_support:/home/ros2/ws_abb_ros2/install/abb_egm_msgs:/home/ros2/ws_abb_ros2/install/abb_bringup:/opt/ros/humble /usr/bin/cmake /home/ros2/ws_RAMS/src/workcell_config -DCMAKE_INSTALL_PREFIX=/home/ros2/ws_RAMS/install/workcell_config
[13.996s] DEBUG:colcon.colcon_core.event_handler.log_command:Invoking command in '/home/ros2/ws_RAMS/build/workcell_config': CMAKE_PREFIX_PATH=/home/ros2/ws_RAMS/install/workcell_description:/home/ros2/ws_RAMS/install/workcell_config:/home/ros2/ws_abb_support/install/abb_irb6700_support:/home/ros2/ws_abb_ros2/install/abb_rws_client:/home/ros2/ws_abb_ros2/install/abb_ros2:/home/ros2/ws_abb_ros2/install/abb_robot_msgs:/home/ros2/ws_abb_ros2/install/abb_resources:/home/ros2/ws_abb_ros2/install/abb_rapid_sm_addin_msgs:/home/ros2/ws_abb_ros2/install/abb_rapid_msgs:/home/ros2/ws_abb_ros2/install/abb_hardware_interface:/home/ros2/ws_abb_ros2/install/abb_egm_rws_managers:/home/ros2/ws_abb_ros2/install/abb_librws:/home/ros2/ws_abb_ros2/install/abb_libegm:/home/ros2/ws_abb_ros2/install/abb_irb4600_support:/home/ros2/ws_abb_ros2/install/abb_irb1200_5_90_moveit_config:/home/ros2/ws_abb_ros2/install/abb_irb1200_support:/home/ros2/ws_abb_ros2/install/abb_egm_msgs:/home/ros2/ws_abb_ros2/install/abb_bringup:/opt/ros/humble /usr/bin/cmake --build /home/ros2/ws_RAMS/build/workcell_config -- -j2 -l2
[14.318s] DEBUG:colcon.colcon_core.event_handler.log_command:Invoked command in '/home/ros2/ws_RAMS/build/workcell_config' returned '0': CMAKE_PREFIX_PATH=/home/ros2/ws_RAMS/install/workcell_description:/home/ros2/ws_RAMS/install/workcell_config:/home/ros2/ws_abb_support/install/abb_irb6700_support:/home/ros2/ws_abb_ros2/install/abb_rws_client:/home/ros2/ws_abb_ros2/install/abb_ros2:/home/ros2/ws_abb_ros2/install/abb_robot_msgs:/home/ros2/ws_abb_ros2/install/abb_resources:/home/ros2/ws_abb_ros2/install/abb_rapid_sm_addin_msgs:/home/ros2/ws_abb_ros2/install/abb_rapid_msgs:/home/ros2/ws_abb_ros2/install/abb_hardware_interface:/home/ros2/ws_abb_ros2/install/abb_egm_rws_managers:/home/ros2/ws_abb_ros2/install/abb_librws:/home/ros2/ws_abb_ros2/install/abb_libegm:/home/ros2/ws_abb_ros2/install/abb_irb4600_support:/home/ros2/ws_abb_ros2/install/abb_irb1200_5_90_moveit_config:/home/ros2/ws_abb_ros2/install/abb_irb1200_support:/home/ros2/ws_abb_ros2/install/abb_egm_msgs:/home/ros2/ws_abb_ros2/install/abb_bringup:/opt/ros/humble /usr/bin/cmake --build /home/ros2/ws_RAMS/build/workcell_config -- -j2 -l2
[14.321s] DEBUG:colcon.colcon_core.event_handler.log_command:Invoking command in '/home/ros2/ws_RAMS/build/workcell_config': CMAKE_PREFIX_PATH=/home/ros2/ws_RAMS/install/workcell_description:/home/ros2/ws_RAMS/install/workcell_config:/home/ros2/ws_abb_support/install/abb_irb6700_support:/home/ros2/ws_abb_ros2/install/abb_rws_client:/home/ros2/ws_abb_ros2/install/abb_ros2:/home/ros2/ws_abb_ros2/install/abb_robot_msgs:/home/ros2/ws_abb_ros2/install/abb_resources:/home/ros2/ws_abb_ros2/install/abb_rapid_sm_addin_msgs:/home/ros2/ws_abb_ros2/install/abb_rapid_msgs:/home/ros2/ws_abb_ros2/install/abb_hardware_interface:/home/ros2/ws_abb_ros2/install/abb_egm_rws_managers:/home/ros2/ws_abb_ros2/install/abb_librws:/home/ros2/ws_abb_ros2/install/abb_libegm:/home/ros2/ws_abb_ros2/install/abb_irb4600_support:/home/ros2/ws_abb_ros2/install/abb_irb1200_5_90_moveit_config:/home/ros2/ws_abb_ros2/install/abb_irb1200_support:/home/ros2/ws_abb_ros2/install/abb_egm_msgs:/home/ros2/ws_abb_ros2/install/abb_bringup:/opt/ros/humble /usr/bin/cmake --install /home/ros2/ws_RAMS/build/workcell_config
[14.427s] Level 1:colcon.colcon_core.environment:create_environment_scripts_only(workcell_config)
[14.428s] Level 1:colcon.colcon_core.environment:checking '/home/ros2/ws_RAMS/install/workcell_config' for CMake module files
[14.436s] Level 1:colcon.colcon_core.environment:checking '/home/ros2/ws_RAMS/install/workcell_config' for CMake config files
[14.441s] DEBUG:colcon.colcon_core.event_handler.log_command:Invoked command in '/home/ros2/ws_RAMS/build/workcell_config' returned '0': CMAKE_PREFIX_PATH=/home/ros2/ws_RAMS/install/workcell_description:/home/ros2/ws_RAMS/install/workcell_config:/home/ros2/ws_abb_support/install/abb_irb6700_support:/home/ros2/ws_abb_ros2/install/abb_rws_client:/home/ros2/ws_abb_ros2/install/abb_ros2:/home/ros2/ws_abb_ros2/install/abb_robot_msgs:/home/ros2/ws_abb_ros2/install/abb_resources:/home/ros2/ws_abb_ros2/install/abb_rapid_sm_addin_msgs:/home/ros2/ws_abb_ros2/install/abb_rapid_msgs:/home/ros2/ws_abb_ros2/install/abb_hardware_interface:/home/ros2/ws_abb_ros2/install/abb_egm_rws_managers:/home/ros2/ws_abb_ros2/install/abb_librws:/home/ros2/ws_abb_ros2/install/abb_libegm:/home/ros2/ws_abb_ros2/install/abb_irb4600_support:/home/ros2/ws_abb_ros2/install/abb_irb1200_5_90_moveit_config:/home/ros2/ws_abb_ros2/install/abb_irb1200_support:/home/ros2/ws_abb_ros2/install/abb_egm_msgs:/home/ros2/ws_abb_ros2/install/abb_bringup:/opt/ros/humble /usr/bin/cmake --install /home/ros2/ws_RAMS/build/workcell_config
[14.443s] Level 1:colcon.colcon_core.shell:create_environment_hook('workcell_config', 'cmake_prefix_path')
[14.443s] INFO:colcon.colcon_core.shell:Creating environment hook '/home/ros2/ws_RAMS/install/workcell_config/share/workcell_config/hook/cmake_prefix_path.ps1'
[14.452s] INFO:colcon.colcon_core.shell:Creating environment descriptor '/home/ros2/ws_RAMS/install/workcell_config/share/workcell_config/hook/cmake_prefix_path.dsv'
[14.457s] INFO:colcon.colcon_core.shell:Creating environment hook '/home/ros2/ws_RAMS/install/workcell_config/share/workcell_config/hook/cmake_prefix_path.sh'
[14.463s] Level 1:colcon.colcon_core.environment:checking '/home/ros2/ws_RAMS/install/workcell_config/bin'
[14.463s] Level 1:colcon.colcon_core.environment:checking '/home/ros2/ws_RAMS/install/workcell_config/lib/pkgconfig/workcell_config.pc'
[14.464s] Level 1:colcon.colcon_core.environment:checking '/home/ros2/ws_RAMS/install/workcell_config/lib/python3.10/site-packages'
[14.465s] Level 1:colcon.colcon_core.environment:checking '/home/ros2/ws_RAMS/install/workcell_config/bin'
[14.466s] INFO:colcon.colcon_core.shell:Creating package script '/home/ros2/ws_RAMS/install/workcell_config/share/workcell_config/package.ps1'
[14.467s] INFO:colcon.colcon_core.shell:Creating package descriptor '/home/ros2/ws_RAMS/install/workcell_config/share/workcell_config/package.dsv'
[14.468s] INFO:colcon.colcon_core.shell:Creating package script '/home/ros2/ws_RAMS/install/workcell_config/share/workcell_config/package.sh'
[14.470s] INFO:colcon.colcon_core.shell:Creating package script '/home/ros2/ws_RAMS/install/workcell_config/share/workcell_config/package.bash'
[14.472s] INFO:colcon.colcon_core.shell:Creating package script '/home/ros2/ws_RAMS/install/workcell_config/share/workcell_config/package.zsh'
[14.473s] Level 1:colcon.colcon_core.environment:create_file_with_runtime_dependencies(/home/ros2/ws_RAMS/install/workcell_config/share/colcon-core/packages/workcell_config)
[14.476s] Level 1:colcon.colcon_core.environment:create_environment_scripts_only(workcell_config)
[14.481s] Level 1:colcon.colcon_core.environment:checking '/home/ros2/ws_RAMS/install/workcell_config' for CMake module files
[14.485s] Level 1:colcon.colcon_core.environment:checking '/home/ros2/ws_RAMS/install/workcell_config' for CMake config files
[14.485s] Level 1:colcon.colcon_core.shell:create_environment_hook('workcell_config', 'cmake_prefix_path')
[14.486s] INFO:colcon.colcon_core.shell:Creating environment hook '/home/ros2/ws_RAMS/install/workcell_config/share/workcell_config/hook/cmake_prefix_path.ps1'
[14.487s] INFO:colcon.colcon_core.shell:Creating environment descriptor '/home/ros2/ws_RAMS/install/workcell_config/share/workcell_config/hook/cmake_prefix_path.dsv'
[14.489s] INFO:colcon.colcon_core.shell:Creating environment hook '/home/ros2/ws_RAMS/install/workcell_config/share/workcell_config/hook/cmake_prefix_path.sh'
[14.491s] Level 1:colcon.colcon_core.environment:checking '/home/ros2/ws_RAMS/install/workcell_config/bin'
[14.493s] Level 1:colcon.colcon_core.environment:checking '/home/ros2/ws_RAMS/install/workcell_config/lib/pkgconfig/workcell_config.pc'
[14.493s] Level 1:colcon.colcon_core.environment:checking '/home/ros2/ws_RAMS/install/workcell_config/lib/python3.10/site-packages'
[14.493s] Level 1:colcon.colcon_core.environment:checking '/home/ros2/ws_RAMS/install/workcell_config/bin'
[14.494s] INFO:colcon.colcon_core.shell:Creating package script '/home/ros2/ws_RAMS/install/workcell_config/share/workcell_config/package.ps1'
[14.500s] INFO:colcon.colcon_core.shell:Creating package descriptor '/home/ros2/ws_RAMS/install/workcell_config/share/workcell_config/package.dsv'
[14.505s] INFO:colcon.colcon_core.shell:Creating package script '/home/ros2/ws_RAMS/install/workcell_config/share/workcell_config/package.sh'
[14.514s] INFO:colcon.colcon_core.shell:Creating package script '/home/ros2/ws_RAMS/install/workcell_config/share/workcell_config/package.bash'
[14.524s] INFO:colcon.colcon_core.shell:Creating package script '/home/ros2/ws_RAMS/install/workcell_config/share/workcell_config/package.zsh'
[14.526s] Level 1:colcon.colcon_core.environment:create_file_with_runtime_dependencies(/home/ros2/ws_RAMS/install/workcell_config/share/colcon-core/packages/workcell_config)
[14.528s] DEBUG:colcon.colcon_parallel_executor.executor.parallel:closing loop
[14.528s] DEBUG:colcon.colcon_parallel_executor.executor.parallel:loop closed
[14.529s] DEBUG:colcon.colcon_parallel_executor.executor.parallel:run_until_complete finished with '0'
[14.529s] DEBUG:colcon.colcon_core.event_reactor:joining thread
[14.565s] INFO:colcon.colcon_core.plugin_system:Skipping extension 'colcon_notification.desktop_notification.terminal_notifier': Not used on non-Darwin systems
[14.565s] INFO:colcon.colcon_core.plugin_system:Skipping extension 'colcon_notification.desktop_notification.win32': Not used on non-Windows systems
[14.565s] INFO:colcon.colcon_notification.desktop_notification:Sending desktop notification using 'notify2'
[14.701s] DEBUG:colcon.colcon_core.event_reactor:joined thread
[14.702s] INFO:colcon.colcon_core.shell:Creating prefix script '/home/ros2/ws_RAMS/install/local_setup.ps1'
[14.707s] INFO:colcon.colcon_core.shell:Creating prefix util module '/home/ros2/ws_RAMS/install/_local_setup_util_ps1.py'
[14.716s] INFO:colcon.colcon_core.shell:Creating prefix chain script '/home/ros2/ws_RAMS/install/setup.ps1'
[14.723s] INFO:colcon.colcon_core.shell:Creating prefix script '/home/ros2/ws_RAMS/install/local_setup.sh'
[14.724s] INFO:colcon.colcon_core.shell:Creating prefix util module '/home/ros2/ws_RAMS/install/_local_setup_util_sh.py'
[14.728s] INFO:colcon.colcon_core.shell:Creating prefix chain script '/home/ros2/ws_RAMS/install/setup.sh'
[14.739s] INFO:colcon.colcon_core.shell:Creating prefix script '/home/ros2/ws_RAMS/install/local_setup.bash'
[14.742s] INFO:colcon.colcon_core.shell:Creating prefix chain script '/home/ros2/ws_RAMS/install/setup.bash'
[14.757s] INFO:colcon.colcon_core.shell:Creating prefix script '/home/ros2/ws_RAMS/install/local_setup.zsh'
[14.758s] INFO:colcon.colcon_core.shell:Creating prefix chain script '/home/ros2/ws_RAMS/install/setup.zsh'
