[0.005s] Invoking command in '/home/ros2/ws_RAMS/build/rams_perception': CMAKE_PREFIX_PATH=/opt/ros/humble /usr/bin/cmake /home/ros2/ws_RAMS/src/rams_perception -DCMAKE_INSTALL_PREFIX=/home/ros2/ws_RAMS/install/rams_perception
[0.061s] -- The C compiler identification is GNU 11.4.0
[0.154s] -- The CXX compiler identification is GNU 11.4.0
[0.161s] -- Detecting C compiler ABI info
[0.240s] -- Detecting C compiler ABI info - done
[0.249s] -- Check for working C compiler: /usr/bin/cc - skipped
[0.249s] -- Detecting C compile features
[0.252s] -- Detecting C compile features - done
[0.258s] -- Detecting CXX compiler ABI info
[0.374s] -- Detecting CXX compiler ABI info - done
[0.380s] -- Check for working CXX compiler: /usr/bin/c++ - skipped
[0.382s] -- Detecting CXX compile features
[0.383s] -- Detecting CXX compile features - done
[0.386s] -- Found ament_cmake: 1.3.12 (/opt/ros/humble/share/ament_cmake/cmake)
[0.545s] -- Found Python3: /usr/bin/python3 (found version "3.10.12") found components: Interpreter 
[0.660s] -- Found rclcpp: 16.0.14 (/opt/ros/humble/share/rclcpp/cmake)
[0.734s] -- Found rosidl_generator_c: 3.1.7 (/opt/ros/humble/share/rosidl_generator_c/cmake)
[0.747s] -- Found rosidl_adapter: 3.1.7 (/opt/ros/humble/share/rosidl_adapter/cmake)
[0.761s] -- Found rosidl_generator_cpp: 3.1.7 (/opt/ros/humble/share/rosidl_generator_cpp/cmake)
[0.784s] -- Using all available rosidl_typesupport_c: rosidl_typesupport_fastrtps_c;rosidl_typesupport_introspection_c
[0.814s] -- Using all available rosidl_typesupport_cpp: rosidl_typesupport_fastrtps_cpp;rosidl_typesupport_introspection_cpp
[0.903s] -- Found rmw_implementation_cmake: 6.1.2 (/opt/ros/humble/share/rmw_implementation_cmake/cmake)
[0.906s] -- Found rmw_fastrtps_cpp: 6.2.8 (/opt/ros/humble/share/rmw_fastrtps_cpp/cmake)
[1.110s] -- Found OpenSSL: /usr/lib/x86_64-linux-gnu/libcrypto.so (found version "3.0.2")  
[1.177s] -- Found FastRTPS: /opt/ros/humble/include  
[1.243s] -- Using RMW implementation 'rmw_fastrtps_cpp' as default
[1.259s] -- Looking for pthread.h
[1.400s] -- Looking for pthread.h - found
[1.400s] -- Performing Test CMAKE_HAVE_LIBC_PTHREAD
[1.545s] -- Performing Test CMAKE_HAVE_LIBC_PTHREAD - Success
[1.548s] -- Found Threads: TRUE  
[1.689s] -- Found sensor_msgs: 4.9.0 (/opt/ros/humble/share/sensor_msgs/cmake)
[1.733s] -- Found tf2_ros: 0.25.15 (/opt/ros/humble/share/tf2_ros/cmake)
[1.859s] -- Found tf2_sensor_msgs: 0.25.15 (/opt/ros/humble/share/tf2_sensor_msgs/cmake)
[1.865s] -- Found moveit_msgs: 2.2.1 (/opt/ros/humble/share/moveit_msgs/cmake)
[2.098s] -- Configuring done
[2.133s] -- Generating done
[2.137s] -- Build files have been written to: /home/ros2/ws_RAMS/build/rams_perception
[2.149s] Invoked command in '/home/ros2/ws_RAMS/build/rams_perception' returned '0': CMAKE_PREFIX_PATH=/opt/ros/humble /usr/bin/cmake /home/ros2/ws_RAMS/src/rams_perception -DCMAKE_INSTALL_PREFIX=/home/ros2/ws_RAMS/install/rams_perception
[2.151s] Invoking command in '/home/ros2/ws_RAMS/build/rams_perception': CMAKE_PREFIX_PATH=/opt/ros/humble /usr/bin/cmake --build /home/ros2/ws_RAMS/build/rams_perception -- -j2 -l2
[2.227s] [ 50%] [32mBuilding CXX object CMakeFiles/perception_node.dir/src/perception_node.cpp.o[0m
[24.385s] [100%] [32m[1mLinking CXX executable perception_node[0m
[25.152s] [100%] Built target perception_node
[25.174s] Invoked command in '/home/ros2/ws_RAMS/build/rams_perception' returned '0': CMAKE_PREFIX_PATH=/opt/ros/humble /usr/bin/cmake --build /home/ros2/ws_RAMS/build/rams_perception -- -j2 -l2
[25.179s] Invoking command in '/home/ros2/ws_RAMS/build/rams_perception': CMAKE_PREFIX_PATH=/opt/ros/humble /usr/bin/cmake --install /home/ros2/ws_RAMS/build/rams_perception
[25.186s] -- Install configuration: ""
[25.186s] -- Installing: /home/ros2/ws_RAMS/install/rams_perception/lib/rams_perception/perception_node
[25.193s] -- Set runtime path of "/home/ros2/ws_RAMS/install/rams_perception/lib/rams_perception/perception_node" to ""
[25.194s] -- Installing: /home/ros2/ws_RAMS/install/rams_perception/share/ament_index/resource_index/package_run_dependencies/rams_perception
[25.194s] -- Installing: /home/ros2/ws_RAMS/install/rams_perception/share/ament_index/resource_index/parent_prefix_path/rams_perception
[25.194s] -- Installing: /home/ros2/ws_RAMS/install/rams_perception/share/rams_perception/environment/ament_prefix_path.sh
[25.194s] -- Installing: /home/ros2/ws_RAMS/install/rams_perception/share/rams_perception/environment/ament_prefix_path.dsv
[25.195s] -- Installing: /home/ros2/ws_RAMS/install/rams_perception/share/rams_perception/environment/path.sh
[25.195s] -- Installing: /home/ros2/ws_RAMS/install/rams_perception/share/rams_perception/environment/path.dsv
[25.195s] -- Installing: /home/ros2/ws_RAMS/install/rams_perception/share/rams_perception/local_setup.bash
[25.195s] -- Installing: /home/ros2/ws_RAMS/install/rams_perception/share/rams_perception/local_setup.sh
[25.196s] -- Installing: /home/ros2/ws_RAMS/install/rams_perception/share/rams_perception/local_setup.zsh
[25.196s] -- Installing: /home/ros2/ws_RAMS/install/rams_perception/share/rams_perception/local_setup.dsv
[25.196s] -- Installing: /home/ros2/ws_RAMS/install/rams_perception/share/rams_perception/package.dsv
[25.196s] -- Installing: /home/ros2/ws_RAMS/install/rams_perception/share/ament_index/resource_index/packages/rams_perception
[25.197s] -- Installing: /home/ros2/ws_RAMS/install/rams_perception/share/rams_perception/cmake/rams_perceptionConfig.cmake
[25.197s] -- Installing: /home/ros2/ws_RAMS/install/rams_perception/share/rams_perception/cmake/rams_perceptionConfig-version.cmake
[25.197s] -- Installing: /home/ros2/ws_RAMS/install/rams_perception/share/rams_perception/package.xml
[25.201s] Invoked command in '/home/ros2/ws_RAMS/build/rams_perception' returned '0': CMAKE_PREFIX_PATH=/opt/ros/humble /usr/bin/cmake --install /home/ros2/ws_RAMS/build/rams_perception
