[0.010s] Invoking command in '/home/ros2/ws_RAMS/build/workcell_description': /usr/bin/cmake /home/ros2/ws_RAMS/src/workcell_description -DCATKIN_INSTALL_INTO_PREFIX_ROOT=0 -DCMAKE_INSTALL_PREFIX=/home/ros2/ws_RAMS/install/workcell_description
[0.052s] -- The C compiler identification is GNU 11.4.0
[0.096s] -- The CXX compiler identification is GNU 11.4.0
[0.102s] -- Detecting C compiler ABI info
[0.160s] -- Detecting C compiler ABI info - done
[0.164s] -- Check for working C compiler: /usr/bin/cc - skipped
[0.165s] -- Detecting C compile features
[0.166s] -- Detecting C compile features - done
[0.167s] -- Detecting CXX compiler ABI info
[0.230s] -- Detecting CXX compiler ABI info - done
[0.234s] -- Check for working CXX compiler: /usr/bin/c++ - skipped
[0.234s] -- Detecting CXX compile features
[0.234s] -- Detecting CXX compile features - done
[0.237s] -- Found ament_cmake: 1.3.12 (/opt/ros/humble/share/ament_cmake/cmake)
[0.342s] -- Found Python3: /usr/bin/python3 (found version "3.10.12") found components: Interpreter 
[0.457s] -- Configuring done
[0.459s] -- Generating done
[0.460s] [33mCMake Warning:
[0.460s]   Manually-specified variables were not used by the project:
[0.460s] 
[0.460s]     CATKIN_INSTALL_INTO_PREFIX_ROOT
[0.460s] 
[0.460s] [0m
[0.460s] -- Build files have been written to: /home/ros2/ws_RAMS/build/workcell_description
[0.464s] Invoked command in '/home/ros2/ws_RAMS/build/workcell_description' returned '0': /usr/bin/cmake /home/ros2/ws_RAMS/src/workcell_description -DCATKIN_INSTALL_INTO_PREFIX_ROOT=0 -DCMAKE_INSTALL_PREFIX=/home/ros2/ws_RAMS/install/workcell_description
[0.466s] Invoking command in '/home/ros2/ws_RAMS/build/workcell_description': /usr/bin/cmake --build /home/ros2/ws_RAMS/build/workcell_description -- -j2 -l2
[0.494s] Invoked command in '/home/ros2/ws_RAMS/build/workcell_description' returned '0': /usr/bin/cmake --build /home/ros2/ws_RAMS/build/workcell_description -- -j2 -l2
[0.500s] Invoking command in '/home/ros2/ws_RAMS/build/workcell_description': /usr/bin/cmake --install /home/ros2/ws_RAMS/build/workcell_description
[0.505s] -- Install configuration: ""
[0.505s] -- Installing: /home/ros2/ws_RAMS/install/workcell_description/share/workcell_description/urdf
[0.505s] -- Installing: /home/ros2/ws_RAMS/install/workcell_description/share/workcell_description/urdf/robots
[0.505s] -- Installing: /home/ros2/ws_RAMS/install/workcell_description/share/workcell_description/urdf/robots/irb6700_200_260.xacro
[0.505s] -- Installing: /home/ros2/ws_RAMS/install/workcell_description/share/workcell_description/urdf/materials
[0.505s] -- Installing: /home/ros2/ws_RAMS/install/workcell_description/share/workcell_description/urdf/materials/common_colours.xacro
[0.506s] -- Installing: /home/ros2/ws_RAMS/install/workcell_description/share/workcell_description/urdf/materials/common_materials.xacro
[0.506s] -- Installing: /home/ros2/ws_RAMS/install/workcell_description/share/workcell_description/urdf/sensors
[0.506s] -- Installing: /home/ros2/ws_RAMS/install/workcell_description/share/workcell_description/urdf/actuators
[0.506s] -- Installing: /home/ros2/ws_RAMS/install/workcell_description/share/workcell_description/urdf/workcell.urdf.xacro
[0.506s] -- Installing: /home/ros2/ws_RAMS/install/workcell_description/share/workcell_description/urdf/props
[0.506s] -- Installing: /home/ros2/ws_RAMS/install/workcell_description/share/workcell_description/urdf/props/common_props.xacro
[0.506s] -- Installing: /home/ros2/ws_RAMS/install/workcell_description/share/workcell_description/meshes
[0.506s] -- Installing: /home/ros2/ws_RAMS/install/workcell_description/share/workcell_description/meshes/robots
[0.506s] -- Installing: /home/ros2/ws_RAMS/install/workcell_description/share/workcell_description/meshes/robots/visual
[0.506s] -- Installing: /home/ros2/ws_RAMS/install/workcell_description/share/workcell_description/meshes/robots/visual/link_3.stl
[0.507s] -- Installing: /home/ros2/ws_RAMS/install/workcell_description/share/workcell_description/meshes/robots/visual/link_2.stl
[0.508s] -- Installing: /home/ros2/ws_RAMS/install/workcell_description/share/workcell_description/meshes/robots/visual/cylinder.stl
[0.508s] -- Installing: /home/ros2/ws_RAMS/install/workcell_description/share/workcell_description/meshes/robots/visual/link_1.stl
[0.508s] -- Installing: /home/ros2/ws_RAMS/install/workcell_description/share/workcell_description/meshes/robots/visual/link_6.stl
[0.509s] -- Installing: /home/ros2/ws_RAMS/install/workcell_description/share/workcell_description/meshes/robots/visual/base_link.stl
[0.509s] -- Installing: /home/ros2/ws_RAMS/install/workcell_description/share/workcell_description/meshes/robots/visual/piston.stl
[0.509s] -- Installing: /home/ros2/ws_RAMS/install/workcell_description/share/workcell_description/meshes/robots/visual/link_4.stl
[0.510s] -- Installing: /home/ros2/ws_RAMS/install/workcell_description/share/workcell_description/meshes/robots/visual/link_5.stl
[0.510s] -- Installing: /home/ros2/ws_RAMS/install/workcell_description/share/workcell_description/meshes/robots/collision
[0.510s] -- Installing: /home/ros2/ws_RAMS/install/workcell_description/share/workcell_description/meshes/robots/collision/link_3.stl
[0.510s] -- Installing: /home/ros2/ws_RAMS/install/workcell_description/share/workcell_description/meshes/robots/collision/link_2.stl
[0.510s] -- Installing: /home/ros2/ws_RAMS/install/workcell_description/share/workcell_description/meshes/robots/collision/cylinder.stl
[0.511s] -- Installing: /home/ros2/ws_RAMS/install/workcell_description/share/workcell_description/meshes/robots/collision/link_1.stl
[0.511s] -- Installing: /home/ros2/ws_RAMS/install/workcell_description/share/workcell_description/meshes/robots/collision/link_6.stl
[0.511s] -- Installing: /home/ros2/ws_RAMS/install/workcell_description/share/workcell_description/meshes/robots/collision/base_link.stl
[0.511s] -- Installing: /home/ros2/ws_RAMS/install/workcell_description/share/workcell_description/meshes/robots/collision/piston.stl
[0.511s] -- Installing: /home/ros2/ws_RAMS/install/workcell_description/share/workcell_description/meshes/robots/collision/link_4.stl
[0.511s] -- Installing: /home/ros2/ws_RAMS/install/workcell_description/share/workcell_description/meshes/robots/collision/link_5.stl
[0.511s] -- Installing: /home/ros2/ws_RAMS/install/workcell_description/share/workcell_description/meshes/sensors
[0.511s] -- Installing: /home/ros2/ws_RAMS/install/workcell_description/share/workcell_description/meshes/sensors/visual
[0.511s] -- Installing: /home/ros2/ws_RAMS/install/workcell_description/share/workcell_description/meshes/sensors/visual/d415.stl
[0.533s] -- Installing: /home/ros2/ws_RAMS/install/workcell_description/share/workcell_description/meshes/sensors/visual/d435.dae
[0.549s] -- Installing: /home/ros2/ws_RAMS/install/workcell_description/share/workcell_description/meshes/sensors/collision
[0.549s] -- Installing: /home/ros2/ws_RAMS/install/workcell_description/share/workcell_description/meshes/sensors/collision/d415.stl
[0.569s] -- Installing: /home/ros2/ws_RAMS/install/workcell_description/share/workcell_description/meshes/sensors/collision/d435.dae
[0.585s] -- Installing: /home/ros2/ws_RAMS/install/workcell_description/share/workcell_description/meshes/actuators
[0.585s] -- Installing: /home/ros2/ws_RAMS/install/workcell_description/share/workcell_description/meshes/actuators/visual
[0.585s] -- Installing: /home/ros2/ws_RAMS/install/workcell_description/share/workcell_description/meshes/actuators/visual/spindle.STL
[0.590s] -- Installing: /home/ros2/ws_RAMS/install/workcell_description/share/workcell_description/meshes/actuators/collision
[0.590s] -- Installing: /home/ros2/ws_RAMS/install/workcell_description/share/workcell_description/meshes/actuators/collision/spindle.STL
[0.596s] -- Installing: /home/ros2/ws_RAMS/install/workcell_description/share/workcell_description/launch
[0.596s] -- Installing: /home/ros2/ws_RAMS/install/workcell_description/share/workcell_description/launch/description.launch.py
[0.596s] -- Installing: /home/ros2/ws_RAMS/install/workcell_description/share/ament_index/resource_index/package_run_dependencies/workcell_description
[0.596s] -- Installing: /home/ros2/ws_RAMS/install/workcell_description/share/ament_index/resource_index/parent_prefix_path/workcell_description
[0.596s] -- Installing: /home/ros2/ws_RAMS/install/workcell_description/share/workcell_description/environment/ament_prefix_path.sh
[0.596s] -- Installing: /home/ros2/ws_RAMS/install/workcell_description/share/workcell_description/environment/ament_prefix_path.dsv
[0.597s] -- Installing: /home/ros2/ws_RAMS/install/workcell_description/share/workcell_description/environment/path.sh
[0.597s] -- Installing: /home/ros2/ws_RAMS/install/workcell_description/share/workcell_description/environment/path.dsv
[0.597s] -- Installing: /home/ros2/ws_RAMS/install/workcell_description/share/workcell_description/local_setup.bash
[0.597s] -- Installing: /home/ros2/ws_RAMS/install/workcell_description/share/workcell_description/local_setup.sh
[0.597s] -- Installing: /home/ros2/ws_RAMS/install/workcell_description/share/workcell_description/local_setup.zsh
[0.597s] -- Installing: /home/ros2/ws_RAMS/install/workcell_description/share/workcell_description/local_setup.dsv
[0.597s] -- Installing: /home/ros2/ws_RAMS/install/workcell_description/share/workcell_description/package.dsv
[0.597s] -- Installing: /home/ros2/ws_RAMS/install/workcell_description/share/ament_index/resource_index/packages/workcell_description
[0.597s] -- Installing: /home/ros2/ws_RAMS/install/workcell_description/share/workcell_description/cmake/workcell_descriptionConfig.cmake
[0.597s] -- Installing: /home/ros2/ws_RAMS/install/workcell_description/share/workcell_description/cmake/workcell_descriptionConfig-version.cmake
[0.597s] -- Installing: /home/ros2/ws_RAMS/install/workcell_description/share/workcell_description/package.xml
[0.599s] Invoked command in '/home/ros2/ws_RAMS/build/workcell_description' returned '0': /usr/bin/cmake --install /home/ros2/ws_RAMS/build/workcell_description
