[01m[K/home/ros2/ws_RAMS/src/rams_interface/src/main_window.cpp:[m[K In constructor ‘[01m[Krams_interface::MainWindow::MainWindow(QWidget*)[m[K’:
[01m[K/home/ros2/ws_RAMS/src/rams_interface/src/main_window.cpp:29:58:[m[K [01;31m[Kerror: [m[Kcannot convert ‘[01m[KOgre::SceneManager*[m[K’ to ‘[01m[Krviz_common::DisplayContext*[m[K’
   29 |   render_panel_->initialize([01;31m[Kviz_manager_->getSceneManager()[m[K,
      |                             [01;31m[K~~~~~~~~~~~~~~~~~~~~~~~~~~~~~^~[m[K
      |                                                          [01;31m[K|[m[K
      |                                                          [01;31m[KOgre::SceneManager*[m[K
In file included from [01m[K/home/ros2/ws_RAMS/src/rams_interface/src/main_window.cpp:12[m[K:
[01m[K/opt/ros/humble/include/rviz_common/rviz_common/render_panel.hpp:80:36:[m[K [01;36m[Knote: [m[K  initializing argument 1 of ‘[01m[Kvoid rviz_common::RenderPanel::initialize(rviz_common::DisplayContext*, bool)[m[K’
   80 |   void initialize([01;36m[KDisplayContext * manager[m[K, bool use_main_scene = false);
      |                   [01;36m[K~~~~~~~~~~~~~~~~~^~~~~~~[m[K
[01m[K/home/ros2/ws_RAMS/src/rams_interface/src/main_window.cpp:41:10:[m[K [01;31m[Kerror: [m[Kinvalid use of incomplete type ‘[01m[Kclass rviz_common::Display[m[K’
   41 |     cloud[01;31m[K->[m[KsubProp("Topic")->setValue("/rams/perception/cloud");
      |          [01;31m[K^~[m[K
In file included from [01m[K/opt/ros/humble/include/rviz_common/rviz_common/display_context.hpp:42[m[K,
                 from [01m[K/opt/ros/humble/include/rviz_common/rviz_common/visualization_manager.hpp:44[m[K,
                 from [01m[K/home/ros2/ws_RAMS/src/rams_interface/include/rams_interface/main_window.h:9[m[K,
                 from [01m[K/home/ros2/ws_RAMS/src/rams_interface/src/main_window.cpp:1[m[K:
[01m[K/opt/ros/humble/include/rviz_common/rviz_common/frame_manager_iface.hpp:75:7:[m[K [01;36m[Knote: [m[Kforward declaration of ‘[01m[Kclass rviz_common::Display[m[K’
   75 | class [01;36m[KDisplay[m[K;
      |       [01;36m[K^~~~~~~[m[K
[01m[K/home/ros2/ws_RAMS/src/rams_interface/src/main_window.cpp:[m[K In member function ‘[01m[Kvirtual bool rams_interface::MainWindow::eventFilter(QObject*, QEvent*)[m[K’:
[01m[K/home/ros2/ws_RAMS/src/rams_interface/src/main_window.cpp:77:51:[m[K [01;31m[Kerror: [m[Kunable to deduce ‘[01m[Kauto*[m[K’ from ‘[01m[Krviz_common::VisualizationManager::getSelectionManager()[m[K’
   77 |     auto *sel = viz_manager_->getSelectionManager([01;31m[K)[m[K;
      |                                                   [01;31m[K^[m[K
[01m[K/home/ros2/ws_RAMS/src/rams_interface/src/main_window.cpp:77:51:[m[K [01;36m[Knote: [m[K  mismatched types ‘[01m[Kauto*[m[K’ and ‘[01m[Kstd::shared_ptr<rviz_common::interaction::SelectionManagerIface>[m[K’
[01m[K/home/ros2/ws_RAMS/src/rams_interface/src/main_window.cpp:78:66:[m[K [01;31m[Kerror: [m[K‘[01m[Kclass rviz_rendering::RenderWindow[m[K’ has no member named ‘[01m[KgetViewport[m[K’
   78 | gre::Viewport *viewport = render_panel_->getRenderWindow()->[01;31m[KgetViewport[m[K(0);
      |                                                             [01;31m[K^~~~~~~~~~~[m[K

In file included from [01m[K/usr/include/c++/11/memory:76[m[K,
                 from [01m[K/usr/include/x86_64-linux-gnu/qt5/QtCore/qsharedpointer_impl.h:71[m[K,
                 from [01m[K/usr/include/x86_64-linux-gnu/qt5/QtCore/qsharedpointer.h:48[m[K,
                 from [01m[K/usr/include/x86_64-linux-gnu/qt5/QtGui/qpixmap.h:48[m[K,
                 from [01m[K/usr/include/x86_64-linux-gnu/qt5/QtGui/qbrush.h:52[m[K,
                 from [01m[K/usr/include/x86_64-linux-gnu/qt5/QtGui/qpalette.h:46[m[K,
                 from [01m[K/usr/include/x86_64-linux-gnu/qt5/QtWidgets/qwidget.h:48[m[K,
                 from [01m[K/usr/include/x86_64-linux-gnu/qt5/QtWidgets/qmainwindow.h:44[m[K,
                 from [01m[K/usr/include/x86_64-linux-gnu/qt5/QtWidgets/QMainWindow:1[m[K,
                 from [01m[K/home/ros2/ws_RAMS/src/rams_interface/include/rams_interface/main_window.h:4[m[K,
                 from [01m[K/home/ros2/ws_RAMS/src/rams_interface/src/main_window.cpp:1[m[K:
/usr/include/c++/11/bits/unique_ptr.h: In instantiation of ‘[01m[Ktypename std::_MakeUniq<_Tp>::__single_object std::make_unique(_Args&& ...) [with _Tp = rviz_common::VisualizationManager; _Args = {rviz_common::RenderPanel*&}; typename std::_MakeUniq<_Tp>::__single_object = std::unique_ptr<rviz_common::VisualizationManager>][m[K’:
[01m[K/home/ros2/ws_RAMS/src/rams_interface/src/main_window.cpp:28:58:[m[K   required from here
[01m[K/usr/include/c++/11/bits/unique_ptr.h:962:30:[m[K [01;31m[Kerror: [m[Kno matching function for call to ‘[01m[Krviz_common::VisualizationManager::VisualizationManager(rviz_common::RenderPanel*&)[m[K’
  962 |     { return unique_ptr<_Tp>([01;31m[Knew _Tp(std::forward<_Args>(__args)...)[m[K); }
      |                              [01;31m[K^~~~~~~~~~~~~~~~~~~~~~~~~~~~~~~~~~~~~~~[m[K
In file included from [01m[K/home/ros2/ws_RAMS/src/rams_interface/include/rams_interface/main_window.h:9[m[K,
                 from [01m[K/home/ros2/ws_RAMS/src/rams_interface/src/main_window.cpp:1[m[K:
[01m[K/opt/ros/humble/include/rviz_common/rviz_common/visualization_manager.hpp:103:12:[m[K [01;36m[Knote: [m[Kcandidate: ‘[01m[Krviz_common::VisualizationManager::VisualizationManager(rviz_common::RenderPanel*, rviz_common::ros_integration::RosNodeAbstractionIface::WeakPtr, rviz_common::WindowManagerInterface*, rclcpp::Clock::SharedPtr)[m[K’
  103 |   explicit [01;36m[KVisualizationManager[m[K(
      |            [01;36m[K^~~~~~~~~~~~~~~~~~~~[m[K
[01m[K/opt/ros/humble/include/rviz_common/rviz_common/visualization_manager.hpp:103:12:[m[K [01;36m[Knote: [m[K  candidate expects 4 arguments, 1 provided
gmake[2]: *** [CMakeFiles/gui_node.dir/build.make:104: CMakeFiles/gui_node.dir/src/main_window.cpp.o] Error 1
gmake[1]: *** [CMakeFiles/Makefile2:647: CMakeFiles/gui_node.dir/all] Error 2
gmake: *** [Makefile:146: all] Error 2
