-- The C compiler identification is GNU 11.4.0
-- The CXX compiler identification is GNU 11.4.0
-- Detecting C compiler ABI info
-- Detecting C compiler ABI info - done
-- Check for working C compiler: /usr/bin/cc - skipped
-- Detecting C compile features
-- Detecting C compile features - done
-- Detecting CXX compiler ABI info
-- Detecting CXX compiler ABI info - done
-- Check for working CXX compiler: /usr/bin/c++ - skipped
-- Detecting CXX compile features
-- Detecting CXX compile features - done
-- Found ament_cmake: 1.3.12 (/opt/ros/humble/share/ament_cmake/cmake)
-- Found Python3: /usr/bin/python3 (found version "3.10.12") found components: Interpreter 
-- Found rclcpp: 16.0.14 (/opt/ros/humble/share/rclcpp/cmake)
-- Found rosidl_generator_c: 3.1.7 (/opt/ros/humble/share/rosidl_generator_c/cmake)
-- Found rosidl_adapter: 3.1.7 (/opt/ros/humble/share/rosidl_adapter/cmake)
-- Found rosidl_generator_cpp: 3.1.7 (/opt/ros/humble/share/rosidl_generator_cpp/cmake)
-- Using all available rosidl_typesupport_c: rosidl_typesupport_fastrtps_c;rosidl_typesupport_introspection_c
-- Using all available rosidl_typesupport_cpp: rosidl_typesupport_fastrtps_cpp;rosidl_typesupport_introspection_cpp
-- Found rmw_implementation_cmake: 6.1.2 (/opt/ros/humble/share/rmw_implementation_cmake/cmake)
-- Found rmw_fastrtps_cpp: 6.2.8 (/opt/ros/humble/share/rmw_fastrtps_cpp/cmake)
-- Found OpenSSL: /usr/lib/x86_64-linux-gnu/libcrypto.so (found version "3.0.2")  
-- Found FastRTPS: /opt/ros/humble/include  
-- Using RMW implementation 'rmw_fastrtps_cpp' as default
-- Looking for pthread.h
-- Looking for pthread.h - found
-- Performing Test CMAKE_HAVE_LIBC_PTHREAD
-- Performing Test CMAKE_HAVE_LIBC_PTHREAD - Success
-- Found Threads: TRUE  
-- Found geometry_msgs: 4.9.0 (/opt/ros/humble/share/geometry_msgs/cmake)
-- Found sensor_msgs: 4.9.0 (/opt/ros/humble/share/sensor_msgs/cmake)
-- Found std_srvs: 4.9.0 (/opt/ros/humble/share/std_srvs/cmake)
-- Found moveit_ros_planning_interface: 2.5.9 (/opt/ros/humble/share/moveit_ros_planning_interface/cmake)
-- Found Boost: /usr/lib/x86_64-linux-gnu/cmake/Boost-1.74.0/BoostConfig.cmake (found version "1.74.0") found components: date_time filesystem program_options system thread 
-- Found Boost: /usr/lib/x86_64-linux-gnu/cmake/Boost-1.74.0/BoostConfig.cmake (found version "1.74.0") found components: chrono date_time filesystem iostreams program_options regex serialization system thread 
-- Found parameter_traits: 0.5.0 (/opt/ros/humble/share/parameter_traits/cmake)
-- Found rclcpp_lifecycle: 16.0.14 (/opt/ros/humble/share/rclcpp_lifecycle/cmake)
-- Found Boost: /usr/lib/x86_64-linux-gnu/cmake/Boost-1.74.0/BoostConfig.cmake (found version "1.74.0") found components: filesystem 
-- library: /usr/lib/x86_64-linux-gnu/libcurl.so
-- Found Eigen3: TRUE (found version "3.4.0") 
-- Ensuring Eigen3 include directory is part of orocos-kdl CMake target
-- Found Boost: /usr/lib/x86_64-linux-gnu/cmake/Boost-1.74.0/BoostConfig.cmake (found version "1.74.0") found components: system filesystem date_time program_options thread chrono 
-- Found Boost: /usr/lib/x86_64-linux-gnu/cmake/Boost-1.74.0/BoostConfig.cmake (found version "1.74.0") found components: thread system filesystem regex date_time program_options 
-- Found Boost: /usr/lib/x86_64-linux-gnu/cmake/Boost-1.74.0/BoostConfig.cmake (found version "1.74.0") found components: system filesystem date_time program_options thread 
-- Found rosidl_default_generators: 1.2.0 (/opt/ros/humble/share/rosidl_default_generators/cmake)
-- Setting assimp_DIR to: '/opt/ros/humble/share/rviz_assimp_vendor/cmake/../../../opt/rviz_assimp_vendor/lib/cmake/assimp-4.1'
-- Setting OGRE_DIR to: '/opt/ros/humble/share/rviz_ogre_vendor/cmake/../../../opt/rviz_ogre_vendor/lib/OGRE/cmake'
-- Found OGRE
--   static     : OFF
--   components : HLMS;MeshLodGenerator;Overlay;Paging;Property;RTShaderSystem;Terrain;Volume
--   plugins    : Plugin_BSPSceneManager;Plugin_OctreeSceneManager;Plugin_PCZSceneManager;Plugin_ParticleFX;RenderSystem_GL;RenderSystem_GL3Plus;Codec_STBI
--   media      : /opt/ros/humble/opt/rviz_ogre_vendor/share/OGRE/Media
-- OGRE_LIBRARIES: OgreHLMS;OgreMeshLodGenerator;OgreOverlay;OgrePaging;OgreProperty;OgreRTShaderSystem;OgreTerrain;OgreVolume;OgreMain
-- OGRE_LIBRARY_DIRS: /opt/ros/humble/opt/rviz_ogre_vendor/lib
-- OGRE_PLUGINS: Plugin_BSPSceneManager;Plugin_OctreeSceneManager;Plugin_PCZSceneManager;Plugin_ParticleFX;RenderSystem_GL;RenderSystem_GL3Plus;Codec_STBI
-- OGRE_PLUGIN_DIR: /opt/ros/humble/opt/rviz_ogre_vendor/lib/OGRE
-- rviz_ogre_vendor::OgreOverlay for IMPORTED_LOCATION_RELEASE: /opt/ros/humble/opt/rviz_ogre_vendor/lib/libOgreOverlay.so
-- rviz_ogre_vendor::OgreOverlay for IMPORTED_LOCATION_DEBUG: /opt/ros/humble/opt/rviz_ogre_vendor/lib/libOgreOverlay.so
-- rviz_ogre_vendor::OgreMain for IMPORTED_LOCATION_RELEASE: /opt/ros/humble/opt/rviz_ogre_vendor/lib/libOgreMain.so
-- rviz_ogre_vendor::OgreMain for IMPORTED_LOCATION_DEBUG: /opt/ros/humble/opt/rviz_ogre_vendor/lib/libOgreMain.so
-- Could not find freeimage library
-- Found ZLIB: /usr/lib/x86_64-linux-gnu/libz.so (found version "1.2.11") 
-- Found OpenGL: /usr/lib/x86_64-linux-gnu/libOpenGL.so   
-- Found X11: /usr/include   
-- Looking for XOpenDisplay in /usr/lib/x86_64-linux-gnu/libX11.so;/usr/lib/x86_64-linux-gnu/libXext.so
-- Looking for XOpenDisplay in /usr/lib/x86_64-linux-gnu/libX11.so;/usr/lib/x86_64-linux-gnu/libXext.so - found
-- Looking for gethostbyname
-- Looking for gethostbyname - found
-- Looking for connect
-- Looking for connect - found
-- Looking for remove
-- Looking for remove - found
-- Looking for shmat
-- Looking for shmat - found
-- Looking for IceConnectionNumber in ICE
-- Looking for IceConnectionNumber in ICE - found
-- Found ament_cmake_ros: 0.10.0 (/opt/ros/humble/share/ament_cmake_ros/cmake)
-- Using all available rosidl_typesupport_c: rosidl_typesupport_fastrtps_c;rosidl_typesupport_introspection_c
-- Using all available rosidl_typesupport_cpp: rosidl_typesupport_fastrtps_cpp;rosidl_typesupport_introspection_cpp
-- Found PythonInterp: /usr/bin/python3 (found suitable version "3.10.12", minimum required is "3.6") 
-- Found python_cmake_module: 0.10.0 (/opt/ros/humble/share/python_cmake_module/cmake)
-- Found PythonLibs: /usr/lib/x86_64-linux-gnu/libpython3.10.so (found suitable version "3.10.12", minimum required is "3.5") 
-- Using PYTHON_EXECUTABLE: /usr/bin/python3
-- Using PYTHON_INCLUDE_DIRS: /usr/include/python3.10
-- Using PYTHON_LIBRARIES: /usr/lib/x86_64-linux-gnu/libpython3.10.so
-- Found PythonExtra: .so  
-- Configuring done
-- Generating done
-- Build files have been written to: /home/ros2/ws_RAMS/build/rams_interface
[  1%] [34m[1mGenerating C code for ROS interfaces[0m
[  2%] [34m[1mGenerating C++ code for ROS interfaces[0m
[  4%] [34m[1mAutomatic MOC for target rams_interface__rosidl_generator_c[0m
[  4%] Built target rams_interface__cpp
[  4%] Built target ament_cmake_python_copy_rams_interface
[  4%] Built target rams_interface__rosidl_generator_c_autogen
[  5%] [34m[1mGenerating C++ type support dispatch for ROS interfaces[0m
[  7%] [34m[1mGenerating C++ type support for eProsima Fast-RTPS[0m
[  8%] [34m[1mAutomatic MOC for target rams_interface__rosidl_typesupport_cpp[0m
[  8%] Built target rams_interface__rosidl_typesupport_cpp_autogen
[ 10%] [34m[1mAutomatic MOC for target rams_interface__rosidl_typesupport_fastrtps_cpp[0m
[ 11%] [34m[1mGenerating C++ introspection for ROS interfaces[0m
[ 11%] Built target rams_interface__rosidl_typesupport_fastrtps_cpp_autogen
[ 13%] [34m[1mAutomatic MOC for target rams_interface__rosidl_typesupport_introspection_cpp[0m
[ 13%] Built target rams_interface__rosidl_typesupport_introspection_cpp_autogen
[ 14%] [32mBuilding CXX object CMakeFiles/rams_interface__rosidl_typesupport_cpp.dir/rams_interface__rosidl_typesupport_cpp_autogen/mocs_compilation.cpp.o[0m
[ 15%] [32mBuilding CXX object CMakeFiles/rams_interface__rosidl_typesupport_cpp.dir/rosidl_typesupport_cpp/rams_interface/srv/move_to_pose__type_support.cpp.o[0m
running egg_info
creating rams_interface.egg-info
writing rams_interface.egg-info/PKG-INFO
writing dependency_links to rams_interface.egg-info/dependency_links.txt
writing top-level names to rams_interface.egg-info/top_level.txt
writing manifest file 'rams_interface.egg-info/SOURCES.txt'
reading manifest file 'rams_interface.egg-info/SOURCES.txt'
writing manifest file 'rams_interface.egg-info/SOURCES.txt'
[ 15%] Built target ament_cmake_python_build_rams_interface_egg
[ 17%] [32mBuilding CXX object CMakeFiles/rams_interface__rosidl_generator_c.dir/rams_interface__rosidl_generator_c_autogen/mocs_compilation.cpp.o[0m
[ 18%] [32mBuilding C object CMakeFiles/rams_interface__rosidl_generator_c.dir/rosidl_generator_c/rams_interface/srv/detail/move_to_pose__functions.c.o[0m
[ 20%] [32m[1mLinking CXX shared library librams_interface__rosidl_generator_c.so[0m
[ 21%] Built target rams_interface__rosidl_generator_c
[ 23%] [32m[1mLinking CXX shared library librams_interface__rosidl_typesupport_cpp.so[0m
[ 24%] [32mBuilding CXX object CMakeFiles/rams_interface__rosidl_typesupport_fastrtps_cpp.dir/rams_interface__rosidl_typesupport_fastrtps_cpp_autogen/mocs_compilation.cpp.o[0m
[ 26%] [32mBuilding CXX object CMakeFiles/rams_interface__rosidl_typesupport_fastrtps_cpp.dir/rosidl_typesupport_fastrtps_cpp/rams_interface/srv/detail/dds_fastrtps/move_to_pose__type_support.cpp.o[0m
[ 27%] Built target rams_interface__rosidl_typesupport_cpp
[ 28%] [34m[1mGenerating C introspection for ROS interfaces[0m
[ 30%] [34m[1mAutomatic MOC for target rams_interface__rosidl_typesupport_introspection_c[0m
[ 30%] Built target rams_interface__rosidl_typesupport_introspection_c_autogen
[ 31%] [34m[1mGenerating C type support dispatch for ROS interfaces[0m
[ 33%] [32m[1mLinking CXX shared library librams_interface__rosidl_typesupport_fastrtps_cpp.so[0m
[ 34%] Built target rams_interface__rosidl_typesupport_fastrtps_cpp
[ 36%] [32mBuilding CXX object CMakeFiles/rams_interface__rosidl_typesupport_introspection_cpp.dir/rams_interface__rosidl_typesupport_introspection_cpp_autogen/mocs_compilation.cpp.o[0m
[ 37%] [32mBuilding CXX object CMakeFiles/rams_interface__rosidl_typesupport_introspection_cpp.dir/rosidl_typesupport_introspection_cpp/rams_interface/srv/detail/move_to_pose__type_support.cpp.o[0m
[ 39%] [34m[1mAutomatic MOC for target rams_interface__rosidl_typesupport_c[0m
[ 39%] Built target rams_interface__rosidl_typesupport_c_autogen
[ 40%] [34m[1mAutomatic MOC for target move_to_pose_server[0m
[ 40%] Built target move_to_pose_server_autogen
[ 42%] [34m[1mAutomatic MOC for target gui_node[0m
[ 42%] Built target gui_node_autogen
[ 43%] [34m[1mGenerating C type support for eProsima Fast-RTPS[0m
[ 44%] [32m[1mLinking CXX shared library librams_interface__rosidl_typesupport_introspection_cpp.so[0m
[ 46%] [34m[1mAutomatic MOC for target rams_interface__rosidl_typesupport_fastrtps_c[0m
[ 47%] Built target rams_interface__rosidl_typesupport_introspection_cpp
[ 49%] [32mBuilding CXX object CMakeFiles/rams_interface__rosidl_typesupport_introspection_c.dir/rams_interface__rosidl_typesupport_introspection_c_autogen/mocs_compilation.cpp.o[0m
[ 50%] [32mBuilding C object CMakeFiles/rams_interface__rosidl_typesupport_introspection_c.dir/rosidl_typesupport_introspection_c/rams_interface/srv/detail/move_to_pose__type_support.c.o[0m
[ 50%] Built target rams_interface__rosidl_typesupport_fastrtps_c_autogen
[ 52%] [32m[1mLinking CXX shared library librams_interface__rosidl_typesupport_introspection_c.so[0m
[ 53%] [32mBuilding CXX object CMakeFiles/rams_interface__rosidl_typesupport_c.dir/rams_interface__rosidl_typesupport_c_autogen/mocs_compilation.cpp.o[0m
[ 55%] [32mBuilding CXX object CMakeFiles/rams_interface__rosidl_typesupport_c.dir/rosidl_typesupport_c/rams_interface/srv/move_to_pose__type_support.cpp.o[0m
[ 56%] Built target rams_interface__rosidl_typesupport_introspection_c
[ 57%] [32m[1mLinking CXX shared library librams_interface__rosidl_typesupport_c.so[0m
[ 59%] [32mBuilding CXX object CMakeFiles/move_to_pose_server.dir/move_to_pose_server_autogen/mocs_compilation.cpp.o[0m
[ 60%] [32mBuilding CXX object CMakeFiles/move_to_pose_server.dir/src/move_to_pose_server.cpp.o[0m
[ 62%] Built target rams_interface__rosidl_typesupport_c
[ 63%] [32mBuilding CXX object CMakeFiles/gui_node.dir/gui_node_autogen/mocs_compilation.cpp.o[0m
[ 65%] [32mBuilding CXX object CMakeFiles/gui_node.dir/src/main.cpp.o[0m
[ 66%] [32mBuilding CXX object CMakeFiles/gui_node.dir/src/main_window.cpp.o[0m
[ 68%] [32m[1mLinking CXX executable move_to_pose_server[0m
[ 68%] Built target move_to_pose_server
[ 69%] [32mBuilding CXX object CMakeFiles/rams_interface__rosidl_typesupport_fastrtps_c.dir/rams_interface__rosidl_typesupport_fastrtps_c_autogen/mocs_compilation.cpp.o[0m
[ 71%] [32mBuilding CXX object CMakeFiles/rams_interface__rosidl_typesupport_fastrtps_c.dir/rosidl_typesupport_fastrtps_c/rams_interface/srv/detail/move_to_pose__type_support_c.cpp.o[0m
[ 72%] [32m[1mLinking CXX shared library librams_interface__rosidl_typesupport_fastrtps_c.so[0m
[01m[K/home/ros2/ws_RAMS/src/rams_interface/src/main_window.cpp:[m[K In constructor ‘[01m[Krams_interface::MainWindow::MainWindow(QWidget*)[m[K’:
[01m[K/home/ros2/ws_RAMS/src/rams_interface/src/main_window.cpp:29:58:[m[K [01;31m[Kerror: [m[Kcannot convert ‘[01m[KOgre::SceneManager*[m[K’ to ‘[01m[Krviz_common::DisplayContext*[m[K’
   29 |   render_panel_->initialize([01;31m[Kviz_manager_->getSceneManager()[m[K,
      |                             [01;31m[K~~~~~~~~~~~~~~~~~~~~~~~~~~~~~^~[m[K
      |                                                          [01;31m[K|[m[K
      |                                                          [01;31m[KOgre::SceneManager*[m[K
In file included from [01m[K/home/ros2/ws_RAMS/src/rams_interface/src/main_window.cpp:12[m[K:
[01m[K/opt/ros/humble/include/rviz_common/rviz_common/render_panel.hpp:80:36:[m[K [01;36m[Knote: [m[K  initializing argument 1 of ‘[01m[Kvoid rviz_common::RenderPanel::initialize(rviz_common::DisplayContext*, bool)[m[K’
   80 |   void initialize([01;36m[KDisplayContext * manager[m[K, bool use_main_scene = false);
      |                   [01;36m[K~~~~~~~~~~~~~~~~~^~~~~~~[m[K
[01m[K/home/ros2/ws_RAMS/src/rams_interface/src/main_window.cpp:41:10:[m[K [01;31m[Kerror: [m[Kinvalid use of incomplete type ‘[01m[Kclass rviz_common::Display[m[K’
   41 |     cloud[01;31m[K->[m[KsubProp("Topic")->setValue("/rams/perception/cloud");
      |          [01;31m[K^~[m[K
In file included from [01m[K/opt/ros/humble/include/rviz_common/rviz_common/display_context.hpp:42[m[K,
                 from [01m[K/opt/ros/humble/include/rviz_common/rviz_common/visualization_manager.hpp:44[m[K,
                 from [01m[K/home/ros2/ws_RAMS/src/rams_interface/include/rams_interface/main_window.h:9[m[K,
                 from [01m[K/home/ros2/ws_RAMS/src/rams_interface/src/main_window.cpp:1[m[K:
[01m[K/opt/ros/humble/include/rviz_common/rviz_common/frame_manager_iface.hpp:75:7:[m[K [01;36m[Knote: [m[Kforward declaration of ‘[01m[Kclass rviz_common::Display[m[K’
   75 | class [01;36m[KDisplay[m[K;
      |       [01;36m[K^~~~~~~[m[K
[01m[K/home/ros2/ws_RAMS/src/rams_interface/src/main_window.cpp:[m[K In member function ‘[01m[Kvirtual bool rams_interface::MainWindow::eventFilter(QObject*, QEvent*)[m[K’:
[01m[K/home/ros2/ws_RAMS/src/rams_interface/src/main_window.cpp:77:51:[m[K [01;31m[Kerror: [m[Kunable to deduce ‘[01m[Kauto*[m[K’ from ‘[01m[Krviz_common::VisualizationManager::getSelectionManager()[m[K’
   77 |     auto *sel = viz_manager_->getSelectionManager([01;31m[K)[m[K;
      |                                                   [01;31m[K^[m[K
[01m[K/home/ros2/ws_RAMS/src/rams_interface/src/main_window.cpp:77:51:[m[K [01;36m[Knote: [m[K  mismatched types ‘[01m[Kauto*[m[K’ and ‘[01m[Kstd::shared_ptr<rviz_common::interaction::SelectionManagerIface>[m[K’
[01m[K/home/ros2/ws_RAMS/src/rams_interface/src/main_window.cpp:78:66:[m[K [01;31m[Kerror: [m[K‘[01m[Kclass rviz_rendering::RenderWindow[m[K’ has no member named ‘[01m[KgetViewport[m[K’
   78 | gre::Viewport *viewport = render_panel_->getRenderWindow()->[01;31m[KgetViewport[m[K(0);
      |                                                             [01;31m[K^~~~~~~~~~~[m[K

[ 73%] Built target rams_interface__rosidl_typesupport_fastrtps_c
[ 73%] Built target rams_interface
[ 75%] [34m[1mGenerating Python code for ROS interfaces[0m
In file included from [01m[K/usr/include/c++/11/memory:76[m[K,
                 from [01m[K/usr/include/x86_64-linux-gnu/qt5/QtCore/qsharedpointer_impl.h:71[m[K,
                 from [01m[K/usr/include/x86_64-linux-gnu/qt5/QtCore/qsharedpointer.h:48[m[K,
                 from [01m[K/usr/include/x86_64-linux-gnu/qt5/QtGui/qpixmap.h:48[m[K,
                 from [01m[K/usr/include/x86_64-linux-gnu/qt5/QtGui/qbrush.h:52[m[K,
                 from [01m[K/usr/include/x86_64-linux-gnu/qt5/QtGui/qpalette.h:46[m[K,
                 from [01m[K/usr/include/x86_64-linux-gnu/qt5/QtWidgets/qwidget.h:48[m[K,
                 from [01m[K/usr/include/x86_64-linux-gnu/qt5/QtWidgets/qmainwindow.h:44[m[K,
                 from [01m[K/usr/include/x86_64-linux-gnu/qt5/QtWidgets/QMainWindow:1[m[K,
                 from [01m[K/home/ros2/ws_RAMS/src/rams_interface/include/rams_interface/main_window.h:4[m[K,
                 from [01m[K/home/ros2/ws_RAMS/src/rams_interface/src/main_window.cpp:1[m[K:
/usr/include/c++/11/bits/unique_ptr.h: In instantiation of ‘[01m[Ktypename std::_MakeUniq<_Tp>::__single_object std::make_unique(_Args&& ...) [with _Tp = rviz_common::VisualizationManager; _Args = {rviz_common::RenderPanel*&}; typename std::_MakeUniq<_Tp>::__single_object = std::unique_ptr<rviz_common::VisualizationManager>][m[K’:
[01m[K/home/ros2/ws_RAMS/src/rams_interface/src/main_window.cpp:28:58:[m[K   required from here
[01m[K/usr/include/c++/11/bits/unique_ptr.h:962:30:[m[K [01;31m[Kerror: [m[Kno matching function for call to ‘[01m[Krviz_common::VisualizationManager::VisualizationManager(rviz_common::RenderPanel*&)[m[K’
  962 |     { return unique_ptr<_Tp>([01;31m[Knew _Tp(std::forward<_Args>(__args)...)[m[K); }
      |                              [01;31m[K^~~~~~~~~~~~~~~~~~~~~~~~~~~~~~~~~~~~~~~[m[K
In file included from [01m[K/home/ros2/ws_RAMS/src/rams_interface/include/rams_interface/main_window.h:9[m[K,
                 from [01m[K/home/ros2/ws_RAMS/src/rams_interface/src/main_window.cpp:1[m[K:
[01m[K/opt/ros/humble/include/rviz_common/rviz_common/visualization_manager.hpp:103:12:[m[K [01;36m[Knote: [m[Kcandidate: ‘[01m[Krviz_common::VisualizationManager::VisualizationManager(rviz_common::RenderPanel*, rviz_common::ros_integration::RosNodeAbstractionIface::WeakPtr, rviz_common::WindowManagerInterface*, rclcpp::Clock::SharedPtr)[m[K’
  103 |   explicit [01;36m[KVisualizationManager[m[K(
      |            [01;36m[K^~~~~~~~~~~~~~~~~~~~[m[K
[01m[K/opt/ros/humble/include/rviz_common/rviz_common/visualization_manager.hpp:103:12:[m[K [01;36m[Knote: [m[K  candidate expects 4 arguments, 1 provided
[ 75%] Built target rams_interface__py
[ 76%] [34m[1mAutomatic MOC for target rams_interface__rosidl_generator_py[0m
[ 76%] Built target rams_interface__rosidl_generator_py_autogen
[ 78%] [32mBuilding CXX object CMakeFiles/rams_interface__rosidl_generator_py.dir/rams_interface__rosidl_generator_py_autogen/mocs_compilation.cpp.o[0m
[ 79%] [32mBuilding C object CMakeFiles/rams_interface__rosidl_generator_py.dir/rosidl_generator_py/rams_interface/srv/_move_to_pose_s.c.o[0m
[ 81%] [32m[1mLinking CXX shared library rosidl_generator_py/rams_interface/librams_interface__rosidl_generator_py.so[0m
[ 81%] Built target rams_interface__rosidl_generator_py
[ 82%] [34m[1mAutomatic MOC for target rams_interface__rosidl_typesupport_fastrtps_c__pyext[0m
[ 82%] Built target rams_interface__rosidl_typesupport_fastrtps_c__pyext_autogen
[ 84%] [34m[1mAutomatic MOC for target rams_interface__rosidl_typesupport_introspection_c__pyext[0m
[ 84%] Built target rams_interface__rosidl_typesupport_introspection_c__pyext_autogen
[ 85%] [34m[1mAutomatic MOC for target rams_interface__rosidl_typesupport_c__pyext[0m
[ 85%] Built target rams_interface__rosidl_typesupport_c__pyext_autogen
[ 86%] [32mBuilding CXX object CMakeFiles/rams_interface__rosidl_typesupport_fastrtps_c__pyext.dir/rams_interface__rosidl_typesupport_fastrtps_c__pyext_autogen/mocs_compilation.cpp.o[0m
[ 88%] [32mBuilding C object CMakeFiles/rams_interface__rosidl_typesupport_fastrtps_c__pyext.dir/rosidl_generator_py/rams_interface/_rams_interface_s.ep.rosidl_typesupport_fastrtps_c.c.o[0m
[ 89%] [32m[1mLinking CXX shared library rosidl_generator_py/rams_interface/rams_interface_s__rosidl_typesupport_fastrtps_c.cpython-310-x86_64-linux-gnu.so[0m
[ 89%] Built target rams_interface__rosidl_typesupport_fastrtps_c__pyext
[ 91%] [32mBuilding CXX object CMakeFiles/rams_interface__rosidl_typesupport_introspection_c__pyext.dir/rams_interface__rosidl_typesupport_introspection_c__pyext_autogen/mocs_compilation.cpp.o[0m
[ 92%] [32mBuilding C object CMakeFiles/rams_interface__rosidl_typesupport_introspection_c__pyext.dir/rosidl_generator_py/rams_interface/_rams_interface_s.ep.rosidl_typesupport_introspection_c.c.o[0m
[ 94%] [32m[1mLinking CXX shared library rosidl_generator_py/rams_interface/rams_interface_s__rosidl_typesupport_introspection_c.cpython-310-x86_64-linux-gnu.so[0m
[ 94%] Built target rams_interface__rosidl_typesupport_introspection_c__pyext
[ 95%] [32mBuilding CXX object CMakeFiles/rams_interface__rosidl_typesupport_c__pyext.dir/rams_interface__rosidl_typesupport_c__pyext_autogen/mocs_compilation.cpp.o[0m
[ 97%] [32mBuilding C object CMakeFiles/rams_interface__rosidl_typesupport_c__pyext.dir/rosidl_generator_py/rams_interface/_rams_interface_s.ep.rosidl_typesupport_c.c.o[0m
[ 98%] [32m[1mLinking CXX shared library rosidl_generator_py/rams_interface/rams_interface_s__rosidl_typesupport_c.cpython-310-x86_64-linux-gnu.so[0m
[ 98%] Built target rams_interface__rosidl_typesupport_c__pyext
gmake[2]: *** [CMakeFiles/gui_node.dir/build.make:104: CMakeFiles/gui_node.dir/src/main_window.cpp.o] Error 1
gmake[1]: *** [CMakeFiles/Makefile2:647: CMakeFiles/gui_node.dir/all] Error 2
gmake: *** [Makefile:146: all] Error 2
