[0.010s] Invoking command in '/home/ros2/ws_RAMS/build/workcell_config': CMAKE_PREFIX_PATH=/home/ros2/ws_RAMS/install/workcell_description:/home/ros2/ws_abb_ros2/install/abb_rws_client:/home/ros2/ws_abb_ros2/install/abb_ros2:/home/ros2/ws_abb_ros2/install/abb_robot_msgs:/home/ros2/ws_abb_ros2/install/abb_resources:/home/ros2/ws_abb_ros2/install/abb_rapid_sm_addin_msgs:/home/ros2/ws_abb_ros2/install/abb_rapid_msgs:/home/ros2/ws_abb_ros2/install/abb_hardware_interface:/home/ros2/ws_abb_ros2/install/abb_egm_rws_managers:/home/ros2/ws_abb_ros2/install/abb_librws:/home/ros2/ws_abb_ros2/install/abb_libegm:/home/ros2/ws_abb_ros2/install/abb_irb4600_support:/home/ros2/ws_abb_ros2/install/abb_irb1200_5_90_moveit_config:/home/ros2/ws_abb_ros2/install/abb_irb1200_support:/home/ros2/ws_abb_ros2/install/abb_egm_msgs:/home/ros2/ws_abb_ros2/install/abb_bringup:/home/ros2/ws_RAMS/install/workcell_config:/opt/ros/humble /usr/bin/cmake /home/ros2/ws_RAMS/src/workcell_config -DCMAKE_INSTALL_PREFIX=/home/ros2/ws_RAMS/install/workcell_config
[0.060s] -- The C compiler identification is GNU 11.4.0
[0.109s] -- The CXX compiler identification is GNU 11.4.0
[0.116s] -- Detecting C compiler ABI info
[0.199s] -- Detecting C compiler ABI info - done
[0.203s] -- Check for working C compiler: /usr/bin/cc - skipped
[0.204s] -- Detecting C compile features
[0.204s] -- Detecting C compile features - done
[0.206s] -- Detecting CXX compiler ABI info
[0.292s] -- Detecting CXX compiler ABI info - done
[0.296s] -- Check for working CXX compiler: /usr/bin/c++ - skipped
[0.296s] -- Detecting CXX compile features
[0.297s] -- Detecting CXX compile features - done
[0.301s] -- Found ament_cmake: 1.3.12 (/opt/ros/humble/share/ament_cmake/cmake)
[0.436s] -- Found Python3: /usr/bin/python3 (found version "3.10.12") found components: Interpreter 
[0.582s] -- Configuring done
[0.585s] -- Generating done
[0.587s] -- Build files have been written to: /home/ros2/ws_RAMS/build/workcell_config
[0.591s] Invoked command in '/home/ros2/ws_RAMS/build/workcell_config' returned '0': CMAKE_PREFIX_PATH=/home/ros2/ws_RAMS/install/workcell_description:/home/ros2/ws_abb_ros2/install/abb_rws_client:/home/ros2/ws_abb_ros2/install/abb_ros2:/home/ros2/ws_abb_ros2/install/abb_robot_msgs:/home/ros2/ws_abb_ros2/install/abb_resources:/home/ros2/ws_abb_ros2/install/abb_rapid_sm_addin_msgs:/home/ros2/ws_abb_ros2/install/abb_rapid_msgs:/home/ros2/ws_abb_ros2/install/abb_hardware_interface:/home/ros2/ws_abb_ros2/install/abb_egm_rws_managers:/home/ros2/ws_abb_ros2/install/abb_librws:/home/ros2/ws_abb_ros2/install/abb_libegm:/home/ros2/ws_abb_ros2/install/abb_irb4600_support:/home/ros2/ws_abb_ros2/install/abb_irb1200_5_90_moveit_config:/home/ros2/ws_abb_ros2/install/abb_irb1200_support:/home/ros2/ws_abb_ros2/install/abb_egm_msgs:/home/ros2/ws_abb_ros2/install/abb_bringup:/home/ros2/ws_RAMS/install/workcell_config:/opt/ros/humble /usr/bin/cmake /home/ros2/ws_RAMS/src/workcell_config -DCMAKE_INSTALL_PREFIX=/home/ros2/ws_RAMS/install/workcell_config
[0.594s] Invoking command in '/home/ros2/ws_RAMS/build/workcell_config': CMAKE_PREFIX_PATH=/home/ros2/ws_RAMS/install/workcell_description:/home/ros2/ws_abb_ros2/install/abb_rws_client:/home/ros2/ws_abb_ros2/install/abb_ros2:/home/ros2/ws_abb_ros2/install/abb_robot_msgs:/home/ros2/ws_abb_ros2/install/abb_resources:/home/ros2/ws_abb_ros2/install/abb_rapid_sm_addin_msgs:/home/ros2/ws_abb_ros2/install/abb_rapid_msgs:/home/ros2/ws_abb_ros2/install/abb_hardware_interface:/home/ros2/ws_abb_ros2/install/abb_egm_rws_managers:/home/ros2/ws_abb_ros2/install/abb_librws:/home/ros2/ws_abb_ros2/install/abb_libegm:/home/ros2/ws_abb_ros2/install/abb_irb4600_support:/home/ros2/ws_abb_ros2/install/abb_irb1200_5_90_moveit_config:/home/ros2/ws_abb_ros2/install/abb_irb1200_support:/home/ros2/ws_abb_ros2/install/abb_egm_msgs:/home/ros2/ws_abb_ros2/install/abb_bringup:/home/ros2/ws_RAMS/install/workcell_config:/opt/ros/humble /usr/bin/cmake --build /home/ros2/ws_RAMS/build/workcell_config -- -j2 -l2
[0.631s] Invoked command in '/home/ros2/ws_RAMS/build/workcell_config' returned '0': CMAKE_PREFIX_PATH=/home/ros2/ws_RAMS/install/workcell_description:/home/ros2/ws_abb_ros2/install/abb_rws_client:/home/ros2/ws_abb_ros2/install/abb_ros2:/home/ros2/ws_abb_ros2/install/abb_robot_msgs:/home/ros2/ws_abb_ros2/install/abb_resources:/home/ros2/ws_abb_ros2/install/abb_rapid_sm_addin_msgs:/home/ros2/ws_abb_ros2/install/abb_rapid_msgs:/home/ros2/ws_abb_ros2/install/abb_hardware_interface:/home/ros2/ws_abb_ros2/install/abb_egm_rws_managers:/home/ros2/ws_abb_ros2/install/abb_librws:/home/ros2/ws_abb_ros2/install/abb_libegm:/home/ros2/ws_abb_ros2/install/abb_irb4600_support:/home/ros2/ws_abb_ros2/install/abb_irb1200_5_90_moveit_config:/home/ros2/ws_abb_ros2/install/abb_irb1200_support:/home/ros2/ws_abb_ros2/install/abb_egm_msgs:/home/ros2/ws_abb_ros2/install/abb_bringup:/home/ros2/ws_RAMS/install/workcell_config:/opt/ros/humble /usr/bin/cmake --build /home/ros2/ws_RAMS/build/workcell_config -- -j2 -l2
[0.633s] Invoking command in '/home/ros2/ws_RAMS/build/workcell_config': CMAKE_PREFIX_PATH=/home/ros2/ws_RAMS/install/workcell_description:/home/ros2/ws_abb_ros2/install/abb_rws_client:/home/ros2/ws_abb_ros2/install/abb_ros2:/home/ros2/ws_abb_ros2/install/abb_robot_msgs:/home/ros2/ws_abb_ros2/install/abb_resources:/home/ros2/ws_abb_ros2/install/abb_rapid_sm_addin_msgs:/home/ros2/ws_abb_ros2/install/abb_rapid_msgs:/home/ros2/ws_abb_ros2/install/abb_hardware_interface:/home/ros2/ws_abb_ros2/install/abb_egm_rws_managers:/home/ros2/ws_abb_ros2/install/abb_librws:/home/ros2/ws_abb_ros2/install/abb_libegm:/home/ros2/ws_abb_ros2/install/abb_irb4600_support:/home/ros2/ws_abb_ros2/install/abb_irb1200_5_90_moveit_config:/home/ros2/ws_abb_ros2/install/abb_irb1200_support:/home/ros2/ws_abb_ros2/install/abb_egm_msgs:/home/ros2/ws_abb_ros2/install/abb_bringup:/home/ros2/ws_RAMS/install/workcell_config:/opt/ros/humble /usr/bin/cmake --install /home/ros2/ws_RAMS/build/workcell_config
[0.643s] -- Install configuration: ""
[0.643s] -- Installing: /home/ros2/ws_RAMS/install/workcell_config/share/ament_index/resource_index/package_run_dependencies/workcell_config
[0.643s] -- Installing: /home/ros2/ws_RAMS/install/workcell_config/share/ament_index/resource_index/parent_prefix_path/workcell_config
[0.643s] -- Installing: /home/ros2/ws_RAMS/install/workcell_config/share/workcell_config/environment/ament_prefix_path.sh
[0.643s] -- Installing: /home/ros2/ws_RAMS/install/workcell_config/share/workcell_config/environment/ament_prefix_path.dsv
[0.643s] -- Installing: /home/ros2/ws_RAMS/install/workcell_config/share/workcell_config/environment/path.sh
[0.643s] -- Installing: /home/ros2/ws_RAMS/install/workcell_config/share/workcell_config/environment/path.dsv
[0.643s] -- Installing: /home/ros2/ws_RAMS/install/workcell_config/share/workcell_config/local_setup.bash
[0.643s] -- Installing: /home/ros2/ws_RAMS/install/workcell_config/share/workcell_config/local_setup.sh
[0.644s] -- Installing: /home/ros2/ws_RAMS/install/workcell_config/share/workcell_config/local_setup.zsh
[0.644s] -- Installing: /home/ros2/ws_RAMS/install/workcell_config/share/workcell_config/local_setup.dsv
[0.644s] -- Installing: /home/ros2/ws_RAMS/install/workcell_config/share/workcell_config/package.dsv
[0.644s] -- Installing: /home/ros2/ws_RAMS/install/workcell_config/share/ament_index/resource_index/packages/workcell_config
[0.644s] -- Installing: /home/ros2/ws_RAMS/install/workcell_config/share/workcell_config/cmake/workcell_configConfig.cmake
[0.644s] -- Installing: /home/ros2/ws_RAMS/install/workcell_config/share/workcell_config/cmake/workcell_configConfig-version.cmake
[0.645s] -- Installing: /home/ros2/ws_RAMS/install/workcell_config/share/workcell_config/package.xml
[0.645s] -- Installing: /home/ros2/ws_RAMS/install/workcell_config/share/workcell_config/launch
[0.645s] -- Installing: /home/ros2/ws_RAMS/install/workcell_config/share/workcell_config/launch/demo.launch.py
[0.645s] -- Installing: /home/ros2/ws_RAMS/install/workcell_config/share/workcell_config/launch/setup_assistant.launch.py
[0.645s] -- Installing: /home/ros2/ws_RAMS/install/workcell_config/share/workcell_config/launch/static_virtual_joint_tfs.launch.py
[0.645s] -- Installing: /home/ros2/ws_RAMS/install/workcell_config/share/workcell_config/launch/spawn_controllers.launch.py
[0.645s] -- Installing: /home/ros2/ws_RAMS/install/workcell_config/share/workcell_config/launch/move_group.launch.py
[0.645s] -- Installing: /home/ros2/ws_RAMS/install/workcell_config/share/workcell_config/launch/rsp.launch.py
[0.646s] -- Installing: /home/ros2/ws_RAMS/install/workcell_config/share/workcell_config/launch/warehouse_db.launch.py
[0.646s] -- Installing: /home/ros2/ws_RAMS/install/workcell_config/share/workcell_config/launch/moveit_rviz.launch.py
[0.646s] -- Installing: /home/ros2/ws_RAMS/install/workcell_config/share/workcell_config/config
[0.646s] -- Installing: /home/ros2/ws_RAMS/install/workcell_config/share/workcell_config/config/moveit.rviz
[0.646s] -- Installing: /home/ros2/ws_RAMS/install/workcell_config/share/workcell_config/config/ros2_controllers.yaml
[0.646s] -- Installing: /home/ros2/ws_RAMS/install/workcell_config/share/workcell_config/config/sensors_3d.yaml
[0.646s] -- Installing: /home/ros2/ws_RAMS/install/workcell_config/share/workcell_config/config/initial_positions.yaml
[0.646s] -- Installing: /home/ros2/ws_RAMS/install/workcell_config/share/workcell_config/config/joint_limits.yaml
[0.646s] -- Installing: /home/ros2/ws_RAMS/install/workcell_config/share/workcell_config/config/workcell.srdf
[0.646s] -- Installing: /home/ros2/ws_RAMS/install/workcell_config/share/workcell_config/config/workcell.ros2_control.xacro
[0.646s] -- Installing: /home/ros2/ws_RAMS/install/workcell_config/share/workcell_config/config/moveit_controllers.yaml
[0.646s] -- Installing: /home/ros2/ws_RAMS/install/workcell_config/share/workcell_config/config/pilz_cartesian_limits.yaml
[0.647s] -- Installing: /home/ros2/ws_RAMS/install/workcell_config/share/workcell_config/config/abb_controllers.yaml
[0.647s] -- Installing: /home/ros2/ws_RAMS/install/workcell_config/share/workcell_config/config/workcell.urdf.xacro
[0.647s] -- Installing: /home/ros2/ws_RAMS/install/workcell_config/share/workcell_config/config/kinematics.yaml
[0.647s] -- Installing: /home/ros2/ws_RAMS/install/workcell_config/share/workcell_config/.setup_assistant
[0.648s] Invoked command in '/home/ros2/ws_RAMS/build/workcell_config' returned '0': CMAKE_PREFIX_PATH=/home/ros2/ws_RAMS/install/workcell_description:/home/ros2/ws_abb_ros2/install/abb_rws_client:/home/ros2/ws_abb_ros2/install/abb_ros2:/home/ros2/ws_abb_ros2/install/abb_robot_msgs:/home/ros2/ws_abb_ros2/install/abb_resources:/home/ros2/ws_abb_ros2/install/abb_rapid_sm_addin_msgs:/home/ros2/ws_abb_ros2/install/abb_rapid_msgs:/home/ros2/ws_abb_ros2/install/abb_hardware_interface:/home/ros2/ws_abb_ros2/install/abb_egm_rws_managers:/home/ros2/ws_abb_ros2/install/abb_librws:/home/ros2/ws_abb_ros2/install/abb_libegm:/home/ros2/ws_abb_ros2/install/abb_irb4600_support:/home/ros2/ws_abb_ros2/install/abb_irb1200_5_90_moveit_config:/home/ros2/ws_abb_ros2/install/abb_irb1200_support:/home/ros2/ws_abb_ros2/install/abb_egm_msgs:/home/ros2/ws_abb_ros2/install/abb_bringup:/home/ros2/ws_RAMS/install/workcell_config:/opt/ros/humble /usr/bin/cmake --install /home/ros2/ws_RAMS/build/workcell_config
