[0.080s] DEBUG:colcon:Command line arguments: ['/usr/bin/colcon', 'build']
[0.080s] DEBUG:colcon:Parsed command line arguments: Namespace(log_base=None, log_level=None, verb_name='build', build_base='build', install_base='install', merge_install=False, symlink_install=False, test_result_base=None, continue_on_error=False, executor='parallel', parallel_workers=2, event_handlers=None, ignore_user_meta=False, metas=['./colcon.meta'], base_paths=['.'], packages_ignore=None, packages_ignore_regex=None, paths=None, packages_up_to=None, packages_up_to_regex=None, packages_above=None, packages_above_and_dependencies=None, packages_above_depth=None, packages_select_by_dep=None, packages_skip_by_dep=None, packages_skip_up_to=None, packages_select_build_failed=False, packages_skip_build_finished=False, packages_select_test_failures=False, packages_skip_test_passed=False, packages_select=None, packages_skip=None, packages_select_regex=None, packages_skip_regex=None, packages_start=None, packages_end=None, allow_overriding=[], cmake_args=None, cmake_target=None, cmake_target_skip_unavailable=False, cmake_clean_cache=False, cmake_clean_first=False, cmake_force_configure=False, ament_cmake_args=None, catkin_cmake_args=None, catkin_skip_building_tests=False, mixin_files=None, mixin=None, verb_parser=<colcon_mixin.mixin.mixin_argument.MixinArgumentDecorator object at 0x77d06a256cb0>, verb_extension=<colcon_core.verb.build.BuildVerb object at 0x77d06a256800>, main=<bound method BuildVerb.main of <colcon_core.verb.build.BuildVerb object at 0x77d06a256800>>, mixin_verb=('build',))
[0.196s] Level 1:colcon.colcon_core.package_discovery:discover_packages(colcon_meta) check parameters
[0.196s] Level 1:colcon.colcon_core.package_discovery:discover_packages(recursive) check parameters
[0.197s] Level 1:colcon.colcon_core.package_discovery:discover_packages(ignore) check parameters
[0.197s] Level 1:colcon.colcon_core.package_discovery:discover_packages(path) check parameters
[0.197s] Level 1:colcon.colcon_core.package_discovery:discover_packages(colcon_meta) discover
[0.197s] Level 1:colcon.colcon_core.package_discovery:discover_packages(recursive) discover
[0.197s] INFO:colcon.colcon_core.package_discovery:Crawling recursively for packages in '/home/ros2/ws_RAMS'
[0.197s] Level 1:colcon.colcon_core.package_identification:_identify(.) by extensions ['ignore', 'ignore_ament_install']
[0.197s] Level 1:colcon.colcon_core.package_identification:_identify(.) by extension 'ignore'
[0.197s] Level 1:colcon.colcon_core.package_identification:_identify(.) by extension 'ignore_ament_install'
[0.197s] Level 1:colcon.colcon_core.package_identification:_identify(.) by extensions ['colcon_pkg']
[0.197s] Level 1:colcon.colcon_core.package_identification:_identify(.) by extension 'colcon_pkg'
[0.197s] Level 1:colcon.colcon_core.package_identification:_identify(.) by extensions ['colcon_meta']
[0.197s] Level 1:colcon.colcon_core.package_identification:_identify(.) by extension 'colcon_meta'
[0.197s] Level 1:colcon.colcon_core.package_identification:_identify(.) by extensions ['ros']
[0.197s] Level 1:colcon.colcon_core.package_identification:_identify(.) by extension 'ros'
[0.205s] Level 1:colcon.colcon_core.package_identification:_identify(.) by extensions ['cmake', 'python']
[0.206s] Level 1:colcon.colcon_core.package_identification:_identify(.) by extension 'cmake'
[0.206s] Level 1:colcon.colcon_core.package_identification:_identify(.) by extension 'python'
[0.206s] Level 1:colcon.colcon_core.package_identification:_identify(.) by extensions ['python_setup_py']
[0.206s] Level 1:colcon.colcon_core.package_identification:_identify(.) by extension 'python_setup_py'
[0.206s] Level 1:colcon.colcon_core.package_identification:_identify(build) by extensions ['ignore', 'ignore_ament_install']
[0.206s] Level 1:colcon.colcon_core.package_identification:_identify(build) by extension 'ignore'
[0.207s] Level 1:colcon.colcon_core.package_identification:_identify(build) ignored
[0.207s] Level 1:colcon.colcon_core.package_identification:_identify(install) by extensions ['ignore', 'ignore_ament_install']
[0.207s] Level 1:colcon.colcon_core.package_identification:_identify(install) by extension 'ignore'
[0.207s] Level 1:colcon.colcon_core.package_identification:_identify(install) ignored
[0.207s] Level 1:colcon.colcon_core.package_identification:_identify(log) by extensions ['ignore', 'ignore_ament_install']
[0.207s] Level 1:colcon.colcon_core.package_identification:_identify(log) by extension 'ignore'
[0.207s] Level 1:colcon.colcon_core.package_identification:_identify(log) ignored
[0.207s] Level 1:colcon.colcon_core.package_identification:_identify(src) by extensions ['ignore', 'ignore_ament_install']
[0.207s] Level 1:colcon.colcon_core.package_identification:_identify(src) by extension 'ignore'
[0.207s] Level 1:colcon.colcon_core.package_identification:_identify(src) by extension 'ignore_ament_install'
[0.207s] Level 1:colcon.colcon_core.package_identification:_identify(src) by extensions ['colcon_pkg']
[0.207s] Level 1:colcon.colcon_core.package_identification:_identify(src) by extension 'colcon_pkg'
[0.207s] Level 1:colcon.colcon_core.package_identification:_identify(src) by extensions ['colcon_meta']
[0.207s] Level 1:colcon.colcon_core.package_identification:_identify(src) by extension 'colcon_meta'
[0.207s] Level 1:colcon.colcon_core.package_identification:_identify(src) by extensions ['ros']
[0.207s] Level 1:colcon.colcon_core.package_identification:_identify(src) by extension 'ros'
[0.208s] Level 1:colcon.colcon_core.package_identification:_identify(src) by extensions ['cmake', 'python']
[0.208s] Level 1:colcon.colcon_core.package_identification:_identify(src) by extension 'cmake'
[0.208s] Level 1:colcon.colcon_core.package_identification:_identify(src) by extension 'python'
[0.208s] Level 1:colcon.colcon_core.package_identification:_identify(src) by extensions ['python_setup_py']
[0.208s] Level 1:colcon.colcon_core.package_identification:_identify(src) by extension 'python_setup_py'
[0.208s] Level 1:colcon.colcon_core.package_identification:_identify(src/rams_interface) by extensions ['ignore', 'ignore_ament_install']
[0.208s] Level 1:colcon.colcon_core.package_identification:_identify(src/rams_interface) by extension 'ignore'
[0.208s] Level 1:colcon.colcon_core.package_identification:_identify(src/rams_interface) by extension 'ignore_ament_install'
[0.208s] Level 1:colcon.colcon_core.package_identification:_identify(src/rams_interface) by extensions ['colcon_pkg']
[0.208s] Level 1:colcon.colcon_core.package_identification:_identify(src/rams_interface) by extension 'colcon_pkg'
[0.208s] Level 1:colcon.colcon_core.package_identification:_identify(src/rams_interface) by extensions ['colcon_meta']
[0.208s] Level 1:colcon.colcon_core.package_identification:_identify(src/rams_interface) by extension 'colcon_meta'
[0.208s] Level 1:colcon.colcon_core.package_identification:_identify(src/rams_interface) by extensions ['ros']
[0.208s] Level 1:colcon.colcon_core.package_identification:_identify(src/rams_interface) by extension 'ros'
[0.210s] DEBUG:colcon.colcon_core.package_identification:Package 'src/rams_interface' with type 'ros.ament_cmake' and name 'rams_interface'
[0.210s] Level 1:colcon.colcon_core.package_identification:_identify(src/rams_perception) by extensions ['ignore', 'ignore_ament_install']
[0.210s] Level 1:colcon.colcon_core.package_identification:_identify(src/rams_perception) by extension 'ignore'
[0.210s] Level 1:colcon.colcon_core.package_identification:_identify(src/rams_perception) by extension 'ignore_ament_install'
[0.210s] Level 1:colcon.colcon_core.package_identification:_identify(src/rams_perception) by extensions ['colcon_pkg']
[0.210s] Level 1:colcon.colcon_core.package_identification:_identify(src/rams_perception) by extension 'colcon_pkg'
[0.210s] Level 1:colcon.colcon_core.package_identification:_identify(src/rams_perception) by extensions ['colcon_meta']
[0.211s] Level 1:colcon.colcon_core.package_identification:_identify(src/rams_perception) by extension 'colcon_meta'
[0.211s] Level 1:colcon.colcon_core.package_identification:_identify(src/rams_perception) by extensions ['ros']
[0.211s] Level 1:colcon.colcon_core.package_identification:_identify(src/rams_perception) by extension 'ros'
[0.211s] DEBUG:colcon.colcon_core.package_identification:Package 'src/rams_perception' with type 'ros.ament_cmake' and name 'rams_perception'
[0.211s] Level 1:colcon.colcon_core.package_identification:_identify(src/workcell_config) by extensions ['ignore', 'ignore_ament_install']
[0.211s] Level 1:colcon.colcon_core.package_identification:_identify(src/workcell_config) by extension 'ignore'
[0.211s] Level 1:colcon.colcon_core.package_identification:_identify(src/workcell_config) by extension 'ignore_ament_install'
[0.211s] Level 1:colcon.colcon_core.package_identification:_identify(src/workcell_config) by extensions ['colcon_pkg']
[0.211s] Level 1:colcon.colcon_core.package_identification:_identify(src/workcell_config) by extension 'colcon_pkg'
[0.212s] Level 1:colcon.colcon_core.package_identification:_identify(src/workcell_config) by extensions ['colcon_meta']
[0.212s] Level 1:colcon.colcon_core.package_identification:_identify(src/workcell_config) by extension 'colcon_meta'
[0.212s] Level 1:colcon.colcon_core.package_identification:_identify(src/workcell_config) by extensions ['ros']
[0.212s] Level 1:colcon.colcon_core.package_identification:_identify(src/workcell_config) by extension 'ros'
[0.212s] DEBUG:colcon.colcon_core.package_identification:Package 'src/workcell_config' with type 'ros.ament_cmake' and name 'workcell_config'
[0.212s] Level 1:colcon.colcon_core.package_identification:_identify(src/workcell_description) by extensions ['ignore', 'ignore_ament_install']
[0.212s] Level 1:colcon.colcon_core.package_identification:_identify(src/workcell_description) by extension 'ignore'
[0.213s] Level 1:colcon.colcon_core.package_identification:_identify(src/workcell_description) by extension 'ignore_ament_install'
[0.213s] Level 1:colcon.colcon_core.package_identification:_identify(src/workcell_description) by extensions ['colcon_pkg']
[0.213s] Level 1:colcon.colcon_core.package_identification:_identify(src/workcell_description) by extension 'colcon_pkg'
[0.213s] Level 1:colcon.colcon_core.package_identification:_identify(src/workcell_description) by extensions ['colcon_meta']
[0.213s] Level 1:colcon.colcon_core.package_identification:_identify(src/workcell_description) by extension 'colcon_meta'
[0.213s] Level 1:colcon.colcon_core.package_identification:_identify(src/workcell_description) by extensions ['ros']
[0.213s] Level 1:colcon.colcon_core.package_identification:_identify(src/workcell_description) by extension 'ros'
[0.213s] DEBUG:colcon.colcon_core.package_identification:Package 'src/workcell_description' with type 'ros.ament_cmake' and name 'workcell_description'
[0.213s] Level 1:colcon.colcon_core.package_discovery:discover_packages(recursive) using defaults
[0.213s] Level 1:colcon.colcon_core.package_discovery:discover_packages(ignore) discover
[0.213s] Level 1:colcon.colcon_core.package_discovery:discover_packages(ignore) using defaults
[0.213s] Level 1:colcon.colcon_core.package_discovery:discover_packages(path) discover
[0.213s] Level 1:colcon.colcon_core.package_discovery:discover_packages(path) using defaults
[0.235s] Level 1:colcon.colcon_core.package_discovery:discover_packages(prefix_path) check parameters
[0.235s] Level 1:colcon.colcon_core.package_discovery:discover_packages(prefix_path) discover
[0.238s] DEBUG:colcon.colcon_installed_package_information.package_discovery:Found 367 installed packages in /opt/ros/humble
[0.239s] Level 1:colcon.colcon_core.package_discovery:discover_packages(prefix_path) using defaults
[0.271s] Level 5:colcon.colcon_core.verb:set package 'rams_interface' build argument 'cmake_args' from command line to 'None'
[0.271s] Level 5:colcon.colcon_core.verb:set package 'rams_interface' build argument 'cmake_target' from command line to 'None'
[0.271s] Level 5:colcon.colcon_core.verb:set package 'rams_interface' build argument 'cmake_target_skip_unavailable' from command line to 'False'
[0.271s] Level 5:colcon.colcon_core.verb:set package 'rams_interface' build argument 'cmake_clean_cache' from command line to 'False'
[0.271s] Level 5:colcon.colcon_core.verb:set package 'rams_interface' build argument 'cmake_clean_first' from command line to 'False'
[0.271s] Level 5:colcon.colcon_core.verb:set package 'rams_interface' build argument 'cmake_force_configure' from command line to 'False'
[0.272s] Level 5:colcon.colcon_core.verb:set package 'rams_interface' build argument 'ament_cmake_args' from command line to 'None'
[0.272s] Level 5:colcon.colcon_core.verb:set package 'rams_interface' build argument 'catkin_cmake_args' from command line to 'None'
[0.272s] Level 5:colcon.colcon_core.verb:set package 'rams_interface' build argument 'catkin_skip_building_tests' from command line to 'False'
[0.272s] DEBUG:colcon.colcon_core.verb:Building package 'rams_interface' with the following arguments: {'ament_cmake_args': None, 'build_base': '/home/ros2/ws_RAMS/build/rams_interface', 'catkin_cmake_args': None, 'catkin_skip_building_tests': False, 'cmake_args': None, 'cmake_clean_cache': False, 'cmake_clean_first': False, 'cmake_force_configure': False, 'cmake_target': None, 'cmake_target_skip_unavailable': False, 'install_base': '/home/ros2/ws_RAMS/install/rams_interface', 'merge_install': False, 'path': '/home/ros2/ws_RAMS/src/rams_interface', 'symlink_install': False, 'test_result_base': None}
[0.272s] Level 5:colcon.colcon_core.verb:set package 'rams_perception' build argument 'cmake_args' from command line to 'None'
[0.272s] Level 5:colcon.colcon_core.verb:set package 'rams_perception' build argument 'cmake_target' from command line to 'None'
[0.272s] Level 5:colcon.colcon_core.verb:set package 'rams_perception' build argument 'cmake_target_skip_unavailable' from command line to 'False'
[0.272s] Level 5:colcon.colcon_core.verb:set package 'rams_perception' build argument 'cmake_clean_cache' from command line to 'False'
[0.272s] Level 5:colcon.colcon_core.verb:set package 'rams_perception' build argument 'cmake_clean_first' from command line to 'False'
[0.272s] Level 5:colcon.colcon_core.verb:set package 'rams_perception' build argument 'cmake_force_configure' from command line to 'False'
[0.272s] Level 5:colcon.colcon_core.verb:set package 'rams_perception' build argument 'ament_cmake_args' from command line to 'None'
[0.272s] Level 5:colcon.colcon_core.verb:set package 'rams_perception' build argument 'catkin_cmake_args' from command line to 'None'
[0.272s] Level 5:colcon.colcon_core.verb:set package 'rams_perception' build argument 'catkin_skip_building_tests' from command line to 'False'
[0.272s] DEBUG:colcon.colcon_core.verb:Building package 'rams_perception' with the following arguments: {'ament_cmake_args': None, 'build_base': '/home/ros2/ws_RAMS/build/rams_perception', 'catkin_cmake_args': None, 'catkin_skip_building_tests': False, 'cmake_args': None, 'cmake_clean_cache': False, 'cmake_clean_first': False, 'cmake_force_configure': False, 'cmake_target': None, 'cmake_target_skip_unavailable': False, 'install_base': '/home/ros2/ws_RAMS/install/rams_perception', 'merge_install': False, 'path': '/home/ros2/ws_RAMS/src/rams_perception', 'symlink_install': False, 'test_result_base': None}
[0.272s] Level 5:colcon.colcon_core.verb:set package 'workcell_description' build argument 'cmake_args' from command line to 'None'
[0.272s] Level 5:colcon.colcon_core.verb:set package 'workcell_description' build argument 'cmake_target' from command line to 'None'
[0.272s] Level 5:colcon.colcon_core.verb:set package 'workcell_description' build argument 'cmake_target_skip_unavailable' from command line to 'False'
[0.272s] Level 5:colcon.colcon_core.verb:set package 'workcell_description' build argument 'cmake_clean_cache' from command line to 'False'
[0.272s] Level 5:colcon.colcon_core.verb:set package 'workcell_description' build argument 'cmake_clean_first' from command line to 'False'
[0.272s] Level 5:colcon.colcon_core.verb:set package 'workcell_description' build argument 'cmake_force_configure' from command line to 'False'
[0.272s] Level 5:colcon.colcon_core.verb:set package 'workcell_description' build argument 'ament_cmake_args' from command line to 'None'
[0.272s] Level 5:colcon.colcon_core.verb:set package 'workcell_description' build argument 'catkin_cmake_args' from command line to 'None'
[0.272s] Level 5:colcon.colcon_core.verb:set package 'workcell_description' build argument 'catkin_skip_building_tests' from command line to 'False'
[0.272s] DEBUG:colcon.colcon_core.verb:Building package 'workcell_description' with the following arguments: {'ament_cmake_args': None, 'build_base': '/home/ros2/ws_RAMS/build/workcell_description', 'catkin_cmake_args': None, 'catkin_skip_building_tests': False, 'cmake_args': None, 'cmake_clean_cache': False, 'cmake_clean_first': False, 'cmake_force_configure': False, 'cmake_target': None, 'cmake_target_skip_unavailable': False, 'install_base': '/home/ros2/ws_RAMS/install/workcell_description', 'merge_install': False, 'path': '/home/ros2/ws_RAMS/src/workcell_description', 'symlink_install': False, 'test_result_base': None}
[0.273s] Level 5:colcon.colcon_core.verb:set package 'workcell_config' build argument 'cmake_args' from command line to 'None'
[0.273s] Level 5:colcon.colcon_core.verb:set package 'workcell_config' build argument 'cmake_target' from command line to 'None'
[0.273s] Level 5:colcon.colcon_core.verb:set package 'workcell_config' build argument 'cmake_target_skip_unavailable' from command line to 'False'
[0.273s] Level 5:colcon.colcon_core.verb:set package 'workcell_config' build argument 'cmake_clean_cache' from command line to 'False'
[0.273s] Level 5:colcon.colcon_core.verb:set package 'workcell_config' build argument 'cmake_clean_first' from command line to 'False'
[0.273s] Level 5:colcon.colcon_core.verb:set package 'workcell_config' build argument 'cmake_force_configure' from command line to 'False'
[0.273s] Level 5:colcon.colcon_core.verb:set package 'workcell_config' build argument 'ament_cmake_args' from command line to 'None'
[0.273s] Level 5:colcon.colcon_core.verb:set package 'workcell_config' build argument 'catkin_cmake_args' from command line to 'None'
[0.273s] Level 5:colcon.colcon_core.verb:set package 'workcell_config' build argument 'catkin_skip_building_tests' from command line to 'False'
[0.273s] DEBUG:colcon.colcon_core.verb:Building package 'workcell_config' with the following arguments: {'ament_cmake_args': None, 'build_base': '/home/ros2/ws_RAMS/build/workcell_config', 'catkin_cmake_args': None, 'catkin_skip_building_tests': False, 'cmake_args': None, 'cmake_clean_cache': False, 'cmake_clean_first': False, 'cmake_force_configure': False, 'cmake_target': None, 'cmake_target_skip_unavailable': False, 'install_base': '/home/ros2/ws_RAMS/install/workcell_config', 'merge_install': False, 'path': '/home/ros2/ws_RAMS/src/workcell_config', 'symlink_install': False, 'test_result_base': None}
[0.273s] INFO:colcon.colcon_core.executor:Executing jobs using 'parallel' executor
[0.274s] DEBUG:colcon.colcon_parallel_executor.executor.parallel:run_until_complete
[0.274s] INFO:colcon.colcon_ros.task.ament_cmake.build:Building ROS package in '/home/ros2/ws_RAMS/src/workcell_description' with build type 'ament_cmake'
[0.274s] INFO:colcon.colcon_cmake.task.cmake.build:Building CMake package in '/home/ros2/ws_RAMS/src/workcell_description'
[0.276s] INFO:colcon.colcon_core.plugin_system:Skipping extension 'colcon_core.shell.bat': Not used on non-Windows systems
[0.276s] INFO:colcon.colcon_core.shell:Skip shell extension 'powershell' for command environment: Not usable outside of PowerShell
[0.276s] DEBUG:colcon.colcon_core.shell:Skip shell extension 'dsv' for command environment
[0.279s] INFO:colcon.colcon_ros.task.ament_cmake.build:Building ROS package in '/home/ros2/ws_RAMS/src/rams_interface' with build type 'ament_cmake'
[0.279s] INFO:colcon.colcon_cmake.task.cmake.build:Building CMake package in '/home/ros2/ws_RAMS/src/rams_interface'
[0.279s] INFO:colcon.colcon_core.shell:Skip shell extension 'powershell' for command environment: Not usable outside of PowerShell
[0.279s] DEBUG:colcon.colcon_core.shell:Skip shell extension 'dsv' for command environment
[0.288s] DEBUG:colcon.colcon_core.event_handler.log_command:Invoking command in '/home/ros2/ws_RAMS/build/workcell_description': CMAKE_PREFIX_PATH=/opt/ros/humble /usr/bin/cmake /home/ros2/ws_RAMS/src/workcell_description -DCMAKE_INSTALL_PREFIX=/home/ros2/ws_RAMS/install/workcell_description
[0.296s] DEBUG:colcon.colcon_core.event_handler.log_command:Invoking command in '/home/ros2/ws_RAMS/build/rams_interface': CMAKE_PREFIX_PATH=/opt/ros/humble /usr/bin/cmake /home/ros2/ws_RAMS/src/rams_interface -DCMAKE_INSTALL_PREFIX=/home/ros2/ws_RAMS/install/rams_interface
[0.959s] DEBUG:colcon.colcon_core.event_handler.log_command:Invoked command in '/home/ros2/ws_RAMS/build/workcell_description' returned '0': CMAKE_PREFIX_PATH=/opt/ros/humble /usr/bin/cmake /home/ros2/ws_RAMS/src/workcell_description -DCMAKE_INSTALL_PREFIX=/home/ros2/ws_RAMS/install/workcell_description
[0.962s] DEBUG:colcon.colcon_core.event_handler.log_command:Invoking command in '/home/ros2/ws_RAMS/build/workcell_description': CMAKE_PREFIX_PATH=/opt/ros/humble /usr/bin/cmake --build /home/ros2/ws_RAMS/build/workcell_description -- -j2 -l2
[1.002s] DEBUG:colcon.colcon_core.event_handler.log_command:Invoked command in '/home/ros2/ws_RAMS/build/workcell_description' returned '0': CMAKE_PREFIX_PATH=/opt/ros/humble /usr/bin/cmake --build /home/ros2/ws_RAMS/build/workcell_description -- -j2 -l2
[1.012s] DEBUG:colcon.colcon_core.event_handler.log_command:Invoking command in '/home/ros2/ws_RAMS/build/workcell_description': CMAKE_PREFIX_PATH=/opt/ros/humble /usr/bin/cmake --install /home/ros2/ws_RAMS/build/workcell_description
[1.150s] Level 1:colcon.colcon_core.environment:create_environment_scripts_only(workcell_description)
[1.150s] DEBUG:colcon.colcon_core.event_handler.log_command:Invoked command in '/home/ros2/ws_RAMS/build/workcell_description' returned '0': CMAKE_PREFIX_PATH=/opt/ros/humble /usr/bin/cmake --install /home/ros2/ws_RAMS/build/workcell_description
[1.152s] Level 1:colcon.colcon_core.environment:checking '/home/ros2/ws_RAMS/install/workcell_description' for CMake module files
[1.152s] Level 1:colcon.colcon_core.environment:checking '/home/ros2/ws_RAMS/install/workcell_description' for CMake config files
[1.153s] Level 1:colcon.colcon_core.shell:create_environment_hook('workcell_description', 'cmake_prefix_path')
[1.153s] INFO:colcon.colcon_core.shell:Creating environment hook '/home/ros2/ws_RAMS/install/workcell_description/share/workcell_description/hook/cmake_prefix_path.ps1'
[1.154s] INFO:colcon.colcon_core.shell:Creating environment descriptor '/home/ros2/ws_RAMS/install/workcell_description/share/workcell_description/hook/cmake_prefix_path.dsv'
[1.154s] INFO:colcon.colcon_core.shell:Creating environment hook '/home/ros2/ws_RAMS/install/workcell_description/share/workcell_description/hook/cmake_prefix_path.sh'
[1.155s] Level 1:colcon.colcon_core.environment:checking '/home/ros2/ws_RAMS/install/workcell_description/bin'
[1.155s] Level 1:colcon.colcon_core.environment:checking '/home/ros2/ws_RAMS/install/workcell_description/lib/pkgconfig/workcell_description.pc'
[1.155s] Level 1:colcon.colcon_core.environment:checking '/home/ros2/ws_RAMS/install/workcell_description/lib/python3.10/site-packages'
[1.155s] Level 1:colcon.colcon_core.environment:checking '/home/ros2/ws_RAMS/install/workcell_description/bin'
[1.156s] INFO:colcon.colcon_core.shell:Creating package script '/home/ros2/ws_RAMS/install/workcell_description/share/workcell_description/package.ps1'
[1.156s] INFO:colcon.colcon_core.shell:Creating package descriptor '/home/ros2/ws_RAMS/install/workcell_description/share/workcell_description/package.dsv'
[1.157s] INFO:colcon.colcon_core.shell:Creating package script '/home/ros2/ws_RAMS/install/workcell_description/share/workcell_description/package.sh'
[1.157s] INFO:colcon.colcon_core.shell:Creating package script '/home/ros2/ws_RAMS/install/workcell_description/share/workcell_description/package.bash'
[1.158s] INFO:colcon.colcon_core.shell:Creating package script '/home/ros2/ws_RAMS/install/workcell_description/share/workcell_description/package.zsh'
[1.158s] Level 1:colcon.colcon_core.environment:create_file_with_runtime_dependencies(/home/ros2/ws_RAMS/install/workcell_description/share/colcon-core/packages/workcell_description)
[1.159s] Level 1:colcon.colcon_core.environment:create_environment_scripts_only(workcell_description)
[1.159s] Level 1:colcon.colcon_core.environment:checking '/home/ros2/ws_RAMS/install/workcell_description' for CMake module files
[1.160s] Level 1:colcon.colcon_core.environment:checking '/home/ros2/ws_RAMS/install/workcell_description' for CMake config files
[1.162s] Level 1:colcon.colcon_core.shell:create_environment_hook('workcell_description', 'cmake_prefix_path')
[1.162s] INFO:colcon.colcon_core.shell:Creating environment hook '/home/ros2/ws_RAMS/install/workcell_description/share/workcell_description/hook/cmake_prefix_path.ps1'
[1.163s] INFO:colcon.colcon_core.shell:Creating environment descriptor '/home/ros2/ws_RAMS/install/workcell_description/share/workcell_description/hook/cmake_prefix_path.dsv'
[1.163s] INFO:colcon.colcon_core.shell:Creating environment hook '/home/ros2/ws_RAMS/install/workcell_description/share/workcell_description/hook/cmake_prefix_path.sh'
[1.164s] Level 1:colcon.colcon_core.environment:checking '/home/ros2/ws_RAMS/install/workcell_description/bin'
[1.164s] Level 1:colcon.colcon_core.environment:checking '/home/ros2/ws_RAMS/install/workcell_description/lib/pkgconfig/workcell_description.pc'
[1.164s] Level 1:colcon.colcon_core.environment:checking '/home/ros2/ws_RAMS/install/workcell_description/lib/python3.10/site-packages'
[1.164s] Level 1:colcon.colcon_core.environment:checking '/home/ros2/ws_RAMS/install/workcell_description/bin'
[1.164s] INFO:colcon.colcon_core.shell:Creating package script '/home/ros2/ws_RAMS/install/workcell_description/share/workcell_description/package.ps1'
[1.165s] INFO:colcon.colcon_core.shell:Creating package descriptor '/home/ros2/ws_RAMS/install/workcell_description/share/workcell_description/package.dsv'
[1.165s] INFO:colcon.colcon_core.shell:Creating package script '/home/ros2/ws_RAMS/install/workcell_description/share/workcell_description/package.sh'
[1.166s] INFO:colcon.colcon_core.shell:Creating package script '/home/ros2/ws_RAMS/install/workcell_description/share/workcell_description/package.bash'
[1.166s] INFO:colcon.colcon_core.shell:Creating package script '/home/ros2/ws_RAMS/install/workcell_description/share/workcell_description/package.zsh'
[1.168s] Level 1:colcon.colcon_core.environment:create_file_with_runtime_dependencies(/home/ros2/ws_RAMS/install/workcell_description/share/colcon-core/packages/workcell_description)
[1.169s] INFO:colcon.colcon_ros.task.ament_cmake.build:Building ROS package in '/home/ros2/ws_RAMS/src/rams_perception' with build type 'ament_cmake'
[1.169s] INFO:colcon.colcon_cmake.task.cmake.build:Building CMake package in '/home/ros2/ws_RAMS/src/rams_perception'
[1.169s] INFO:colcon.colcon_core.shell:Skip shell extension 'powershell' for command environment: Not usable outside of PowerShell
[1.169s] DEBUG:colcon.colcon_core.shell:Skip shell extension 'dsv' for command environment
[1.181s] DEBUG:colcon.colcon_core.event_handler.log_command:Invoking command in '/home/ros2/ws_RAMS/build/rams_perception': CMAKE_PREFIX_PATH=/opt/ros/humble /usr/bin/cmake /home/ros2/ws_RAMS/src/rams_perception -DCMAKE_INSTALL_PREFIX=/home/ros2/ws_RAMS/install/rams_perception
[2.769s] DEBUG:colcon.colcon_core.event_handler.log_command:Invoked command in '/home/ros2/ws_RAMS/build/rams_perception' returned '0': CMAKE_PREFIX_PATH=/opt/ros/humble /usr/bin/cmake /home/ros2/ws_RAMS/src/rams_perception -DCMAKE_INSTALL_PREFIX=/home/ros2/ws_RAMS/install/rams_perception
[2.772s] DEBUG:colcon.colcon_core.event_handler.log_command:Invoking command in '/home/ros2/ws_RAMS/build/rams_perception': CMAKE_PREFIX_PATH=/opt/ros/humble /usr/bin/cmake --build /home/ros2/ws_RAMS/build/rams_perception -- -j2 -l2
[4.384s] DEBUG:colcon.colcon_core.event_handler.log_command:Invoked command in '/home/ros2/ws_RAMS/build/rams_interface' returned '0': CMAKE_PREFIX_PATH=/opt/ros/humble /usr/bin/cmake /home/ros2/ws_RAMS/src/rams_interface -DCMAKE_INSTALL_PREFIX=/home/ros2/ws_RAMS/install/rams_interface
[4.386s] DEBUG:colcon.colcon_core.event_handler.log_command:Invoking command in '/home/ros2/ws_RAMS/build/rams_interface': CMAKE_PREFIX_PATH=/opt/ros/humble /usr/bin/cmake --build /home/ros2/ws_RAMS/build/rams_interface -- -j2 -l2
[19.175s] DEBUG:colcon.colcon_core.event_handler.log_command:Invoked command in '/home/ros2/ws_RAMS/build/rams_perception' returned '0': CMAKE_PREFIX_PATH=/opt/ros/humble /usr/bin/cmake --build /home/ros2/ws_RAMS/build/rams_perception -- -j2 -l2
[19.176s] DEBUG:colcon.colcon_core.event_handler.log_command:Invoking command in '/home/ros2/ws_RAMS/build/rams_perception': CMAKE_PREFIX_PATH=/opt/ros/humble /usr/bin/cmake --install /home/ros2/ws_RAMS/build/rams_perception
[19.192s] Level 1:colcon.colcon_core.environment:create_environment_scripts_only(rams_perception)
[19.192s] Level 1:colcon.colcon_core.environment:checking '/home/ros2/ws_RAMS/install/rams_perception' for CMake module files
[19.192s] Level 1:colcon.colcon_core.environment:checking '/home/ros2/ws_RAMS/install/rams_perception' for CMake config files
[19.193s] Level 1:colcon.colcon_core.shell:create_environment_hook('rams_perception', 'cmake_prefix_path')
[19.193s] INFO:colcon.colcon_core.shell:Creating environment hook '/home/ros2/ws_RAMS/install/rams_perception/share/rams_perception/hook/cmake_prefix_path.ps1'
[19.193s] INFO:colcon.colcon_core.shell:Creating environment descriptor '/home/ros2/ws_RAMS/install/rams_perception/share/rams_perception/hook/cmake_prefix_path.dsv'
[19.193s] INFO:colcon.colcon_core.shell:Creating environment hook '/home/ros2/ws_RAMS/install/rams_perception/share/rams_perception/hook/cmake_prefix_path.sh'
[19.194s] Level 1:colcon.colcon_core.environment:checking '/home/ros2/ws_RAMS/install/rams_perception/lib'
[19.194s] Level 1:colcon.colcon_core.environment:checking '/home/ros2/ws_RAMS/install/rams_perception/bin'
[19.194s] Level 1:colcon.colcon_core.environment:checking '/home/ros2/ws_RAMS/install/rams_perception/lib/pkgconfig/rams_perception.pc'
[19.195s] Level 1:colcon.colcon_core.environment:checking '/home/ros2/ws_RAMS/install/rams_perception/lib/python3.10/site-packages'
[19.195s] DEBUG:colcon.colcon_core.event_handler.log_command:Invoked command in '/home/ros2/ws_RAMS/build/rams_perception' returned '0': CMAKE_PREFIX_PATH=/opt/ros/humble /usr/bin/cmake --install /home/ros2/ws_RAMS/build/rams_perception
[19.195s] Level 1:colcon.colcon_core.environment:checking '/home/ros2/ws_RAMS/install/rams_perception/bin'
[19.196s] INFO:colcon.colcon_core.shell:Creating package script '/home/ros2/ws_RAMS/install/rams_perception/share/rams_perception/package.ps1'
[19.196s] INFO:colcon.colcon_core.shell:Creating package descriptor '/home/ros2/ws_RAMS/install/rams_perception/share/rams_perception/package.dsv'
[19.196s] INFO:colcon.colcon_core.shell:Creating package script '/home/ros2/ws_RAMS/install/rams_perception/share/rams_perception/package.sh'
[19.196s] INFO:colcon.colcon_core.shell:Creating package script '/home/ros2/ws_RAMS/install/rams_perception/share/rams_perception/package.bash'
[19.197s] INFO:colcon.colcon_core.shell:Creating package script '/home/ros2/ws_RAMS/install/rams_perception/share/rams_perception/package.zsh'
[19.197s] Level 1:colcon.colcon_core.environment:create_file_with_runtime_dependencies(/home/ros2/ws_RAMS/install/rams_perception/share/colcon-core/packages/rams_perception)
[19.198s] Level 1:colcon.colcon_core.environment:create_environment_scripts_only(rams_perception)
[19.198s] Level 1:colcon.colcon_core.environment:checking '/home/ros2/ws_RAMS/install/rams_perception' for CMake module files
[19.199s] Level 1:colcon.colcon_core.environment:checking '/home/ros2/ws_RAMS/install/rams_perception' for CMake config files
[19.199s] Level 1:colcon.colcon_core.shell:create_environment_hook('rams_perception', 'cmake_prefix_path')
[19.201s] INFO:colcon.colcon_core.shell:Creating environment hook '/home/ros2/ws_RAMS/install/rams_perception/share/rams_perception/hook/cmake_prefix_path.ps1'
[19.201s] INFO:colcon.colcon_core.shell:Creating environment descriptor '/home/ros2/ws_RAMS/install/rams_perception/share/rams_perception/hook/cmake_prefix_path.dsv'
[19.202s] INFO:colcon.colcon_core.shell:Creating environment hook '/home/ros2/ws_RAMS/install/rams_perception/share/rams_perception/hook/cmake_prefix_path.sh'
[19.202s] Level 1:colcon.colcon_core.environment:checking '/home/ros2/ws_RAMS/install/rams_perception/lib'
[19.202s] Level 1:colcon.colcon_core.environment:checking '/home/ros2/ws_RAMS/install/rams_perception/bin'
[19.202s] Level 1:colcon.colcon_core.environment:checking '/home/ros2/ws_RAMS/install/rams_perception/lib/pkgconfig/rams_perception.pc'
[19.203s] Level 1:colcon.colcon_core.environment:checking '/home/ros2/ws_RAMS/install/rams_perception/lib/python3.10/site-packages'
[19.203s] Level 1:colcon.colcon_core.environment:checking '/home/ros2/ws_RAMS/install/rams_perception/bin'
[19.203s] INFO:colcon.colcon_core.shell:Creating package script '/home/ros2/ws_RAMS/install/rams_perception/share/rams_perception/package.ps1'
[19.204s] INFO:colcon.colcon_core.shell:Creating package descriptor '/home/ros2/ws_RAMS/install/rams_perception/share/rams_perception/package.dsv'
[19.204s] INFO:colcon.colcon_core.shell:Creating package script '/home/ros2/ws_RAMS/install/rams_perception/share/rams_perception/package.sh'
[19.204s] INFO:colcon.colcon_core.shell:Creating package script '/home/ros2/ws_RAMS/install/rams_perception/share/rams_perception/package.bash'
[19.205s] INFO:colcon.colcon_core.shell:Creating package script '/home/ros2/ws_RAMS/install/rams_perception/share/rams_perception/package.zsh'
[19.205s] Level 1:colcon.colcon_core.environment:create_file_with_runtime_dependencies(/home/ros2/ws_RAMS/install/rams_perception/share/colcon-core/packages/rams_perception)
[19.205s] INFO:colcon.colcon_ros.task.ament_cmake.build:Building ROS package in '/home/ros2/ws_RAMS/src/workcell_config' with build type 'ament_cmake'
[19.206s] INFO:colcon.colcon_cmake.task.cmake.build:Building CMake package in '/home/ros2/ws_RAMS/src/workcell_config'
[19.206s] INFO:colcon.colcon_core.shell:Skip shell extension 'powershell' for command environment: Not usable outside of PowerShell
[19.206s] DEBUG:colcon.colcon_core.shell:Skip shell extension 'dsv' for command environment
[19.215s] DEBUG:colcon.colcon_core.event_handler.log_command:Invoking command in '/home/ros2/ws_RAMS/build/workcell_config': AMENT_PREFIX_PATH=/home/ros2/ws_RAMS/install/workcell_description:${AMENT_PREFIX_PATH} CMAKE_PREFIX_PATH=/home/ros2/ws_RAMS/install/workcell_description:/opt/ros/humble /usr/bin/cmake /home/ros2/ws_RAMS/src/workcell_config -DCMAKE_INSTALL_PREFIX=/home/ros2/ws_RAMS/install/workcell_config
[19.854s] DEBUG:colcon.colcon_core.event_handler.log_command:Invoked command in '/home/ros2/ws_RAMS/build/workcell_config' returned '0': AMENT_PREFIX_PATH=/home/ros2/ws_RAMS/install/workcell_description:${AMENT_PREFIX_PATH} CMAKE_PREFIX_PATH=/home/ros2/ws_RAMS/install/workcell_description:/opt/ros/humble /usr/bin/cmake /home/ros2/ws_RAMS/src/workcell_config -DCMAKE_INSTALL_PREFIX=/home/ros2/ws_RAMS/install/workcell_config
[19.854s] DEBUG:colcon.colcon_core.event_handler.log_command:Invoking command in '/home/ros2/ws_RAMS/build/workcell_config': AMENT_PREFIX_PATH=/home/ros2/ws_RAMS/install/workcell_description:${AMENT_PREFIX_PATH} CMAKE_PREFIX_PATH=/home/ros2/ws_RAMS/install/workcell_description:/opt/ros/humble /usr/bin/cmake --build /home/ros2/ws_RAMS/build/workcell_config -- -j2 -l2
[19.905s] DEBUG:colcon.colcon_core.event_handler.log_command:Invoked command in '/home/ros2/ws_RAMS/build/workcell_config' returned '0': AMENT_PREFIX_PATH=/home/ros2/ws_RAMS/install/workcell_description:${AMENT_PREFIX_PATH} CMAKE_PREFIX_PATH=/home/ros2/ws_RAMS/install/workcell_description:/opt/ros/humble /usr/bin/cmake --build /home/ros2/ws_RAMS/build/workcell_config -- -j2 -l2
[19.908s] DEBUG:colcon.colcon_core.event_handler.log_command:Invoking command in '/home/ros2/ws_RAMS/build/workcell_config': AMENT_PREFIX_PATH=/home/ros2/ws_RAMS/install/workcell_description:${AMENT_PREFIX_PATH} CMAKE_PREFIX_PATH=/home/ros2/ws_RAMS/install/workcell_description:/opt/ros/humble /usr/bin/cmake --install /home/ros2/ws_RAMS/build/workcell_config
[19.948s] Level 1:colcon.colcon_core.environment:create_environment_scripts_only(workcell_config)
[19.948s] Level 1:colcon.colcon_core.environment:checking '/home/ros2/ws_RAMS/install/workcell_config' for CMake module files
[19.948s] Level 1:colcon.colcon_core.environment:checking '/home/ros2/ws_RAMS/install/workcell_config' for CMake config files
[19.949s] Level 1:colcon.colcon_core.shell:create_environment_hook('workcell_config', 'cmake_prefix_path')
[19.949s] INFO:colcon.colcon_core.shell:Creating environment hook '/home/ros2/ws_RAMS/install/workcell_config/share/workcell_config/hook/cmake_prefix_path.ps1'
[19.951s] DEBUG:colcon.colcon_core.event_handler.log_command:Invoked command in '/home/ros2/ws_RAMS/build/workcell_config' returned '0': AMENT_PREFIX_PATH=/home/ros2/ws_RAMS/install/workcell_description:${AMENT_PREFIX_PATH} CMAKE_PREFIX_PATH=/home/ros2/ws_RAMS/install/workcell_description:/opt/ros/humble /usr/bin/cmake --install /home/ros2/ws_RAMS/build/workcell_config
[19.952s] INFO:colcon.colcon_core.shell:Creating environment descriptor '/home/ros2/ws_RAMS/install/workcell_config/share/workcell_config/hook/cmake_prefix_path.dsv'
[19.952s] INFO:colcon.colcon_core.shell:Creating environment hook '/home/ros2/ws_RAMS/install/workcell_config/share/workcell_config/hook/cmake_prefix_path.sh'
[19.952s] Level 1:colcon.colcon_core.environment:checking '/home/ros2/ws_RAMS/install/workcell_config/bin'
[19.952s] Level 1:colcon.colcon_core.environment:checking '/home/ros2/ws_RAMS/install/workcell_config/lib/pkgconfig/workcell_config.pc'
[19.953s] Level 1:colcon.colcon_core.environment:checking '/home/ros2/ws_RAMS/install/workcell_config/lib/python3.10/site-packages'
[19.953s] Level 1:colcon.colcon_core.environment:checking '/home/ros2/ws_RAMS/install/workcell_config/bin'
[19.953s] INFO:colcon.colcon_core.shell:Creating package script '/home/ros2/ws_RAMS/install/workcell_config/share/workcell_config/package.ps1'
[19.954s] INFO:colcon.colcon_core.shell:Creating package descriptor '/home/ros2/ws_RAMS/install/workcell_config/share/workcell_config/package.dsv'
[19.954s] INFO:colcon.colcon_core.shell:Creating package script '/home/ros2/ws_RAMS/install/workcell_config/share/workcell_config/package.sh'
[19.955s] INFO:colcon.colcon_core.shell:Creating package script '/home/ros2/ws_RAMS/install/workcell_config/share/workcell_config/package.bash'
[19.955s] INFO:colcon.colcon_core.shell:Creating package script '/home/ros2/ws_RAMS/install/workcell_config/share/workcell_config/package.zsh'
[19.955s] Level 1:colcon.colcon_core.environment:create_file_with_runtime_dependencies(/home/ros2/ws_RAMS/install/workcell_config/share/colcon-core/packages/workcell_config)
[19.956s] Level 1:colcon.colcon_core.environment:create_environment_scripts_only(workcell_config)
[19.956s] Level 1:colcon.colcon_core.environment:checking '/home/ros2/ws_RAMS/install/workcell_config' for CMake module files
[19.957s] Level 1:colcon.colcon_core.environment:checking '/home/ros2/ws_RAMS/install/workcell_config' for CMake config files
[19.957s] Level 1:colcon.colcon_core.shell:create_environment_hook('workcell_config', 'cmake_prefix_path')
[19.957s] INFO:colcon.colcon_core.shell:Creating environment hook '/home/ros2/ws_RAMS/install/workcell_config/share/workcell_config/hook/cmake_prefix_path.ps1'
[19.957s] INFO:colcon.colcon_core.shell:Creating environment descriptor '/home/ros2/ws_RAMS/install/workcell_config/share/workcell_config/hook/cmake_prefix_path.dsv'
[19.959s] INFO:colcon.colcon_core.shell:Creating environment hook '/home/ros2/ws_RAMS/install/workcell_config/share/workcell_config/hook/cmake_prefix_path.sh'
[19.960s] Level 1:colcon.colcon_core.environment:checking '/home/ros2/ws_RAMS/install/workcell_config/bin'
[19.960s] Level 1:colcon.colcon_core.environment:checking '/home/ros2/ws_RAMS/install/workcell_config/lib/pkgconfig/workcell_config.pc'
[19.960s] Level 1:colcon.colcon_core.environment:checking '/home/ros2/ws_RAMS/install/workcell_config/lib/python3.10/site-packages'
[19.960s] Level 1:colcon.colcon_core.environment:checking '/home/ros2/ws_RAMS/install/workcell_config/bin'
[19.961s] INFO:colcon.colcon_core.shell:Creating package script '/home/ros2/ws_RAMS/install/workcell_config/share/workcell_config/package.ps1'
[19.961s] INFO:colcon.colcon_core.shell:Creating package descriptor '/home/ros2/ws_RAMS/install/workcell_config/share/workcell_config/package.dsv'
[19.962s] INFO:colcon.colcon_core.shell:Creating package script '/home/ros2/ws_RAMS/install/workcell_config/share/workcell_config/package.sh'
[19.967s] INFO:colcon.colcon_core.shell:Creating package script '/home/ros2/ws_RAMS/install/workcell_config/share/workcell_config/package.bash'
[19.967s] INFO:colcon.colcon_core.shell:Creating package script '/home/ros2/ws_RAMS/install/workcell_config/share/workcell_config/package.zsh'
[19.968s] Level 1:colcon.colcon_core.environment:create_file_with_runtime_dependencies(/home/ros2/ws_RAMS/install/workcell_config/share/colcon-core/packages/workcell_config)
[20.348s] Level 1:colcon.colcon_core.environment:create_environment_scripts_only(rams_interface)
[20.349s] Level 1:colcon.colcon_core.environment:checking '/home/ros2/ws_RAMS/install/rams_interface' for CMake module files
[20.349s] Level 1:colcon.colcon_core.environment:checking '/home/ros2/ws_RAMS/install/rams_interface' for CMake config files
[20.349s] Level 1:colcon.colcon_core.environment:checking '/home/ros2/ws_RAMS/install/rams_interface/bin'
[20.349s] Level 1:colcon.colcon_core.environment:checking '/home/ros2/ws_RAMS/install/rams_interface/lib/pkgconfig/rams_interface.pc'
[20.349s] DEBUG:colcon.colcon_core.event_handler.log_command:Invoked command in '/home/ros2/ws_RAMS/build/rams_interface' returned '2': CMAKE_PREFIX_PATH=/opt/ros/humble /usr/bin/cmake --build /home/ros2/ws_RAMS/build/rams_interface -- -j2 -l2
[20.349s] Level 1:colcon.colcon_core.environment:checking '/home/ros2/ws_RAMS/install/rams_interface/lib/python3.10/site-packages'
[20.351s] Level 1:colcon.colcon_core.environment:checking '/home/ros2/ws_RAMS/install/rams_interface/bin'
[20.351s] INFO:colcon.colcon_core.shell:Creating package script '/home/ros2/ws_RAMS/install/rams_interface/share/rams_interface/package.ps1'
[20.352s] INFO:colcon.colcon_core.shell:Creating package descriptor '/home/ros2/ws_RAMS/install/rams_interface/share/rams_interface/package.dsv'
[20.352s] INFO:colcon.colcon_core.shell:Creating package script '/home/ros2/ws_RAMS/install/rams_interface/share/rams_interface/package.sh'
[20.352s] INFO:colcon.colcon_core.shell:Creating package script '/home/ros2/ws_RAMS/install/rams_interface/share/rams_interface/package.bash'
[20.353s] INFO:colcon.colcon_core.shell:Creating package script '/home/ros2/ws_RAMS/install/rams_interface/share/rams_interface/package.zsh'
[20.353s] Level 1:colcon.colcon_core.environment:create_file_with_runtime_dependencies(/home/ros2/ws_RAMS/install/rams_interface/share/colcon-core/packages/rams_interface)
[20.364s] DEBUG:colcon.colcon_parallel_executor.executor.parallel:closing loop
[20.365s] DEBUG:colcon.colcon_parallel_executor.executor.parallel:loop closed
[20.365s] DEBUG:colcon.colcon_parallel_executor.executor.parallel:run_until_complete finished with '2'
[20.365s] DEBUG:colcon.colcon_core.event_reactor:joining thread
[20.369s] INFO:colcon.colcon_core.plugin_system:Skipping extension 'colcon_notification.desktop_notification.terminal_notifier': Not used on non-Darwin systems
[20.369s] INFO:colcon.colcon_core.plugin_system:Skipping extension 'colcon_notification.desktop_notification.win32': Not used on non-Windows systems
[20.369s] INFO:colcon.colcon_notification.desktop_notification:Sending desktop notification using 'notify2'
[20.379s] DEBUG:colcon.colcon_core.event_reactor:joined thread
[20.380s] INFO:colcon.colcon_core.shell:Creating prefix script '/home/ros2/ws_RAMS/install/local_setup.ps1'
[20.381s] INFO:colcon.colcon_core.shell:Creating prefix util module '/home/ros2/ws_RAMS/install/_local_setup_util_ps1.py'
[20.381s] INFO:colcon.colcon_core.shell:Creating prefix chain script '/home/ros2/ws_RAMS/install/setup.ps1'
[20.382s] INFO:colcon.colcon_core.shell:Creating prefix script '/home/ros2/ws_RAMS/install/local_setup.sh'
[20.385s] INFO:colcon.colcon_core.shell:Creating prefix util module '/home/ros2/ws_RAMS/install/_local_setup_util_sh.py'
[20.385s] INFO:colcon.colcon_core.shell:Creating prefix chain script '/home/ros2/ws_RAMS/install/setup.sh'
[20.386s] INFO:colcon.colcon_core.shell:Creating prefix script '/home/ros2/ws_RAMS/install/local_setup.bash'
[20.387s] INFO:colcon.colcon_core.shell:Creating prefix chain script '/home/ros2/ws_RAMS/install/setup.bash'
[20.388s] INFO:colcon.colcon_core.shell:Creating prefix script '/home/ros2/ws_RAMS/install/local_setup.zsh'
[20.389s] INFO:colcon.colcon_core.shell:Creating prefix chain script '/home/ros2/ws_RAMS/install/setup.zsh'
