[0.157s] DEBUG:colcon:Command line arguments: ['/usr/bin/colcon', 'build']
[0.157s] DEBUG:colcon:Parsed command line arguments: Namespace(log_base=None, log_level=None, verb_name='build', build_base='build', install_base='install', merge_install=False, symlink_install=False, test_result_base=None, continue_on_error=False, executor='parallel', parallel_workers=2, event_handlers=None, ignore_user_meta=False, metas=['./colcon.meta'], base_paths=['.'], packages_ignore=None, packages_ignore_regex=None, paths=None, packages_up_to=None, packages_up_to_regex=None, packages_above=None, packages_above_and_dependencies=None, packages_above_depth=None, packages_select_by_dep=None, packages_skip_by_dep=None, packages_skip_up_to=None, packages_select_build_failed=False, packages_skip_build_finished=False, packages_select_test_failures=False, packages_skip_test_passed=False, packages_select=None, packages_skip=None, packages_select_regex=None, packages_skip_regex=None, packages_start=None, packages_end=None, allow_overriding=[], cmake_args=None, cmake_target=None, cmake_target_skip_unavailable=False, cmake_clean_cache=False, cmake_clean_first=False, cmake_force_configure=False, ament_cmake_args=None, catkin_cmake_args=None, catkin_skip_building_tests=False, mixin_files=None, mixin=None, verb_parser=<colcon_mixin.mixin.mixin_argument.MixinArgumentDecorator object at 0x72070882db40>, verb_extension=<colcon_core.verb.build.BuildVerb object at 0x72070882d720>, main=<bound method BuildVerb.main of <colcon_core.verb.build.BuildVerb object at 0x72070882d720>>, mixin_verb=('build',))
[0.318s] Level 1:colcon.colcon_core.package_discovery:discover_packages(colcon_meta) check parameters
[0.318s] Level 1:colcon.colcon_core.package_discovery:discover_packages(recursive) check parameters
[0.318s] Level 1:colcon.colcon_core.package_discovery:discover_packages(ignore) check parameters
[0.318s] Level 1:colcon.colcon_core.package_discovery:discover_packages(path) check parameters
[0.318s] Level 1:colcon.colcon_core.package_discovery:discover_packages(colcon_meta) discover
[0.318s] Level 1:colcon.colcon_core.package_discovery:discover_packages(recursive) discover
[0.318s] INFO:colcon.colcon_core.package_discovery:Crawling recursively for packages in '/home/ros2/ws_RAMS/src/rams_perception'
[0.318s] Level 1:colcon.colcon_core.package_identification:_identify(.) by extensions ['ignore', 'ignore_ament_install']
[0.318s] Level 1:colcon.colcon_core.package_identification:_identify(.) by extension 'ignore'
[0.318s] Level 1:colcon.colcon_core.package_identification:_identify(.) by extension 'ignore_ament_install'
[0.318s] Level 1:colcon.colcon_core.package_identification:_identify(.) by extensions ['colcon_pkg']
[0.318s] Level 1:colcon.colcon_core.package_identification:_identify(.) by extension 'colcon_pkg'
[0.318s] Level 1:colcon.colcon_core.package_identification:_identify(.) by extensions ['colcon_meta']
[0.318s] Level 1:colcon.colcon_core.package_identification:_identify(.) by extension 'colcon_meta'
[0.318s] Level 1:colcon.colcon_core.package_identification:_identify(.) by extensions ['ros']
[0.318s] Level 1:colcon.colcon_core.package_identification:_identify(.) by extension 'ros'
[0.329s] DEBUG:colcon.colcon_core.package_identification:Package '.' with type 'ros.ament_cmake' and name 'rams_perception'
[0.329s] Level 1:colcon.colcon_core.package_discovery:discover_packages(recursive) using defaults
[0.329s] Level 1:colcon.colcon_core.package_discovery:discover_packages(ignore) discover
[0.329s] Level 1:colcon.colcon_core.package_discovery:discover_packages(ignore) using defaults
[0.329s] Level 1:colcon.colcon_core.package_discovery:discover_packages(path) discover
[0.329s] Level 1:colcon.colcon_core.package_discovery:discover_packages(path) using defaults
[0.350s] Level 1:colcon.colcon_core.package_discovery:discover_packages(prefix_path) check parameters
[0.350s] Level 1:colcon.colcon_core.package_discovery:discover_packages(prefix_path) discover
[0.351s] Level 1:colcon.colcon_core.package_discovery:discover_packages(prefix_path) using defaults
[0.353s] Level 5:colcon.colcon_core.verb:set package 'rams_perception' build argument 'cmake_args' from command line to 'None'
[0.353s] Level 5:colcon.colcon_core.verb:set package 'rams_perception' build argument 'cmake_target' from command line to 'None'
[0.353s] Level 5:colcon.colcon_core.verb:set package 'rams_perception' build argument 'cmake_target_skip_unavailable' from command line to 'False'
[0.353s] Level 5:colcon.colcon_core.verb:set package 'rams_perception' build argument 'cmake_clean_cache' from command line to 'False'
[0.353s] Level 5:colcon.colcon_core.verb:set package 'rams_perception' build argument 'cmake_clean_first' from command line to 'False'
[0.353s] Level 5:colcon.colcon_core.verb:set package 'rams_perception' build argument 'cmake_force_configure' from command line to 'False'
[0.353s] Level 5:colcon.colcon_core.verb:set package 'rams_perception' build argument 'ament_cmake_args' from command line to 'None'
[0.353s] Level 5:colcon.colcon_core.verb:set package 'rams_perception' build argument 'catkin_cmake_args' from command line to 'None'
[0.353s] Level 5:colcon.colcon_core.verb:set package 'rams_perception' build argument 'catkin_skip_building_tests' from command line to 'False'
[0.353s] DEBUG:colcon.colcon_core.verb:Building package 'rams_perception' with the following arguments: {'ament_cmake_args': None, 'build_base': '/home/ros2/ws_RAMS/src/rams_perception/build/rams_perception', 'catkin_cmake_args': None, 'catkin_skip_building_tests': False, 'cmake_args': None, 'cmake_clean_cache': False, 'cmake_clean_first': False, 'cmake_force_configure': False, 'cmake_target': None, 'cmake_target_skip_unavailable': False, 'install_base': '/home/ros2/ws_RAMS/src/rams_perception/install/rams_perception', 'merge_install': False, 'path': '/home/ros2/ws_RAMS/src/rams_perception', 'symlink_install': False, 'test_result_base': None}
[0.353s] INFO:colcon.colcon_core.executor:Executing jobs using 'parallel' executor
[0.354s] DEBUG:colcon.colcon_parallel_executor.executor.parallel:run_until_complete
[0.354s] INFO:colcon.colcon_ros.task.ament_cmake.build:Building ROS package in '/home/ros2/ws_RAMS/src/rams_perception' with build type 'ament_cmake'
[0.354s] INFO:colcon.colcon_cmake.task.cmake.build:Building CMake package in '/home/ros2/ws_RAMS/src/rams_perception'
[0.357s] INFO:colcon.colcon_core.plugin_system:Skipping extension 'colcon_core.shell.bat': Not used on non-Windows systems
[0.358s] INFO:colcon.colcon_core.shell:Skip shell extension 'powershell' for command environment: Not usable outside of PowerShell
[0.358s] DEBUG:colcon.colcon_core.shell:Skip shell extension 'dsv' for command environment
[0.363s] DEBUG:colcon.colcon_core.event_handler.log_command:Invoking command in '/home/ros2/ws_RAMS/src/rams_perception/build/rams_perception': /usr/bin/cmake /home/ros2/ws_RAMS/src/rams_perception -DCMAKE_INSTALL_PREFIX=/home/ros2/ws_RAMS/src/rams_perception/install/rams_perception
[0.679s] DEBUG:colcon.colcon_core.event_handler.log_command:Invoked command in '/home/ros2/ws_RAMS/src/rams_perception/build/rams_perception' returned '1': /usr/bin/cmake /home/ros2/ws_RAMS/src/rams_perception -DCMAKE_INSTALL_PREFIX=/home/ros2/ws_RAMS/src/rams_perception/install/rams_perception
[0.689s] Level 1:colcon.colcon_core.environment:create_environment_scripts_only(rams_perception)
[0.694s] Level 1:colcon.colcon_core.environment:checking '/home/ros2/ws_RAMS/src/rams_perception/install/rams_perception' for CMake module files
[0.694s] Level 1:colcon.colcon_core.environment:checking '/home/ros2/ws_RAMS/src/rams_perception/install/rams_perception' for CMake config files
[0.694s] Level 1:colcon.colcon_core.environment:checking '/home/ros2/ws_RAMS/src/rams_perception/install/rams_perception/bin'
[0.694s] Level 1:colcon.colcon_core.environment:checking '/home/ros2/ws_RAMS/src/rams_perception/install/rams_perception/lib/pkgconfig/rams_perception.pc'
[0.696s] Level 1:colcon.colcon_core.environment:checking '/home/ros2/ws_RAMS/src/rams_perception/install/rams_perception/lib/python3.10/site-packages'
[0.696s] Level 1:colcon.colcon_core.environment:checking '/home/ros2/ws_RAMS/src/rams_perception/install/rams_perception/bin'
[0.696s] INFO:colcon.colcon_core.shell:Creating package script '/home/ros2/ws_RAMS/src/rams_perception/install/rams_perception/share/rams_perception/package.ps1'
[0.697s] INFO:colcon.colcon_core.shell:Creating package descriptor '/home/ros2/ws_RAMS/src/rams_perception/install/rams_perception/share/rams_perception/package.dsv'
[0.698s] INFO:colcon.colcon_core.shell:Creating package script '/home/ros2/ws_RAMS/src/rams_perception/install/rams_perception/share/rams_perception/package.sh'
[0.698s] INFO:colcon.colcon_core.shell:Creating package script '/home/ros2/ws_RAMS/src/rams_perception/install/rams_perception/share/rams_perception/package.bash'
[0.699s] INFO:colcon.colcon_core.shell:Creating package script '/home/ros2/ws_RAMS/src/rams_perception/install/rams_perception/share/rams_perception/package.zsh'
[0.700s] Level 1:colcon.colcon_core.environment:create_file_with_runtime_dependencies(/home/ros2/ws_RAMS/src/rams_perception/install/rams_perception/share/colcon-core/packages/rams_perception)
[0.710s] DEBUG:colcon.colcon_parallel_executor.executor.parallel:closing loop
[0.710s] DEBUG:colcon.colcon_parallel_executor.executor.parallel:loop closed
[0.710s] DEBUG:colcon.colcon_parallel_executor.executor.parallel:run_until_complete finished with '1'
[0.710s] DEBUG:colcon.colcon_core.event_reactor:joining thread
[0.715s] INFO:colcon.colcon_core.plugin_system:Skipping extension 'colcon_notification.desktop_notification.terminal_notifier': Not used on non-Darwin systems
[0.715s] INFO:colcon.colcon_core.plugin_system:Skipping extension 'colcon_notification.desktop_notification.win32': Not used on non-Windows systems
[0.715s] INFO:colcon.colcon_notification.desktop_notification:Sending desktop notification using 'notify2'
[0.736s] DEBUG:colcon.colcon_core.event_reactor:joined thread
[0.736s] INFO:colcon.colcon_core.shell:Creating prefix script '/home/ros2/ws_RAMS/src/rams_perception/install/local_setup.ps1'
[0.737s] INFO:colcon.colcon_core.shell:Creating prefix util module '/home/ros2/ws_RAMS/src/rams_perception/install/_local_setup_util_ps1.py'
[0.738s] INFO:colcon.colcon_core.shell:Creating prefix chain script '/home/ros2/ws_RAMS/src/rams_perception/install/setup.ps1'
[0.741s] INFO:colcon.colcon_core.shell:Creating prefix script '/home/ros2/ws_RAMS/src/rams_perception/install/local_setup.sh'
[0.742s] INFO:colcon.colcon_core.shell:Creating prefix util module '/home/ros2/ws_RAMS/src/rams_perception/install/_local_setup_util_sh.py'
[0.743s] INFO:colcon.colcon_core.shell:Creating prefix chain script '/home/ros2/ws_RAMS/src/rams_perception/install/setup.sh'
[0.746s] INFO:colcon.colcon_core.shell:Creating prefix script '/home/ros2/ws_RAMS/src/rams_perception/install/local_setup.bash'
[0.748s] INFO:colcon.colcon_core.shell:Creating prefix chain script '/home/ros2/ws_RAMS/src/rams_perception/install/setup.bash'
[0.748s] INFO:colcon.colcon_core.shell:Creating prefix script '/home/ros2/ws_RAMS/src/rams_perception/install/local_setup.zsh'
[0.749s] INFO:colcon.colcon_core.shell:Creating prefix chain script '/home/ros2/ws_RAMS/src/rams_perception/install/setup.zsh'
