[0.008s] Invoking command in '/home/ros2/ws_RAMS/src/rams_perception/build/rams_perception': /usr/bin/cmake /home/ros2/ws_RAMS/src/rams_perception -DCMAKE_INSTALL_PREFIX=/home/ros2/ws_RAMS/src/rams_perception/install/rams_perception
[0.108s] -- The C compiler identification is GNU 11.4.0
[0.158s] -- The CXX compiler identification is GNU 11.4.0
[0.170s] -- Detecting C compiler ABI info
[0.236s] -- Detecting C compiler ABI info - done
[0.239s] -- Check for working C compiler: /usr/bin/cc - skipped
[0.240s] -- Detecting C compile features
[0.241s] -- Detecting C compile features - done
[0.244s] -- Detecting CXX compiler ABI info
[0.308s] -- Detecting CXX compiler ABI info - done
[0.314s] -- Check for working CXX compiler: /usr/bin/c++ - skipped
[0.315s] -- Detecting CXX compile features
[0.315s] -- Detecting CXX compile features - done
[0.321s] [31mCMake Error at CMakeLists.txt:9 (find_package):
[0.321s]   By not providing "Findament_cmake.cmake" in CMAKE_MODULE_PATH this project
[0.321s]   has asked CMake to find a package configuration file provided by
[0.321s]   "ament_cmake", but CMake did not find one.
[0.321s] 
[0.321s]   Could not find a package configuration file provided by "ament_cmake" with
[0.321s]   any of the following names:
[0.322s] 
[0.322s]     ament_cmakeConfig.cmake
[0.322s]     ament_cmake-config.cmake
[0.322s] 
[0.322s]   Add the installation prefix of "ament_cmake" to CMAKE_PREFIX_PATH or set
[0.322s]   "ament_cmake_DIR" to a directory containing one of the above files.  If
[0.322s]   "ament_cmake" provides a separate development package or SDK, be sure it
[0.322s]   has been installed.
[0.322s] 
[0.322s] [0m
[0.322s] -- Configuring incomplete, errors occurred!
[0.322s] See also "/home/ros2/ws_RAMS/src/rams_perception/build/rams_perception/CMakeFiles/CMakeOutput.log".
[0.325s] Invoked command in '/home/ros2/ws_RAMS/src/rams_perception/build/rams_perception' returned '1': /usr/bin/cmake /home/ros2/ws_RAMS/src/rams_perception -DCMAKE_INSTALL_PREFIX=/home/ros2/ws_RAMS/src/rams_perception/install/rams_perception
