[0.009s] Invoking command in '/home/ros2/ws_RAMS/build/rams_perception': CMAKE_PREFIX_PATH=/opt/ros/humble /usr/bin/cmake /home/ros2/ws_RAMS/src/rams_perception -DCMAKE_INSTALL_PREFIX=/home/ros2/ws_RAMS/install/rams_perception
[0.069s] -- The C compiler identification is GNU 11.4.0
[0.137s] -- The CXX compiler identification is GNU 11.4.0
[0.141s] -- Detecting C compiler ABI info
[0.212s] -- Detecting C compiler ABI info - done
[0.217s] -- Check for working C compiler: /usr/bin/cc - skipped
[0.217s] -- Detecting C compile features
[0.217s] -- Detecting C compile features - done
[0.220s] -- Detecting CXX compiler ABI info
[0.332s] -- Detecting CXX compiler ABI info - done
[0.341s] -- Check for working CXX compiler: /usr/bin/c++ - skipped
[0.341s] -- Detecting CXX compile features
[0.343s] -- Detecting CXX compile features - done
[0.346s] -- Found ament_cmake: 1.3.12 (/opt/ros/humble/share/ament_cmake/cmake)
[0.519s] -- Found Python3: /usr/bin/python3 (found version "3.10.12") found components: Interpreter 
[0.675s] -- Found rclcpp: 16.0.14 (/opt/ros/humble/share/rclcpp/cmake)
[0.738s] -- Found rosidl_generator_c: 3.1.7 (/opt/ros/humble/share/rosidl_generator_c/cmake)
[0.746s] -- Found rosidl_adapter: 3.1.7 (/opt/ros/humble/share/rosidl_adapter/cmake)
[0.767s] -- Found rosidl_generator_cpp: 3.1.7 (/opt/ros/humble/share/rosidl_generator_cpp/cmake)
[0.792s] -- Using all available rosidl_typesupport_c: rosidl_typesupport_fastrtps_c;rosidl_typesupport_introspection_c
[0.822s] -- Using all available rosidl_typesupport_cpp: rosidl_typesupport_fastrtps_cpp;rosidl_typesupport_introspection_cpp
[0.886s] -- Found rmw_implementation_cmake: 6.1.2 (/opt/ros/humble/share/rmw_implementation_cmake/cmake)
[0.891s] -- Found rmw_fastrtps_cpp: 6.2.8 (/opt/ros/humble/share/rmw_fastrtps_cpp/cmake)
[0.975s] -- Found OpenSSL: /usr/lib/x86_64-linux-gnu/libcrypto.so (found version "3.0.2")  
[0.998s] -- Found FastRTPS: /opt/ros/humble/include  
[1.035s] -- Using RMW implementation 'rmw_fastrtps_cpp' as default
[1.041s] -- Looking for pthread.h
[1.149s] -- Looking for pthread.h - found
[1.149s] -- Performing Test CMAKE_HAVE_LIBC_PTHREAD
[1.256s] -- Performing Test CMAKE_HAVE_LIBC_PTHREAD - Success
[1.258s] -- Found Threads: TRUE  
[1.309s] -- Found sensor_msgs: 4.9.0 (/opt/ros/humble/share/sensor_msgs/cmake)
[1.338s] -- Found tf2_ros: 0.25.15 (/opt/ros/humble/share/tf2_ros/cmake)
[1.419s] -- Found tf2_sensor_msgs: 0.25.15 (/opt/ros/humble/share/tf2_sensor_msgs/cmake)
[1.430s] -- Found moveit_msgs: 2.2.1 (/opt/ros/humble/share/moveit_msgs/cmake)
[1.560s] -- Configuring done
[1.580s] -- Generating done
[1.587s] -- Build files have been written to: /home/ros2/ws_RAMS/build/rams_perception
[1.597s] Invoked command in '/home/ros2/ws_RAMS/build/rams_perception' returned '0': CMAKE_PREFIX_PATH=/opt/ros/humble /usr/bin/cmake /home/ros2/ws_RAMS/src/rams_perception -DCMAKE_INSTALL_PREFIX=/home/ros2/ws_RAMS/install/rams_perception
[1.600s] Invoking command in '/home/ros2/ws_RAMS/build/rams_perception': CMAKE_PREFIX_PATH=/opt/ros/humble /usr/bin/cmake --build /home/ros2/ws_RAMS/build/rams_perception -- -j2 -l2
[1.649s] [ 50%] [32mBuilding CXX object CMakeFiles/perception_node.dir/src/perception_node.cpp.o[0m
[17.296s] [100%] [32m[1mLinking CXX executable perception_node[0m
[17.988s] [100%] Built target perception_node
[18.002s] Invoked command in '/home/ros2/ws_RAMS/build/rams_perception' returned '0': CMAKE_PREFIX_PATH=/opt/ros/humble /usr/bin/cmake --build /home/ros2/ws_RAMS/build/rams_perception -- -j2 -l2
[18.003s] Invoking command in '/home/ros2/ws_RAMS/build/rams_perception': CMAKE_PREFIX_PATH=/opt/ros/humble /usr/bin/cmake --install /home/ros2/ws_RAMS/build/rams_perception
[18.013s] -- Install configuration: ""
[18.014s] -- Installing: /home/ros2/ws_RAMS/install/rams_perception/lib/rams_perception/perception_node
[18.017s] -- Set runtime path of "/home/ros2/ws_RAMS/install/rams_perception/lib/rams_perception/perception_node" to ""
[18.017s] -- Installing: /home/ros2/ws_RAMS/install/rams_perception/share/ament_index/resource_index/package_run_dependencies/rams_perception
[18.017s] -- Installing: /home/ros2/ws_RAMS/install/rams_perception/share/ament_index/resource_index/parent_prefix_path/rams_perception
[18.017s] -- Installing: /home/ros2/ws_RAMS/install/rams_perception/share/rams_perception/environment/ament_prefix_path.sh
[18.017s] -- Installing: /home/ros2/ws_RAMS/install/rams_perception/share/rams_perception/environment/ament_prefix_path.dsv
[18.017s] -- Installing: /home/ros2/ws_RAMS/install/rams_perception/share/rams_perception/environment/path.sh
[18.019s] -- Installing: /home/ros2/ws_RAMS/install/rams_perception/share/rams_perception/environment/path.dsv
[18.019s] -- Installing: /home/ros2/ws_RAMS/install/rams_perception/share/rams_perception/local_setup.bash
[18.019s] -- Installing: /home/ros2/ws_RAMS/install/rams_perception/share/rams_perception/local_setup.sh
[18.019s] -- Installing: /home/ros2/ws_RAMS/install/rams_perception/share/rams_perception/local_setup.zsh
[18.019s] -- Installing: /home/ros2/ws_RAMS/install/rams_perception/share/rams_perception/local_setup.dsv
[18.019s] -- Installing: /home/ros2/ws_RAMS/install/rams_perception/share/rams_perception/package.dsv
[18.019s] -- Installing: /home/ros2/ws_RAMS/install/rams_perception/share/ament_index/resource_index/packages/rams_perception
[18.019s] -- Installing: /home/ros2/ws_RAMS/install/rams_perception/share/rams_perception/cmake/rams_perceptionConfig.cmake
[18.019s] -- Installing: /home/ros2/ws_RAMS/install/rams_perception/share/rams_perception/cmake/rams_perceptionConfig-version.cmake
[18.019s] -- Installing: /home/ros2/ws_RAMS/install/rams_perception/share/rams_perception/package.xml
[18.022s] Invoked command in '/home/ros2/ws_RAMS/build/rams_perception' returned '0': CMAKE_PREFIX_PATH=/opt/ros/humble /usr/bin/cmake --install /home/ros2/ws_RAMS/build/rams_perception
