[0.006s] Invoking command in '/home/ros2/ws_RAMS/build/rams_perception': CMAKE_PREFIX_PATH=/opt/ros/humble /usr/bin/cmake /home/ros2/ws_RAMS/src/rams_perception -DCMAKE_INSTALL_PREFIX=/home/ros2/ws_RAMS/install/rams_perception
[0.089s] -- The C compiler identification is GNU 11.4.0
[0.179s] -- The CXX compiler identification is GNU 11.4.0
[0.188s] -- Detecting C compiler ABI info
[0.286s] -- Detecting C compiler ABI info - done
[0.291s] -- Check for working C compiler: /usr/bin/cc - skipped
[0.291s] -- Detecting C compile features
[0.291s] -- Detecting C compile features - done
[0.296s] -- Detecting CXX compiler ABI info
[0.417s] -- Detecting CXX compiler ABI info - done
[0.423s] -- Check for working CXX compiler: /usr/bin/c++ - skipped
[0.423s] -- Detecting CXX compile features
[0.423s] -- Detecting CXX compile features - done
[0.426s] -- Found ament_cmake: 1.3.12 (/opt/ros/humble/share/ament_cmake/cmake)
[0.626s] -- Found Python3: /usr/bin/python3 (found version "3.10.12") found components: Interpreter 
[0.713s] -- Found rclcpp: 16.0.14 (/opt/ros/humble/share/rclcpp/cmake)
[0.752s] -- Found rosidl_generator_c: 3.1.7 (/opt/ros/humble/share/rosidl_generator_c/cmake)
[0.758s] -- Found rosidl_adapter: 3.1.7 (/opt/ros/humble/share/rosidl_adapter/cmake)
[0.767s] -- Found rosidl_generator_cpp: 3.1.7 (/opt/ros/humble/share/rosidl_generator_cpp/cmake)
[0.778s] -- Using all available rosidl_typesupport_c: rosidl_typesupport_fastrtps_c;rosidl_typesupport_introspection_c
[0.793s] -- Using all available rosidl_typesupport_cpp: rosidl_typesupport_fastrtps_cpp;rosidl_typesupport_introspection_cpp
[0.838s] -- Found rmw_implementation_cmake: 6.1.2 (/opt/ros/humble/share/rmw_implementation_cmake/cmake)
[0.842s] -- Found rmw_fastrtps_cpp: 6.2.8 (/opt/ros/humble/share/rmw_fastrtps_cpp/cmake)
[0.947s] -- Found OpenSSL: /usr/lib/x86_64-linux-gnu/libcrypto.so (found version "3.0.2")  
[0.972s] -- Found FastRTPS: /opt/ros/humble/include  
[1.040s] -- Using RMW implementation 'rmw_fastrtps_cpp' as default
[1.055s] -- Looking for pthread.h
[1.163s] -- Looking for pthread.h - found
[1.166s] -- Performing Test CMAKE_HAVE_LIBC_PTHREAD
[1.285s] -- Performing Test CMAKE_HAVE_LIBC_PTHREAD - Success
[1.286s] -- Found Threads: TRUE  
[1.380s] -- Found sensor_msgs: 4.9.0 (/opt/ros/humble/share/sensor_msgs/cmake)
[1.418s] -- Found tf2_ros: 0.25.15 (/opt/ros/humble/share/tf2_ros/cmake)
[1.514s] -- Found tf2_sensor_msgs: 0.25.15 (/opt/ros/humble/share/tf2_sensor_msgs/cmake)
[1.531s] -- Found moveit_msgs: 2.2.1 (/opt/ros/humble/share/moveit_msgs/cmake)
[1.731s] -- Configuring done
[1.751s] -- Generating done
[1.755s] -- Build files have been written to: /home/ros2/ws_RAMS/build/rams_perception
[1.764s] Invoked command in '/home/ros2/ws_RAMS/build/rams_perception' returned '0': CMAKE_PREFIX_PATH=/opt/ros/humble /usr/bin/cmake /home/ros2/ws_RAMS/src/rams_perception -DCMAKE_INSTALL_PREFIX=/home/ros2/ws_RAMS/install/rams_perception
[1.764s] Invoking command in '/home/ros2/ws_RAMS/build/rams_perception': CMAKE_PREFIX_PATH=/opt/ros/humble /usr/bin/cmake --build /home/ros2/ws_RAMS/build/rams_perception -- -j2 -l2
[1.839s] [ 50%] [32mBuilding CXX object CMakeFiles/perception_node.dir/src/perception_node.cpp.o[0m
[16.628s] [100%] [32m[1mLinking CXX executable perception_node[0m
[17.287s] [100%] Built target perception_node
[17.311s] Invoked command in '/home/ros2/ws_RAMS/build/rams_perception' returned '0': CMAKE_PREFIX_PATH=/opt/ros/humble /usr/bin/cmake --build /home/ros2/ws_RAMS/build/rams_perception -- -j2 -l2
[17.314s] Invoking command in '/home/ros2/ws_RAMS/build/rams_perception': CMAKE_PREFIX_PATH=/opt/ros/humble /usr/bin/cmake --install /home/ros2/ws_RAMS/build/rams_perception
[17.321s] -- Install configuration: ""
[17.321s] -- Installing: /home/ros2/ws_RAMS/install/rams_perception/lib/rams_perception/perception_node
[17.335s] -- Set runtime path of "/home/ros2/ws_RAMS/install/rams_perception/lib/rams_perception/perception_node" to ""
[17.336s] -- Installing: /home/ros2/ws_RAMS/install/rams_perception/share/ament_index/resource_index/package_run_dependencies/rams_perception
[17.337s] -- Installing: /home/ros2/ws_RAMS/install/rams_perception/share/ament_index/resource_index/parent_prefix_path/rams_perception
[17.338s] -- Installing: /home/ros2/ws_RAMS/install/rams_perception/share/rams_perception/environment/ament_prefix_path.sh
[17.338s] -- Installing: /home/ros2/ws_RAMS/install/rams_perception/share/rams_perception/environment/ament_prefix_path.dsv
[17.339s] -- Installing: /home/ros2/ws_RAMS/install/rams_perception/share/rams_perception/environment/path.sh
[17.339s] -- Installing: /home/ros2/ws_RAMS/install/rams_perception/share/rams_perception/environment/path.dsv
[17.339s] -- Installing: /home/ros2/ws_RAMS/install/rams_perception/share/rams_perception/local_setup.bash
[17.339s] -- Installing: /home/ros2/ws_RAMS/install/rams_perception/share/rams_perception/local_setup.sh
[17.339s] -- Installing: /home/ros2/ws_RAMS/install/rams_perception/share/rams_perception/local_setup.zsh
[17.339s] -- Installing: /home/ros2/ws_RAMS/install/rams_perception/share/rams_perception/local_setup.dsv
[17.339s] -- Installing: /home/ros2/ws_RAMS/install/rams_perception/share/rams_perception/package.dsv
[17.339s] -- Installing: /home/ros2/ws_RAMS/install/rams_perception/share/ament_index/resource_index/packages/rams_perception
[17.339s] -- Installing: /home/ros2/ws_RAMS/install/rams_perception/share/rams_perception/cmake/rams_perceptionConfig.cmake
[17.340s] -- Installing: /home/ros2/ws_RAMS/install/rams_perception/share/rams_perception/cmake/rams_perceptionConfig-version.cmake
[17.340s] -- Installing: /home/ros2/ws_RAMS/install/rams_perception/share/rams_perception/package.xml
[17.345s] Invoked command in '/home/ros2/ws_RAMS/build/rams_perception' returned '0': CMAKE_PREFIX_PATH=/opt/ros/humble /usr/bin/cmake --install /home/ros2/ws_RAMS/build/rams_perception
