[0.093s] DEBUG:colcon:Command line arguments: ['/usr/bin/colcon', 'build']
[0.093s] DEBUG:colcon:Parsed command line arguments: Namespace(log_base=None, log_level=None, verb_name='build', build_base='build', install_base='install', merge_install=False, symlink_install=False, test_result_base=None, continue_on_error=False, executor='parallel', parallel_workers=2, event_handlers=None, ignore_user_meta=False, metas=['./colcon.meta'], base_paths=['.'], packages_ignore=None, packages_ignore_regex=None, paths=None, packages_up_to=None, packages_up_to_regex=None, packages_above=None, packages_above_and_dependencies=None, packages_above_depth=None, packages_select_by_dep=None, packages_skip_by_dep=None, packages_skip_up_to=None, packages_select_build_failed=False, packages_skip_build_finished=False, packages_select_test_failures=False, packages_skip_test_passed=False, packages_select=None, packages_skip=None, packages_select_regex=None, packages_skip_regex=None, packages_start=None, packages_end=None, allow_overriding=[], cmake_args=None, cmake_target=None, cmake_target_skip_unavailable=False, cmake_clean_cache=False, cmake_clean_first=False, cmake_force_configure=False, ament_cmake_args=None, catkin_cmake_args=None, catkin_skip_building_tests=False, mixin_files=None, mixin=None, verb_parser=<colcon_mixin.mixin.mixin_argument.MixinArgumentDecorator object at 0x7fd84285acb0>, verb_extension=<colcon_core.verb.build.BuildVerb object at 0x7fd84285a800>, main=<bound method BuildVerb.main of <colcon_core.verb.build.BuildVerb object at 0x7fd84285a800>>, mixin_verb=('build',))
[0.226s] Level 1:colcon.colcon_core.package_discovery:discover_packages(colcon_meta) check parameters
[0.226s] Level 1:colcon.colcon_core.package_discovery:discover_packages(recursive) check parameters
[0.226s] Level 1:colcon.colcon_core.package_discovery:discover_packages(ignore) check parameters
[0.226s] Level 1:colcon.colcon_core.package_discovery:discover_packages(path) check parameters
[0.226s] Level 1:colcon.colcon_core.package_discovery:discover_packages(colcon_meta) discover
[0.226s] Level 1:colcon.colcon_core.package_discovery:discover_packages(recursive) discover
[0.226s] INFO:colcon.colcon_core.package_discovery:Crawling recursively for packages in '/home/ros2/ws_RAMS'
[0.227s] Level 1:colcon.colcon_core.package_identification:_identify(.) by extensions ['ignore', 'ignore_ament_install']
[0.227s] Level 1:colcon.colcon_core.package_identification:_identify(.) by extension 'ignore'
[0.227s] Level 1:colcon.colcon_core.package_identification:_identify(.) by extension 'ignore_ament_install'
[0.227s] Level 1:colcon.colcon_core.package_identification:_identify(.) by extensions ['colcon_pkg']
[0.227s] Level 1:colcon.colcon_core.package_identification:_identify(.) by extension 'colcon_pkg'
[0.227s] Level 1:colcon.colcon_core.package_identification:_identify(.) by extensions ['colcon_meta']
[0.227s] Level 1:colcon.colcon_core.package_identification:_identify(.) by extension 'colcon_meta'
[0.227s] Level 1:colcon.colcon_core.package_identification:_identify(.) by extensions ['ros']
[0.227s] Level 1:colcon.colcon_core.package_identification:_identify(.) by extension 'ros'
[0.236s] Level 1:colcon.colcon_core.package_identification:_identify(.) by extensions ['cmake', 'python']
[0.236s] Level 1:colcon.colcon_core.package_identification:_identify(.) by extension 'cmake'
[0.236s] Level 1:colcon.colcon_core.package_identification:_identify(.) by extension 'python'
[0.236s] Level 1:colcon.colcon_core.package_identification:_identify(.) by extensions ['python_setup_py']
[0.236s] Level 1:colcon.colcon_core.package_identification:_identify(.) by extension 'python_setup_py'
[0.236s] Level 1:colcon.colcon_core.package_identification:_identify(build) by extensions ['ignore', 'ignore_ament_install']
[0.236s] Level 1:colcon.colcon_core.package_identification:_identify(build) by extension 'ignore'
[0.236s] Level 1:colcon.colcon_core.package_identification:_identify(build) ignored
[0.237s] Level 1:colcon.colcon_core.package_identification:_identify(install) by extensions ['ignore', 'ignore_ament_install']
[0.237s] Level 1:colcon.colcon_core.package_identification:_identify(install) by extension 'ignore'
[0.237s] Level 1:colcon.colcon_core.package_identification:_identify(install) ignored
[0.237s] Level 1:colcon.colcon_core.package_identification:_identify(log) by extensions ['ignore', 'ignore_ament_install']
[0.237s] Level 1:colcon.colcon_core.package_identification:_identify(log) by extension 'ignore'
[0.237s] Level 1:colcon.colcon_core.package_identification:_identify(log) ignored
[0.237s] Level 1:colcon.colcon_core.package_identification:_identify(src) by extensions ['ignore', 'ignore_ament_install']
[0.237s] Level 1:colcon.colcon_core.package_identification:_identify(src) by extension 'ignore'
[0.237s] Level 1:colcon.colcon_core.package_identification:_identify(src) by extension 'ignore_ament_install'
[0.237s] Level 1:colcon.colcon_core.package_identification:_identify(src) by extensions ['colcon_pkg']
[0.237s] Level 1:colcon.colcon_core.package_identification:_identify(src) by extension 'colcon_pkg'
[0.237s] Level 1:colcon.colcon_core.package_identification:_identify(src) by extensions ['colcon_meta']
[0.237s] Level 1:colcon.colcon_core.package_identification:_identify(src) by extension 'colcon_meta'
[0.237s] Level 1:colcon.colcon_core.package_identification:_identify(src) by extensions ['ros']
[0.237s] Level 1:colcon.colcon_core.package_identification:_identify(src) by extension 'ros'
[0.237s] Level 1:colcon.colcon_core.package_identification:_identify(src) by extensions ['cmake', 'python']
[0.237s] Level 1:colcon.colcon_core.package_identification:_identify(src) by extension 'cmake'
[0.237s] Level 1:colcon.colcon_core.package_identification:_identify(src) by extension 'python'
[0.237s] Level 1:colcon.colcon_core.package_identification:_identify(src) by extensions ['python_setup_py']
[0.237s] Level 1:colcon.colcon_core.package_identification:_identify(src) by extension 'python_setup_py'
[0.237s] Level 1:colcon.colcon_core.package_identification:_identify(src/rams_interface) by extensions ['ignore', 'ignore_ament_install']
[0.237s] Level 1:colcon.colcon_core.package_identification:_identify(src/rams_interface) by extension 'ignore'
[0.238s] Level 1:colcon.colcon_core.package_identification:_identify(src/rams_interface) by extension 'ignore_ament_install'
[0.238s] Level 1:colcon.colcon_core.package_identification:_identify(src/rams_interface) by extensions ['colcon_pkg']
[0.238s] Level 1:colcon.colcon_core.package_identification:_identify(src/rams_interface) by extension 'colcon_pkg'
[0.238s] Level 1:colcon.colcon_core.package_identification:_identify(src/rams_interface) by extensions ['colcon_meta']
[0.238s] Level 1:colcon.colcon_core.package_identification:_identify(src/rams_interface) by extension 'colcon_meta'
[0.238s] Level 1:colcon.colcon_core.package_identification:_identify(src/rams_interface) by extensions ['ros']
[0.238s] Level 1:colcon.colcon_core.package_identification:_identify(src/rams_interface) by extension 'ros'
[0.239s] DEBUG:colcon.colcon_core.package_identification:Package 'src/rams_interface' with type 'ros.ament_cmake' and name 'rams_interface'
[0.240s] Level 1:colcon.colcon_core.package_identification:_identify(src/rams_perception) by extensions ['ignore', 'ignore_ament_install']
[0.240s] Level 1:colcon.colcon_core.package_identification:_identify(src/rams_perception) by extension 'ignore'
[0.240s] Level 1:colcon.colcon_core.package_identification:_identify(src/rams_perception) by extension 'ignore_ament_install'
[0.240s] Level 1:colcon.colcon_core.package_identification:_identify(src/rams_perception) by extensions ['colcon_pkg']
[0.240s] Level 1:colcon.colcon_core.package_identification:_identify(src/rams_perception) by extension 'colcon_pkg'
[0.240s] Level 1:colcon.colcon_core.package_identification:_identify(src/rams_perception) by extensions ['colcon_meta']
[0.240s] Level 1:colcon.colcon_core.package_identification:_identify(src/rams_perception) by extension 'colcon_meta'
[0.240s] Level 1:colcon.colcon_core.package_identification:_identify(src/rams_perception) by extensions ['ros']
[0.240s] Level 1:colcon.colcon_core.package_identification:_identify(src/rams_perception) by extension 'ros'
[0.241s] DEBUG:colcon.colcon_core.package_identification:Package 'src/rams_perception' with type 'ros.ament_cmake' and name 'rams_perception'
[0.241s] Level 1:colcon.colcon_core.package_identification:_identify(src/workcell_config) by extensions ['ignore', 'ignore_ament_install']
[0.242s] Level 1:colcon.colcon_core.package_identification:_identify(src/workcell_config) by extension 'ignore'
[0.242s] Level 1:colcon.colcon_core.package_identification:_identify(src/workcell_config) by extension 'ignore_ament_install'
[0.242s] Level 1:colcon.colcon_core.package_identification:_identify(src/workcell_config) by extensions ['colcon_pkg']
[0.242s] Level 1:colcon.colcon_core.package_identification:_identify(src/workcell_config) by extension 'colcon_pkg'
[0.242s] Level 1:colcon.colcon_core.package_identification:_identify(src/workcell_config) by extensions ['colcon_meta']
[0.242s] Level 1:colcon.colcon_core.package_identification:_identify(src/workcell_config) by extension 'colcon_meta'
[0.242s] Level 1:colcon.colcon_core.package_identification:_identify(src/workcell_config) by extensions ['ros']
[0.242s] Level 1:colcon.colcon_core.package_identification:_identify(src/workcell_config) by extension 'ros'
[0.243s] DEBUG:colcon.colcon_core.package_identification:Package 'src/workcell_config' with type 'ros.ament_cmake' and name 'workcell_config'
[0.243s] Level 1:colcon.colcon_core.package_identification:_identify(src/workcell_description) by extensions ['ignore', 'ignore_ament_install']
[0.243s] Level 1:colcon.colcon_core.package_identification:_identify(src/workcell_description) by extension 'ignore'
[0.243s] Level 1:colcon.colcon_core.package_identification:_identify(src/workcell_description) by extension 'ignore_ament_install'
[0.243s] Level 1:colcon.colcon_core.package_identification:_identify(src/workcell_description) by extensions ['colcon_pkg']
[0.243s] Level 1:colcon.colcon_core.package_identification:_identify(src/workcell_description) by extension 'colcon_pkg'
[0.243s] Level 1:colcon.colcon_core.package_identification:_identify(src/workcell_description) by extensions ['colcon_meta']
[0.244s] Level 1:colcon.colcon_core.package_identification:_identify(src/workcell_description) by extension 'colcon_meta'
[0.244s] Level 1:colcon.colcon_core.package_identification:_identify(src/workcell_description) by extensions ['ros']
[0.244s] Level 1:colcon.colcon_core.package_identification:_identify(src/workcell_description) by extension 'ros'
[0.244s] DEBUG:colcon.colcon_core.package_identification:Package 'src/workcell_description' with type 'ros.ament_cmake' and name 'workcell_description'
[0.244s] Level 1:colcon.colcon_core.package_discovery:discover_packages(recursive) using defaults
[0.244s] Level 1:colcon.colcon_core.package_discovery:discover_packages(ignore) discover
[0.244s] Level 1:colcon.colcon_core.package_discovery:discover_packages(ignore) using defaults
[0.244s] Level 1:colcon.colcon_core.package_discovery:discover_packages(path) discover
[0.244s] Level 1:colcon.colcon_core.package_discovery:discover_packages(path) using defaults
[0.268s] Level 1:colcon.colcon_core.package_discovery:discover_packages(prefix_path) check parameters
[0.268s] Level 1:colcon.colcon_core.package_discovery:discover_packages(prefix_path) discover
[0.270s] DEBUG:colcon.colcon_installed_package_information.package_discovery:Found 367 installed packages in /opt/ros/humble
[0.272s] Level 1:colcon.colcon_core.package_discovery:discover_packages(prefix_path) using defaults
[0.308s] Level 5:colcon.colcon_core.verb:set package 'rams_interface' build argument 'cmake_args' from command line to 'None'
[0.308s] Level 5:colcon.colcon_core.verb:set package 'rams_interface' build argument 'cmake_target' from command line to 'None'
[0.308s] Level 5:colcon.colcon_core.verb:set package 'rams_interface' build argument 'cmake_target_skip_unavailable' from command line to 'False'
[0.308s] Level 5:colcon.colcon_core.verb:set package 'rams_interface' build argument 'cmake_clean_cache' from command line to 'False'
[0.308s] Level 5:colcon.colcon_core.verb:set package 'rams_interface' build argument 'cmake_clean_first' from command line to 'False'
[0.308s] Level 5:colcon.colcon_core.verb:set package 'rams_interface' build argument 'cmake_force_configure' from command line to 'False'
[0.308s] Level 5:colcon.colcon_core.verb:set package 'rams_interface' build argument 'ament_cmake_args' from command line to 'None'
[0.308s] Level 5:colcon.colcon_core.verb:set package 'rams_interface' build argument 'catkin_cmake_args' from command line to 'None'
[0.308s] Level 5:colcon.colcon_core.verb:set package 'rams_interface' build argument 'catkin_skip_building_tests' from command line to 'False'
[0.308s] DEBUG:colcon.colcon_core.verb:Building package 'rams_interface' with the following arguments: {'ament_cmake_args': None, 'build_base': '/home/ros2/ws_RAMS/build/rams_interface', 'catkin_cmake_args': None, 'catkin_skip_building_tests': False, 'cmake_args': None, 'cmake_clean_cache': False, 'cmake_clean_first': False, 'cmake_force_configure': False, 'cmake_target': None, 'cmake_target_skip_unavailable': False, 'install_base': '/home/ros2/ws_RAMS/install/rams_interface', 'merge_install': False, 'path': '/home/ros2/ws_RAMS/src/rams_interface', 'symlink_install': False, 'test_result_base': None}
[0.308s] Level 5:colcon.colcon_core.verb:set package 'rams_perception' build argument 'cmake_args' from command line to 'None'
[0.309s] Level 5:colcon.colcon_core.verb:set package 'rams_perception' build argument 'cmake_target' from command line to 'None'
[0.309s] Level 5:colcon.colcon_core.verb:set package 'rams_perception' build argument 'cmake_target_skip_unavailable' from command line to 'False'
[0.309s] Level 5:colcon.colcon_core.verb:set package 'rams_perception' build argument 'cmake_clean_cache' from command line to 'False'
[0.309s] Level 5:colcon.colcon_core.verb:set package 'rams_perception' build argument 'cmake_clean_first' from command line to 'False'
[0.309s] Level 5:colcon.colcon_core.verb:set package 'rams_perception' build argument 'cmake_force_configure' from command line to 'False'
[0.309s] Level 5:colcon.colcon_core.verb:set package 'rams_perception' build argument 'ament_cmake_args' from command line to 'None'
[0.309s] Level 5:colcon.colcon_core.verb:set package 'rams_perception' build argument 'catkin_cmake_args' from command line to 'None'
[0.309s] Level 5:colcon.colcon_core.verb:set package 'rams_perception' build argument 'catkin_skip_building_tests' from command line to 'False'
[0.309s] DEBUG:colcon.colcon_core.verb:Building package 'rams_perception' with the following arguments: {'ament_cmake_args': None, 'build_base': '/home/ros2/ws_RAMS/build/rams_perception', 'catkin_cmake_args': None, 'catkin_skip_building_tests': False, 'cmake_args': None, 'cmake_clean_cache': False, 'cmake_clean_first': False, 'cmake_force_configure': False, 'cmake_target': None, 'cmake_target_skip_unavailable': False, 'install_base': '/home/ros2/ws_RAMS/install/rams_perception', 'merge_install': False, 'path': '/home/ros2/ws_RAMS/src/rams_perception', 'symlink_install': False, 'test_result_base': None}
[0.309s] Level 5:colcon.colcon_core.verb:set package 'workcell_description' build argument 'cmake_args' from command line to 'None'
[0.309s] Level 5:colcon.colcon_core.verb:set package 'workcell_description' build argument 'cmake_target' from command line to 'None'
[0.309s] Level 5:colcon.colcon_core.verb:set package 'workcell_description' build argument 'cmake_target_skip_unavailable' from command line to 'False'
[0.309s] Level 5:colcon.colcon_core.verb:set package 'workcell_description' build argument 'cmake_clean_cache' from command line to 'False'
[0.309s] Level 5:colcon.colcon_core.verb:set package 'workcell_description' build argument 'cmake_clean_first' from command line to 'False'
[0.309s] Level 5:colcon.colcon_core.verb:set package 'workcell_description' build argument 'cmake_force_configure' from command line to 'False'
[0.309s] Level 5:colcon.colcon_core.verb:set package 'workcell_description' build argument 'ament_cmake_args' from command line to 'None'
[0.309s] Level 5:colcon.colcon_core.verb:set package 'workcell_description' build argument 'catkin_cmake_args' from command line to 'None'
[0.309s] Level 5:colcon.colcon_core.verb:set package 'workcell_description' build argument 'catkin_skip_building_tests' from command line to 'False'
[0.309s] DEBUG:colcon.colcon_core.verb:Building package 'workcell_description' with the following arguments: {'ament_cmake_args': None, 'build_base': '/home/ros2/ws_RAMS/build/workcell_description', 'catkin_cmake_args': None, 'catkin_skip_building_tests': False, 'cmake_args': None, 'cmake_clean_cache': False, 'cmake_clean_first': False, 'cmake_force_configure': False, 'cmake_target': None, 'cmake_target_skip_unavailable': False, 'install_base': '/home/ros2/ws_RAMS/install/workcell_description', 'merge_install': False, 'path': '/home/ros2/ws_RAMS/src/workcell_description', 'symlink_install': False, 'test_result_base': None}
[0.309s] Level 5:colcon.colcon_core.verb:set package 'workcell_config' build argument 'cmake_args' from command line to 'None'
[0.309s] Level 5:colcon.colcon_core.verb:set package 'workcell_config' build argument 'cmake_target' from command line to 'None'
[0.309s] Level 5:colcon.colcon_core.verb:set package 'workcell_config' build argument 'cmake_target_skip_unavailable' from command line to 'False'
[0.309s] Level 5:colcon.colcon_core.verb:set package 'workcell_config' build argument 'cmake_clean_cache' from command line to 'False'
[0.309s] Level 5:colcon.colcon_core.verb:set package 'workcell_config' build argument 'cmake_clean_first' from command line to 'False'
[0.310s] Level 5:colcon.colcon_core.verb:set package 'workcell_config' build argument 'cmake_force_configure' from command line to 'False'
[0.310s] Level 5:colcon.colcon_core.verb:set package 'workcell_config' build argument 'ament_cmake_args' from command line to 'None'
[0.310s] Level 5:colcon.colcon_core.verb:set package 'workcell_config' build argument 'catkin_cmake_args' from command line to 'None'
[0.310s] Level 5:colcon.colcon_core.verb:set package 'workcell_config' build argument 'catkin_skip_building_tests' from command line to 'False'
[0.310s] DEBUG:colcon.colcon_core.verb:Building package 'workcell_config' with the following arguments: {'ament_cmake_args': None, 'build_base': '/home/ros2/ws_RAMS/build/workcell_config', 'catkin_cmake_args': None, 'catkin_skip_building_tests': False, 'cmake_args': None, 'cmake_clean_cache': False, 'cmake_clean_first': False, 'cmake_force_configure': False, 'cmake_target': None, 'cmake_target_skip_unavailable': False, 'install_base': '/home/ros2/ws_RAMS/install/workcell_config', 'merge_install': False, 'path': '/home/ros2/ws_RAMS/src/workcell_config', 'symlink_install': False, 'test_result_base': None}
[0.310s] INFO:colcon.colcon_core.executor:Executing jobs using 'parallel' executor
[0.310s] DEBUG:colcon.colcon_parallel_executor.executor.parallel:run_until_complete
[0.311s] INFO:colcon.colcon_ros.task.ament_cmake.build:Building ROS package in '/home/ros2/ws_RAMS/src/workcell_description' with build type 'ament_cmake'
[0.311s] INFO:colcon.colcon_cmake.task.cmake.build:Building CMake package in '/home/ros2/ws_RAMS/src/workcell_description'
[0.313s] INFO:colcon.colcon_core.plugin_system:Skipping extension 'colcon_core.shell.bat': Not used on non-Windows systems
[0.313s] INFO:colcon.colcon_core.shell:Skip shell extension 'powershell' for command environment: Not usable outside of PowerShell
[0.313s] DEBUG:colcon.colcon_core.shell:Skip shell extension 'dsv' for command environment
[0.318s] INFO:colcon.colcon_ros.task.ament_cmake.build:Building ROS package in '/home/ros2/ws_RAMS/src/rams_interface' with build type 'ament_cmake'
[0.318s] INFO:colcon.colcon_cmake.task.cmake.build:Building CMake package in '/home/ros2/ws_RAMS/src/rams_interface'
[0.318s] INFO:colcon.colcon_core.shell:Skip shell extension 'powershell' for command environment: Not usable outside of PowerShell
[0.318s] DEBUG:colcon.colcon_core.shell:Skip shell extension 'dsv' for command environment
[0.330s] DEBUG:colcon.colcon_core.event_handler.log_command:Invoking command in '/home/ros2/ws_RAMS/build/workcell_description': CMAKE_PREFIX_PATH=/opt/ros/humble /usr/bin/cmake /home/ros2/ws_RAMS/src/workcell_description -DCMAKE_INSTALL_PREFIX=/home/ros2/ws_RAMS/install/workcell_description
[0.341s] DEBUG:colcon.colcon_core.event_handler.log_command:Invoking command in '/home/ros2/ws_RAMS/build/rams_interface': CMAKE_PREFIX_PATH=/opt/ros/humble /usr/bin/cmake /home/ros2/ws_RAMS/src/rams_interface -DCMAKE_INSTALL_PREFIX=/home/ros2/ws_RAMS/install/rams_interface
[1.103s] DEBUG:colcon.colcon_core.event_handler.log_command:Invoked command in '/home/ros2/ws_RAMS/build/workcell_description' returned '0': CMAKE_PREFIX_PATH=/opt/ros/humble /usr/bin/cmake /home/ros2/ws_RAMS/src/workcell_description -DCMAKE_INSTALL_PREFIX=/home/ros2/ws_RAMS/install/workcell_description
[1.108s] DEBUG:colcon.colcon_core.event_handler.log_command:Invoking command in '/home/ros2/ws_RAMS/build/workcell_description': CMAKE_PREFIX_PATH=/opt/ros/humble /usr/bin/cmake --build /home/ros2/ws_RAMS/build/workcell_description -- -j2 -l2
[1.149s] DEBUG:colcon.colcon_core.event_handler.log_command:Invoked command in '/home/ros2/ws_RAMS/build/workcell_description' returned '0': CMAKE_PREFIX_PATH=/opt/ros/humble /usr/bin/cmake --build /home/ros2/ws_RAMS/build/workcell_description -- -j2 -l2
[1.160s] DEBUG:colcon.colcon_core.event_handler.log_command:Invoking command in '/home/ros2/ws_RAMS/build/workcell_description': CMAKE_PREFIX_PATH=/opt/ros/humble /usr/bin/cmake --install /home/ros2/ws_RAMS/build/workcell_description
[1.304s] Level 1:colcon.colcon_core.environment:create_environment_scripts_only(workcell_description)
[1.305s] DEBUG:colcon.colcon_core.event_handler.log_command:Invoked command in '/home/ros2/ws_RAMS/build/workcell_description' returned '0': CMAKE_PREFIX_PATH=/opt/ros/humble /usr/bin/cmake --install /home/ros2/ws_RAMS/build/workcell_description
[1.307s] Level 1:colcon.colcon_core.environment:checking '/home/ros2/ws_RAMS/install/workcell_description' for CMake module files
[1.308s] Level 1:colcon.colcon_core.environment:checking '/home/ros2/ws_RAMS/install/workcell_description' for CMake config files
[1.308s] Level 1:colcon.colcon_core.shell:create_environment_hook('workcell_description', 'cmake_prefix_path')
[1.309s] INFO:colcon.colcon_core.shell:Creating environment hook '/home/ros2/ws_RAMS/install/workcell_description/share/workcell_description/hook/cmake_prefix_path.ps1'
[1.310s] INFO:colcon.colcon_core.shell:Creating environment descriptor '/home/ros2/ws_RAMS/install/workcell_description/share/workcell_description/hook/cmake_prefix_path.dsv'
[1.310s] INFO:colcon.colcon_core.shell:Creating environment hook '/home/ros2/ws_RAMS/install/workcell_description/share/workcell_description/hook/cmake_prefix_path.sh'
[1.311s] Level 1:colcon.colcon_core.environment:checking '/home/ros2/ws_RAMS/install/workcell_description/bin'
[1.311s] Level 1:colcon.colcon_core.environment:checking '/home/ros2/ws_RAMS/install/workcell_description/lib/pkgconfig/workcell_description.pc'
[1.311s] Level 1:colcon.colcon_core.environment:checking '/home/ros2/ws_RAMS/install/workcell_description/lib/python3.10/site-packages'
[1.311s] Level 1:colcon.colcon_core.environment:checking '/home/ros2/ws_RAMS/install/workcell_description/bin'
[1.311s] INFO:colcon.colcon_core.shell:Creating package script '/home/ros2/ws_RAMS/install/workcell_description/share/workcell_description/package.ps1'
[1.312s] INFO:colcon.colcon_core.shell:Creating package descriptor '/home/ros2/ws_RAMS/install/workcell_description/share/workcell_description/package.dsv'
[1.312s] INFO:colcon.colcon_core.shell:Creating package script '/home/ros2/ws_RAMS/install/workcell_description/share/workcell_description/package.sh'
[1.313s] INFO:colcon.colcon_core.shell:Creating package script '/home/ros2/ws_RAMS/install/workcell_description/share/workcell_description/package.bash'
[1.313s] INFO:colcon.colcon_core.shell:Creating package script '/home/ros2/ws_RAMS/install/workcell_description/share/workcell_description/package.zsh'
[1.314s] Level 1:colcon.colcon_core.environment:create_file_with_runtime_dependencies(/home/ros2/ws_RAMS/install/workcell_description/share/colcon-core/packages/workcell_description)
[1.314s] Level 1:colcon.colcon_core.environment:create_environment_scripts_only(workcell_description)
[1.315s] Level 1:colcon.colcon_core.environment:checking '/home/ros2/ws_RAMS/install/workcell_description' for CMake module files
[1.315s] Level 1:colcon.colcon_core.environment:checking '/home/ros2/ws_RAMS/install/workcell_description' for CMake config files
[1.315s] Level 1:colcon.colcon_core.shell:create_environment_hook('workcell_description', 'cmake_prefix_path')
[1.316s] INFO:colcon.colcon_core.shell:Creating environment hook '/home/ros2/ws_RAMS/install/workcell_description/share/workcell_description/hook/cmake_prefix_path.ps1'
[1.316s] INFO:colcon.colcon_core.shell:Creating environment descriptor '/home/ros2/ws_RAMS/install/workcell_description/share/workcell_description/hook/cmake_prefix_path.dsv'
[1.316s] INFO:colcon.colcon_core.shell:Creating environment hook '/home/ros2/ws_RAMS/install/workcell_description/share/workcell_description/hook/cmake_prefix_path.sh'
[1.317s] Level 1:colcon.colcon_core.environment:checking '/home/ros2/ws_RAMS/install/workcell_description/bin'
[1.317s] Level 1:colcon.colcon_core.environment:checking '/home/ros2/ws_RAMS/install/workcell_description/lib/pkgconfig/workcell_description.pc'
[1.317s] Level 1:colcon.colcon_core.environment:checking '/home/ros2/ws_RAMS/install/workcell_description/lib/python3.10/site-packages'
[1.317s] Level 1:colcon.colcon_core.environment:checking '/home/ros2/ws_RAMS/install/workcell_description/bin'
[1.317s] INFO:colcon.colcon_core.shell:Creating package script '/home/ros2/ws_RAMS/install/workcell_description/share/workcell_description/package.ps1'
[1.318s] INFO:colcon.colcon_core.shell:Creating package descriptor '/home/ros2/ws_RAMS/install/workcell_description/share/workcell_description/package.dsv'
[1.318s] INFO:colcon.colcon_core.shell:Creating package script '/home/ros2/ws_RAMS/install/workcell_description/share/workcell_description/package.sh'
[1.319s] INFO:colcon.colcon_core.shell:Creating package script '/home/ros2/ws_RAMS/install/workcell_description/share/workcell_description/package.bash'
[1.319s] INFO:colcon.colcon_core.shell:Creating package script '/home/ros2/ws_RAMS/install/workcell_description/share/workcell_description/package.zsh'
[1.319s] Level 1:colcon.colcon_core.environment:create_file_with_runtime_dependencies(/home/ros2/ws_RAMS/install/workcell_description/share/colcon-core/packages/workcell_description)
[1.320s] INFO:colcon.colcon_ros.task.ament_cmake.build:Building ROS package in '/home/ros2/ws_RAMS/src/rams_perception' with build type 'ament_cmake'
[1.320s] INFO:colcon.colcon_cmake.task.cmake.build:Building CMake package in '/home/ros2/ws_RAMS/src/rams_perception'
[1.321s] INFO:colcon.colcon_core.shell:Skip shell extension 'powershell' for command environment: Not usable outside of PowerShell
[1.321s] DEBUG:colcon.colcon_core.shell:Skip shell extension 'dsv' for command environment
[1.331s] DEBUG:colcon.colcon_core.event_handler.log_command:Invoking command in '/home/ros2/ws_RAMS/build/rams_perception': CMAKE_PREFIX_PATH=/opt/ros/humble /usr/bin/cmake /home/ros2/ws_RAMS/src/rams_perception -DCMAKE_INSTALL_PREFIX=/home/ros2/ws_RAMS/install/rams_perception
[2.845s] DEBUG:colcon.colcon_core.event_handler.log_command:Invoked command in '/home/ros2/ws_RAMS/build/rams_perception' returned '0': CMAKE_PREFIX_PATH=/opt/ros/humble /usr/bin/cmake /home/ros2/ws_RAMS/src/rams_perception -DCMAKE_INSTALL_PREFIX=/home/ros2/ws_RAMS/install/rams_perception
[2.846s] DEBUG:colcon.colcon_core.event_handler.log_command:Invoking command in '/home/ros2/ws_RAMS/build/rams_perception': CMAKE_PREFIX_PATH=/opt/ros/humble /usr/bin/cmake --build /home/ros2/ws_RAMS/build/rams_perception -- -j2 -l2
[4.469s] DEBUG:colcon.colcon_core.event_handler.log_command:Invoked command in '/home/ros2/ws_RAMS/build/rams_interface' returned '0': CMAKE_PREFIX_PATH=/opt/ros/humble /usr/bin/cmake /home/ros2/ws_RAMS/src/rams_interface -DCMAKE_INSTALL_PREFIX=/home/ros2/ws_RAMS/install/rams_interface
[4.469s] DEBUG:colcon.colcon_core.event_handler.log_command:Invoking command in '/home/ros2/ws_RAMS/build/rams_interface': CMAKE_PREFIX_PATH=/opt/ros/humble /usr/bin/cmake --build /home/ros2/ws_RAMS/build/rams_interface -- -j2 -l2
[23.297s] DEBUG:colcon.colcon_core.event_handler.log_command:Invoked command in '/home/ros2/ws_RAMS/build/rams_perception' returned '0': CMAKE_PREFIX_PATH=/opt/ros/humble /usr/bin/cmake --build /home/ros2/ws_RAMS/build/rams_perception -- -j2 -l2
[23.298s] DEBUG:colcon.colcon_core.event_handler.log_command:Invoking command in '/home/ros2/ws_RAMS/build/rams_perception': CMAKE_PREFIX_PATH=/opt/ros/humble /usr/bin/cmake --install /home/ros2/ws_RAMS/build/rams_perception
[23.336s] Level 1:colcon.colcon_core.environment:create_environment_scripts_only(rams_perception)
[23.337s] Level 1:colcon.colcon_core.environment:checking '/home/ros2/ws_RAMS/install/rams_perception' for CMake module files
[23.337s] Level 1:colcon.colcon_core.environment:checking '/home/ros2/ws_RAMS/install/rams_perception' for CMake config files
[23.337s] Level 1:colcon.colcon_core.shell:create_environment_hook('rams_perception', 'cmake_prefix_path')
[23.337s] INFO:colcon.colcon_core.shell:Creating environment hook '/home/ros2/ws_RAMS/install/rams_perception/share/rams_perception/hook/cmake_prefix_path.ps1'
[23.338s] INFO:colcon.colcon_core.shell:Creating environment descriptor '/home/ros2/ws_RAMS/install/rams_perception/share/rams_perception/hook/cmake_prefix_path.dsv'
[23.338s] INFO:colcon.colcon_core.shell:Creating environment hook '/home/ros2/ws_RAMS/install/rams_perception/share/rams_perception/hook/cmake_prefix_path.sh'
[23.342s] DEBUG:colcon.colcon_core.event_handler.log_command:Invoked command in '/home/ros2/ws_RAMS/build/rams_perception' returned '0': CMAKE_PREFIX_PATH=/opt/ros/humble /usr/bin/cmake --install /home/ros2/ws_RAMS/build/rams_perception
[23.342s] Level 1:colcon.colcon_core.environment:checking '/home/ros2/ws_RAMS/install/rams_perception/lib'
[23.342s] Level 1:colcon.colcon_core.environment:checking '/home/ros2/ws_RAMS/install/rams_perception/bin'
[23.345s] Level 1:colcon.colcon_core.environment:checking '/home/ros2/ws_RAMS/install/rams_perception/lib/pkgconfig/rams_perception.pc'
[23.345s] Level 1:colcon.colcon_core.environment:checking '/home/ros2/ws_RAMS/install/rams_perception/lib/python3.10/site-packages'
[23.345s] Level 1:colcon.colcon_core.environment:checking '/home/ros2/ws_RAMS/install/rams_perception/bin'
[23.345s] INFO:colcon.colcon_core.shell:Creating package script '/home/ros2/ws_RAMS/install/rams_perception/share/rams_perception/package.ps1'
[23.346s] INFO:colcon.colcon_core.shell:Creating package descriptor '/home/ros2/ws_RAMS/install/rams_perception/share/rams_perception/package.dsv'
[23.347s] INFO:colcon.colcon_core.shell:Creating package script '/home/ros2/ws_RAMS/install/rams_perception/share/rams_perception/package.sh'
[23.349s] INFO:colcon.colcon_core.shell:Creating package script '/home/ros2/ws_RAMS/install/rams_perception/share/rams_perception/package.bash'
[23.349s] INFO:colcon.colcon_core.shell:Creating package script '/home/ros2/ws_RAMS/install/rams_perception/share/rams_perception/package.zsh'
[23.349s] Level 1:colcon.colcon_core.environment:create_file_with_runtime_dependencies(/home/ros2/ws_RAMS/install/rams_perception/share/colcon-core/packages/rams_perception)
[23.350s] Level 1:colcon.colcon_core.environment:create_environment_scripts_only(rams_perception)
[23.351s] Level 1:colcon.colcon_core.environment:checking '/home/ros2/ws_RAMS/install/rams_perception' for CMake module files
[23.353s] Level 1:colcon.colcon_core.environment:checking '/home/ros2/ws_RAMS/install/rams_perception' for CMake config files
[23.353s] Level 1:colcon.colcon_core.shell:create_environment_hook('rams_perception', 'cmake_prefix_path')
[23.354s] INFO:colcon.colcon_core.shell:Creating environment hook '/home/ros2/ws_RAMS/install/rams_perception/share/rams_perception/hook/cmake_prefix_path.ps1'
[23.354s] INFO:colcon.colcon_core.shell:Creating environment descriptor '/home/ros2/ws_RAMS/install/rams_perception/share/rams_perception/hook/cmake_prefix_path.dsv'
[23.359s] INFO:colcon.colcon_core.shell:Creating environment hook '/home/ros2/ws_RAMS/install/rams_perception/share/rams_perception/hook/cmake_prefix_path.sh'
[23.359s] Level 1:colcon.colcon_core.environment:checking '/home/ros2/ws_RAMS/install/rams_perception/lib'
[23.359s] Level 1:colcon.colcon_core.environment:checking '/home/ros2/ws_RAMS/install/rams_perception/bin'
[23.360s] Level 1:colcon.colcon_core.environment:checking '/home/ros2/ws_RAMS/install/rams_perception/lib/pkgconfig/rams_perception.pc'
[23.360s] Level 1:colcon.colcon_core.environment:checking '/home/ros2/ws_RAMS/install/rams_perception/lib/python3.10/site-packages'
[23.360s] Level 1:colcon.colcon_core.environment:checking '/home/ros2/ws_RAMS/install/rams_perception/bin'
[23.360s] INFO:colcon.colcon_core.shell:Creating package script '/home/ros2/ws_RAMS/install/rams_perception/share/rams_perception/package.ps1'
[23.363s] INFO:colcon.colcon_core.shell:Creating package descriptor '/home/ros2/ws_RAMS/install/rams_perception/share/rams_perception/package.dsv'
[23.364s] INFO:colcon.colcon_core.shell:Creating package script '/home/ros2/ws_RAMS/install/rams_perception/share/rams_perception/package.sh'
[23.367s] INFO:colcon.colcon_core.shell:Creating package script '/home/ros2/ws_RAMS/install/rams_perception/share/rams_perception/package.bash'
[23.368s] INFO:colcon.colcon_core.shell:Creating package script '/home/ros2/ws_RAMS/install/rams_perception/share/rams_perception/package.zsh'
[23.371s] Level 1:colcon.colcon_core.environment:create_file_with_runtime_dependencies(/home/ros2/ws_RAMS/install/rams_perception/share/colcon-core/packages/rams_perception)
[23.372s] INFO:colcon.colcon_ros.task.ament_cmake.build:Building ROS package in '/home/ros2/ws_RAMS/src/workcell_config' with build type 'ament_cmake'
[23.372s] INFO:colcon.colcon_cmake.task.cmake.build:Building CMake package in '/home/ros2/ws_RAMS/src/workcell_config'
[23.373s] INFO:colcon.colcon_core.shell:Skip shell extension 'powershell' for command environment: Not usable outside of PowerShell
[23.373s] DEBUG:colcon.colcon_core.shell:Skip shell extension 'dsv' for command environment
[23.396s] DEBUG:colcon.colcon_core.event_handler.log_command:Invoking command in '/home/ros2/ws_RAMS/build/workcell_config': AMENT_PREFIX_PATH=/home/ros2/ws_RAMS/install/workcell_description:${AMENT_PREFIX_PATH} CMAKE_PREFIX_PATH=/home/ros2/ws_RAMS/install/workcell_description:/opt/ros/humble /usr/bin/cmake /home/ros2/ws_RAMS/src/workcell_config -DCMAKE_INSTALL_PREFIX=/home/ros2/ws_RAMS/install/workcell_config
[24.638s] DEBUG:colcon.colcon_core.event_handler.log_command:Invoked command in '/home/ros2/ws_RAMS/build/workcell_config' returned '0': AMENT_PREFIX_PATH=/home/ros2/ws_RAMS/install/workcell_description:${AMENT_PREFIX_PATH} CMAKE_PREFIX_PATH=/home/ros2/ws_RAMS/install/workcell_description:/opt/ros/humble /usr/bin/cmake /home/ros2/ws_RAMS/src/workcell_config -DCMAKE_INSTALL_PREFIX=/home/ros2/ws_RAMS/install/workcell_config
[24.638s] DEBUG:colcon.colcon_core.event_handler.log_command:Invoking command in '/home/ros2/ws_RAMS/build/workcell_config': AMENT_PREFIX_PATH=/home/ros2/ws_RAMS/install/workcell_description:${AMENT_PREFIX_PATH} CMAKE_PREFIX_PATH=/home/ros2/ws_RAMS/install/workcell_description:/opt/ros/humble /usr/bin/cmake --build /home/ros2/ws_RAMS/build/workcell_config -- -j2 -l2
[24.719s] DEBUG:colcon.colcon_core.event_handler.log_command:Invoked command in '/home/ros2/ws_RAMS/build/workcell_config' returned '0': AMENT_PREFIX_PATH=/home/ros2/ws_RAMS/install/workcell_description:${AMENT_PREFIX_PATH} CMAKE_PREFIX_PATH=/home/ros2/ws_RAMS/install/workcell_description:/opt/ros/humble /usr/bin/cmake --build /home/ros2/ws_RAMS/build/workcell_config -- -j2 -l2
[24.725s] DEBUG:colcon.colcon_core.event_handler.log_command:Invoking command in '/home/ros2/ws_RAMS/build/workcell_config': AMENT_PREFIX_PATH=/home/ros2/ws_RAMS/install/workcell_description:${AMENT_PREFIX_PATH} CMAKE_PREFIX_PATH=/home/ros2/ws_RAMS/install/workcell_description:/opt/ros/humble /usr/bin/cmake --install /home/ros2/ws_RAMS/build/workcell_config
[24.767s] Level 1:colcon.colcon_core.environment:create_environment_scripts_only(workcell_config)
[24.767s] Level 1:colcon.colcon_core.environment:checking '/home/ros2/ws_RAMS/install/workcell_config' for CMake module files
[24.767s] Level 1:colcon.colcon_core.environment:checking '/home/ros2/ws_RAMS/install/workcell_config' for CMake config files
[24.767s] Level 1:colcon.colcon_core.shell:create_environment_hook('workcell_config', 'cmake_prefix_path')
[24.768s] INFO:colcon.colcon_core.shell:Creating environment hook '/home/ros2/ws_RAMS/install/workcell_config/share/workcell_config/hook/cmake_prefix_path.ps1'
[24.768s] DEBUG:colcon.colcon_core.event_handler.log_command:Invoked command in '/home/ros2/ws_RAMS/build/workcell_config' returned '0': AMENT_PREFIX_PATH=/home/ros2/ws_RAMS/install/workcell_description:${AMENT_PREFIX_PATH} CMAKE_PREFIX_PATH=/home/ros2/ws_RAMS/install/workcell_description:/opt/ros/humble /usr/bin/cmake --install /home/ros2/ws_RAMS/build/workcell_config
[24.769s] INFO:colcon.colcon_core.shell:Creating environment descriptor '/home/ros2/ws_RAMS/install/workcell_config/share/workcell_config/hook/cmake_prefix_path.dsv'
[24.770s] INFO:colcon.colcon_core.shell:Creating environment hook '/home/ros2/ws_RAMS/install/workcell_config/share/workcell_config/hook/cmake_prefix_path.sh'
[24.770s] Level 1:colcon.colcon_core.environment:checking '/home/ros2/ws_RAMS/install/workcell_config/bin'
[24.771s] Level 1:colcon.colcon_core.environment:checking '/home/ros2/ws_RAMS/install/workcell_config/lib/pkgconfig/workcell_config.pc'
[24.771s] Level 1:colcon.colcon_core.environment:checking '/home/ros2/ws_RAMS/install/workcell_config/lib/python3.10/site-packages'
[24.771s] Level 1:colcon.colcon_core.environment:checking '/home/ros2/ws_RAMS/install/workcell_config/bin'
[24.771s] INFO:colcon.colcon_core.shell:Creating package script '/home/ros2/ws_RAMS/install/workcell_config/share/workcell_config/package.ps1'
[24.771s] INFO:colcon.colcon_core.shell:Creating package descriptor '/home/ros2/ws_RAMS/install/workcell_config/share/workcell_config/package.dsv'
[24.772s] INFO:colcon.colcon_core.shell:Creating package script '/home/ros2/ws_RAMS/install/workcell_config/share/workcell_config/package.sh'
[24.772s] INFO:colcon.colcon_core.shell:Creating package script '/home/ros2/ws_RAMS/install/workcell_config/share/workcell_config/package.bash'
[24.772s] INFO:colcon.colcon_core.shell:Creating package script '/home/ros2/ws_RAMS/install/workcell_config/share/workcell_config/package.zsh'
[24.773s] Level 1:colcon.colcon_core.environment:create_file_with_runtime_dependencies(/home/ros2/ws_RAMS/install/workcell_config/share/colcon-core/packages/workcell_config)
[24.775s] Level 1:colcon.colcon_core.environment:create_environment_scripts_only(workcell_config)
[24.775s] Level 1:colcon.colcon_core.environment:checking '/home/ros2/ws_RAMS/install/workcell_config' for CMake module files
[24.775s] Level 1:colcon.colcon_core.environment:checking '/home/ros2/ws_RAMS/install/workcell_config' for CMake config files
[24.775s] Level 1:colcon.colcon_core.shell:create_environment_hook('workcell_config', 'cmake_prefix_path')
[24.776s] INFO:colcon.colcon_core.shell:Creating environment hook '/home/ros2/ws_RAMS/install/workcell_config/share/workcell_config/hook/cmake_prefix_path.ps1'
[24.776s] INFO:colcon.colcon_core.shell:Creating environment descriptor '/home/ros2/ws_RAMS/install/workcell_config/share/workcell_config/hook/cmake_prefix_path.dsv'
[24.777s] INFO:colcon.colcon_core.shell:Creating environment hook '/home/ros2/ws_RAMS/install/workcell_config/share/workcell_config/hook/cmake_prefix_path.sh'
[24.778s] Level 1:colcon.colcon_core.environment:checking '/home/ros2/ws_RAMS/install/workcell_config/bin'
[24.778s] Level 1:colcon.colcon_core.environment:checking '/home/ros2/ws_RAMS/install/workcell_config/lib/pkgconfig/workcell_config.pc'
[24.778s] Level 1:colcon.colcon_core.environment:checking '/home/ros2/ws_RAMS/install/workcell_config/lib/python3.10/site-packages'
[24.778s] Level 1:colcon.colcon_core.environment:checking '/home/ros2/ws_RAMS/install/workcell_config/bin'
[24.778s] INFO:colcon.colcon_core.shell:Creating package script '/home/ros2/ws_RAMS/install/workcell_config/share/workcell_config/package.ps1'
[24.779s] INFO:colcon.colcon_core.shell:Creating package descriptor '/home/ros2/ws_RAMS/install/workcell_config/share/workcell_config/package.dsv'
[24.779s] INFO:colcon.colcon_core.shell:Creating package script '/home/ros2/ws_RAMS/install/workcell_config/share/workcell_config/package.sh'
[24.780s] INFO:colcon.colcon_core.shell:Creating package script '/home/ros2/ws_RAMS/install/workcell_config/share/workcell_config/package.bash'
[24.780s] INFO:colcon.colcon_core.shell:Creating package script '/home/ros2/ws_RAMS/install/workcell_config/share/workcell_config/package.zsh'
[24.782s] Level 1:colcon.colcon_core.environment:create_file_with_runtime_dependencies(/home/ros2/ws_RAMS/install/workcell_config/share/colcon-core/packages/workcell_config)
[29.190s] DEBUG:colcon.colcon_core.event_handler.log_command:Invoked command in '/home/ros2/ws_RAMS/build/rams_interface' returned '2': CMAKE_PREFIX_PATH=/opt/ros/humble /usr/bin/cmake --build /home/ros2/ws_RAMS/build/rams_interface -- -j2 -l2
[29.190s] Level 1:colcon.colcon_core.environment:create_environment_scripts_only(rams_interface)
[29.190s] Level 1:colcon.colcon_core.environment:checking '/home/ros2/ws_RAMS/install/rams_interface' for CMake module files
[29.190s] Level 1:colcon.colcon_core.environment:checking '/home/ros2/ws_RAMS/install/rams_interface' for CMake config files
[29.191s] Level 1:colcon.colcon_core.environment:checking '/home/ros2/ws_RAMS/install/rams_interface/bin'
[29.191s] Level 1:colcon.colcon_core.environment:checking '/home/ros2/ws_RAMS/install/rams_interface/lib/pkgconfig/rams_interface.pc'
[29.191s] Level 1:colcon.colcon_core.environment:checking '/home/ros2/ws_RAMS/install/rams_interface/lib/python3.10/site-packages'
[29.191s] Level 1:colcon.colcon_core.environment:checking '/home/ros2/ws_RAMS/install/rams_interface/bin'
[29.191s] INFO:colcon.colcon_core.shell:Creating package script '/home/ros2/ws_RAMS/install/rams_interface/share/rams_interface/package.ps1'
[29.192s] INFO:colcon.colcon_core.shell:Creating package descriptor '/home/ros2/ws_RAMS/install/rams_interface/share/rams_interface/package.dsv'
[29.192s] INFO:colcon.colcon_core.shell:Creating package script '/home/ros2/ws_RAMS/install/rams_interface/share/rams_interface/package.sh'
[29.193s] INFO:colcon.colcon_core.shell:Creating package script '/home/ros2/ws_RAMS/install/rams_interface/share/rams_interface/package.bash'
[29.193s] INFO:colcon.colcon_core.shell:Creating package script '/home/ros2/ws_RAMS/install/rams_interface/share/rams_interface/package.zsh'
[29.193s] Level 1:colcon.colcon_core.environment:create_file_with_runtime_dependencies(/home/ros2/ws_RAMS/install/rams_interface/share/colcon-core/packages/rams_interface)
[29.204s] DEBUG:colcon.colcon_parallel_executor.executor.parallel:closing loop
[29.205s] DEBUG:colcon.colcon_parallel_executor.executor.parallel:loop closed
[29.205s] DEBUG:colcon.colcon_parallel_executor.executor.parallel:run_until_complete finished with '2'
[29.205s] DEBUG:colcon.colcon_core.event_reactor:joining thread
[29.209s] INFO:colcon.colcon_core.plugin_system:Skipping extension 'colcon_notification.desktop_notification.terminal_notifier': Not used on non-Darwin systems
[29.209s] INFO:colcon.colcon_core.plugin_system:Skipping extension 'colcon_notification.desktop_notification.win32': Not used on non-Windows systems
[29.209s] INFO:colcon.colcon_notification.desktop_notification:Sending desktop notification using 'notify2'
[29.221s] DEBUG:colcon.colcon_core.event_reactor:joined thread
[29.221s] INFO:colcon.colcon_core.shell:Creating prefix script '/home/ros2/ws_RAMS/install/local_setup.ps1'
[29.223s] INFO:colcon.colcon_core.shell:Creating prefix util module '/home/ros2/ws_RAMS/install/_local_setup_util_ps1.py'
[29.225s] INFO:colcon.colcon_core.shell:Creating prefix chain script '/home/ros2/ws_RAMS/install/setup.ps1'
[29.226s] INFO:colcon.colcon_core.shell:Creating prefix script '/home/ros2/ws_RAMS/install/local_setup.sh'
[29.226s] INFO:colcon.colcon_core.shell:Creating prefix util module '/home/ros2/ws_RAMS/install/_local_setup_util_sh.py'
[29.227s] INFO:colcon.colcon_core.shell:Creating prefix chain script '/home/ros2/ws_RAMS/install/setup.sh'
[29.228s] INFO:colcon.colcon_core.shell:Creating prefix script '/home/ros2/ws_RAMS/install/local_setup.bash'
[29.229s] INFO:colcon.colcon_core.shell:Creating prefix chain script '/home/ros2/ws_RAMS/install/setup.bash'
[29.230s] INFO:colcon.colcon_core.shell:Creating prefix script '/home/ros2/ws_RAMS/install/local_setup.zsh'
[29.230s] INFO:colcon.colcon_core.shell:Creating prefix chain script '/home/ros2/ws_RAMS/install/setup.zsh'
