[0.229s] Invoking command in '/home/ros2/ws_RAMS/build/workcell_description': CMAKE_PREFIX_PATH=${CMAKE_PREFIX_PATH}:/opt/ros/humble /usr/bin/cmake /home/ros2/ws_RAMS/src/workcell_description -DCMAKE_INSTALL_PREFIX=/home/ros2/ws_RAMS/install/workcell_description
[0.983s] -- The C compiler identification is GNU 11.4.0
[1.796s] -- The CXX compiler identification is GNU 11.4.0
[1.910s] -- Detecting C compiler ABI info
[3.279s] -- Detecting C compiler ABI info - done
[3.375s] -- Check for working C compiler: /usr/bin/cc - skipped
[3.375s] -- Detecting C compile features
[3.375s] -- Detecting C compile features - done
[3.419s] -- Detecting CXX compiler ABI info
[4.826s] -- Detecting CXX compiler ABI info - done
[4.933s] -- Check for working CXX compiler: /usr/bin/c++ - skipped
[4.937s] -- Detecting CXX compile features
[4.962s] -- Detecting CXX compile features - done
[5.041s] -- Found ament_cmake: 1.3.12 (/opt/ros/humble/share/ament_cmake/cmake)
[7.268s] -- Found Python3: /usr/bin/python3 (found version "3.10.12") found components: Interpreter 
[9.780s] -- Configuring done
[9.823s] -- Generating done
[9.873s] -- Build files have been written to: /home/ros2/ws_RAMS/build/workcell_description
[9.920s] Invoked command in '/home/ros2/ws_RAMS/build/workcell_description' returned '0': CMAKE_PREFIX_PATH=${CMAKE_PREFIX_PATH}:/opt/ros/humble /usr/bin/cmake /home/ros2/ws_RAMS/src/workcell_description -DCMAKE_INSTALL_PREFIX=/home/ros2/ws_RAMS/install/workcell_description
[9.941s] Invoking command in '/home/ros2/ws_RAMS/build/workcell_description': CMAKE_PREFIX_PATH=${CMAKE_PREFIX_PATH}:/opt/ros/humble /usr/bin/cmake --build /home/ros2/ws_RAMS/build/workcell_description -- -j2 -l2
[10.631s] Invoked command in '/home/ros2/ws_RAMS/build/workcell_description' returned '0': CMAKE_PREFIX_PATH=${CMAKE_PREFIX_PATH}:/opt/ros/humble /usr/bin/cmake --build /home/ros2/ws_RAMS/build/workcell_description -- -j2 -l2
[10.797s] Invoking command in '/home/ros2/ws_RAMS/build/workcell_description': CMAKE_PREFIX_PATH=${CMAKE_PREFIX_PATH}:/opt/ros/humble /usr/bin/cmake --install /home/ros2/ws_RAMS/build/workcell_description
[10.860s] -- Install configuration: ""
[10.861s] -- Installing: /home/ros2/ws_RAMS/install/workcell_description/share/workcell_description/urdf
[10.861s] -- Installing: /home/ros2/ws_RAMS/install/workcell_description/share/workcell_description/urdf/robots
[10.861s] -- Installing: /home/ros2/ws_RAMS/install/workcell_description/share/workcell_description/urdf/robots/irb6700_200_260.xacro
[10.877s] -- Installing: /home/ros2/ws_RAMS/install/workcell_description/share/workcell_description/urdf/sensors
[10.877s] -- Installing: /home/ros2/ws_RAMS/install/workcell_description/share/workcell_description/urdf/actuators
[10.877s] -- Installing: /home/ros2/ws_RAMS/install/workcell_description/share/workcell_description/urdf/actuators/spindle.xacro
[10.883s] -- Installing: /home/ros2/ws_RAMS/install/workcell_description/share/workcell_description/urdf/workcell.urdf.xacro
[10.883s] -- Installing: /home/ros2/ws_RAMS/install/workcell_description/share/workcell_description/urdf/workcell.urdf
[10.884s] -- Installing: /home/ros2/ws_RAMS/install/workcell_description/share/workcell_description/urdf/props
[10.884s] -- Installing: /home/ros2/ws_RAMS/install/workcell_description/share/workcell_description/urdf/props/common_props.xacro
[10.884s] -- Installing: /home/ros2/ws_RAMS/install/workcell_description/share/workcell_description/meshes
[10.884s] -- Installing: /home/ros2/ws_RAMS/install/workcell_description/share/workcell_description/meshes/robots
[10.904s] -- Installing: /home/ros2/ws_RAMS/install/workcell_description/share/workcell_description/meshes/robots/visual
[10.904s] -- Installing: /home/ros2/ws_RAMS/install/workcell_description/share/workcell_description/meshes/robots/visual/link_3.stl
[10.928s] -- Installing: /home/ros2/ws_RAMS/install/workcell_description/share/workcell_description/meshes/robots/visual/link_2.stl
[10.935s] -- Installing: /home/ros2/ws_RAMS/install/workcell_description/share/workcell_description/meshes/robots/visual/cylinder.stl
[10.946s] -- Installing: /home/ros2/ws_RAMS/install/workcell_description/share/workcell_description/meshes/robots/visual/link_1.stl
[10.982s] -- Installing: /home/ros2/ws_RAMS/install/workcell_description/share/workcell_description/meshes/robots/visual/link_6.stl
[10.993s] -- Installing: /home/ros2/ws_RAMS/install/workcell_description/share/workcell_description/meshes/robots/visual/base_link.stl
[11.006s] -- Installing: /home/ros2/ws_RAMS/install/workcell_description/share/workcell_description/meshes/robots/visual/piston.stl
[11.006s] -- Installing: /home/ros2/ws_RAMS/install/workcell_description/share/workcell_description/meshes/robots/visual/link_4.stl
[11.031s] -- Installing: /home/ros2/ws_RAMS/install/workcell_description/share/workcell_description/meshes/robots/visual/link_5.stl
[11.045s] -- Installing: /home/ros2/ws_RAMS/install/workcell_description/share/workcell_description/meshes/robots/collision
[11.046s] -- Installing: /home/ros2/ws_RAMS/install/workcell_description/share/workcell_description/meshes/robots/collision/link_3.stl
[11.058s] -- Installing: /home/ros2/ws_RAMS/install/workcell_description/share/workcell_description/meshes/robots/collision/link_2.stl
[11.071s] -- Installing: /home/ros2/ws_RAMS/install/workcell_description/share/workcell_description/meshes/robots/collision/cylinder.stl
[11.083s] -- Installing: /home/ros2/ws_RAMS/install/workcell_description/share/workcell_description/meshes/robots/collision/link_1.stl
[11.083s] -- Installing: /home/ros2/ws_RAMS/install/workcell_description/share/workcell_description/meshes/robots/collision/link_6.stl
[11.083s] -- Installing: /home/ros2/ws_RAMS/install/workcell_description/share/workcell_description/meshes/robots/collision/base_link.stl
[11.092s] -- Installing: /home/ros2/ws_RAMS/install/workcell_description/share/workcell_description/meshes/robots/collision/piston.stl
[11.097s] -- Installing: /home/ros2/ws_RAMS/install/workcell_description/share/workcell_description/meshes/robots/collision/link_4.stl
[11.098s] -- Installing: /home/ros2/ws_RAMS/install/workcell_description/share/workcell_description/meshes/robots/collision/link_5.stl
[11.098s] -- Installing: /home/ros2/ws_RAMS/install/workcell_description/share/workcell_description/meshes/sensors
[11.098s] -- Installing: /home/ros2/ws_RAMS/install/workcell_description/share/workcell_description/meshes/sensors/visual
[11.099s] -- Installing: /home/ros2/ws_RAMS/install/workcell_description/share/workcell_description/meshes/sensors/visual/d415.stl
[11.455s] -- Installing: /home/ros2/ws_RAMS/install/workcell_description/share/workcell_description/meshes/sensors/visual/d435.dae
[11.874s] -- Installing: /home/ros2/ws_RAMS/install/workcell_description/share/workcell_description/meshes/sensors/collision
[11.874s] -- Installing: /home/ros2/ws_RAMS/install/workcell_description/share/workcell_description/meshes/sensors/collision/d415.stl
[12.280s] -- Installing: /home/ros2/ws_RAMS/install/workcell_description/share/workcell_description/meshes/sensors/collision/d435.dae
[12.613s] -- Installing: /home/ros2/ws_RAMS/install/workcell_description/share/workcell_description/meshes/actuators
[12.617s] -- Installing: /home/ros2/ws_RAMS/install/workcell_description/share/workcell_description/meshes/actuators/visual
[12.621s] -- Installing: /home/ros2/ws_RAMS/install/workcell_description/share/workcell_description/meshes/actuators/visual/spindle.STL
[12.678s] -- Installing: /home/ros2/ws_RAMS/install/workcell_description/share/workcell_description/meshes/actuators/collision
[12.678s] -- Installing: /home/ros2/ws_RAMS/install/workcell_description/share/workcell_description/meshes/actuators/collision/spindle.STL
[12.720s] -- Installing: /home/ros2/ws_RAMS/install/workcell_description/share/workcell_description/launch
[12.728s] -- Installing: /home/ros2/ws_RAMS/install/workcell_description/share/workcell_description/launch/description.launch.py
[12.739s] -- Installing: /home/ros2/ws_RAMS/install/workcell_description/share/workcell_description/launch/robot_viz.launch.py
[12.754s] -- Installing: /home/ros2/ws_RAMS/install/workcell_description/share/ament_index/resource_index/package_run_dependencies/workcell_description
[12.754s] -- Installing: /home/ros2/ws_RAMS/install/workcell_description/share/ament_index/resource_index/parent_prefix_path/workcell_description
[12.754s] -- Installing: /home/ros2/ws_RAMS/install/workcell_description/share/workcell_description/environment/ament_prefix_path.sh
[12.754s] -- Installing: /home/ros2/ws_RAMS/install/workcell_description/share/workcell_description/environment/ament_prefix_path.dsv
[12.765s] -- Installing: /home/ros2/ws_RAMS/install/workcell_description/share/workcell_description/environment/path.sh
[12.765s] -- Installing: /home/ros2/ws_RAMS/install/workcell_description/share/workcell_description/environment/path.dsv
[12.765s] -- Installing: /home/ros2/ws_RAMS/install/workcell_description/share/workcell_description/local_setup.bash
[12.789s] -- Installing: /home/ros2/ws_RAMS/install/workcell_description/share/workcell_description/local_setup.sh
[12.806s] -- Installing: /home/ros2/ws_RAMS/install/workcell_description/share/workcell_description/local_setup.zsh
[12.806s] -- Installing: /home/ros2/ws_RAMS/install/workcell_description/share/workcell_description/local_setup.dsv
[12.807s] -- Installing: /home/ros2/ws_RAMS/install/workcell_description/share/workcell_description/package.dsv
[12.807s] -- Installing: /home/ros2/ws_RAMS/install/workcell_description/share/ament_index/resource_index/packages/workcell_description
[12.807s] -- Installing: /home/ros2/ws_RAMS/install/workcell_description/share/workcell_description/cmake/workcell_descriptionConfig.cmake
[12.807s] -- Installing: /home/ros2/ws_RAMS/install/workcell_description/share/workcell_description/cmake/workcell_descriptionConfig-version.cmake
[12.827s] -- Installing: /home/ros2/ws_RAMS/install/workcell_description/share/workcell_description/package.xml
[12.855s] Invoked command in '/home/ros2/ws_RAMS/build/workcell_description' returned '0': CMAKE_PREFIX_PATH=${CMAKE_PREFIX_PATH}:/opt/ros/humble /usr/bin/cmake --install /home/ros2/ws_RAMS/build/workcell_description
