[0.088s] DEBUG:colcon:Command line arguments: ['/usr/bin/colcon', 'build']
[0.088s] DEBUG:colcon:Parsed command line arguments: Namespace(log_base=None, log_level=None, verb_name='build', build_base='build', install_base='install', merge_install=False, symlink_install=False, test_result_base=None, continue_on_error=False, executor='parallel', parallel_workers=2, event_handlers=None, ignore_user_meta=False, metas=['./colcon.meta'], base_paths=['.'], packages_ignore=None, packages_ignore_regex=None, paths=None, packages_up_to=None, packages_up_to_regex=None, packages_above=None, packages_above_and_dependencies=None, packages_above_depth=None, packages_select_by_dep=None, packages_skip_by_dep=None, packages_skip_up_to=None, packages_select_build_failed=False, packages_skip_build_finished=False, packages_select_test_failures=False, packages_skip_test_passed=False, packages_select=None, packages_skip=None, packages_select_regex=None, packages_skip_regex=None, packages_start=None, packages_end=None, allow_overriding=[], cmake_args=None, cmake_target=None, cmake_target_skip_unavailable=False, cmake_clean_cache=False, cmake_clean_first=False, cmake_force_configure=False, ament_cmake_args=None, catkin_cmake_args=None, catkin_skip_building_tests=False, mixin_files=None, mixin=None, verb_parser=<colcon_mixin.mixin.mixin_argument.MixinArgumentDecorator object at 0x72af8ba77b80>, verb_extension=<colcon_core.verb.build.BuildVerb object at 0x72af8ba77760>, main=<bound method BuildVerb.main of <colcon_core.verb.build.BuildVerb object at 0x72af8ba77760>>, mixin_verb=('build',))
[0.210s] Level 1:colcon.colcon_core.package_discovery:discover_packages(colcon_meta) check parameters
[0.210s] Level 1:colcon.colcon_core.package_discovery:discover_packages(recursive) check parameters
[0.210s] Level 1:colcon.colcon_core.package_discovery:discover_packages(ignore) check parameters
[0.210s] Level 1:colcon.colcon_core.package_discovery:discover_packages(path) check parameters
[0.210s] Level 1:colcon.colcon_core.package_discovery:discover_packages(colcon_meta) discover
[0.210s] Level 1:colcon.colcon_core.package_discovery:discover_packages(recursive) discover
[0.210s] INFO:colcon.colcon_core.package_discovery:Crawling recursively for packages in '/home/ros2/ws_RAMS'
[0.210s] Level 1:colcon.colcon_core.package_identification:_identify(.) by extensions ['ignore', 'ignore_ament_install']
[0.210s] Level 1:colcon.colcon_core.package_identification:_identify(.) by extension 'ignore'
[0.211s] Level 1:colcon.colcon_core.package_identification:_identify(.) by extension 'ignore_ament_install'
[0.211s] Level 1:colcon.colcon_core.package_identification:_identify(.) by extensions ['colcon_pkg']
[0.211s] Level 1:colcon.colcon_core.package_identification:_identify(.) by extension 'colcon_pkg'
[0.211s] Level 1:colcon.colcon_core.package_identification:_identify(.) by extensions ['colcon_meta']
[0.211s] Level 1:colcon.colcon_core.package_identification:_identify(.) by extension 'colcon_meta'
[0.211s] Level 1:colcon.colcon_core.package_identification:_identify(.) by extensions ['ros']
[0.211s] Level 1:colcon.colcon_core.package_identification:_identify(.) by extension 'ros'
[0.218s] Level 1:colcon.colcon_core.package_identification:_identify(.) by extensions ['cmake', 'python']
[0.218s] Level 1:colcon.colcon_core.package_identification:_identify(.) by extension 'cmake'
[0.218s] Level 1:colcon.colcon_core.package_identification:_identify(.) by extension 'python'
[0.218s] Level 1:colcon.colcon_core.package_identification:_identify(.) by extensions ['python_setup_py']
[0.218s] Level 1:colcon.colcon_core.package_identification:_identify(.) by extension 'python_setup_py'
[0.218s] Level 1:colcon.colcon_core.package_identification:_identify(build) by extensions ['ignore', 'ignore_ament_install']
[0.218s] Level 1:colcon.colcon_core.package_identification:_identify(build) by extension 'ignore'
[0.218s] Level 1:colcon.colcon_core.package_identification:_identify(build) ignored
[0.219s] Level 1:colcon.colcon_core.package_identification:_identify(install) by extensions ['ignore', 'ignore_ament_install']
[0.219s] Level 1:colcon.colcon_core.package_identification:_identify(install) by extension 'ignore'
[0.219s] Level 1:colcon.colcon_core.package_identification:_identify(install) ignored
[0.219s] Level 1:colcon.colcon_core.package_identification:_identify(log) by extensions ['ignore', 'ignore_ament_install']
[0.219s] Level 1:colcon.colcon_core.package_identification:_identify(log) by extension 'ignore'
[0.219s] Level 1:colcon.colcon_core.package_identification:_identify(log) ignored
[0.219s] Level 1:colcon.colcon_core.package_identification:_identify(src) by extensions ['ignore', 'ignore_ament_install']
[0.219s] Level 1:colcon.colcon_core.package_identification:_identify(src) by extension 'ignore'
[0.219s] Level 1:colcon.colcon_core.package_identification:_identify(src) by extension 'ignore_ament_install'
[0.219s] Level 1:colcon.colcon_core.package_identification:_identify(src) by extensions ['colcon_pkg']
[0.219s] Level 1:colcon.colcon_core.package_identification:_identify(src) by extension 'colcon_pkg'
[0.219s] Level 1:colcon.colcon_core.package_identification:_identify(src) by extensions ['colcon_meta']
[0.219s] Level 1:colcon.colcon_core.package_identification:_identify(src) by extension 'colcon_meta'
[0.219s] Level 1:colcon.colcon_core.package_identification:_identify(src) by extensions ['ros']
[0.219s] Level 1:colcon.colcon_core.package_identification:_identify(src) by extension 'ros'
[0.219s] Level 1:colcon.colcon_core.package_identification:_identify(src) by extensions ['cmake', 'python']
[0.219s] Level 1:colcon.colcon_core.package_identification:_identify(src) by extension 'cmake'
[0.219s] Level 1:colcon.colcon_core.package_identification:_identify(src) by extension 'python'
[0.219s] Level 1:colcon.colcon_core.package_identification:_identify(src) by extensions ['python_setup_py']
[0.219s] Level 1:colcon.colcon_core.package_identification:_identify(src) by extension 'python_setup_py'
[0.219s] Level 1:colcon.colcon_core.package_identification:_identify(src/workcell_config) by extensions ['ignore', 'ignore_ament_install']
[0.219s] Level 1:colcon.colcon_core.package_identification:_identify(src/workcell_config) by extension 'ignore'
[0.219s] Level 1:colcon.colcon_core.package_identification:_identify(src/workcell_config) by extension 'ignore_ament_install'
[0.219s] Level 1:colcon.colcon_core.package_identification:_identify(src/workcell_config) by extensions ['colcon_pkg']
[0.220s] Level 1:colcon.colcon_core.package_identification:_identify(src/workcell_config) by extension 'colcon_pkg'
[0.220s] Level 1:colcon.colcon_core.package_identification:_identify(src/workcell_config) by extensions ['colcon_meta']
[0.220s] Level 1:colcon.colcon_core.package_identification:_identify(src/workcell_config) by extension 'colcon_meta'
[0.220s] Level 1:colcon.colcon_core.package_identification:_identify(src/workcell_config) by extensions ['ros']
[0.220s] Level 1:colcon.colcon_core.package_identification:_identify(src/workcell_config) by extension 'ros'
[0.222s] DEBUG:colcon.colcon_core.package_identification:Package 'src/workcell_config' with type 'ros.ament_cmake' and name 'workcell_config'
[0.222s] Level 1:colcon.colcon_core.package_identification:_identify(src/workcell_description) by extensions ['ignore', 'ignore_ament_install']
[0.222s] Level 1:colcon.colcon_core.package_identification:_identify(src/workcell_description) by extension 'ignore'
[0.222s] Level 1:colcon.colcon_core.package_identification:_identify(src/workcell_description) by extension 'ignore_ament_install'
[0.222s] Level 1:colcon.colcon_core.package_identification:_identify(src/workcell_description) by extensions ['colcon_pkg']
[0.222s] Level 1:colcon.colcon_core.package_identification:_identify(src/workcell_description) by extension 'colcon_pkg'
[0.222s] Level 1:colcon.colcon_core.package_identification:_identify(src/workcell_description) by extensions ['colcon_meta']
[0.222s] Level 1:colcon.colcon_core.package_identification:_identify(src/workcell_description) by extension 'colcon_meta'
[0.222s] Level 1:colcon.colcon_core.package_identification:_identify(src/workcell_description) by extensions ['ros']
[0.222s] Level 1:colcon.colcon_core.package_identification:_identify(src/workcell_description) by extension 'ros'
[0.223s] DEBUG:colcon.colcon_core.package_identification:Package 'src/workcell_description' with type 'ros.ament_cmake' and name 'workcell_description'
[0.223s] Level 1:colcon.colcon_core.package_discovery:discover_packages(recursive) using defaults
[0.223s] Level 1:colcon.colcon_core.package_discovery:discover_packages(ignore) discover
[0.223s] Level 1:colcon.colcon_core.package_discovery:discover_packages(ignore) using defaults
[0.223s] Level 1:colcon.colcon_core.package_discovery:discover_packages(path) discover
[0.223s] Level 1:colcon.colcon_core.package_discovery:discover_packages(path) using defaults
[0.240s] Level 1:colcon.colcon_core.package_discovery:discover_packages(prefix_path) check parameters
[0.240s] Level 1:colcon.colcon_core.package_discovery:discover_packages(prefix_path) discover
[0.242s] WARNING:colcon.colcon_ros.prefix_path.ament:The path '/home/ros2/ws_RAMS/install/workcell_config' in the environment variable AMENT_PREFIX_PATH doesn't exist
[0.242s] WARNING:colcon.colcon_ros.prefix_path.ament:The path '/home/ros2/ws_RAMS/install/workcell_description' in the environment variable AMENT_PREFIX_PATH doesn't exist
[0.242s] WARNING:colcon.colcon_ros.prefix_path.catkin:The path '/home/ros2/ws_RAMS/install/workcell_config' in the environment variable CMAKE_PREFIX_PATH doesn't exist
[0.242s] WARNING:colcon.colcon_ros.prefix_path.catkin:The path '/home/ros2/ws_RAMS/install/workcell_description' in the environment variable CMAKE_PREFIX_PATH doesn't exist
[0.242s] DEBUG:colcon.colcon_installed_package_information.package_discovery:Found 0 installed packages in /home/ros2/ws_RAMS/install
[0.243s] DEBUG:colcon.colcon_installed_package_information.package_discovery:Found 15 installed packages in /home/ros2/ws_abb_ros2/install
[0.245s] DEBUG:colcon.colcon_installed_package_information.package_discovery:Found 363 installed packages in /opt/ros/humble
[0.246s] Level 1:colcon.colcon_core.package_discovery:discover_packages(prefix_path) using defaults
[0.280s] Level 5:colcon.colcon_core.verb:set package 'workcell_description' build argument 'cmake_args' from command line to 'None'
[0.280s] Level 5:colcon.colcon_core.verb:set package 'workcell_description' build argument 'cmake_target' from command line to 'None'
[0.280s] Level 5:colcon.colcon_core.verb:set package 'workcell_description' build argument 'cmake_target_skip_unavailable' from command line to 'False'
[0.280s] Level 5:colcon.colcon_core.verb:set package 'workcell_description' build argument 'cmake_clean_cache' from command line to 'False'
[0.280s] Level 5:colcon.colcon_core.verb:set package 'workcell_description' build argument 'cmake_clean_first' from command line to 'False'
[0.280s] Level 5:colcon.colcon_core.verb:set package 'workcell_description' build argument 'cmake_force_configure' from command line to 'False'
[0.280s] Level 5:colcon.colcon_core.verb:set package 'workcell_description' build argument 'ament_cmake_args' from command line to 'None'
[0.280s] Level 5:colcon.colcon_core.verb:set package 'workcell_description' build argument 'catkin_cmake_args' from command line to 'None'
[0.280s] Level 5:colcon.colcon_core.verb:set package 'workcell_description' build argument 'catkin_skip_building_tests' from command line to 'False'
[0.280s] DEBUG:colcon.colcon_core.verb:Building package 'workcell_description' with the following arguments: {'ament_cmake_args': None, 'build_base': '/home/ros2/ws_RAMS/build/workcell_description', 'catkin_cmake_args': None, 'catkin_skip_building_tests': False, 'cmake_args': None, 'cmake_clean_cache': False, 'cmake_clean_first': False, 'cmake_force_configure': False, 'cmake_target': None, 'cmake_target_skip_unavailable': False, 'install_base': '/home/ros2/ws_RAMS/install/workcell_description', 'merge_install': False, 'path': '/home/ros2/ws_RAMS/src/workcell_description', 'symlink_install': False, 'test_result_base': None}
[0.280s] Level 5:colcon.colcon_core.verb:set package 'workcell_config' build argument 'cmake_args' from command line to 'None'
[0.281s] Level 5:colcon.colcon_core.verb:set package 'workcell_config' build argument 'cmake_target' from command line to 'None'
[0.281s] Level 5:colcon.colcon_core.verb:set package 'workcell_config' build argument 'cmake_target_skip_unavailable' from command line to 'False'
[0.281s] Level 5:colcon.colcon_core.verb:set package 'workcell_config' build argument 'cmake_clean_cache' from command line to 'False'
[0.281s] Level 5:colcon.colcon_core.verb:set package 'workcell_config' build argument 'cmake_clean_first' from command line to 'False'
[0.281s] Level 5:colcon.colcon_core.verb:set package 'workcell_config' build argument 'cmake_force_configure' from command line to 'False'
[0.281s] Level 5:colcon.colcon_core.verb:set package 'workcell_config' build argument 'ament_cmake_args' from command line to 'None'
[0.281s] Level 5:colcon.colcon_core.verb:set package 'workcell_config' build argument 'catkin_cmake_args' from command line to 'None'
[0.281s] Level 5:colcon.colcon_core.verb:set package 'workcell_config' build argument 'catkin_skip_building_tests' from command line to 'False'
[0.281s] DEBUG:colcon.colcon_core.verb:Building package 'workcell_config' with the following arguments: {'ament_cmake_args': None, 'build_base': '/home/ros2/ws_RAMS/build/workcell_config', 'catkin_cmake_args': None, 'catkin_skip_building_tests': False, 'cmake_args': None, 'cmake_clean_cache': False, 'cmake_clean_first': False, 'cmake_force_configure': False, 'cmake_target': None, 'cmake_target_skip_unavailable': False, 'install_base': '/home/ros2/ws_RAMS/install/workcell_config', 'merge_install': False, 'path': '/home/ros2/ws_RAMS/src/workcell_config', 'symlink_install': False, 'test_result_base': None}
[0.281s] INFO:colcon.colcon_core.executor:Executing jobs using 'parallel' executor
[0.282s] DEBUG:colcon.colcon_parallel_executor.executor.parallel:run_until_complete
[0.282s] INFO:colcon.colcon_ros.task.ament_cmake.build:Building ROS package in '/home/ros2/ws_RAMS/src/workcell_description' with build type 'ament_cmake'
[0.282s] INFO:colcon.colcon_cmake.task.cmake.build:Building CMake package in '/home/ros2/ws_RAMS/src/workcell_description'
[0.284s] INFO:colcon.colcon_core.plugin_system:Skipping extension 'colcon_core.shell.bat': Not used on non-Windows systems
[0.284s] INFO:colcon.colcon_core.shell:Skip shell extension 'powershell' for command environment: Not usable outside of PowerShell
[0.284s] DEBUG:colcon.colcon_core.shell:Skip shell extension 'dsv' for command environment
[0.295s] DEBUG:colcon.colcon_core.event_handler.log_command:Invoking command in '/home/ros2/ws_RAMS/build/workcell_description': CMAKE_PREFIX_PATH=${CMAKE_PREFIX_PATH}:/opt/ros/humble /usr/bin/cmake /home/ros2/ws_RAMS/src/workcell_description -DCMAKE_INSTALL_PREFIX=/home/ros2/ws_RAMS/install/workcell_description
[0.854s] DEBUG:colcon.colcon_core.event_handler.log_command:Invoked command in '/home/ros2/ws_RAMS/build/workcell_description' returned '0': CMAKE_PREFIX_PATH=${CMAKE_PREFIX_PATH}:/opt/ros/humble /usr/bin/cmake /home/ros2/ws_RAMS/src/workcell_description -DCMAKE_INSTALL_PREFIX=/home/ros2/ws_RAMS/install/workcell_description
[0.854s] DEBUG:colcon.colcon_core.event_handler.log_command:Invoking command in '/home/ros2/ws_RAMS/build/workcell_description': CMAKE_PREFIX_PATH=${CMAKE_PREFIX_PATH}:/opt/ros/humble /usr/bin/cmake --build /home/ros2/ws_RAMS/build/workcell_description -- -j2 -l2
[0.901s] DEBUG:colcon.colcon_core.event_handler.log_command:Invoked command in '/home/ros2/ws_RAMS/build/workcell_description' returned '0': CMAKE_PREFIX_PATH=${CMAKE_PREFIX_PATH}:/opt/ros/humble /usr/bin/cmake --build /home/ros2/ws_RAMS/build/workcell_description -- -j2 -l2
[0.910s] DEBUG:colcon.colcon_core.event_handler.log_command:Invoking command in '/home/ros2/ws_RAMS/build/workcell_description': CMAKE_PREFIX_PATH=${CMAKE_PREFIX_PATH}:/opt/ros/humble /usr/bin/cmake --install /home/ros2/ws_RAMS/build/workcell_description
[1.084s] Level 1:colcon.colcon_core.environment:create_environment_scripts_only(workcell_description)
[1.085s] DEBUG:colcon.colcon_core.event_handler.log_command:Invoked command in '/home/ros2/ws_RAMS/build/workcell_description' returned '0': CMAKE_PREFIX_PATH=${CMAKE_PREFIX_PATH}:/opt/ros/humble /usr/bin/cmake --install /home/ros2/ws_RAMS/build/workcell_description
[1.087s] Level 1:colcon.colcon_core.environment:checking '/home/ros2/ws_RAMS/install/workcell_description' for CMake module files
[1.087s] Level 1:colcon.colcon_core.environment:checking '/home/ros2/ws_RAMS/install/workcell_description' for CMake config files
[1.088s] Level 1:colcon.colcon_core.shell:create_environment_hook('workcell_description', 'cmake_prefix_path')
[1.088s] INFO:colcon.colcon_core.shell:Creating environment hook '/home/ros2/ws_RAMS/install/workcell_description/share/workcell_description/hook/cmake_prefix_path.ps1'
[1.088s] INFO:colcon.colcon_core.shell:Creating environment descriptor '/home/ros2/ws_RAMS/install/workcell_description/share/workcell_description/hook/cmake_prefix_path.dsv'
[1.089s] INFO:colcon.colcon_core.shell:Creating environment hook '/home/ros2/ws_RAMS/install/workcell_description/share/workcell_description/hook/cmake_prefix_path.sh'
[1.089s] Level 1:colcon.colcon_core.environment:checking '/home/ros2/ws_RAMS/install/workcell_description/bin'
[1.089s] Level 1:colcon.colcon_core.environment:checking '/home/ros2/ws_RAMS/install/workcell_description/lib/pkgconfig/workcell_description.pc'
[1.089s] Level 1:colcon.colcon_core.environment:checking '/home/ros2/ws_RAMS/install/workcell_description/lib/python3.10/site-packages'
[1.090s] Level 1:colcon.colcon_core.environment:checking '/home/ros2/ws_RAMS/install/workcell_description/bin'
[1.090s] INFO:colcon.colcon_core.shell:Creating package script '/home/ros2/ws_RAMS/install/workcell_description/share/workcell_description/package.ps1'
[1.090s] INFO:colcon.colcon_core.shell:Creating package descriptor '/home/ros2/ws_RAMS/install/workcell_description/share/workcell_description/package.dsv'
[1.091s] INFO:colcon.colcon_core.shell:Creating package script '/home/ros2/ws_RAMS/install/workcell_description/share/workcell_description/package.sh'
[1.091s] INFO:colcon.colcon_core.shell:Creating package script '/home/ros2/ws_RAMS/install/workcell_description/share/workcell_description/package.bash'
[1.092s] INFO:colcon.colcon_core.shell:Creating package script '/home/ros2/ws_RAMS/install/workcell_description/share/workcell_description/package.zsh'
[1.092s] Level 1:colcon.colcon_core.environment:create_file_with_runtime_dependencies(/home/ros2/ws_RAMS/install/workcell_description/share/colcon-core/packages/workcell_description)
[1.092s] Level 1:colcon.colcon_core.environment:create_environment_scripts_only(workcell_description)
[1.093s] Level 1:colcon.colcon_core.environment:checking '/home/ros2/ws_RAMS/install/workcell_description' for CMake module files
[1.093s] Level 1:colcon.colcon_core.environment:checking '/home/ros2/ws_RAMS/install/workcell_description' for CMake config files
[1.093s] Level 1:colcon.colcon_core.shell:create_environment_hook('workcell_description', 'cmake_prefix_path')
[1.093s] INFO:colcon.colcon_core.shell:Creating environment hook '/home/ros2/ws_RAMS/install/workcell_description/share/workcell_description/hook/cmake_prefix_path.ps1'
[1.094s] INFO:colcon.colcon_core.shell:Creating environment descriptor '/home/ros2/ws_RAMS/install/workcell_description/share/workcell_description/hook/cmake_prefix_path.dsv'
[1.094s] INFO:colcon.colcon_core.shell:Creating environment hook '/home/ros2/ws_RAMS/install/workcell_description/share/workcell_description/hook/cmake_prefix_path.sh'
[1.094s] Level 1:colcon.colcon_core.environment:checking '/home/ros2/ws_RAMS/install/workcell_description/bin'
[1.095s] Level 1:colcon.colcon_core.environment:checking '/home/ros2/ws_RAMS/install/workcell_description/lib/pkgconfig/workcell_description.pc'
[1.095s] Level 1:colcon.colcon_core.environment:checking '/home/ros2/ws_RAMS/install/workcell_description/lib/python3.10/site-packages'
[1.095s] Level 1:colcon.colcon_core.environment:checking '/home/ros2/ws_RAMS/install/workcell_description/bin'
[1.095s] INFO:colcon.colcon_core.shell:Creating package script '/home/ros2/ws_RAMS/install/workcell_description/share/workcell_description/package.ps1'
[1.095s] INFO:colcon.colcon_core.shell:Creating package descriptor '/home/ros2/ws_RAMS/install/workcell_description/share/workcell_description/package.dsv'
[1.096s] INFO:colcon.colcon_core.shell:Creating package script '/home/ros2/ws_RAMS/install/workcell_description/share/workcell_description/package.sh'
[1.096s] INFO:colcon.colcon_core.shell:Creating package script '/home/ros2/ws_RAMS/install/workcell_description/share/workcell_description/package.bash'
[1.097s] INFO:colcon.colcon_core.shell:Creating package script '/home/ros2/ws_RAMS/install/workcell_description/share/workcell_description/package.zsh'
[1.097s] Level 1:colcon.colcon_core.environment:create_file_with_runtime_dependencies(/home/ros2/ws_RAMS/install/workcell_description/share/colcon-core/packages/workcell_description)
[1.097s] INFO:colcon.colcon_ros.task.ament_cmake.build:Building ROS package in '/home/ros2/ws_RAMS/src/workcell_config' with build type 'ament_cmake'
[1.098s] INFO:colcon.colcon_cmake.task.cmake.build:Building CMake package in '/home/ros2/ws_RAMS/src/workcell_config'
[1.098s] INFO:colcon.colcon_core.shell:Skip shell extension 'powershell' for command environment: Not usable outside of PowerShell
[1.098s] DEBUG:colcon.colcon_core.shell:Skip shell extension 'dsv' for command environment
[1.108s] DEBUG:colcon.colcon_core.event_handler.log_command:Invoking command in '/home/ros2/ws_RAMS/build/workcell_config': CMAKE_PREFIX_PATH=/home/ros2/ws_RAMS/install/workcell_description:/home/ros2/ws_abb_ros2/install/abb_rws_client:/home/ros2/ws_abb_ros2/install/abb_ros2:/home/ros2/ws_abb_ros2/install/abb_robot_msgs:/home/ros2/ws_abb_ros2/install/abb_resources:/home/ros2/ws_abb_ros2/install/abb_rapid_sm_addin_msgs:/home/ros2/ws_abb_ros2/install/abb_rapid_msgs:/home/ros2/ws_abb_ros2/install/abb_hardware_interface:/home/ros2/ws_abb_ros2/install/abb_egm_rws_managers:/home/ros2/ws_abb_ros2/install/abb_librws:/home/ros2/ws_abb_ros2/install/abb_libegm:/home/ros2/ws_abb_ros2/install/abb_irb4600_support:/home/ros2/ws_abb_ros2/install/abb_irb1200_5_90_moveit_config:/home/ros2/ws_abb_ros2/install/abb_irb1200_support:/home/ros2/ws_abb_ros2/install/abb_egm_msgs:/home/ros2/ws_abb_ros2/install/abb_bringup:/home/ros2/ws_RAMS/install/workcell_config:/opt/ros/humble /usr/bin/cmake /home/ros2/ws_RAMS/src/workcell_config -DCMAKE_INSTALL_PREFIX=/home/ros2/ws_RAMS/install/workcell_config
[1.690s] DEBUG:colcon.colcon_core.event_handler.log_command:Invoked command in '/home/ros2/ws_RAMS/build/workcell_config' returned '0': CMAKE_PREFIX_PATH=/home/ros2/ws_RAMS/install/workcell_description:/home/ros2/ws_abb_ros2/install/abb_rws_client:/home/ros2/ws_abb_ros2/install/abb_ros2:/home/ros2/ws_abb_ros2/install/abb_robot_msgs:/home/ros2/ws_abb_ros2/install/abb_resources:/home/ros2/ws_abb_ros2/install/abb_rapid_sm_addin_msgs:/home/ros2/ws_abb_ros2/install/abb_rapid_msgs:/home/ros2/ws_abb_ros2/install/abb_hardware_interface:/home/ros2/ws_abb_ros2/install/abb_egm_rws_managers:/home/ros2/ws_abb_ros2/install/abb_librws:/home/ros2/ws_abb_ros2/install/abb_libegm:/home/ros2/ws_abb_ros2/install/abb_irb4600_support:/home/ros2/ws_abb_ros2/install/abb_irb1200_5_90_moveit_config:/home/ros2/ws_abb_ros2/install/abb_irb1200_support:/home/ros2/ws_abb_ros2/install/abb_egm_msgs:/home/ros2/ws_abb_ros2/install/abb_bringup:/home/ros2/ws_RAMS/install/workcell_config:/opt/ros/humble /usr/bin/cmake /home/ros2/ws_RAMS/src/workcell_config -DCMAKE_INSTALL_PREFIX=/home/ros2/ws_RAMS/install/workcell_config
[1.693s] DEBUG:colcon.colcon_core.event_handler.log_command:Invoking command in '/home/ros2/ws_RAMS/build/workcell_config': CMAKE_PREFIX_PATH=/home/ros2/ws_RAMS/install/workcell_description:/home/ros2/ws_abb_ros2/install/abb_rws_client:/home/ros2/ws_abb_ros2/install/abb_ros2:/home/ros2/ws_abb_ros2/install/abb_robot_msgs:/home/ros2/ws_abb_ros2/install/abb_resources:/home/ros2/ws_abb_ros2/install/abb_rapid_sm_addin_msgs:/home/ros2/ws_abb_ros2/install/abb_rapid_msgs:/home/ros2/ws_abb_ros2/install/abb_hardware_interface:/home/ros2/ws_abb_ros2/install/abb_egm_rws_managers:/home/ros2/ws_abb_ros2/install/abb_librws:/home/ros2/ws_abb_ros2/install/abb_libegm:/home/ros2/ws_abb_ros2/install/abb_irb4600_support:/home/ros2/ws_abb_ros2/install/abb_irb1200_5_90_moveit_config:/home/ros2/ws_abb_ros2/install/abb_irb1200_support:/home/ros2/ws_abb_ros2/install/abb_egm_msgs:/home/ros2/ws_abb_ros2/install/abb_bringup:/home/ros2/ws_RAMS/install/workcell_config:/opt/ros/humble /usr/bin/cmake --build /home/ros2/ws_RAMS/build/workcell_config -- -j2 -l2
[1.730s] DEBUG:colcon.colcon_core.event_handler.log_command:Invoked command in '/home/ros2/ws_RAMS/build/workcell_config' returned '0': CMAKE_PREFIX_PATH=/home/ros2/ws_RAMS/install/workcell_description:/home/ros2/ws_abb_ros2/install/abb_rws_client:/home/ros2/ws_abb_ros2/install/abb_ros2:/home/ros2/ws_abb_ros2/install/abb_robot_msgs:/home/ros2/ws_abb_ros2/install/abb_resources:/home/ros2/ws_abb_ros2/install/abb_rapid_sm_addin_msgs:/home/ros2/ws_abb_ros2/install/abb_rapid_msgs:/home/ros2/ws_abb_ros2/install/abb_hardware_interface:/home/ros2/ws_abb_ros2/install/abb_egm_rws_managers:/home/ros2/ws_abb_ros2/install/abb_librws:/home/ros2/ws_abb_ros2/install/abb_libegm:/home/ros2/ws_abb_ros2/install/abb_irb4600_support:/home/ros2/ws_abb_ros2/install/abb_irb1200_5_90_moveit_config:/home/ros2/ws_abb_ros2/install/abb_irb1200_support:/home/ros2/ws_abb_ros2/install/abb_egm_msgs:/home/ros2/ws_abb_ros2/install/abb_bringup:/home/ros2/ws_RAMS/install/workcell_config:/opt/ros/humble /usr/bin/cmake --build /home/ros2/ws_RAMS/build/workcell_config -- -j2 -l2
[1.732s] DEBUG:colcon.colcon_core.event_handler.log_command:Invoking command in '/home/ros2/ws_RAMS/build/workcell_config': CMAKE_PREFIX_PATH=/home/ros2/ws_RAMS/install/workcell_description:/home/ros2/ws_abb_ros2/install/abb_rws_client:/home/ros2/ws_abb_ros2/install/abb_ros2:/home/ros2/ws_abb_ros2/install/abb_robot_msgs:/home/ros2/ws_abb_ros2/install/abb_resources:/home/ros2/ws_abb_ros2/install/abb_rapid_sm_addin_msgs:/home/ros2/ws_abb_ros2/install/abb_rapid_msgs:/home/ros2/ws_abb_ros2/install/abb_hardware_interface:/home/ros2/ws_abb_ros2/install/abb_egm_rws_managers:/home/ros2/ws_abb_ros2/install/abb_librws:/home/ros2/ws_abb_ros2/install/abb_libegm:/home/ros2/ws_abb_ros2/install/abb_irb4600_support:/home/ros2/ws_abb_ros2/install/abb_irb1200_5_90_moveit_config:/home/ros2/ws_abb_ros2/install/abb_irb1200_support:/home/ros2/ws_abb_ros2/install/abb_egm_msgs:/home/ros2/ws_abb_ros2/install/abb_bringup:/home/ros2/ws_RAMS/install/workcell_config:/opt/ros/humble /usr/bin/cmake --install /home/ros2/ws_RAMS/build/workcell_config
[1.747s] Level 1:colcon.colcon_core.environment:create_environment_scripts_only(workcell_config)
[1.747s] DEBUG:colcon.colcon_core.event_handler.log_command:Invoked command in '/home/ros2/ws_RAMS/build/workcell_config' returned '0': CMAKE_PREFIX_PATH=/home/ros2/ws_RAMS/install/workcell_description:/home/ros2/ws_abb_ros2/install/abb_rws_client:/home/ros2/ws_abb_ros2/install/abb_ros2:/home/ros2/ws_abb_ros2/install/abb_robot_msgs:/home/ros2/ws_abb_ros2/install/abb_resources:/home/ros2/ws_abb_ros2/install/abb_rapid_sm_addin_msgs:/home/ros2/ws_abb_ros2/install/abb_rapid_msgs:/home/ros2/ws_abb_ros2/install/abb_hardware_interface:/home/ros2/ws_abb_ros2/install/abb_egm_rws_managers:/home/ros2/ws_abb_ros2/install/abb_librws:/home/ros2/ws_abb_ros2/install/abb_libegm:/home/ros2/ws_abb_ros2/install/abb_irb4600_support:/home/ros2/ws_abb_ros2/install/abb_irb1200_5_90_moveit_config:/home/ros2/ws_abb_ros2/install/abb_irb1200_support:/home/ros2/ws_abb_ros2/install/abb_egm_msgs:/home/ros2/ws_abb_ros2/install/abb_bringup:/home/ros2/ws_RAMS/install/workcell_config:/opt/ros/humble /usr/bin/cmake --install /home/ros2/ws_RAMS/build/workcell_config
[1.747s] Level 1:colcon.colcon_core.environment:checking '/home/ros2/ws_RAMS/install/workcell_config' for CMake module files
[1.748s] Level 1:colcon.colcon_core.environment:checking '/home/ros2/ws_RAMS/install/workcell_config' for CMake config files
[1.748s] Level 1:colcon.colcon_core.shell:create_environment_hook('workcell_config', 'cmake_prefix_path')
[1.748s] INFO:colcon.colcon_core.shell:Creating environment hook '/home/ros2/ws_RAMS/install/workcell_config/share/workcell_config/hook/cmake_prefix_path.ps1'
[1.749s] INFO:colcon.colcon_core.shell:Creating environment descriptor '/home/ros2/ws_RAMS/install/workcell_config/share/workcell_config/hook/cmake_prefix_path.dsv'
[1.749s] INFO:colcon.colcon_core.shell:Creating environment hook '/home/ros2/ws_RAMS/install/workcell_config/share/workcell_config/hook/cmake_prefix_path.sh'
[1.749s] Level 1:colcon.colcon_core.environment:checking '/home/ros2/ws_RAMS/install/workcell_config/bin'
[1.749s] Level 1:colcon.colcon_core.environment:checking '/home/ros2/ws_RAMS/install/workcell_config/lib/pkgconfig/workcell_config.pc'
[1.749s] Level 1:colcon.colcon_core.environment:checking '/home/ros2/ws_RAMS/install/workcell_config/lib/python3.10/site-packages'
[1.750s] Level 1:colcon.colcon_core.environment:checking '/home/ros2/ws_RAMS/install/workcell_config/bin'
[1.750s] INFO:colcon.colcon_core.shell:Creating package script '/home/ros2/ws_RAMS/install/workcell_config/share/workcell_config/package.ps1'
[1.750s] INFO:colcon.colcon_core.shell:Creating package descriptor '/home/ros2/ws_RAMS/install/workcell_config/share/workcell_config/package.dsv'
[1.751s] INFO:colcon.colcon_core.shell:Creating package script '/home/ros2/ws_RAMS/install/workcell_config/share/workcell_config/package.sh'
[1.751s] INFO:colcon.colcon_core.shell:Creating package script '/home/ros2/ws_RAMS/install/workcell_config/share/workcell_config/package.bash'
[1.751s] INFO:colcon.colcon_core.shell:Creating package script '/home/ros2/ws_RAMS/install/workcell_config/share/workcell_config/package.zsh'
[1.751s] Level 1:colcon.colcon_core.environment:create_file_with_runtime_dependencies(/home/ros2/ws_RAMS/install/workcell_config/share/colcon-core/packages/workcell_config)
[1.752s] Level 1:colcon.colcon_core.environment:create_environment_scripts_only(workcell_config)
[1.752s] Level 1:colcon.colcon_core.environment:checking '/home/ros2/ws_RAMS/install/workcell_config' for CMake module files
[1.753s] Level 1:colcon.colcon_core.environment:checking '/home/ros2/ws_RAMS/install/workcell_config' for CMake config files
[1.753s] Level 1:colcon.colcon_core.shell:create_environment_hook('workcell_config', 'cmake_prefix_path')
[1.753s] INFO:colcon.colcon_core.shell:Creating environment hook '/home/ros2/ws_RAMS/install/workcell_config/share/workcell_config/hook/cmake_prefix_path.ps1'
[1.753s] INFO:colcon.colcon_core.shell:Creating environment descriptor '/home/ros2/ws_RAMS/install/workcell_config/share/workcell_config/hook/cmake_prefix_path.dsv'
[1.754s] INFO:colcon.colcon_core.shell:Creating environment hook '/home/ros2/ws_RAMS/install/workcell_config/share/workcell_config/hook/cmake_prefix_path.sh'
[1.754s] Level 1:colcon.colcon_core.environment:checking '/home/ros2/ws_RAMS/install/workcell_config/bin'
[1.754s] Level 1:colcon.colcon_core.environment:checking '/home/ros2/ws_RAMS/install/workcell_config/lib/pkgconfig/workcell_config.pc'
[1.754s] Level 1:colcon.colcon_core.environment:checking '/home/ros2/ws_RAMS/install/workcell_config/lib/python3.10/site-packages'
[1.755s] Level 1:colcon.colcon_core.environment:checking '/home/ros2/ws_RAMS/install/workcell_config/bin'
[1.755s] INFO:colcon.colcon_core.shell:Creating package script '/home/ros2/ws_RAMS/install/workcell_config/share/workcell_config/package.ps1'
[1.755s] INFO:colcon.colcon_core.shell:Creating package descriptor '/home/ros2/ws_RAMS/install/workcell_config/share/workcell_config/package.dsv'
[1.756s] INFO:colcon.colcon_core.shell:Creating package script '/home/ros2/ws_RAMS/install/workcell_config/share/workcell_config/package.sh'
[1.756s] INFO:colcon.colcon_core.shell:Creating package script '/home/ros2/ws_RAMS/install/workcell_config/share/workcell_config/package.bash'
[1.757s] INFO:colcon.colcon_core.shell:Creating package script '/home/ros2/ws_RAMS/install/workcell_config/share/workcell_config/package.zsh'
[1.757s] Level 1:colcon.colcon_core.environment:create_file_with_runtime_dependencies(/home/ros2/ws_RAMS/install/workcell_config/share/colcon-core/packages/workcell_config)
[1.757s] DEBUG:colcon.colcon_parallel_executor.executor.parallel:closing loop
[1.757s] DEBUG:colcon.colcon_parallel_executor.executor.parallel:loop closed
[1.757s] DEBUG:colcon.colcon_parallel_executor.executor.parallel:run_until_complete finished with '0'
[1.758s] DEBUG:colcon.colcon_core.event_reactor:joining thread
[1.762s] INFO:colcon.colcon_core.plugin_system:Skipping extension 'colcon_notification.desktop_notification.terminal_notifier': Not used on non-Darwin systems
[1.762s] INFO:colcon.colcon_core.plugin_system:Skipping extension 'colcon_notification.desktop_notification.win32': Not used on non-Windows systems
[1.762s] INFO:colcon.colcon_notification.desktop_notification:Sending desktop notification using 'notify2'
[1.772s] DEBUG:colcon.colcon_core.event_reactor:joined thread
[1.773s] INFO:colcon.colcon_core.shell:Creating prefix script '/home/ros2/ws_RAMS/install/local_setup.ps1'
[1.773s] INFO:colcon.colcon_core.shell:Creating prefix util module '/home/ros2/ws_RAMS/install/_local_setup_util_ps1.py'
[1.774s] INFO:colcon.colcon_core.shell:Creating prefix chain script '/home/ros2/ws_RAMS/install/setup.ps1'
[1.779s] INFO:colcon.colcon_core.shell:Creating prefix script '/home/ros2/ws_RAMS/install/local_setup.sh'
[1.779s] INFO:colcon.colcon_core.shell:Creating prefix util module '/home/ros2/ws_RAMS/install/_local_setup_util_sh.py'
[1.779s] INFO:colcon.colcon_core.shell:Creating prefix chain script '/home/ros2/ws_RAMS/install/setup.sh'
[1.784s] INFO:colcon.colcon_core.shell:Creating prefix script '/home/ros2/ws_RAMS/install/local_setup.bash'
[1.784s] INFO:colcon.colcon_core.shell:Creating prefix chain script '/home/ros2/ws_RAMS/install/setup.bash'
[1.789s] INFO:colcon.colcon_core.shell:Creating prefix script '/home/ros2/ws_RAMS/install/local_setup.zsh'
[1.789s] INFO:colcon.colcon_core.shell:Creating prefix chain script '/home/ros2/ws_RAMS/install/setup.zsh'
