[0.019s] Invoking command in '/home/ros2/ws_RAMS/build/rams_interface': CMAKE_PREFIX_PATH=/opt/ros/humble /usr/bin/cmake /home/ros2/ws_RAMS/src/rams_interface -DCMAKE_INSTALL_PREFIX=/home/ros2/ws_RAMS/install/rams_interface
[0.116s] -- The C compiler identification is GNU 11.4.0
[0.180s] -- The CXX compiler identification is GNU 11.4.0
[0.190s] -- Detecting C compiler ABI info
[0.260s] -- Detecting C compiler ABI info - done
[0.270s] -- Check for working C compiler: /usr/bin/cc - skipped
[0.271s] -- Detecting C compile features
[0.273s] -- Detecting C compile features - done
[0.275s] -- Detecting CXX compiler ABI info
[0.413s] -- Detecting CXX compiler ABI info - done
[0.418s] -- Check for working CXX compiler: /usr/bin/c++ - skipped
[0.418s] -- Detecting CXX compile features
[0.418s] -- Detecting CXX compile features - done
[0.419s] -- Found ament_cmake: 1.3.12 (/opt/ros/humble/share/ament_cmake/cmake)
[0.625s] -- Found Python3: /usr/bin/python3 (found version "3.10.12") found components: Interpreter 
[0.709s] -- Found rclcpp: 16.0.14 (/opt/ros/humble/share/rclcpp/cmake)
[0.774s] -- Found rosidl_generator_c: 3.1.7 (/opt/ros/humble/share/rosidl_generator_c/cmake)
[0.781s] -- Found rosidl_adapter: 3.1.7 (/opt/ros/humble/share/rosidl_adapter/cmake)
[0.796s] -- Found rosidl_generator_cpp: 3.1.7 (/opt/ros/humble/share/rosidl_generator_cpp/cmake)
[0.812s] -- Using all available rosidl_typesupport_c: rosidl_typesupport_fastrtps_c;rosidl_typesupport_introspection_c
[0.843s] -- Using all available rosidl_typesupport_cpp: rosidl_typesupport_fastrtps_cpp;rosidl_typesupport_introspection_cpp
[0.874s] -- Found rmw_implementation_cmake: 6.1.2 (/opt/ros/humble/share/rmw_implementation_cmake/cmake)
[0.878s] -- Found rmw_fastrtps_cpp: 6.2.8 (/opt/ros/humble/share/rmw_fastrtps_cpp/cmake)
[0.978s] -- Found OpenSSL: /usr/lib/x86_64-linux-gnu/libcrypto.so (found version "3.0.2")  
[1.035s] -- Found FastRTPS: /opt/ros/humble/include  
[1.098s] -- Using RMW implementation 'rmw_fastrtps_cpp' as default
[1.117s] -- Looking for pthread.h
[1.239s] -- Looking for pthread.h - found
[1.239s] -- Performing Test CMAKE_HAVE_LIBC_PTHREAD
[1.324s] -- Performing Test CMAKE_HAVE_LIBC_PTHREAD - Success
[1.324s] -- Found Threads: TRUE  
[1.375s] -- Found geometry_msgs: 4.9.0 (/opt/ros/humble/share/geometry_msgs/cmake)
[1.401s] -- Found sensor_msgs: 4.9.0 (/opt/ros/humble/share/sensor_msgs/cmake)
[1.438s] -- Found std_srvs: 4.9.0 (/opt/ros/humble/share/std_srvs/cmake)
[1.475s] -- Found moveit_ros_planning_interface: 2.5.9 (/opt/ros/humble/share/moveit_ros_planning_interface/cmake)
[1.499s] -- Found Boost: /usr/lib/x86_64-linux-gnu/cmake/Boost-1.74.0/BoostConfig.cmake (found version "1.74.0") found components: date_time filesystem program_options system thread 
[1.659s] -- Found Boost: /usr/lib/x86_64-linux-gnu/cmake/Boost-1.74.0/BoostConfig.cmake (found version "1.74.0") found components: chrono date_time filesystem iostreams program_options regex serialization system thread 
[1.740s] -- Found parameter_traits: 0.5.0 (/opt/ros/humble/share/parameter_traits/cmake)
[1.764s] -- Found rclcpp_lifecycle: 16.0.14 (/opt/ros/humble/share/rclcpp_lifecycle/cmake)
[1.797s] -- Found Boost: /usr/lib/x86_64-linux-gnu/cmake/Boost-1.74.0/BoostConfig.cmake (found version "1.74.0") found components: filesystem 
[1.981s] -- library: /usr/lib/x86_64-linux-gnu/libcurl.so
[2.058s] -- Found Eigen3: TRUE (found version "3.4.0") 
[2.058s] -- Ensuring Eigen3 include directory is part of orocos-kdl CMake target
[2.365s] -- Found Boost: /usr/lib/x86_64-linux-gnu/cmake/Boost-1.74.0/BoostConfig.cmake (found version "1.74.0") found components: system filesystem date_time program_options thread chrono 
[2.410s] -- Found Boost: /usr/lib/x86_64-linux-gnu/cmake/Boost-1.74.0/BoostConfig.cmake (found version "1.74.0") found components: thread system filesystem regex date_time program_options 
[2.448s] -- Found Boost: /usr/lib/x86_64-linux-gnu/cmake/Boost-1.74.0/BoostConfig.cmake (found version "1.74.0") found components: system filesystem date_time program_options thread 
[2.476s] -- Found rosidl_default_generators: 1.2.0 (/opt/ros/humble/share/rosidl_default_generators/cmake)
[2.498s] -- Setting assimp_DIR to: '/opt/ros/humble/share/rviz_assimp_vendor/cmake/../../../opt/rviz_assimp_vendor/lib/cmake/assimp-4.1'
[2.511s] -- Setting OGRE_DIR to: '/opt/ros/humble/share/rviz_ogre_vendor/cmake/../../../opt/rviz_ogre_vendor/lib/OGRE/cmake'
[2.517s] -- Found OGRE
[2.518s] --   static     : OFF
[2.518s] --   components : HLMS;MeshLodGenerator;Overlay;Paging;Property;RTShaderSystem;Terrain;Volume
[2.518s] --   plugins    : Plugin_BSPSceneManager;Plugin_OctreeSceneManager;Plugin_PCZSceneManager;Plugin_ParticleFX;RenderSystem_GL;RenderSystem_GL3Plus;Codec_STBI
[2.518s] --   media      : /opt/ros/humble/opt/rviz_ogre_vendor/share/OGRE/Media
[2.518s] -- OGRE_LIBRARIES: OgreHLMS;OgreMeshLodGenerator;OgreOverlay;OgrePaging;OgreProperty;OgreRTShaderSystem;OgreTerrain;OgreVolume;OgreMain
[2.518s] -- OGRE_LIBRARY_DIRS: /opt/ros/humble/opt/rviz_ogre_vendor/lib
[2.518s] -- OGRE_PLUGINS: Plugin_BSPSceneManager;Plugin_OctreeSceneManager;Plugin_PCZSceneManager;Plugin_ParticleFX;RenderSystem_GL;RenderSystem_GL3Plus;Codec_STBI
[2.518s] -- OGRE_PLUGIN_DIR: /opt/ros/humble/opt/rviz_ogre_vendor/lib/OGRE
[2.518s] -- rviz_ogre_vendor::OgreOverlay for IMPORTED_LOCATION_RELEASE: /opt/ros/humble/opt/rviz_ogre_vendor/lib/libOgreOverlay.so
[2.518s] -- rviz_ogre_vendor::OgreOverlay for IMPORTED_LOCATION_DEBUG: /opt/ros/humble/opt/rviz_ogre_vendor/lib/libOgreOverlay.so
[2.518s] -- rviz_ogre_vendor::OgreMain for IMPORTED_LOCATION_RELEASE: /opt/ros/humble/opt/rviz_ogre_vendor/lib/libOgreMain.so
[2.518s] -- rviz_ogre_vendor::OgreMain for IMPORTED_LOCATION_DEBUG: /opt/ros/humble/opt/rviz_ogre_vendor/lib/libOgreMain.so
[2.518s] -- Could not find freeimage library
[2.559s] -- Found ZLIB: /usr/lib/x86_64-linux-gnu/libz.so (found version "1.2.11") 
[2.569s] -- Found OpenGL: /usr/lib/x86_64-linux-gnu/libOpenGL.so   
[2.714s] -- Found X11: /usr/include   
[2.714s] -- Looking for XOpenDisplay in /usr/lib/x86_64-linux-gnu/libX11.so;/usr/lib/x86_64-linux-gnu/libXext.so
[2.798s] -- Looking for XOpenDisplay in /usr/lib/x86_64-linux-gnu/libX11.so;/usr/lib/x86_64-linux-gnu/libXext.so - found
[2.798s] -- Looking for gethostbyname
[2.972s] -- Looking for gethostbyname - found
[2.973s] -- Looking for connect
[3.174s] -- Looking for connect - found
[3.174s] -- Looking for remove
[3.304s] -- Looking for remove - found
[3.307s] -- Looking for shmat
[3.415s] -- Looking for shmat - found
[3.415s] -- Looking for IceConnectionNumber in ICE
[3.512s] -- Looking for IceConnectionNumber in ICE - found
[3.872s] -- Found ament_cmake_ros: 0.10.0 (/opt/ros/humble/share/ament_cmake_ros/cmake)
[4.395s] -- Using all available rosidl_typesupport_c: rosidl_typesupport_fastrtps_c;rosidl_typesupport_introspection_c
[4.608s] -- Using all available rosidl_typesupport_cpp: rosidl_typesupport_fastrtps_cpp;rosidl_typesupport_introspection_cpp
[4.629s] -- Found PythonInterp: /usr/bin/python3 (found suitable version "3.10.12", minimum required is "3.6") 
[4.630s] -- Found python_cmake_module: 0.10.0 (/opt/ros/humble/share/python_cmake_module/cmake)
[4.653s] -- Found PythonLibs: /usr/lib/x86_64-linux-gnu/libpython3.10.so (found suitable version "3.10.12", minimum required is "3.5") 
[4.655s] -- Using PYTHON_EXECUTABLE: /usr/bin/python3
[4.655s] -- Using PYTHON_INCLUDE_DIRS: /usr/include/python3.10
[4.655s] -- Using PYTHON_LIBRARIES: /usr/lib/x86_64-linux-gnu/libpython3.10.so
[4.675s] -- Found PythonExtra: .so  
[4.745s] -- Configuring done
[4.877s] -- Generating done
[4.904s] -- Build files have been written to: /home/ros2/ws_RAMS/build/rams_interface
[4.931s] Invoked command in '/home/ros2/ws_RAMS/build/rams_interface' returned '0': CMAKE_PREFIX_PATH=/opt/ros/humble /usr/bin/cmake /home/ros2/ws_RAMS/src/rams_interface -DCMAKE_INSTALL_PREFIX=/home/ros2/ws_RAMS/install/rams_interface
[4.938s] Invoking command in '/home/ros2/ws_RAMS/build/rams_interface': CMAKE_PREFIX_PATH=/opt/ros/humble /usr/bin/cmake --build /home/ros2/ws_RAMS/build/rams_interface -- -j2 -l2
[5.063s] [  1%] [34m[1mGenerating C++ code for ROS interfaces[0m
[5.092s] [  2%] [34m[1mGenerating C code for ROS interfaces[0m
[5.578s] [  2%] Built target rams_interface__cpp
[5.644s] [  2%] Built target ament_cmake_python_copy_rams_interface
[5.673s] [  4%] [34m[1mAutomatic MOC for target rams_interface__rosidl_generator_c[0m
[5.703s] [  5%] [34m[1mGenerating C++ type support dispatch for ROS interfaces[0m
[5.715s] [  5%] Built target rams_interface__rosidl_generator_c_autogen
[5.780s] [  7%] [34m[1mGenerating C++ type support for eProsima Fast-RTPS[0m
[6.160s] [  8%] [34m[1mAutomatic MOC for target rams_interface__rosidl_typesupport_cpp[0m
[6.259s] [  8%] Built target rams_interface__rosidl_typesupport_cpp_autogen
[6.283s] [ 10%] [34m[1mAutomatic MOC for target rams_interface__rosidl_typesupport_fastrtps_cpp[0m
[6.333s] [ 11%] [34m[1mGenerating C++ introspection for ROS interfaces[0m
[6.405s] [ 11%] Built target rams_interface__rosidl_typesupport_fastrtps_cpp_autogen
[7.002s] [ 13%] [34m[1mAutomatic MOC for target rams_interface__rosidl_typesupport_introspection_cpp[0m
[7.060s] running egg_info
[7.060s] creating rams_interface.egg-info
[7.062s] writing rams_interface.egg-info/PKG-INFO
[7.062s] writing dependency_links to rams_interface.egg-info/dependency_links.txt
[7.062s] writing top-level names to rams_interface.egg-info/top_level.txt
[7.070s] writing manifest file 'rams_interface.egg-info/SOURCES.txt'
[7.072s] reading manifest file 'rams_interface.egg-info/SOURCES.txt'
[7.074s] writing manifest file 'rams_interface.egg-info/SOURCES.txt'
[7.130s] [ 13%] Built target rams_interface__rosidl_typesupport_introspection_cpp_autogen
[7.176s] [ 13%] Built target ament_cmake_python_build_rams_interface_egg
[7.194s] [ 14%] [32mBuilding CXX object CMakeFiles/rams_interface__rosidl_typesupport_cpp.dir/rams_interface__rosidl_typesupport_cpp_autogen/mocs_compilation.cpp.o[0m
[7.246s] [ 15%] [32mBuilding CXX object CMakeFiles/rams_interface__rosidl_generator_c.dir/rams_interface__rosidl_generator_c_autogen/mocs_compilation.cpp.o[0m
[7.271s] [ 17%] [32mBuilding CXX object CMakeFiles/rams_interface__rosidl_typesupport_cpp.dir/rosidl_typesupport_cpp/rams_interface/srv/move_to_pose__type_support.cpp.o[0m
[7.307s] [ 18%] [32mBuilding C object CMakeFiles/rams_interface__rosidl_generator_c.dir/rosidl_generator_c/rams_interface/srv/detail/move_to_pose__functions.c.o[0m
[7.491s] [ 20%] [32m[1mLinking CXX shared library librams_interface__rosidl_generator_c.so[0m
[7.578s] [ 21%] Built target rams_interface__rosidl_generator_c
[7.614s] [ 23%] [32mBuilding CXX object CMakeFiles/rams_interface__rosidl_typesupport_fastrtps_cpp.dir/rams_interface__rosidl_typesupport_fastrtps_cpp_autogen/mocs_compilation.cpp.o[0m
[7.664s] [ 24%] [32mBuilding CXX object CMakeFiles/rams_interface__rosidl_typesupport_fastrtps_cpp.dir/rosidl_typesupport_fastrtps_cpp/rams_interface/srv/detail/dds_fastrtps/move_to_pose__type_support.cpp.o[0m
[8.161s] [ 26%] [32m[1mLinking CXX shared library librams_interface__rosidl_typesupport_cpp.so[0m
[8.306s] [ 27%] Built target rams_interface__rosidl_typesupport_cpp
[8.368s] [ 28%] [34m[1mGenerating C introspection for ROS interfaces[0m
[8.473s] [ 30%] [32m[1mLinking CXX shared library librams_interface__rosidl_typesupport_fastrtps_cpp.so[0m
[8.678s] [ 31%] Built target rams_interface__rosidl_typesupport_fastrtps_cpp
[8.705s] [ 33%] [34m[1mGenerating C type support dispatch for ROS interfaces[0m
[8.922s] [ 34%] [34m[1mAutomatic MOC for target rams_interface__rosidl_typesupport_introspection_c[0m
[9.006s] [ 34%] Built target rams_interface__rosidl_typesupport_introspection_c_autogen
[9.048s] [ 36%] [34m[1mAutomatic MOC for target rams_interface__rosidl_typesupport_c[0m
[9.100s] [ 37%] Built target rams_interface__rosidl_typesupport_c_autogen
[9.103s] [ 37%] [32mBuilding CXX object CMakeFiles/rams_interface__rosidl_typesupport_introspection_cpp.dir/rams_interface__rosidl_typesupport_introspection_cpp_autogen/mocs_compilation.cpp.o[0m
[9.170s] [ 39%] [32mBuilding CXX object CMakeFiles/rams_interface__rosidl_typesupport_introspection_cpp.dir/rosidl_typesupport_introspection_cpp/rams_interface/srv/detail/move_to_pose__type_support.cpp.o[0m
[9.176s] [ 40%] [34m[1mAutomatic MOC for target move_to_pose_server[0m
[9.264s] [ 40%] Built target move_to_pose_server_autogen
[9.321s] [ 42%] [34m[1mAutomatic MOC for target gui_node[0m
[9.431s] [ 42%] Built target gui_node_autogen
[9.515s] [ 43%] [34m[1mGenerating C type support for eProsima Fast-RTPS[0m
[10.004s] [ 44%] [34m[1mAutomatic MOC for target rams_interface__rosidl_typesupport_fastrtps_c[0m
[10.129s] [ 44%] Built target rams_interface__rosidl_typesupport_fastrtps_c_autogen
[10.182s] [ 46%] [32mBuilding CXX object CMakeFiles/rams_interface__rosidl_typesupport_introspection_c.dir/rams_interface__rosidl_typesupport_introspection_c_autogen/mocs_compilation.cpp.o[0m
[10.259s] [ 47%] [32mBuilding C object CMakeFiles/rams_interface__rosidl_typesupport_introspection_c.dir/rosidl_typesupport_introspection_c/rams_interface/srv/detail/move_to_pose__type_support.c.o[0m
[10.386s] [ 49%] [32m[1mLinking CXX shared library librams_interface__rosidl_typesupport_introspection_cpp.so[0m
[10.389s] [ 50%] [32m[1mLinking CXX shared library librams_interface__rosidl_typesupport_introspection_c.so[0m
[10.547s] [ 52%] Built target rams_interface__rosidl_typesupport_introspection_c
[10.556s] [ 53%] Built target rams_interface__rosidl_typesupport_introspection_cpp
[10.621s] [ 55%] [32mBuilding CXX object CMakeFiles/rams_interface__rosidl_typesupport_c.dir/rams_interface__rosidl_typesupport_c_autogen/mocs_compilation.cpp.o[0m
[10.644s] [ 56%] [32mBuilding CXX object CMakeFiles/move_to_pose_server.dir/move_to_pose_server_autogen/mocs_compilation.cpp.o[0m
[10.687s] [ 57%] [32mBuilding CXX object CMakeFiles/rams_interface__rosidl_typesupport_c.dir/rosidl_typesupport_c/rams_interface/srv/move_to_pose__type_support.cpp.o[0m
[10.703s] [ 59%] [32mBuilding CXX object CMakeFiles/move_to_pose_server.dir/src/move_to_pose_server.cpp.o[0m
[10.810s] [ 60%] [32m[1mLinking CXX shared library librams_interface__rosidl_typesupport_c.so[0m
[10.966s] [ 62%] Built target rams_interface__rosidl_typesupport_c
[11.035s] [ 63%] [32mBuilding CXX object CMakeFiles/gui_node.dir/gui_node_autogen/mocs_compilation.cpp.o[0m
[11.117s] [ 65%] [32mBuilding CXX object CMakeFiles/gui_node.dir/src/main.cpp.o[0m
[21.754s] [ 66%] [32mBuilding CXX object CMakeFiles/gui_node.dir/src/main_window.cpp.o[0m
[22.947s] [01m[K/home/ros2/ws_RAMS/src/rams_interface/src/main_window.cpp:15:10:[m[K [01;31m[Kfatal error: [m[Krviz_common/viewport_mouse_ray.hpp: No such file or directory
[22.949s]    15 | #include [01;31m[K<rviz_common/viewport_mouse_ray.hpp>[m[K
[22.949s]       |          [01;31m[K^~~~~~~~~~~~~~~~~~~~~~~~~~~~~~~~~~~~[m[K
[22.949s] compilation terminated.
[22.951s] gmake[2]: *** [CMakeFiles/gui_node.dir/build.make:104: CMakeFiles/gui_node.dir/src/main_window.cpp.o] Error 1
[22.951s] gmake[1]: *** [CMakeFiles/Makefile2:647: CMakeFiles/gui_node.dir/all] Error 2
[22.951s] gmake[1]: *** Waiting for unfinished jobs....
[26.286s] [ 68%] [32m[1mLinking CXX executable move_to_pose_server[0m
[26.811s] [ 68%] Built target move_to_pose_server
[26.811s] gmake: *** [Makefile:146: all] Error 2
[26.813s] Invoked command in '/home/ros2/ws_RAMS/build/rams_interface' returned '2': CMAKE_PREFIX_PATH=/opt/ros/humble /usr/bin/cmake --build /home/ros2/ws_RAMS/build/rams_interface -- -j2 -l2
