[0.030s] Invoking command in '/home/ros2/ws_RAMS/build/rams_interface': CMAKE_PREFIX_PATH=/opt/ros/humble /usr/bin/cmake /home/ros2/ws_RAMS/src/rams_interface -DCMAKE_INSTALL_PREFIX=/home/ros2/ws_RAMS/install/rams_interface
[0.070s] -- The C compiler identification is GNU 11.4.0
[0.124s] -- The CXX compiler identification is GNU 11.4.0
[0.134s] -- Detecting C compiler ABI info
[0.229s] -- Detecting C compiler ABI info - done
[0.238s] -- Check for working C compiler: /usr/bin/cc - skipped
[0.238s] -- Detecting C compile features
[0.238s] -- Detecting C compile features - done
[0.245s] -- Detecting CXX compiler ABI info
[0.384s] -- Detecting CXX compiler ABI info - done
[0.404s] -- Check for working CXX compiler: /usr/bin/c++ - skipped
[0.404s] -- Detecting CXX compile features
[0.404s] -- Detecting CXX compile features - done
[0.413s] -- Found ament_cmake: 1.3.12 (/opt/ros/humble/share/ament_cmake/cmake)
[0.578s] -- Found Python3: /usr/bin/python3 (found version "3.10.12") found components: Interpreter 
[0.660s] -- Found rclcpp: 16.0.14 (/opt/ros/humble/share/rclcpp/cmake)
[0.693s] -- Found rosidl_generator_c: 3.1.7 (/opt/ros/humble/share/rosidl_generator_c/cmake)
[0.697s] -- Found rosidl_adapter: 3.1.7 (/opt/ros/humble/share/rosidl_adapter/cmake)
[0.705s] -- Found rosidl_generator_cpp: 3.1.7 (/opt/ros/humble/share/rosidl_generator_cpp/cmake)
[0.714s] -- Using all available rosidl_typesupport_c: rosidl_typesupport_fastrtps_c;rosidl_typesupport_introspection_c
[0.728s] -- Using all available rosidl_typesupport_cpp: rosidl_typesupport_fastrtps_cpp;rosidl_typesupport_introspection_cpp
[0.793s] -- Found rmw_implementation_cmake: 6.1.2 (/opt/ros/humble/share/rmw_implementation_cmake/cmake)
[0.793s] -- Found rmw_fastrtps_cpp: 6.2.8 (/opt/ros/humble/share/rmw_fastrtps_cpp/cmake)
[0.892s] -- Found OpenSSL: /usr/lib/x86_64-linux-gnu/libcrypto.so (found version "3.0.2")  
[0.913s] -- Found FastRTPS: /opt/ros/humble/include  
[0.955s] -- Using RMW implementation 'rmw_fastrtps_cpp' as default
[0.964s] -- Looking for pthread.h
[1.050s] -- Looking for pthread.h - found
[1.050s] -- Performing Test CMAKE_HAVE_LIBC_PTHREAD
[1.144s] -- Performing Test CMAKE_HAVE_LIBC_PTHREAD - Success
[1.144s] -- Found Threads: TRUE  
[1.200s] -- Found geometry_msgs: 4.9.0 (/opt/ros/humble/share/geometry_msgs/cmake)
[1.211s] -- Found sensor_msgs: 4.9.0 (/opt/ros/humble/share/sensor_msgs/cmake)
[1.229s] -- Found std_srvs: 4.9.0 (/opt/ros/humble/share/std_srvs/cmake)
[1.237s] -- Found moveit_ros_planning_interface: 2.5.9 (/opt/ros/humble/share/moveit_ros_planning_interface/cmake)
[1.271s] -- Found Boost: /usr/lib/x86_64-linux-gnu/cmake/Boost-1.74.0/BoostConfig.cmake (found version "1.74.0") found components: date_time filesystem program_options system thread 
[1.421s] -- Found Boost: /usr/lib/x86_64-linux-gnu/cmake/Boost-1.74.0/BoostConfig.cmake (found version "1.74.0") found components: chrono date_time filesystem iostreams program_options regex serialization system thread 
[1.459s] -- Found parameter_traits: 0.5.0 (/opt/ros/humble/share/parameter_traits/cmake)
[1.470s] -- Found rclcpp_lifecycle: 16.0.14 (/opt/ros/humble/share/rclcpp_lifecycle/cmake)
[1.503s] -- Found Boost: /usr/lib/x86_64-linux-gnu/cmake/Boost-1.74.0/BoostConfig.cmake (found version "1.74.0") found components: filesystem 
[1.633s] -- library: /usr/lib/x86_64-linux-gnu/libcurl.so
[1.670s] -- Found Eigen3: TRUE (found version "3.4.0") 
[1.670s] -- Ensuring Eigen3 include directory is part of orocos-kdl CMake target
[1.785s] -- Found Boost: /usr/lib/x86_64-linux-gnu/cmake/Boost-1.74.0/BoostConfig.cmake (found version "1.74.0") found components: system filesystem date_time program_options thread chrono 
[1.812s] -- Found Boost: /usr/lib/x86_64-linux-gnu/cmake/Boost-1.74.0/BoostConfig.cmake (found version "1.74.0") found components: thread system filesystem regex date_time program_options 
[1.829s] -- Found Boost: /usr/lib/x86_64-linux-gnu/cmake/Boost-1.74.0/BoostConfig.cmake (found version "1.74.0") found components: system filesystem date_time program_options thread 
[1.855s] -- Found rosidl_default_generators: 1.2.0 (/opt/ros/humble/share/rosidl_default_generators/cmake)
[1.881s] -- Setting assimp_DIR to: '/opt/ros/humble/share/rviz_assimp_vendor/cmake/../../../opt/rviz_assimp_vendor/lib/cmake/assimp-4.1'
[1.883s] -- Setting OGRE_DIR to: '/opt/ros/humble/share/rviz_ogre_vendor/cmake/../../../opt/rviz_ogre_vendor/lib/OGRE/cmake'
[1.885s] -- Found OGRE
[1.885s] --   static     : OFF
[1.885s] --   components : HLMS;MeshLodGenerator;Overlay;Paging;Property;RTShaderSystem;Terrain;Volume
[1.885s] --   plugins    : Plugin_BSPSceneManager;Plugin_OctreeSceneManager;Plugin_PCZSceneManager;Plugin_ParticleFX;RenderSystem_GL;RenderSystem_GL3Plus;Codec_STBI
[1.885s] --   media      : /opt/ros/humble/opt/rviz_ogre_vendor/share/OGRE/Media
[1.885s] -- OGRE_LIBRARIES: OgreHLMS;OgreMeshLodGenerator;OgreOverlay;OgrePaging;OgreProperty;OgreRTShaderSystem;OgreTerrain;OgreVolume;OgreMain
[1.885s] -- OGRE_LIBRARY_DIRS: /opt/ros/humble/opt/rviz_ogre_vendor/lib
[1.885s] -- OGRE_PLUGINS: Plugin_BSPSceneManager;Plugin_OctreeSceneManager;Plugin_PCZSceneManager;Plugin_ParticleFX;RenderSystem_GL;RenderSystem_GL3Plus;Codec_STBI
[1.886s] -- OGRE_PLUGIN_DIR: /opt/ros/humble/opt/rviz_ogre_vendor/lib/OGRE
[1.886s] -- rviz_ogre_vendor::OgreOverlay for IMPORTED_LOCATION_RELEASE: /opt/ros/humble/opt/rviz_ogre_vendor/lib/libOgreOverlay.so
[1.886s] -- rviz_ogre_vendor::OgreOverlay for IMPORTED_LOCATION_DEBUG: /opt/ros/humble/opt/rviz_ogre_vendor/lib/libOgreOverlay.so
[1.886s] -- rviz_ogre_vendor::OgreMain for IMPORTED_LOCATION_RELEASE: /opt/ros/humble/opt/rviz_ogre_vendor/lib/libOgreMain.so
[1.887s] -- rviz_ogre_vendor::OgreMain for IMPORTED_LOCATION_DEBUG: /opt/ros/humble/opt/rviz_ogre_vendor/lib/libOgreMain.so
[1.887s] -- Could not find freeimage library
[1.903s] -- Found ZLIB: /usr/lib/x86_64-linux-gnu/libz.so (found version "1.2.11") 
[1.907s] -- Found OpenGL: /usr/lib/x86_64-linux-gnu/libOpenGL.so   
[2.045s] -- Found X11: /usr/include   
[2.045s] -- Looking for XOpenDisplay in /usr/lib/x86_64-linux-gnu/libX11.so;/usr/lib/x86_64-linux-gnu/libXext.so
[2.149s] -- Looking for XOpenDisplay in /usr/lib/x86_64-linux-gnu/libX11.so;/usr/lib/x86_64-linux-gnu/libXext.so - found
[2.150s] -- Looking for gethostbyname
[2.227s] -- Looking for gethostbyname - found
[2.227s] -- Looking for connect
[2.313s] -- Looking for connect - found
[2.313s] -- Looking for remove
[2.394s] -- Looking for remove - found
[2.394s] -- Looking for shmat
[2.463s] -- Looking for shmat - found
[2.466s] -- Looking for IceConnectionNumber in ICE
[2.530s] -- Looking for IceConnectionNumber in ICE - found
[2.812s] -- Found ament_cmake_ros: 0.10.0 (/opt/ros/humble/share/ament_cmake_ros/cmake)
[3.354s] -- Using all available rosidl_typesupport_c: rosidl_typesupport_fastrtps_c;rosidl_typesupport_introspection_c
[3.535s] -- Using all available rosidl_typesupport_cpp: rosidl_typesupport_fastrtps_cpp;rosidl_typesupport_introspection_cpp
[3.574s] -- Found PythonInterp: /usr/bin/python3 (found suitable version "3.10.12", minimum required is "3.6") 
[3.574s] -- Found python_cmake_module: 0.10.0 (/opt/ros/humble/share/python_cmake_module/cmake)
[3.603s] -- Found PythonLibs: /usr/lib/x86_64-linux-gnu/libpython3.10.so (found suitable version "3.10.12", minimum required is "3.5") 
[3.604s] -- Using PYTHON_EXECUTABLE: /usr/bin/python3
[3.604s] -- Using PYTHON_INCLUDE_DIRS: /usr/include/python3.10
[3.604s] -- Using PYTHON_LIBRARIES: /usr/lib/x86_64-linux-gnu/libpython3.10.so
[3.628s] -- Found PythonExtra: .so  
[3.714s] -- Configuring done
[3.993s] -- Generating done
[4.041s] -- Build files have been written to: /home/ros2/ws_RAMS/build/rams_interface
[4.087s] Invoked command in '/home/ros2/ws_RAMS/build/rams_interface' returned '0': CMAKE_PREFIX_PATH=/opt/ros/humble /usr/bin/cmake /home/ros2/ws_RAMS/src/rams_interface -DCMAKE_INSTALL_PREFIX=/home/ros2/ws_RAMS/install/rams_interface
[4.095s] Invoking command in '/home/ros2/ws_RAMS/build/rams_interface': CMAKE_PREFIX_PATH=/opt/ros/humble /usr/bin/cmake --build /home/ros2/ws_RAMS/build/rams_interface -- -j2 -l2
[4.199s] [  1%] [34m[1mGenerating C++ code for ROS interfaces[0m
[4.223s] [  2%] [34m[1mGenerating C code for ROS interfaces[0m
[4.553s] [  4%] [34m[1mAutomatic MOC for target rams_interface__rosidl_generator_c[0m
[4.687s] [  4%] Built target rams_interface__rosidl_generator_c_autogen
[4.695s] [  4%] Built target rams_interface__cpp
[4.729s] [  4%] Built target ament_cmake_python_copy_rams_interface
[4.774s] [  5%] [32mBuilding CXX object CMakeFiles/rams_interface__rosidl_generator_c.dir/rams_interface__rosidl_generator_c_autogen/mocs_compilation.cpp.o[0m
[4.814s] [  7%] [34m[1mGenerating C++ type support dispatch for ROS interfaces[0m
[4.825s] [  8%] [32mBuilding C object CMakeFiles/rams_interface__rosidl_generator_c.dir/rosidl_generator_c/rams_interface/srv/detail/move_to_pose__functions.c.o[0m
[5.004s] [ 10%] [32m[1mLinking CXX shared library librams_interface__rosidl_generator_c.so[0m
[5.138s] [ 11%] Built target rams_interface__rosidl_generator_c
[5.199s] [ 13%] [34m[1mGenerating C++ type support for eProsima Fast-RTPS[0m
[5.575s] [ 14%] [34m[1mAutomatic MOC for target rams_interface__rosidl_typesupport_cpp[0m
[5.677s] [ 14%] Built target rams_interface__rosidl_typesupport_cpp_autogen
[5.690s] [ 15%] [34m[1mAutomatic MOC for target rams_interface__rosidl_typesupport_fastrtps_cpp[0m
[5.725s] [ 15%] Built target rams_interface__rosidl_typesupport_fastrtps_cpp_autogen
[5.754s] [ 17%] [34m[1mGenerating C introspection for ROS interfaces[0m
[5.755s] [ 18%] [34m[1mGenerating C type support dispatch for ROS interfaces[0m
[6.173s] [ 20%] [34m[1mAutomatic MOC for target rams_interface__rosidl_typesupport_c[0m
[6.183s] [ 21%] [34m[1mAutomatic MOC for target rams_interface__rosidl_typesupport_introspection_c[0m
[6.244s] [ 21%] Built target rams_interface__rosidl_typesupport_introspection_c_autogen
[6.245s] [ 21%] Built target rams_interface__rosidl_typesupport_c_autogen
[6.300s] [ 23%] [34m[1mGenerating C++ introspection for ROS interfaces[0m
[6.919s] running egg_info
[6.919s] [ 24%] [34m[1mAutomatic MOC for target rams_interface__rosidl_typesupport_introspection_cpp[0m
[6.920s] creating rams_interface.egg-info
[6.921s] writing rams_interface.egg-info/PKG-INFO
[6.929s] writing dependency_links to rams_interface.egg-info/dependency_links.txt
[6.929s] writing top-level names to rams_interface.egg-info/top_level.txt
[6.929s] writing manifest file 'rams_interface.egg-info/SOURCES.txt'
[6.934s] reading manifest file 'rams_interface.egg-info/SOURCES.txt'
[6.934s] writing manifest file 'rams_interface.egg-info/SOURCES.txt'
[6.992s] [ 24%] Built target ament_cmake_python_build_rams_interface_egg
[7.013s] [ 24%] Built target rams_interface__rosidl_typesupport_introspection_cpp_autogen
[7.052s] [ 26%] [32mBuilding CXX object CMakeFiles/rams_interface__rosidl_typesupport_cpp.dir/rams_interface__rosidl_typesupport_cpp_autogen/mocs_compilation.cpp.o[0m
[7.115s] [ 27%] [34m[1mGenerating C type support for eProsima Fast-RTPS[0m
[7.126s] [ 28%] [32mBuilding CXX object CMakeFiles/rams_interface__rosidl_typesupport_cpp.dir/rosidl_typesupport_cpp/rams_interface/srv/move_to_pose__type_support.cpp.o[0m
[7.546s] [ 30%] [34m[1mAutomatic MOC for target rams_interface__rosidl_typesupport_fastrtps_c[0m
[7.622s] [ 30%] Built target rams_interface__rosidl_typesupport_fastrtps_c_autogen
[7.652s] [ 31%] [32m[1mLinking CXX shared library librams_interface__rosidl_typesupport_cpp.so[0m
[7.675s] [ 33%] [32mBuilding CXX object CMakeFiles/rams_interface__rosidl_typesupport_fastrtps_cpp.dir/rams_interface__rosidl_typesupport_fastrtps_cpp_autogen/mocs_compilation.cpp.o[0m
[7.727s] [ 34%] [32mBuilding CXX object CMakeFiles/rams_interface__rosidl_typesupport_fastrtps_cpp.dir/rosidl_typesupport_fastrtps_cpp/rams_interface/srv/detail/dds_fastrtps/move_to_pose__type_support.cpp.o[0m
[7.742s] [ 36%] Built target rams_interface__rosidl_typesupport_cpp
[7.772s] [ 37%] [32mBuilding CXX object CMakeFiles/rams_interface__rosidl_typesupport_introspection_c.dir/rams_interface__rosidl_typesupport_introspection_c_autogen/mocs_compilation.cpp.o[0m
[7.793s] [ 39%] [32mBuilding C object CMakeFiles/rams_interface__rosidl_typesupport_introspection_c.dir/rosidl_typesupport_introspection_c/rams_interface/srv/detail/move_to_pose__type_support.c.o[0m
[7.840s] [ 40%] [32m[1mLinking CXX shared library librams_interface__rosidl_typesupport_introspection_c.so[0m
[7.910s] [ 42%] Built target rams_interface__rosidl_typesupport_introspection_c
[7.993s] [ 43%] [32mBuilding CXX object CMakeFiles/rams_interface__rosidl_typesupport_c.dir/rams_interface__rosidl_typesupport_c_autogen/mocs_compilation.cpp.o[0m
[8.070s] [ 44%] [32mBuilding CXX object CMakeFiles/rams_interface__rosidl_typesupport_c.dir/rosidl_typesupport_c/rams_interface/srv/move_to_pose__type_support.cpp.o[0m
[8.177s] [ 46%] [32m[1mLinking CXX shared library librams_interface__rosidl_typesupport_c.so[0m
[8.284s] [ 47%] Built target rams_interface__rosidl_typesupport_c
[8.369s] [ 49%] [32mBuilding CXX object CMakeFiles/rams_interface__rosidl_typesupport_introspection_cpp.dir/rams_interface__rosidl_typesupport_introspection_cpp_autogen/mocs_compilation.cpp.o[0m
[8.434s] [ 50%] [32mBuilding CXX object CMakeFiles/rams_interface__rosidl_typesupport_introspection_cpp.dir/rosidl_typesupport_introspection_cpp/rams_interface/srv/detail/move_to_pose__type_support.cpp.o[0m
[8.620s] [ 52%] [32m[1mLinking CXX shared library librams_interface__rosidl_typesupport_fastrtps_cpp.so[0m
[8.747s] [ 53%] Built target rams_interface__rosidl_typesupport_fastrtps_cpp
[8.790s] [ 55%] [34m[1mAutomatic MOC for target move_to_pose_server[0m
[8.853s] [ 55%] Built target move_to_pose_server_autogen
[8.898s] [ 56%] [34m[1mAutomatic MOC for target gui_node[0m
[8.974s] [ 56%] Built target gui_node_autogen
[9.019s] [ 57%] [32mBuilding CXX object CMakeFiles/rams_interface__rosidl_typesupport_fastrtps_c.dir/rams_interface__rosidl_typesupport_fastrtps_c_autogen/mocs_compilation.cpp.o[0m
[9.067s] [ 59%] [32mBuilding CXX object CMakeFiles/rams_interface__rosidl_typesupport_fastrtps_c.dir/rosidl_typesupport_fastrtps_c/rams_interface/srv/detail/move_to_pose__type_support_c.cpp.o[0m
[9.104s] [ 60%] [32m[1mLinking CXX shared library librams_interface__rosidl_typesupport_introspection_cpp.so[0m
[9.278s] [ 62%] Built target rams_interface__rosidl_typesupport_introspection_cpp
[9.322s] [ 63%] [32mBuilding CXX object CMakeFiles/move_to_pose_server.dir/move_to_pose_server_autogen/mocs_compilation.cpp.o[0m
[9.371s] [ 65%] [32mBuilding CXX object CMakeFiles/move_to_pose_server.dir/src/move_to_pose_server.cpp.o[0m
[9.520s] [ 66%] [32m[1mLinking CXX shared library librams_interface__rosidl_typesupport_fastrtps_c.so[0m
[9.604s] [ 68%] Built target rams_interface__rosidl_typesupport_fastrtps_c
[9.652s] [ 69%] [32mBuilding CXX object CMakeFiles/gui_node.dir/gui_node_autogen/mocs_compilation.cpp.o[0m
[9.702s] [ 71%] [32mBuilding CXX object CMakeFiles/gui_node.dir/src/main.cpp.o[0m
[14.491s] In file included from [01m[K/home/ros2/ws_RAMS/src/rams_interface/src/main.cpp:5[m[K:
[14.491s] [01m[K/home/ros2/ws_RAMS/src/rams_interface/include/rams_interface/main_window.h:38:58:[m[K [01;31m[Kerror: [m[K‘[01m[KSharedPtr[m[K’ in ‘[01m[Kclass rviz_common::ros_integration::RosNodeAbstractionIface[m[K’ does not name a type
[14.491s]    38 |   rviz_common::ros_integration::RosNodeAbstractionIface::[01;31m[KSharedPtr[m[K
[14.491s]       |                                                          [01;31m[K^~~~~~~~~[m[K
[15.680s] gmake[2]: *** [CMakeFiles/gui_node.dir/build.make:90: CMakeFiles/gui_node.dir/src/main.cpp.o] Error 1
[15.680s] gmake[1]: *** [CMakeFiles/Makefile2:647: CMakeFiles/gui_node.dir/all] Error 2
[15.680s] gmake[1]: *** Waiting for unfinished jobs....
[18.131s] [ 72%] [32m[1mLinking CXX executable move_to_pose_server[0m
[18.477s] [ 72%] Built target move_to_pose_server
[18.478s] gmake: *** [Makefile:146: all] Error 2
[18.482s] Invoked command in '/home/ros2/ws_RAMS/build/rams_interface' returned '2': CMAKE_PREFIX_PATH=/opt/ros/humble /usr/bin/cmake --build /home/ros2/ws_RAMS/build/rams_interface -- -j2 -l2
