[0.015s] Invoking command in '/home/ros2/ws_RAMS/build/rams_interface': /usr/bin/cmake /home/ros2/ws_RAMS/src/rams_interface -DCMAKE_INSTALL_PREFIX=/home/ros2/ws_RAMS/install/rams_interface
[0.171s] -- The C compiler identification is GNU 11.4.0
[0.283s] -- The CXX compiler identification is GNU 11.4.0
[0.296s] -- Detecting C compiler ABI info
[0.368s] -- Detecting C compiler ABI info - done
[0.372s] -- Check for working C compiler: /usr/bin/cc - skipped
[0.373s] -- Detecting C compile features
[0.374s] -- Detecting C compile features - done
[0.378s] -- Detecting CXX compiler ABI info
[0.475s] -- Detecting CXX compiler ABI info - done
[0.478s] -- Check for working CXX compiler: /usr/bin/c++ - skipped
[0.479s] -- Detecting CXX compile features
[0.479s] -- Detecting CXX compile features - done
[0.487s] [31mCMake Error at CMakeLists.txt:11 (find_package):
[0.487s]   By not providing "Findament_cmake.cmake" in CMAKE_MODULE_PATH this project
[0.487s]   has asked CMake to find a package configuration file provided by
[0.487s]   "ament_cmake", but CMake did not find one.
[0.487s] 
[0.487s]   Could not find a package configuration file provided by "ament_cmake" with
[0.487s]   any of the following names:
[0.487s] 
[0.487s]     ament_cmakeConfig.cmake
[0.487s]     ament_cmake-config.cmake
[0.487s] 
[0.487s]   Add the installation prefix of "ament_cmake" to CMAKE_PREFIX_PATH or set
[0.487s]   "ament_cmake_DIR" to a directory containing one of the above files.  If
[0.487s]   "ament_cmake" provides a separate development package or SDK, be sure it
[0.488s]   has been installed.
[0.488s] 
[0.488s] [0m
[0.490s] -- Configuring incomplete, errors occurred!
[0.490s] See also "/home/ros2/ws_RAMS/build/rams_interface/CMakeFiles/CMakeOutput.log".
[0.492s] Invoked command in '/home/ros2/ws_RAMS/build/rams_interface' returned '1': /usr/bin/cmake /home/ros2/ws_RAMS/src/rams_interface -DCMAKE_INSTALL_PREFIX=/home/ros2/ws_RAMS/install/rams_interface
