[33mCMake Warning (dev) in CMakeLists.txt:
  Policy CMP0071 is not set: Let AUTOMOC and AUTOUIC process GENERATED files.
  Run "cmake --help-policy CMP0071" for policy details.  Use the cmake_policy
  command to set the policy and suppress this warning.

  For compatibility, CMake is excluding the GENERATED source file(s):

    "/home/ros2/ws_RAMS/build/rams_interface/rosidl_generator_c/rams_interface/srv/move_to_pose.h"
    "/home/ros2/ws_RAMS/build/rams_interface/rosidl_generator_c/rams_interface/srv/detail/move_to_pose__functions.h"
    "/home/ros2/ws_RAMS/build/rams_interface/rosidl_generator_c/rams_interface/srv/detail/move_to_pose__struct.h"
    "/home/ros2/ws_RAMS/build/rams_interface/rosidl_generator_c/rams_interface/srv/detail/move_to_pose__type_support.h"
    "/home/ros2/ws_RAMS/build/rams_interface/rosidl_generator_c/rams_interface/srv/detail/move_to_pose__functions.c"

  from processing by AUTOMOC.  If any of the files should be processed, set
  CMP0071 to NEW.  If any of the files should not be processed, explicitly
  exclude them by setting the source file property SKIP_AUTOMOC:

    set_property(SOURCE file.h PROPERTY SKIP_AUTOMOC ON)

This warning is for project developers.  Use -Wno-dev to suppress it.
[0m
[33mCMake Warning (dev) in CMakeLists.txt:
  Policy CMP0071 is not set: Let AUTOMOC and AUTOUIC process GENERATED files.
  Run "cmake --help-policy CMP0071" for policy details.  Use the cmake_policy
  command to set the policy and suppress this warning.

  For compatibility, CMake is excluding the GENERATED source file(s):

    "/home/ros2/ws_RAMS/build/rams_interface/rosidl_typesupport_fastrtps_c/rams_interface/srv/detail/move_to_pose__rosidl_typesupport_fastrtps_c.h"
    "/home/ros2/ws_RAMS/build/rams_interface/rosidl_typesupport_fastrtps_c/rams_interface/srv/detail/move_to_pose__type_support_c.cpp"

  from processing by AUTOMOC.  If any of the files should be processed, set
  CMP0071 to NEW.  If any of the files should not be processed, explicitly
  exclude them by setting the source file property SKIP_AUTOMOC:

    set_property(SOURCE file.h PROPERTY SKIP_AUTOMOC ON)

This warning is for project developers.  Use -Wno-dev to suppress it.
[0m
[33mCMake Warning (dev) in CMakeLists.txt:
  Policy CMP0071 is not set: Let AUTOMOC and AUTOUIC process GENERATED files.
  Run "cmake --help-policy CMP0071" for policy details.  Use the cmake_policy
  command to set the policy and suppress this warning.

  For compatibility, CMake is excluding the GENERATED source file(s):

    "/home/ros2/ws_RAMS/build/rams_interface/rosidl_typesupport_fastrtps_cpp/rams_interface/srv/detail/dds_fastrtps/move_to_pose__type_support.cpp"
    "/home/ros2/ws_RAMS/build/rams_interface/rosidl_typesupport_fastrtps_cpp/rams_interface/srv/detail/move_to_pose__rosidl_typesupport_fastrtps_cpp.hpp"

  from processing by AUTOMOC.  If any of the files should be processed, set
  CMP0071 to NEW.  If any of the files should not be processed, explicitly
  exclude them by setting the source file property SKIP_AUTOMOC:

    set_property(SOURCE file.h PROPERTY SKIP_AUTOMOC ON)

This warning is for project developers.  Use -Wno-dev to suppress it.
[0m
[33mCMake Warning (dev) in CMakeLists.txt:
  Policy CMP0071 is not set: Let AUTOMOC and AUTOUIC process GENERATED files.
  Run "cmake --help-policy CMP0071" for policy details.  Use the cmake_policy
  command to set the policy and suppress this warning.

  For compatibility, CMake is excluding the GENERATED source file(s):

    "/home/ros2/ws_RAMS/build/rams_interface/rosidl_typesupport_introspection_c/rams_interface/srv/detail/move_to_pose__rosidl_typesupport_introspection_c.h"
    "/home/ros2/ws_RAMS/build/rams_interface/rosidl_typesupport_introspection_c/rams_interface/srv/detail/move_to_pose__type_support.c"

  from processing by AUTOMOC.  If any of the files should be processed, set
  CMP0071 to NEW.  If any of the files should not be processed, explicitly
  exclude them by setting the source file property SKIP_AUTOMOC:

    set_property(SOURCE file.h PROPERTY SKIP_AUTOMOC ON)

This warning is for project developers.  Use -Wno-dev to suppress it.
[0m
[33mCMake Warning (dev) in CMakeLists.txt:
  Policy CMP0071 is not set: Let AUTOMOC and AUTOUIC process GENERATED files.
  Run "cmake --help-policy CMP0071" for policy details.  Use the cmake_policy
  command to set the policy and suppress this warning.

  For compatibility, CMake is excluding the GENERATED source file(s):

    "/home/ros2/ws_RAMS/build/rams_interface/rosidl_typesupport_c/rams_interface/srv/move_to_pose__type_support.cpp"

  from processing by AUTOMOC.  If any of the files should be processed, set
  CMP0071 to NEW.  If any of the files should not be processed, explicitly
  exclude them by setting the source file property SKIP_AUTOMOC:

    set_property(SOURCE file.h PROPERTY SKIP_AUTOMOC ON)

This warning is for project developers.  Use -Wno-dev to suppress it.
[0m
[33mCMake Warning (dev) in CMakeLists.txt:
  Policy CMP0071 is not set: Let AUTOMOC and AUTOUIC process GENERATED files.
  Run "cmake --help-policy CMP0071" for policy details.  Use the cmake_policy
  command to set the policy and suppress this warning.

  For compatibility, CMake is excluding the GENERATED source file(s):

    "/home/ros2/ws_RAMS/build/rams_interface/rosidl_typesupport_introspection_cpp/rams_interface/srv/detail/move_to_pose__rosidl_typesupport_introspection_cpp.hpp"
    "/home/ros2/ws_RAMS/build/rams_interface/rosidl_typesupport_introspection_cpp/rams_interface/srv/detail/move_to_pose__type_support.cpp"

  from processing by AUTOMOC.  If any of the files should be processed, set
  CMP0071 to NEW.  If any of the files should not be processed, explicitly
  exclude them by setting the source file property SKIP_AUTOMOC:

    set_property(SOURCE file.h PROPERTY SKIP_AUTOMOC ON)

This warning is for project developers.  Use -Wno-dev to suppress it.
[0m
[33mCMake Warning (dev) in CMakeLists.txt:
  Policy CMP0071 is not set: Let AUTOMOC and AUTOUIC process GENERATED files.
  Run "cmake --help-policy CMP0071" for policy details.  Use the cmake_policy
  command to set the policy and suppress this warning.

  For compatibility, CMake is excluding the GENERATED source file(s):

    "/home/ros2/ws_RAMS/build/rams_interface/rosidl_typesupport_cpp/rams_interface/srv/move_to_pose__type_support.cpp"

  from processing by AUTOMOC.  If any of the files should be processed, set
  CMP0071 to NEW.  If any of the files should not be processed, explicitly
  exclude them by setting the source file property SKIP_AUTOMOC:

    set_property(SOURCE file.h PROPERTY SKIP_AUTOMOC ON)

This warning is for project developers.  Use -Wno-dev to suppress it.
[0m
[33mCMake Warning (dev) in CMakeLists.txt:
  Policy CMP0071 is not set: Let AUTOMOC and AUTOUIC process GENERATED files.
  Run "cmake --help-policy CMP0071" for policy details.  Use the cmake_policy
  command to set the policy and suppress this warning.

  For compatibility, CMake is excluding the GENERATED source file(s):

    "/home/ros2/ws_RAMS/build/rams_interface/rosidl_generator_py/rams_interface/srv/_move_to_pose_s.c"

  from processing by AUTOMOC.  If any of the files should be processed, set
  CMP0071 to NEW.  If any of the files should not be processed, explicitly
  exclude them by setting the source file property SKIP_AUTOMOC:

    set_property(SOURCE file.h PROPERTY SKIP_AUTOMOC ON)

This warning is for project developers.  Use -Wno-dev to suppress it.
[0m
[33mCMake Warning (dev) in CMakeLists.txt:
  Policy CMP0071 is not set: Let AUTOMOC and AUTOUIC process GENERATED files.
  Run "cmake --help-policy CMP0071" for policy details.  Use the cmake_policy
  command to set the policy and suppress this warning.

  For compatibility, CMake is excluding the GENERATED source file(s):

    "/home/ros2/ws_RAMS/build/rams_interface/rosidl_generator_py/rams_interface/_rams_interface_s.ep.rosidl_typesupport_fastrtps_c.c"

  from processing by AUTOMOC.  If any of the files should be processed, set
  CMP0071 to NEW.  If any of the files should not be processed, explicitly
  exclude them by setting the source file property SKIP_AUTOMOC:

    set_property(SOURCE file.h PROPERTY SKIP_AUTOMOC ON)

This warning is for project developers.  Use -Wno-dev to suppress it.
[0m
[33mCMake Warning (dev) in CMakeLists.txt:
  Policy CMP0071 is not set: Let AUTOMOC and AUTOUIC process GENERATED files.
  Run "cmake --help-policy CMP0071" for policy details.  Use the cmake_policy
  command to set the policy and suppress this warning.

  For compatibility, CMake is excluding the GENERATED source file(s):

    "/home/ros2/ws_RAMS/build/rams_interface/rosidl_generator_py/rams_interface/_rams_interface_s.ep.rosidl_typesupport_introspection_c.c"

  from processing by AUTOMOC.  If any of the files should be processed, set
  CMP0071 to NEW.  If any of the files should not be processed, explicitly
  exclude them by setting the source file property SKIP_AUTOMOC:

    set_property(SOURCE file.h PROPERTY SKIP_AUTOMOC ON)

This warning is for project developers.  Use -Wno-dev to suppress it.
[0m
[33mCMake Warning (dev) in CMakeLists.txt:
  Policy CMP0071 is not set: Let AUTOMOC and AUTOUIC process GENERATED files.
  Run "cmake --help-policy CMP0071" for policy details.  Use the cmake_policy
  command to set the policy and suppress this warning.

  For compatibility, CMake is excluding the GENERATED source file(s):

    "/home/ros2/ws_RAMS/build/rams_interface/rosidl_generator_py/rams_interface/_rams_interface_s.ep.rosidl_typesupport_c.c"

  from processing by AUTOMOC.  If any of the files should be processed, set
  CMP0071 to NEW.  If any of the files should not be processed, explicitly
  exclude them by setting the source file property SKIP_AUTOMOC:

    set_property(SOURCE file.h PROPERTY SKIP_AUTOMOC ON)

This warning is for project developers.  Use -Wno-dev to suppress it.
[0m
[01m[K/home/ros2/ws_RAMS/src/rams_interface/src/main_window.cpp:[m[K In constructor ‘[01m[Krams_interface::MainWindow::MainWindow(QWidget*)[m[K’:
[01m[K/home/ros2/ws_RAMS/src/rams_interface/src/main_window.cpp:30:58:[m[K [01;31m[Kerror: [m[Kcannot convert ‘[01m[KOgre::SceneManager*[m[K’ to ‘[01m[Krviz_common::DisplayContext*[m[K’
   30 |   render_panel_->initialize([01;31m[Kviz_manager_->getSceneManager()[m[K, viz_manager_.get());
      |                             [01;31m[K~~~~~~~~~~~~~~~~~~~~~~~~~~~~~^~[m[K
      |                                                          [01;31m[K|[m[K
      |                                                          [01;31m[KOgre::SceneManager*[m[K
In file included from [01m[K/home/ros2/ws_RAMS/src/rams_interface/src/main_window.cpp:11[m[K:
[01m[K/opt/ros/humble/include/rviz_common/rviz_common/render_panel.hpp:80:36:[m[K [01;36m[Knote: [m[K  initializing argument 1 of ‘[01m[Kvoid rviz_common::RenderPanel::initialize(rviz_common::DisplayContext*, bool)[m[K’
   80 |   void initialize([01;36m[KDisplayContext * manager[m[K, bool use_main_scene = false);
      |                   [01;36m[K~~~~~~~~~~~~~~~~~^~~~~~~[m[K
[01m[K/home/ros2/ws_RAMS/src/rams_interface/src/main_window.cpp:42:10:[m[K [01;31m[Kerror: [m[Kinvalid use of incomplete type ‘[01m[Kclass rviz_common::Display[m[K’
   42 |     cloud[01;31m[K->[m[KsubProp("Topic")->setValue("/rams/perception/cloud");
      |          [01;31m[K^~[m[K
In file included from [01m[K/home/ros2/ws_RAMS/src/rams_interface/src/main_window.cpp:11[m[K:
[01m[K/opt/ros/humble/include/rviz_common/rviz_common/render_panel.hpp:58:7:[m[K [01;36m[Knote: [m[Kforward declaration of ‘[01m[Kclass rviz_common::Display[m[K’
   58 | class [01;36m[KDisplay[m[K;
      |       [01;36m[K^~~~~~~[m[K
[01m[K/home/ros2/ws_RAMS/src/rams_interface/src/main_window.cpp:[m[K In member function ‘[01m[Kvirtual bool rams_interface::MainWindow::eventFilter(QObject*, QEvent*)[m[K’:
[01m[K/home/ros2/ws_RAMS/src/rams_interface/src/main_window.cpp:85:51:[m[K [01;31m[Kerror: [m[Kunable to deduce ‘[01m[Kauto*[m[K’ from ‘[01m[Krviz_common::VisualizationManager::getSelectionManager()[m[K’
   85 |     auto* sel = viz_manager_->getSelectionManager([01;31m[K)[m[K;
      |                                                   [01;31m[K^[m[K
[01m[K/home/ros2/ws_RAMS/src/rams_interface/src/main_window.cpp:85:51:[m[K [01;36m[Knote: [m[K  mismatched types ‘[01m[Kauto*[m[K’ and ‘[01m[Kstd::shared_ptr<rviz_common::interaction::SelectionManagerIface>[m[K’
[01m[K/home/ros2/ws_RAMS/src/rams_interface/src/main_window.cpp:87:41:[m[K [01;31m[Kerror: [m[K‘[01m[Kclass rviz_rendering::RenderWindow[m[K’ has no member named ‘[01m[Kget_render_window[m[K’; did you mean ‘[01m[KRenderWindow[m[K’?
   87 |       render_panel_->getRenderWindow()->[01;31m[Kget_render_window[m[K()->getViewport(0);
      |                                         [01;31m[K^~~~~~~~~~~~~~~~~[m[K
      |                                         [32m[KRenderWindow[m[K
In file included from [01m[K/usr/include/c++/11/memory:76[m[K,
                 from [01m[K/usr/include/x86_64-linux-gnu/qt5/QtCore/qsharedpointer_impl.h:71[m[K,
                 from [01m[K/usr/include/x86_64-linux-gnu/qt5/QtCore/qsharedpointer.h:48[m[K,
                 from [01m[K/usr/include/x86_64-linux-gnu/qt5/QtGui/qpixmap.h:48[m[K,
                 from [01m[K/usr/include/x86_64-linux-gnu/qt5/QtGui/qbrush.h:52[m[K,
                 from [01m[K/usr/include/x86_64-linux-gnu/qt5/QtGui/qpalette.h:46[m[K,
                 from [01m[K/usr/include/x86_64-linux-gnu/qt5/QtWidgets/qwidget.h:48[m[K,
                 from [01m[K/usr/include/x86_64-linux-gnu/qt5/QtWidgets/qmainwindow.h:44[m[K,
                 from [01m[K/usr/include/x86_64-linux-gnu/qt5/QtWidgets/QMainWindow:1[m[K,
                 from [01m[K/home/ros2/ws_RAMS/src/rams_interface/include/rams_interface/main_window.h:4[m[K,
                 from [01m[K/home/ros2/ws_RAMS/src/rams_interface/src/main_window.cpp:1[m[K:
/usr/include/c++/11/bits/unique_ptr.h: In instantiation of ‘[01m[Ktypename std::_MakeUniq<_Tp>::__single_object std::make_unique(_Args&& ...) [with _Tp = rviz_common::VisualizationManager; _Args = {rviz_common::RenderPanel*&}; typename std::_MakeUniq<_Tp>::__single_object = std::unique_ptr<rviz_common::VisualizationManager>][m[K’:
[01m[K/home/ros2/ws_RAMS/src/rams_interface/src/main_window.cpp:29:69:[m[K   required from here
[01m[K/usr/include/c++/11/bits/unique_ptr.h:962:30:[m[K [01;31m[Kerror: [m[Kno matching function for call to ‘[01m[Krviz_common::VisualizationManager::VisualizationManager(rviz_common::RenderPanel*&)[m[K’
  962 |     { return unique_ptr<_Tp>([01;31m[Knew _Tp(std::forward<_Args>(__args)...)[m[K); }
      |                              [01;31m[K^~~~~~~~~~~~~~~~~~~~~~~~~~~~~~~~~~~~~~~[m[K
In file included from [01m[K/home/ros2/ws_RAMS/src/rams_interface/src/main_window.cpp:12[m[K:
[01m[K/opt/ros/humble/include/rviz_common/rviz_common/visualization_manager.hpp:103:12:[m[K [01;36m[Knote: [m[Kcandidate: ‘[01m[Krviz_common::VisualizationManager::VisualizationManager(rviz_common::RenderPanel*, rviz_common::ros_integration::RosNodeAbstractionIface::WeakPtr, rviz_common::WindowManagerInterface*, rclcpp::Clock::SharedPtr)[m[K’
  103 |   explicit [01;36m[KVisualizationManager[m[K(
      |            [01;36m[K^~~~~~~~~~~~~~~~~~~~[m[K
[01m[K/opt/ros/humble/include/rviz_common/rviz_common/visualization_manager.hpp:103:12:[m[K [01;36m[Knote: [m[K  candidate expects 4 arguments, 1 provided
gmake[2]: *** [CMakeFiles/gui_node.dir/build.make:104: CMakeFiles/gui_node.dir/src/main_window.cpp.o] Error 1
gmake[1]: *** [CMakeFiles/Makefile2:647: CMakeFiles/gui_node.dir/all] Error 2
gmake: *** [Makefile:146: all] Error 2
