[0.016s] Invoking command in '/home/ros2/ws_RAMS/build/rams_interface': CMAKE_PREFIX_PATH=/opt/ros/humble /usr/bin/cmake /home/ros2/ws_RAMS/src/rams_interface -DCMAKE_INSTALL_PREFIX=/home/ros2/ws_RAMS/install/rams_interface
[0.120s] -- The C compiler identification is GNU 11.4.0
[0.182s] -- The CXX compiler identification is GNU 11.4.0
[0.191s] -- Detecting C compiler ABI info
[0.261s] -- Detecting C compiler ABI info - done
[0.266s] -- Check for working C compiler: /usr/bin/cc - skipped
[0.266s] -- Detecting C compile features
[0.267s] -- Detecting C compile features - done
[0.269s] -- Detecting CXX compiler ABI info
[0.353s] -- Detecting CXX compiler ABI info - done
[0.359s] -- Check for working CXX compiler: /usr/bin/c++ - skipped
[0.361s] -- Detecting CXX compile features
[0.362s] -- Detecting CXX compile features - done
[0.367s] -- Found ament_cmake: 1.3.12 (/opt/ros/humble/share/ament_cmake/cmake)
[0.545s] -- Found Python3: /usr/bin/python3 (found version "3.10.12") found components: Interpreter 
[0.651s] -- Found rclcpp: 16.0.14 (/opt/ros/humble/share/rclcpp/cmake)
[0.688s] -- Found rosidl_generator_c: 3.1.7 (/opt/ros/humble/share/rosidl_generator_c/cmake)
[0.695s] -- Found rosidl_adapter: 3.1.7 (/opt/ros/humble/share/rosidl_adapter/cmake)
[0.700s] -- Found rosidl_generator_cpp: 3.1.7 (/opt/ros/humble/share/rosidl_generator_cpp/cmake)
[0.713s] -- Using all available rosidl_typesupport_c: rosidl_typesupport_fastrtps_c;rosidl_typesupport_introspection_c
[0.729s] -- Using all available rosidl_typesupport_cpp: rosidl_typesupport_fastrtps_cpp;rosidl_typesupport_introspection_cpp
[0.768s] -- Found rmw_implementation_cmake: 6.1.2 (/opt/ros/humble/share/rmw_implementation_cmake/cmake)
[0.769s] -- Found rmw_fastrtps_cpp: 6.2.8 (/opt/ros/humble/share/rmw_fastrtps_cpp/cmake)
[0.842s] -- Found OpenSSL: /usr/lib/x86_64-linux-gnu/libcrypto.so (found version "3.0.2")  
[0.868s] -- Found FastRTPS: /opt/ros/humble/include  
[0.915s] -- Using RMW implementation 'rmw_fastrtps_cpp' as default
[0.922s] -- Looking for pthread.h
[1.036s] -- Looking for pthread.h - found
[1.036s] -- Performing Test CMAKE_HAVE_LIBC_PTHREAD
[1.128s] -- Performing Test CMAKE_HAVE_LIBC_PTHREAD - Success
[1.129s] -- Found Threads: TRUE  
[1.178s] -- Found geometry_msgs: 4.9.0 (/opt/ros/humble/share/geometry_msgs/cmake)
[1.194s] -- Found sensor_msgs: 4.9.0 (/opt/ros/humble/share/sensor_msgs/cmake)
[1.221s] -- Found std_srvs: 4.9.0 (/opt/ros/humble/share/std_srvs/cmake)
[1.235s] -- Found moveit_ros_planning_interface: 2.5.9 (/opt/ros/humble/share/moveit_ros_planning_interface/cmake)
[1.260s] -- Found Boost: /usr/lib/x86_64-linux-gnu/cmake/Boost-1.74.0/BoostConfig.cmake (found version "1.74.0") found components: date_time filesystem program_options system thread 
[1.386s] -- Found Boost: /usr/lib/x86_64-linux-gnu/cmake/Boost-1.74.0/BoostConfig.cmake (found version "1.74.0") found components: chrono date_time filesystem iostreams program_options regex serialization system thread 
[1.424s] -- Found parameter_traits: 0.5.0 (/opt/ros/humble/share/parameter_traits/cmake)
[1.448s] -- Found rclcpp_lifecycle: 16.0.14 (/opt/ros/humble/share/rclcpp_lifecycle/cmake)
[1.471s] -- Found Boost: /usr/lib/x86_64-linux-gnu/cmake/Boost-1.74.0/BoostConfig.cmake (found version "1.74.0") found components: filesystem 
[1.573s] -- library: /usr/lib/x86_64-linux-gnu/libcurl.so
[1.603s] -- Found Eigen3: TRUE (found version "3.4.0") 
[1.603s] -- Ensuring Eigen3 include directory is part of orocos-kdl CMake target
[1.719s] -- Found Boost: /usr/lib/x86_64-linux-gnu/cmake/Boost-1.74.0/BoostConfig.cmake (found version "1.74.0") found components: system filesystem date_time program_options thread chrono 
[1.750s] -- Found Boost: /usr/lib/x86_64-linux-gnu/cmake/Boost-1.74.0/BoostConfig.cmake (found version "1.74.0") found components: thread system filesystem regex date_time program_options 
[1.767s] -- Found Boost: /usr/lib/x86_64-linux-gnu/cmake/Boost-1.74.0/BoostConfig.cmake (found version "1.74.0") found components: system filesystem date_time program_options thread 
[1.782s] -- Found rosidl_default_generators: 1.2.0 (/opt/ros/humble/share/rosidl_default_generators/cmake)
[1.825s] -- Setting assimp_DIR to: '/opt/ros/humble/share/rviz_assimp_vendor/cmake/../../../opt/rviz_assimp_vendor/lib/cmake/assimp-4.1'
[1.825s] -- Setting OGRE_DIR to: '/opt/ros/humble/share/rviz_ogre_vendor/cmake/../../../opt/rviz_ogre_vendor/lib/OGRE/cmake'
[1.825s] -- Found OGRE
[1.825s] --   static     : OFF
[1.825s] --   components : HLMS;MeshLodGenerator;Overlay;Paging;Property;RTShaderSystem;Terrain;Volume
[1.825s] --   plugins    : Plugin_BSPSceneManager;Plugin_OctreeSceneManager;Plugin_PCZSceneManager;Plugin_ParticleFX;RenderSystem_GL;RenderSystem_GL3Plus;Codec_STBI
[1.825s] --   media      : /opt/ros/humble/opt/rviz_ogre_vendor/share/OGRE/Media
[1.825s] -- OGRE_LIBRARIES: OgreHLMS;OgreMeshLodGenerator;OgreOverlay;OgrePaging;OgreProperty;OgreRTShaderSystem;OgreTerrain;OgreVolume;OgreMain
[1.825s] -- OGRE_LIBRARY_DIRS: /opt/ros/humble/opt/rviz_ogre_vendor/lib
[1.825s] -- OGRE_PLUGINS: Plugin_BSPSceneManager;Plugin_OctreeSceneManager;Plugin_PCZSceneManager;Plugin_ParticleFX;RenderSystem_GL;RenderSystem_GL3Plus;Codec_STBI
[1.826s] -- OGRE_PLUGIN_DIR: /opt/ros/humble/opt/rviz_ogre_vendor/lib/OGRE
[1.826s] -- rviz_ogre_vendor::OgreOverlay for IMPORTED_LOCATION_RELEASE: /opt/ros/humble/opt/rviz_ogre_vendor/lib/libOgreOverlay.so
[1.826s] -- rviz_ogre_vendor::OgreOverlay for IMPORTED_LOCATION_DEBUG: /opt/ros/humble/opt/rviz_ogre_vendor/lib/libOgreOverlay.so
[1.826s] -- rviz_ogre_vendor::OgreMain for IMPORTED_LOCATION_RELEASE: /opt/ros/humble/opt/rviz_ogre_vendor/lib/libOgreMain.so
[1.826s] -- rviz_ogre_vendor::OgreMain for IMPORTED_LOCATION_DEBUG: /opt/ros/humble/opt/rviz_ogre_vendor/lib/libOgreMain.so
[1.826s] -- Could not find freeimage library
[1.850s] -- Found ZLIB: /usr/lib/x86_64-linux-gnu/libz.so (found version "1.2.11") 
[1.854s] -- Found OpenGL: /usr/lib/x86_64-linux-gnu/libOpenGL.so   
[2.010s] -- Found X11: /usr/include   
[2.017s] -- Looking for XOpenDisplay in /usr/lib/x86_64-linux-gnu/libX11.so;/usr/lib/x86_64-linux-gnu/libXext.so
[2.164s] -- Looking for XOpenDisplay in /usr/lib/x86_64-linux-gnu/libX11.so;/usr/lib/x86_64-linux-gnu/libXext.so - found
[2.164s] -- Looking for gethostbyname
[2.258s] -- Looking for gethostbyname - found
[2.260s] -- Looking for connect
[2.341s] -- Looking for connect - found
[2.341s] -- Looking for remove
[2.420s] -- Looking for remove - found
[2.420s] -- Looking for shmat
[2.533s] -- Looking for shmat - found
[2.533s] -- Looking for IceConnectionNumber in ICE
[2.625s] -- Looking for IceConnectionNumber in ICE - found
[2.916s] -- Found ament_cmake_ros: 0.10.0 (/opt/ros/humble/share/ament_cmake_ros/cmake)
[3.336s] -- Using all available rosidl_typesupport_c: rosidl_typesupport_fastrtps_c;rosidl_typesupport_introspection_c
[3.588s] -- Using all available rosidl_typesupport_cpp: rosidl_typesupport_fastrtps_cpp;rosidl_typesupport_introspection_cpp
[3.609s] -- Found PythonInterp: /usr/bin/python3 (found suitable version "3.10.12", minimum required is "3.6") 
[3.609s] -- Found python_cmake_module: 0.10.0 (/opt/ros/humble/share/python_cmake_module/cmake)
[3.637s] -- Found PythonLibs: /usr/lib/x86_64-linux-gnu/libpython3.10.so (found suitable version "3.10.12", minimum required is "3.5") 
[3.637s] -- Using PYTHON_EXECUTABLE: /usr/bin/python3
[3.637s] -- Using PYTHON_INCLUDE_DIRS: /usr/include/python3.10
[3.637s] -- Using PYTHON_LIBRARIES: /usr/lib/x86_64-linux-gnu/libpython3.10.so
[3.657s] -- Found PythonExtra: .so  
[3.743s] -- Configuring done
[3.768s] [33mCMake Warning (dev) in CMakeLists.txt:
[3.768s]   Policy CMP0071 is not set: Let AUTOMOC and AUTOUIC process GENERATED files.
[3.768s]   Run "cmake --help-policy CMP0071" for policy details.  Use the cmake_policy
[3.768s]   command to set the policy and suppress this warning.
[3.768s] 
[3.768s]   For compatibility, CMake is excluding the GENERATED source file(s):
[3.768s] 
[3.769s]     "/home/ros2/ws_RAMS/build/rams_interface/rosidl_generator_c/rams_interface/srv/move_to_pose.h"
[3.769s]     "/home/ros2/ws_RAMS/build/rams_interface/rosidl_generator_c/rams_interface/srv/detail/move_to_pose__functions.h"
[3.769s]     "/home/ros2/ws_RAMS/build/rams_interface/rosidl_generator_c/rams_interface/srv/detail/move_to_pose__struct.h"
[3.770s]     "/home/ros2/ws_RAMS/build/rams_interface/rosidl_generator_c/rams_interface/srv/detail/move_to_pose__type_support.h"
[3.770s]     "/home/ros2/ws_RAMS/build/rams_interface/rosidl_generator_c/rams_interface/srv/detail/move_to_pose__functions.c"
[3.770s] 
[3.770s]   from processing by AUTOMOC.  If any of the files should be processed, set
[3.770s]   CMP0071 to NEW.  If any of the files should not be processed, explicitly
[3.770s]   exclude them by setting the source file property SKIP_AUTOMOC:
[3.770s] 
[3.770s]     set_property(SOURCE file.h PROPERTY SKIP_AUTOMOC ON)
[3.773s] 
[3.773s] This warning is for project developers.  Use -Wno-dev to suppress it.
[3.773s] [0m
[3.773s] [33mCMake Warning (dev) in CMakeLists.txt:
[3.773s]   Policy CMP0071 is not set: Let AUTOMOC and AUTOUIC process GENERATED files.
[3.773s]   Run "cmake --help-policy CMP0071" for policy details.  Use the cmake_policy
[3.774s]   command to set the policy and suppress this warning.
[3.774s] 
[3.774s]   For compatibility, CMake is excluding the GENERATED source file(s):
[3.774s] 
[3.774s]     "/home/ros2/ws_RAMS/build/rams_interface/rosidl_typesupport_fastrtps_c/rams_interface/srv/detail/move_to_pose__rosidl_typesupport_fastrtps_c.h"
[3.774s]     "/home/ros2/ws_RAMS/build/rams_interface/rosidl_typesupport_fastrtps_c/rams_interface/srv/detail/move_to_pose__type_support_c.cpp"
[3.774s] 
[3.775s]   from processing by AUTOMOC.  If any of the files should be processed, set
[3.778s]   CMP0071 to NEW.  If any of the files should not be processed, explicitly
[3.778s]   exclude them by setting the source file property SKIP_AUTOMOC:
[3.778s] 
[3.778s]     set_property(SOURCE file.h PROPERTY SKIP_AUTOMOC ON)
[3.778s] 
[3.778s] This warning is for project developers.  Use -Wno-dev to suppress it.
[3.778s] [0m
[3.778s] [33mCMake Warning (dev) in CMakeLists.txt:
[3.778s]   Policy CMP0071 is not set: Let AUTOMOC and AUTOUIC process GENERATED files.
[3.782s]   Run "cmake --help-policy CMP0071" for policy details.  Use the cmake_policy
[3.782s]   command to set the policy and suppress this warning.
[3.782s] 
[3.782s]   For compatibility, CMake is excluding the GENERATED source file(s):
[3.782s] 
[3.782s]     "/home/ros2/ws_RAMS/build/rams_interface/rosidl_typesupport_fastrtps_cpp/rams_interface/srv/detail/dds_fastrtps/move_to_pose__type_support.cpp"
[3.782s]     "/home/ros2/ws_RAMS/build/rams_interface/rosidl_typesupport_fastrtps_cpp/rams_interface/srv/detail/move_to_pose__rosidl_typesupport_fastrtps_cpp.hpp"
[3.782s] 
[3.783s]   from processing by AUTOMOC.  If any of the files should be processed, set
[3.783s]   CMP0071 to NEW.  If any of the files should not be processed, explicitly
[3.783s]   exclude them by setting the source file property SKIP_AUTOMOC:
[3.783s] 
[3.783s]     set_property(SOURCE file.h PROPERTY SKIP_AUTOMOC ON)
[3.783s] 
[3.783s] This warning is for project developers.  Use -Wno-dev to suppress it.
[3.783s] [0m
[3.783s] [33mCMake Warning (dev) in CMakeLists.txt:
[3.783s]   Policy CMP0071 is not set: Let AUTOMOC and AUTOUIC process GENERATED files.
[3.784s]   Run "cmake --help-policy CMP0071" for policy details.  Use the cmake_policy
[3.786s]   command to set the policy and suppress this warning.
[3.786s] 
[3.786s]   For compatibility, CMake is excluding the GENERATED source file(s):
[3.786s] 
[3.786s]     "/home/ros2/ws_RAMS/build/rams_interface/rosidl_typesupport_introspection_c/rams_interface/srv/detail/move_to_pose__rosidl_typesupport_introspection_c.h"
[3.786s]     "/home/ros2/ws_RAMS/build/rams_interface/rosidl_typesupport_introspection_c/rams_interface/srv/detail/move_to_pose__type_support.c"
[3.786s] 
[3.786s]   from processing by AUTOMOC.  If any of the files should be processed, set
[3.786s]   CMP0071 to NEW.  If any of the files should not be processed, explicitly
[3.787s]   exclude them by setting the source file property SKIP_AUTOMOC:
[3.787s] 
[3.787s]     set_property(SOURCE file.h PROPERTY SKIP_AUTOMOC ON)
[3.787s] 
[3.787s] This warning is for project developers.  Use -Wno-dev to suppress it.
[3.787s] [0m
[3.787s] [33mCMake Warning (dev) in CMakeLists.txt:
[3.787s]   Policy CMP0071 is not set: Let AUTOMOC and AUTOUIC process GENERATED files.
[3.787s]   Run "cmake --help-policy CMP0071" for policy details.  Use the cmake_policy
[3.787s]   command to set the policy and suppress this warning.
[3.787s] 
[3.787s]   For compatibility, CMake is excluding the GENERATED source file(s):
[3.787s] 
[3.787s]     "/home/ros2/ws_RAMS/build/rams_interface/rosidl_typesupport_c/rams_interface/srv/move_to_pose__type_support.cpp"
[3.787s] 
[3.787s]   from processing by AUTOMOC.  If any of the files should be processed, set
[3.787s]   CMP0071 to NEW.  If any of the files should not be processed, explicitly
[3.787s]   exclude them by setting the source file property SKIP_AUTOMOC:
[3.787s] 
[3.787s]     set_property(SOURCE file.h PROPERTY SKIP_AUTOMOC ON)
[3.787s] 
[3.787s] This warning is for project developers.  Use -Wno-dev to suppress it.
[3.787s] [0m
[3.788s] [33mCMake Warning (dev) in CMakeLists.txt:
[3.788s]   Policy CMP0071 is not set: Let AUTOMOC and AUTOUIC process GENERATED files.
[3.788s]   Run "cmake --help-policy CMP0071" for policy details.  Use the cmake_policy
[3.788s]   command to set the policy and suppress this warning.
[3.788s] 
[3.788s]   For compatibility, CMake is excluding the GENERATED source file(s):
[3.788s] 
[3.788s]     "/home/ros2/ws_RAMS/build/rams_interface/rosidl_typesupport_introspection_cpp/rams_interface/srv/detail/move_to_pose__rosidl_typesupport_introspection_cpp.hpp"
[3.788s]     "/home/ros2/ws_RAMS/build/rams_interface/rosidl_typesupport_introspection_cpp/rams_interface/srv/detail/move_to_pose__type_support.cpp"
[3.788s] 
[3.788s]   from processing by AUTOMOC.  If any of the files should be processed, set
[3.795s]   CMP0071 to NEW.  If any of the files should not be processed, explicitly
[3.795s]   exclude them by setting the source file property SKIP_AUTOMOC:
[3.797s] 
[3.797s]     set_property(SOURCE file.h PROPERTY SKIP_AUTOMOC ON)
[3.797s] 
[3.797s] This warning is for project developers.  Use -Wno-dev to suppress it.
[3.797s] [0m
[3.797s] [33mCMake Warning (dev) in CMakeLists.txt:
[3.797s]   Policy CMP0071 is not set: Let AUTOMOC and AUTOUIC process GENERATED files.
[3.797s]   Run "cmake --help-policy CMP0071" for policy details.  Use the cmake_policy
[3.797s]   command to set the policy and suppress this warning.
[3.798s] 
[3.798s]   For compatibility, CMake is excluding the GENERATED source file(s):
[3.798s] 
[3.798s]     "/home/ros2/ws_RAMS/build/rams_interface/rosidl_typesupport_cpp/rams_interface/srv/move_to_pose__type_support.cpp"
[3.798s] 
[3.798s]   from processing by AUTOMOC.  If any of the files should be processed, set
[3.798s]   CMP0071 to NEW.  If any of the files should not be processed, explicitly
[3.798s]   exclude them by setting the source file property SKIP_AUTOMOC:
[3.801s] 
[3.801s]     set_property(SOURCE file.h PROPERTY SKIP_AUTOMOC ON)
[3.801s] 
[3.801s] This warning is for project developers.  Use -Wno-dev to suppress it.
[3.801s] [0m
[3.801s] [33mCMake Warning (dev) in CMakeLists.txt:
[3.801s]   Policy CMP0071 is not set: Let AUTOMOC and AUTOUIC process GENERATED files.
[3.801s]   Run "cmake --help-policy CMP0071" for policy details.  Use the cmake_policy
[3.801s]   command to set the policy and suppress this warning.
[3.801s] 
[3.801s]   For compatibility, CMake is excluding the GENERATED source file(s):
[3.802s] 
[3.802s]     "/home/ros2/ws_RAMS/build/rams_interface/rosidl_generator_py/rams_interface/srv/_move_to_pose_s.c"
[3.802s] 
[3.802s]   from processing by AUTOMOC.  If any of the files should be processed, set
[3.802s]   CMP0071 to NEW.  If any of the files should not be processed, explicitly
[3.802s]   exclude them by setting the source file property SKIP_AUTOMOC:
[3.802s] 
[3.802s]     set_property(SOURCE file.h PROPERTY SKIP_AUTOMOC ON)
[3.802s] 
[3.802s] This warning is for project developers.  Use -Wno-dev to suppress it.
[3.802s] [0m
[3.802s] [33mCMake Warning (dev) in CMakeLists.txt:
[3.802s]   Policy CMP0071 is not set: Let AUTOMOC and AUTOUIC process GENERATED files.
[3.802s]   Run "cmake --help-policy CMP0071" for policy details.  Use the cmake_policy
[3.802s]   command to set the policy and suppress this warning.
[3.802s] 
[3.802s]   For compatibility, CMake is excluding the GENERATED source file(s):
[3.802s] 
[3.802s]     "/home/ros2/ws_RAMS/build/rams_interface/rosidl_generator_py/rams_interface/_rams_interface_s.ep.rosidl_typesupport_fastrtps_c.c"
[3.802s] 
[3.802s]   from processing by AUTOMOC.  If any of the files should be processed, set
[3.802s]   CMP0071 to NEW.  If any of the files should not be processed, explicitly
[3.802s]   exclude them by setting the source file property SKIP_AUTOMOC:
[3.802s] 
[3.803s]     set_property(SOURCE file.h PROPERTY SKIP_AUTOMOC ON)
[3.803s] 
[3.803s] This warning is for project developers.  Use -Wno-dev to suppress it.
[3.803s] [0m
[3.803s] [33mCMake Warning (dev) in CMakeLists.txt:
[3.803s]   Policy CMP0071 is not set: Let AUTOMOC and AUTOUIC process GENERATED files.
[3.803s]   Run "cmake --help-policy CMP0071" for policy details.  Use the cmake_policy
[3.803s]   command to set the policy and suppress this warning.
[3.803s] 
[3.803s]   For compatibility, CMake is excluding the GENERATED source file(s):
[3.803s] 
[3.815s]     "/home/ros2/ws_RAMS/build/rams_interface/rosidl_generator_py/rams_interface/_rams_interface_s.ep.rosidl_typesupport_introspection_c.c"
[3.816s] 
[3.816s]   from processing by AUTOMOC.  If any of the files should be processed, set
[3.816s]   CMP0071 to NEW.  If any of the files should not be processed, explicitly
[3.816s]   exclude them by setting the source file property SKIP_AUTOMOC:
[3.816s] 
[3.816s]     set_property(SOURCE file.h PROPERTY SKIP_AUTOMOC ON)
[3.816s] 
[3.816s] This warning is for project developers.  Use -Wno-dev to suppress it.
[3.817s] [0m
[3.817s] [33mCMake Warning (dev) in CMakeLists.txt:
[3.817s]   Policy CMP0071 is not set: Let AUTOMOC and AUTOUIC process GENERATED files.
[3.817s]   Run "cmake --help-policy CMP0071" for policy details.  Use the cmake_policy
[3.817s]   command to set the policy and suppress this warning.
[3.817s] 
[3.817s]   For compatibility, CMake is excluding the GENERATED source file(s):
[3.817s] 
[3.817s]     "/home/ros2/ws_RAMS/build/rams_interface/rosidl_generator_py/rams_interface/_rams_interface_s.ep.rosidl_typesupport_c.c"
[3.817s] 
[3.818s]   from processing by AUTOMOC.  If any of the files should be processed, set
[3.818s]   CMP0071 to NEW.  If any of the files should not be processed, explicitly
[3.818s]   exclude them by setting the source file property SKIP_AUTOMOC:
[3.818s] 
[3.818s]     set_property(SOURCE file.h PROPERTY SKIP_AUTOMOC ON)
[3.818s] 
[3.818s] This warning is for project developers.  Use -Wno-dev to suppress it.
[3.818s] [0m
[3.947s] -- Generating done
[3.969s] -- Build files have been written to: /home/ros2/ws_RAMS/build/rams_interface
[3.987s] Invoked command in '/home/ros2/ws_RAMS/build/rams_interface' returned '0': CMAKE_PREFIX_PATH=/opt/ros/humble /usr/bin/cmake /home/ros2/ws_RAMS/src/rams_interface -DCMAKE_INSTALL_PREFIX=/home/ros2/ws_RAMS/install/rams_interface
[3.988s] Invoking command in '/home/ros2/ws_RAMS/build/rams_interface': CMAKE_PREFIX_PATH=/opt/ros/humble /usr/bin/cmake --build /home/ros2/ws_RAMS/build/rams_interface -- -j2 -l2
[4.048s] [  1%] [34m[1mGenerating C++ code for ROS interfaces[0m
[4.075s] [  3%] [34m[1mAutomatic MOC for target rams_interface__rosidl_generator_c[0m
[4.188s] [  3%] Built target rams_interface__rosidl_generator_c_autogen
[4.253s] [  3%] Built target ament_cmake_python_copy_rams_interface
[4.279s] [  4%] [34m[1mGenerating C code for ROS interfaces[0m
[4.519s] [  4%] Built target rams_interface__cpp
[4.988s] [  6%] [32mBuilding CXX object CMakeFiles/rams_interface__rosidl_generator_c.dir/rams_interface__rosidl_generator_c_autogen/mocs_compilation.cpp.o[0m
[5.067s] [  8%] [32mBuilding C object CMakeFiles/rams_interface__rosidl_generator_c.dir/rosidl_generator_c/rams_interface/srv/detail/move_to_pose__functions.c.o[0m
[5.233s] [  9%] [32m[1mLinking CXX shared library librams_interface__rosidl_generator_c.so[0m
[5.260s] running egg_info
[5.260s] creating rams_interface.egg-info
[5.260s] writing rams_interface.egg-info/PKG-INFO
[5.260s] writing dependency_links to rams_interface.egg-info/dependency_links.txt
[5.265s] writing top-level names to rams_interface.egg-info/top_level.txt
[5.265s] writing manifest file 'rams_interface.egg-info/SOURCES.txt'
[5.269s] reading manifest file 'rams_interface.egg-info/SOURCES.txt'
[5.269s] writing manifest file 'rams_interface.egg-info/SOURCES.txt'
[5.351s] [  9%] Built target ament_cmake_python_build_rams_interface_egg
[5.354s] [  9%] Built target rams_interface__rosidl_generator_c
[5.424s] [ 11%] [34m[1mAutomatic MOC for target rams_interface__rosidl_typesupport_cpp[0m
[5.427s] [ 12%] [34m[1mAutomatic MOC for target rams_interface__rosidl_typesupport_fastrtps_cpp[0m
[5.521s] [ 12%] Built target rams_interface__rosidl_typesupport_fastrtps_cpp_autogen
[5.526s] [ 12%] Built target rams_interface__rosidl_typesupport_cpp_autogen
[5.589s] [ 14%] [34m[1mAutomatic MOC for target rams_interface__rosidl_typesupport_c[0m
[5.606s] [ 16%] [34m[1mAutomatic MOC for target rams_interface__rosidl_typesupport_introspection_c[0m
[5.736s] [ 16%] Built target rams_interface__rosidl_typesupport_introspection_c_autogen
[5.753s] [ 16%] Built target rams_interface__rosidl_typesupport_c_autogen
[5.797s] [ 17%] [34m[1mGenerating C++ type support dispatch for ROS interfaces[0m
[5.818s] [ 19%] [34m[1mAutomatic MOC for target rams_interface__rosidl_typesupport_introspection_cpp[0m
[5.914s] [ 19%] Built target rams_interface__rosidl_typesupport_introspection_cpp_autogen
[5.972s] [ 20%] [34m[1mAutomatic MOC for target rams_interface__rosidl_typesupport_fastrtps_c[0m
[6.056s] [ 20%] Built target rams_interface__rosidl_typesupport_fastrtps_c_autogen
[6.086s] [ 22%] [34m[1mGenerating C++ type support for eProsima Fast-RTPS[0m
[6.689s] [ 24%] [32mBuilding CXX object CMakeFiles/rams_interface__rosidl_typesupport_cpp.dir/rams_interface__rosidl_typesupport_cpp_autogen/mocs_compilation.cpp.o[0m
[6.771s] [ 25%] [32mBuilding CXX object CMakeFiles/rams_interface__rosidl_typesupport_cpp.dir/rosidl_typesupport_cpp/rams_interface/srv/move_to_pose__type_support.cpp.o[0m
[6.880s] [ 27%] [32mBuilding CXX object CMakeFiles/rams_interface__rosidl_typesupport_fastrtps_cpp.dir/rams_interface__rosidl_typesupport_fastrtps_cpp_autogen/mocs_compilation.cpp.o[0m
[6.960s] [ 29%] [32mBuilding CXX object CMakeFiles/rams_interface__rosidl_typesupport_fastrtps_cpp.dir/rosidl_typesupport_fastrtps_cpp/rams_interface/srv/detail/dds_fastrtps/move_to_pose__type_support.cpp.o[0m
[7.677s] [ 30%] [32m[1mLinking CXX shared library librams_interface__rosidl_typesupport_cpp.so[0m
[7.799s] [ 30%] Built target rams_interface__rosidl_typesupport_cpp
[7.830s] [ 32%] [34m[1mGenerating C introspection for ROS interfaces[0m
[8.174s] [ 33%] [32m[1mLinking CXX shared library librams_interface__rosidl_typesupport_fastrtps_cpp.so[0m
[8.374s] [ 33%] Built target rams_interface__rosidl_typesupport_fastrtps_cpp
[8.400s] [ 35%] [34m[1mGenerating C type support dispatch for ROS interfaces[0m
[8.613s] [ 37%] [32mBuilding CXX object CMakeFiles/rams_interface__rosidl_typesupport_introspection_c.dir/rams_interface__rosidl_typesupport_introspection_c_autogen/mocs_compilation.cpp.o[0m
[8.681s] [ 38%] [32mBuilding C object CMakeFiles/rams_interface__rosidl_typesupport_introspection_c.dir/rosidl_typesupport_introspection_c/rams_interface/srv/detail/move_to_pose__type_support.c.o[0m
[8.796s] [ 40%] [32m[1mLinking CXX shared library librams_interface__rosidl_typesupport_introspection_c.so[0m
[8.945s] [ 41%] [32mBuilding CXX object CMakeFiles/rams_interface__rosidl_typesupport_c.dir/rams_interface__rosidl_typesupport_c_autogen/mocs_compilation.cpp.o[0m
[8.952s] [ 41%] Built target rams_interface__rosidl_typesupport_introspection_c
[8.982s] [ 43%] [34m[1mGenerating C++ introspection for ROS interfaces[0m
[9.000s] [ 45%] [32mBuilding CXX object CMakeFiles/rams_interface__rosidl_typesupport_c.dir/rosidl_typesupport_c/rams_interface/srv/move_to_pose__type_support.cpp.o[0m
[9.117s] [ 46%] [32m[1mLinking CXX shared library librams_interface__rosidl_typesupport_c.so[0m
[9.274s] [ 46%] Built target rams_interface__rosidl_typesupport_c
[9.320s] [ 48%] [34m[1mAutomatic MOC for target move_to_pose_server[0m
[9.395s] [ 48%] Built target move_to_pose_server_autogen
[9.474s] [ 50%] [34m[1mAutomatic MOC for target gui_node[0m
[9.647s] [ 50%] Built target gui_node_autogen
[9.676s] [ 51%] [32mBuilding CXX object CMakeFiles/rams_interface__rosidl_typesupport_introspection_cpp.dir/rams_interface__rosidl_typesupport_introspection_cpp_autogen/mocs_compilation.cpp.o[0m
[9.690s] [ 53%] [34m[1mGenerating C type support for eProsima Fast-RTPS[0m
[9.757s] [ 54%] [32mBuilding CXX object CMakeFiles/rams_interface__rosidl_typesupport_introspection_cpp.dir/rosidl_typesupport_introspection_cpp/rams_interface/srv/detail/move_to_pose__type_support.cpp.o[0m
[10.288s] [ 56%] [32mBuilding CXX object CMakeFiles/rams_interface__rosidl_typesupport_fastrtps_c.dir/rams_interface__rosidl_typesupport_fastrtps_c_autogen/mocs_compilation.cpp.o[0m
[10.366s] [ 58%] [32mBuilding CXX object CMakeFiles/rams_interface__rosidl_typesupport_fastrtps_c.dir/rosidl_typesupport_fastrtps_c/rams_interface/srv/detail/move_to_pose__type_support_c.cpp.o[0m
[11.040s] [ 59%] [32m[1mLinking CXX shared library librams_interface__rosidl_typesupport_introspection_cpp.so[0m
[11.289s] [ 59%] Built target rams_interface__rosidl_typesupport_introspection_cpp
[11.371s] [ 61%] [32m[1mLinking CXX shared library librams_interface__rosidl_typesupport_fastrtps_c.so[0m
[11.383s] [ 62%] [32mBuilding CXX object CMakeFiles/move_to_pose_server.dir/move_to_pose_server_autogen/mocs_compilation.cpp.o[0m
[11.487s] [ 64%] [32mBuilding CXX object CMakeFiles/move_to_pose_server.dir/src/move_to_pose_server.cpp.o[0m
[11.620s] [ 64%] Built target rams_interface__rosidl_typesupport_fastrtps_c
[11.694s] [ 66%] [32mBuilding CXX object CMakeFiles/gui_node.dir/gui_node_autogen/mocs_compilation.cpp.o[0m
[11.764s] [ 67%] [32mBuilding CXX object CMakeFiles/gui_node.dir/src/main.cpp.o[0m
[19.314s] [ 69%] [32mBuilding CXX object CMakeFiles/gui_node.dir/src/main_window.cpp.o[0m
[26.999s] [ 70%] [32m[1mLinking CXX executable move_to_pose_server[0m
[27.003s] [01m[K/home/ros2/ws_RAMS/src/rams_interface/src/main_window.cpp:[m[K In constructor ‘[01m[Krams_interface::MainWindow::MainWindow(QWidget*)[m[K’:
[27.004s] [01m[K/home/ros2/ws_RAMS/src/rams_interface/src/main_window.cpp:30:58:[m[K [01;31m[Kerror: [m[Kcannot convert ‘[01m[KOgre::SceneManager*[m[K’ to ‘[01m[Krviz_common::DisplayContext*[m[K’
[27.004s]    30 |   render_panel_->initialize([01;31m[Kviz_manager_->getSceneManager()[m[K, viz_manager_.get());
[27.004s]       |                             [01;31m[K~~~~~~~~~~~~~~~~~~~~~~~~~~~~~^~[m[K
[27.004s]       |                                                          [01;31m[K|[m[K
[27.004s]       |                                                          [01;31m[KOgre::SceneManager*[m[K
[27.005s] In file included from [01m[K/home/ros2/ws_RAMS/src/rams_interface/src/main_window.cpp:11[m[K:
[27.005s] [01m[K/opt/ros/humble/include/rviz_common/rviz_common/render_panel.hpp:80:36:[m[K [01;36m[Knote: [m[K  initializing argument 1 of ‘[01m[Kvoid rviz_common::RenderPanel::initialize(rviz_common::DisplayContext*, bool)[m[K’
[27.005s]    80 |   void initialize([01;36m[KDisplayContext * manager[m[K, bool use_main_scene = false);
[27.005s]       |                   [01;36m[K~~~~~~~~~~~~~~~~~^~~~~~~[m[K
[27.005s] [01m[K/home/ros2/ws_RAMS/src/rams_interface/src/main_window.cpp:42:10:[m[K [01;31m[Kerror: [m[Kinvalid use of incomplete type ‘[01m[Kclass rviz_common::Display[m[K’
[27.005s]    42 |     cloud[01;31m[K->[m[KsubProp("Topic")->setValue("/rams/perception/cloud");
[27.005s]       |          [01;31m[K^~[m[K
[27.005s] In file included from [01m[K/home/ros2/ws_RAMS/src/rams_interface/src/main_window.cpp:11[m[K:
[27.005s] [01m[K/opt/ros/humble/include/rviz_common/rviz_common/render_panel.hpp:58:7:[m[K [01;36m[Knote: [m[Kforward declaration of ‘[01m[Kclass rviz_common::Display[m[K’
[27.005s]    58 | class [01;36m[KDisplay[m[K;
[27.006s]       |       [01;36m[K^~~~~~~[m[K
[27.031s] [01m[K/home/ros2/ws_RAMS/src/rams_interface/src/main_window.cpp:[m[K In member function ‘[01m[Kvirtual bool rams_interface::MainWindow::eventFilter(QObject*, QEvent*)[m[K’:
[27.031s] [01m[K/home/ros2/ws_RAMS/src/rams_interface/src/main_window.cpp:85:51:[m[K [01;31m[Kerror: [m[Kunable to deduce ‘[01m[Kauto*[m[K’ from ‘[01m[Krviz_common::VisualizationManager::getSelectionManager()[m[K’
[27.031s]    85 |     auto* sel = viz_manager_->getSelectionManager([01;31m[K)[m[K;
[27.031s]       |                                                   [01;31m[K^[m[K
[27.031s] [01m[K/home/ros2/ws_RAMS/src/rams_interface/src/main_window.cpp:85:51:[m[K [01;36m[Knote: [m[K  mismatched types ‘[01m[Kauto*[m[K’ and ‘[01m[Kstd::shared_ptr<rviz_common::interaction::SelectionManagerIface>[m[K’
[27.031s] [01m[K/home/ros2/ws_RAMS/src/rams_interface/src/main_window.cpp:87:41:[m[K [01;31m[Kerror: [m[K‘[01m[Kclass rviz_rendering::RenderWindow[m[K’ has no member named ‘[01m[Kget_render_window[m[K’; did you mean ‘[01m[KRenderWindow[m[K’?
[27.032s]    87 |       render_panel_->getRenderWindow()->[01;31m[Kget_render_window[m[K()->getViewport(0);
[27.033s]       |                                         [01;31m[K^~~~~~~~~~~~~~~~~[m[K
[27.033s]       |                                         [32m[KRenderWindow[m[K
[27.288s] In file included from [01m[K/usr/include/c++/11/memory:76[m[K,
[27.288s]                  from [01m[K/usr/include/x86_64-linux-gnu/qt5/QtCore/qsharedpointer_impl.h:71[m[K,
[27.288s]                  from [01m[K/usr/include/x86_64-linux-gnu/qt5/QtCore/qsharedpointer.h:48[m[K,
[27.288s]                  from [01m[K/usr/include/x86_64-linux-gnu/qt5/QtGui/qpixmap.h:48[m[K,
[27.288s]                  from [01m[K/usr/include/x86_64-linux-gnu/qt5/QtGui/qbrush.h:52[m[K,
[27.288s]                  from [01m[K/usr/include/x86_64-linux-gnu/qt5/QtGui/qpalette.h:46[m[K,
[27.288s]                  from [01m[K/usr/include/x86_64-linux-gnu/qt5/QtWidgets/qwidget.h:48[m[K,
[27.288s]                  from [01m[K/usr/include/x86_64-linux-gnu/qt5/QtWidgets/qmainwindow.h:44[m[K,
[27.288s]                  from [01m[K/usr/include/x86_64-linux-gnu/qt5/QtWidgets/QMainWindow:1[m[K,
[27.288s]                  from [01m[K/home/ros2/ws_RAMS/src/rams_interface/include/rams_interface/main_window.h:4[m[K,
[27.288s]                  from [01m[K/home/ros2/ws_RAMS/src/rams_interface/src/main_window.cpp:1[m[K:
[27.288s] /usr/include/c++/11/bits/unique_ptr.h: In instantiation of ‘[01m[Ktypename std::_MakeUniq<_Tp>::__single_object std::make_unique(_Args&& ...) [with _Tp = rviz_common::VisualizationManager; _Args = {rviz_common::RenderPanel*&}; typename std::_MakeUniq<_Tp>::__single_object = std::unique_ptr<rviz_common::VisualizationManager>][m[K’:
[27.288s] [01m[K/home/ros2/ws_RAMS/src/rams_interface/src/main_window.cpp:29:69:[m[K   required from here
[27.288s] [01m[K/usr/include/c++/11/bits/unique_ptr.h:962:30:[m[K [01;31m[Kerror: [m[Kno matching function for call to ‘[01m[Krviz_common::VisualizationManager::VisualizationManager(rviz_common::RenderPanel*&)[m[K’
[27.288s]   962 |     { return unique_ptr<_Tp>([01;31m[Knew _Tp(std::forward<_Args>(__args)...)[m[K); }
[27.288s]       |                              [01;31m[K^~~~~~~~~~~~~~~~~~~~~~~~~~~~~~~~~~~~~~~[m[K
[27.292s] In file included from [01m[K/home/ros2/ws_RAMS/src/rams_interface/src/main_window.cpp:12[m[K:
[27.292s] [01m[K/opt/ros/humble/include/rviz_common/rviz_common/visualization_manager.hpp:103:12:[m[K [01;36m[Knote: [m[Kcandidate: ‘[01m[Krviz_common::VisualizationManager::VisualizationManager(rviz_common::RenderPanel*, rviz_common::ros_integration::RosNodeAbstractionIface::WeakPtr, rviz_common::WindowManagerInterface*, rclcpp::Clock::SharedPtr)[m[K’
[27.292s]   103 |   explicit [01;36m[KVisualizationManager[m[K(
[27.292s]       |            [01;36m[K^~~~~~~~~~~~~~~~~~~~[m[K
[27.292s] [01m[K/opt/ros/humble/include/rviz_common/rviz_common/visualization_manager.hpp:103:12:[m[K [01;36m[Knote: [m[K  candidate expects 4 arguments, 1 provided
[27.415s] [ 70%] Built target move_to_pose_server
[29.777s] gmake[2]: *** [CMakeFiles/gui_node.dir/build.make:104: CMakeFiles/gui_node.dir/src/main_window.cpp.o] Error 1
[29.778s] gmake[1]: *** [CMakeFiles/Makefile2:647: CMakeFiles/gui_node.dir/all] Error 2
[29.780s] gmake: *** [Makefile:146: all] Error 2
[29.781s] Invoked command in '/home/ros2/ws_RAMS/build/rams_interface' returned '2': CMAKE_PREFIX_PATH=/opt/ros/humble /usr/bin/cmake --build /home/ros2/ws_RAMS/build/rams_interface -- -j2 -l2
