[0.005s] Invoking command in '/home/ros2/ws_RAMS/build/rams_perception': CMAKE_PREFIX_PATH=/opt/ros/humble /usr/bin/cmake /home/ros2/ws_RAMS/src/rams_perception -DCMAKE_INSTALL_PREFIX=/home/ros2/ws_RAMS/install/rams_perception
[0.051s] -- The C compiler identification is GNU 11.4.0
[0.096s] -- The CXX compiler identification is GNU 11.4.0
[0.101s] -- Detecting C compiler ABI info
[0.171s] -- Detecting C compiler ABI info - done
[0.177s] -- Check for working C compiler: /usr/bin/cc - skipped
[0.178s] -- Detecting C compile features
[0.178s] -- Detecting C compile features - done
[0.182s] -- Detecting CXX compiler ABI info
[0.264s] -- Detecting CXX compiler ABI info - done
[0.268s] -- Check for working CXX compiler: /usr/bin/c++ - skipped
[0.269s] -- Detecting CXX compile features
[0.269s] -- Detecting CXX compile features - done
[0.270s] -- Found ament_cmake: 1.3.12 (/opt/ros/humble/share/ament_cmake/cmake)
[0.383s] -- Found Python3: /usr/bin/python3 (found version "3.10.12") found components: Interpreter 
[0.461s] -- Found rclcpp: 16.0.14 (/opt/ros/humble/share/rclcpp/cmake)
[0.489s] -- Found rosidl_generator_c: 3.1.7 (/opt/ros/humble/share/rosidl_generator_c/cmake)
[0.493s] -- Found rosidl_adapter: 3.1.7 (/opt/ros/humble/share/rosidl_adapter/cmake)
[0.498s] -- Found rosidl_generator_cpp: 3.1.7 (/opt/ros/humble/share/rosidl_generator_cpp/cmake)
[0.507s] -- Using all available rosidl_typesupport_c: rosidl_typesupport_fastrtps_c;rosidl_typesupport_introspection_c
[0.523s] -- Using all available rosidl_typesupport_cpp: rosidl_typesupport_fastrtps_cpp;rosidl_typesupport_introspection_cpp
[0.551s] -- Found rmw_implementation_cmake: 6.1.2 (/opt/ros/humble/share/rmw_implementation_cmake/cmake)
[0.553s] -- Found rmw_fastrtps_cpp: 6.2.8 (/opt/ros/humble/share/rmw_fastrtps_cpp/cmake)
[0.611s] -- Found OpenSSL: /usr/lib/x86_64-linux-gnu/libcrypto.so (found version "3.0.2")  
[0.632s] -- Found FastRTPS: /opt/ros/humble/include  
[0.658s] -- Using RMW implementation 'rmw_fastrtps_cpp' as default
[0.664s] -- Looking for pthread.h
[0.726s] -- Looking for pthread.h - found
[0.728s] -- Performing Test CMAKE_HAVE_LIBC_PTHREAD
[0.803s] -- Performing Test CMAKE_HAVE_LIBC_PTHREAD - Success
[0.803s] -- Found Threads: TRUE  
[0.840s] -- Found sensor_msgs: 4.9.0 (/opt/ros/humble/share/sensor_msgs/cmake)
[0.861s] -- Found tf2_ros: 0.25.15 (/opt/ros/humble/share/tf2_ros/cmake)
[0.946s] -- Found tf2_sensor_msgs: 0.25.15 (/opt/ros/humble/share/tf2_sensor_msgs/cmake)
[0.954s] -- Found moveit_msgs: 2.2.1 (/opt/ros/humble/share/moveit_msgs/cmake)
[1.079s] -- Configuring done
[1.104s] -- Generating done
[1.111s] -- Build files have been written to: /home/ros2/ws_RAMS/build/rams_perception
[1.121s] Invoked command in '/home/ros2/ws_RAMS/build/rams_perception' returned '0': CMAKE_PREFIX_PATH=/opt/ros/humble /usr/bin/cmake /home/ros2/ws_RAMS/src/rams_perception -DCMAKE_INSTALL_PREFIX=/home/ros2/ws_RAMS/install/rams_perception
[1.121s] Invoking command in '/home/ros2/ws_RAMS/build/rams_perception': CMAKE_PREFIX_PATH=/opt/ros/humble /usr/bin/cmake --build /home/ros2/ws_RAMS/build/rams_perception -- -j2 -l2
[1.166s] [ 50%] [32mBuilding CXX object CMakeFiles/perception_node.dir/src/perception_node.cpp.o[0m
[12.272s] [100%] [32m[1mLinking CXX executable perception_node[0m
[12.740s] [100%] Built target perception_node
[12.751s] Invoked command in '/home/ros2/ws_RAMS/build/rams_perception' returned '0': CMAKE_PREFIX_PATH=/opt/ros/humble /usr/bin/cmake --build /home/ros2/ws_RAMS/build/rams_perception -- -j2 -l2
[12.753s] Invoking command in '/home/ros2/ws_RAMS/build/rams_perception': CMAKE_PREFIX_PATH=/opt/ros/humble /usr/bin/cmake --install /home/ros2/ws_RAMS/build/rams_perception
[12.758s] -- Install configuration: ""
[12.758s] -- Installing: /home/ros2/ws_RAMS/install/rams_perception/lib/rams_perception/perception_node
[12.767s] -- Set runtime path of "/home/ros2/ws_RAMS/install/rams_perception/lib/rams_perception/perception_node" to ""
[12.767s] -- Installing: /home/ros2/ws_RAMS/install/rams_perception/share/ament_index/resource_index/package_run_dependencies/rams_perception
[12.768s] -- Installing: /home/ros2/ws_RAMS/install/rams_perception/share/ament_index/resource_index/parent_prefix_path/rams_perception
[12.769s] -- Installing: /home/ros2/ws_RAMS/install/rams_perception/share/rams_perception/environment/ament_prefix_path.sh
[12.769s] -- Installing: /home/ros2/ws_RAMS/install/rams_perception/share/rams_perception/environment/ament_prefix_path.dsv
[12.769s] -- Installing: /home/ros2/ws_RAMS/install/rams_perception/share/rams_perception/environment/path.sh
[12.770s] -- Installing: /home/ros2/ws_RAMS/install/rams_perception/share/rams_perception/environment/path.dsv
[12.770s] -- Installing: /home/ros2/ws_RAMS/install/rams_perception/share/rams_perception/local_setup.bash
[12.770s] -- Installing: /home/ros2/ws_RAMS/install/rams_perception/share/rams_perception/local_setup.sh
[12.770s] -- Installing: /home/ros2/ws_RAMS/install/rams_perception/share/rams_perception/local_setup.zsh
[12.771s] -- Installing: /home/ros2/ws_RAMS/install/rams_perception/share/rams_perception/local_setup.dsv
[12.771s] -- Installing: /home/ros2/ws_RAMS/install/rams_perception/share/rams_perception/package.dsv
[12.772s] -- Installing: /home/ros2/ws_RAMS/install/rams_perception/share/ament_index/resource_index/packages/rams_perception
[12.772s] -- Installing: /home/ros2/ws_RAMS/install/rams_perception/share/rams_perception/cmake/rams_perceptionConfig.cmake
[12.773s] -- Installing: /home/ros2/ws_RAMS/install/rams_perception/share/rams_perception/cmake/rams_perceptionConfig-version.cmake
[12.773s] -- Installing: /home/ros2/ws_RAMS/install/rams_perception/share/rams_perception/package.xml
[12.774s] Invoked command in '/home/ros2/ws_RAMS/build/rams_perception' returned '0': CMAKE_PREFIX_PATH=/opt/ros/humble /usr/bin/cmake --install /home/ros2/ws_RAMS/build/rams_perception
