[0.186s] DEBUG:colcon:Command line arguments: ['/usr/bin/colcon', 'build']
[0.186s] DEBUG:colcon:Parsed command line arguments: Namespace(log_base=None, log_level=None, verb_name='build', build_base='build', install_base='install', merge_install=False, symlink_install=False, test_result_base=None, continue_on_error=False, executor='parallel', parallel_workers=2, event_handlers=None, ignore_user_meta=False, metas=['./colcon.meta'], base_paths=['.'], packages_ignore=None, packages_ignore_regex=None, paths=None, packages_up_to=None, packages_up_to_regex=None, packages_above=None, packages_above_and_dependencies=None, packages_above_depth=None, packages_select_by_dep=None, packages_skip_by_dep=None, packages_skip_up_to=None, packages_select_build_failed=False, packages_skip_build_finished=False, packages_select_test_failures=False, packages_skip_test_passed=False, packages_select=None, packages_skip=None, packages_select_regex=None, packages_skip_regex=None, packages_start=None, packages_end=None, allow_overriding=[], cmake_args=None, cmake_target=None, cmake_target_skip_unavailable=False, cmake_clean_cache=False, cmake_clean_first=False, cmake_force_configure=False, ament_cmake_args=None, catkin_cmake_args=None, catkin_skip_building_tests=False, mixin_files=None, mixin=None, verb_parser=<colcon_mixin.mixin.mixin_argument.MixinArgumentDecorator object at 0x7b76351743a0>, verb_extension=<colcon_core.verb.build.BuildVerb object at 0x7b763514feb0>, main=<bound method BuildVerb.main of <colcon_core.verb.build.BuildVerb object at 0x7b763514feb0>>, mixin_verb=('build',))
[0.498s] Level 1:colcon.colcon_core.package_discovery:discover_packages(colcon_meta) check parameters
[0.498s] Level 1:colcon.colcon_core.package_discovery:discover_packages(recursive) check parameters
[0.498s] Level 1:colcon.colcon_core.package_discovery:discover_packages(ignore) check parameters
[0.498s] Level 1:colcon.colcon_core.package_discovery:discover_packages(path) check parameters
[0.498s] Level 1:colcon.colcon_core.package_discovery:discover_packages(colcon_meta) discover
[0.498s] Level 1:colcon.colcon_core.package_discovery:discover_packages(recursive) discover
[0.498s] INFO:colcon.colcon_core.package_discovery:Crawling recursively for packages in '/home/ros2/ws_RAMS'
[0.498s] Level 1:colcon.colcon_core.package_identification:_identify(.) by extensions ['ignore', 'ignore_ament_install']
[0.498s] Level 1:colcon.colcon_core.package_identification:_identify(.) by extension 'ignore'
[0.498s] Level 1:colcon.colcon_core.package_identification:_identify(.) by extension 'ignore_ament_install'
[0.498s] Level 1:colcon.colcon_core.package_identification:_identify(.) by extensions ['colcon_pkg']
[0.498s] Level 1:colcon.colcon_core.package_identification:_identify(.) by extension 'colcon_pkg'
[0.499s] Level 1:colcon.colcon_core.package_identification:_identify(.) by extensions ['colcon_meta']
[0.499s] Level 1:colcon.colcon_core.package_identification:_identify(.) by extension 'colcon_meta'
[0.499s] Level 1:colcon.colcon_core.package_identification:_identify(.) by extensions ['ros']
[0.499s] Level 1:colcon.colcon_core.package_identification:_identify(.) by extension 'ros'
[0.510s] Level 1:colcon.colcon_core.package_identification:_identify(.) by extensions ['cmake', 'python']
[0.510s] Level 1:colcon.colcon_core.package_identification:_identify(.) by extension 'cmake'
[0.510s] Level 1:colcon.colcon_core.package_identification:_identify(.) by extension 'python'
[0.510s] Level 1:colcon.colcon_core.package_identification:_identify(.) by extensions ['python_setup_py']
[0.510s] Level 1:colcon.colcon_core.package_identification:_identify(.) by extension 'python_setup_py'
[0.510s] Level 1:colcon.colcon_core.package_identification:_identify(build) by extensions ['ignore', 'ignore_ament_install']
[0.510s] Level 1:colcon.colcon_core.package_identification:_identify(build) by extension 'ignore'
[0.510s] Level 1:colcon.colcon_core.package_identification:_identify(build) ignored
[0.510s] Level 1:colcon.colcon_core.package_identification:_identify(install) by extensions ['ignore', 'ignore_ament_install']
[0.510s] Level 1:colcon.colcon_core.package_identification:_identify(install) by extension 'ignore'
[0.510s] Level 1:colcon.colcon_core.package_identification:_identify(install) ignored
[0.510s] Level 1:colcon.colcon_core.package_identification:_identify(log) by extensions ['ignore', 'ignore_ament_install']
[0.510s] Level 1:colcon.colcon_core.package_identification:_identify(log) by extension 'ignore'
[0.510s] Level 1:colcon.colcon_core.package_identification:_identify(log) ignored
[0.510s] Level 1:colcon.colcon_core.package_identification:_identify(src) by extensions ['ignore', 'ignore_ament_install']
[0.510s] Level 1:colcon.colcon_core.package_identification:_identify(src) by extension 'ignore'
[0.510s] Level 1:colcon.colcon_core.package_identification:_identify(src) by extension 'ignore_ament_install'
[0.510s] Level 1:colcon.colcon_core.package_identification:_identify(src) by extensions ['colcon_pkg']
[0.511s] Level 1:colcon.colcon_core.package_identification:_identify(src) by extension 'colcon_pkg'
[0.511s] Level 1:colcon.colcon_core.package_identification:_identify(src) by extensions ['colcon_meta']
[0.511s] Level 1:colcon.colcon_core.package_identification:_identify(src) by extension 'colcon_meta'
[0.511s] Level 1:colcon.colcon_core.package_identification:_identify(src) by extensions ['ros']
[0.511s] Level 1:colcon.colcon_core.package_identification:_identify(src) by extension 'ros'
[0.511s] Level 1:colcon.colcon_core.package_identification:_identify(src) by extensions ['cmake', 'python']
[0.511s] Level 1:colcon.colcon_core.package_identification:_identify(src) by extension 'cmake'
[0.511s] Level 1:colcon.colcon_core.package_identification:_identify(src) by extension 'python'
[0.511s] Level 1:colcon.colcon_core.package_identification:_identify(src) by extensions ['python_setup_py']
[0.511s] Level 1:colcon.colcon_core.package_identification:_identify(src) by extension 'python_setup_py'
[0.511s] Level 1:colcon.colcon_core.package_identification:_identify(src/workcell_description) by extensions ['ignore', 'ignore_ament_install']
[0.511s] Level 1:colcon.colcon_core.package_identification:_identify(src/workcell_description) by extension 'ignore'
[0.511s] Level 1:colcon.colcon_core.package_identification:_identify(src/workcell_description) by extension 'ignore_ament_install'
[0.511s] Level 1:colcon.colcon_core.package_identification:_identify(src/workcell_description) by extensions ['colcon_pkg']
[0.511s] Level 1:colcon.colcon_core.package_identification:_identify(src/workcell_description) by extension 'colcon_pkg'
[0.511s] Level 1:colcon.colcon_core.package_identification:_identify(src/workcell_description) by extensions ['colcon_meta']
[0.511s] Level 1:colcon.colcon_core.package_identification:_identify(src/workcell_description) by extension 'colcon_meta'
[0.511s] Level 1:colcon.colcon_core.package_identification:_identify(src/workcell_description) by extensions ['ros']
[0.511s] Level 1:colcon.colcon_core.package_identification:_identify(src/workcell_description) by extension 'ros'
[0.520s] DEBUG:colcon.colcon_core.package_identification:Package 'src/workcell_description' with type 'ros.ament_cmake' and name 'workcell_description'
[0.520s] Level 1:colcon.colcon_core.package_discovery:discover_packages(recursive) using defaults
[0.520s] Level 1:colcon.colcon_core.package_discovery:discover_packages(ignore) discover
[0.520s] Level 1:colcon.colcon_core.package_discovery:discover_packages(ignore) using defaults
[0.520s] Level 1:colcon.colcon_core.package_discovery:discover_packages(path) discover
[0.520s] Level 1:colcon.colcon_core.package_discovery:discover_packages(path) using defaults
[0.553s] Level 1:colcon.colcon_core.package_discovery:discover_packages(prefix_path) check parameters
[0.553s] Level 1:colcon.colcon_core.package_discovery:discover_packages(prefix_path) discover
[0.555s] WARNING:colcon.colcon_ros.prefix_path.ament:The path '/home/ros2/ws_RAMS/install/workcell_description' in the environment variable AMENT_PREFIX_PATH doesn't exist
[0.569s] WARNING:colcon.colcon_ros.prefix_path.catkin:The path '/home/ros2/ws_RAMS/install/workcell_description' in the environment variable CMAKE_PREFIX_PATH doesn't exist
[0.572s] DEBUG:colcon.colcon_installed_package_information.package_discovery:Found 0 installed packages in /home/ros2/ws_RAMS/install
[0.574s] DEBUG:colcon.colcon_installed_package_information.package_discovery:Found 57 installed packages in /home/ros2/ws_moveit/install
[0.576s] DEBUG:colcon.colcon_installed_package_information.package_discovery:Found 334 installed packages in /opt/ros/humble
[0.578s] Level 1:colcon.colcon_core.package_discovery:discover_packages(prefix_path) using defaults
[0.738s] Level 5:colcon.colcon_core.verb:set package 'workcell_description' build argument 'cmake_args' from command line to 'None'
[0.738s] Level 5:colcon.colcon_core.verb:set package 'workcell_description' build argument 'cmake_target' from command line to 'None'
[0.738s] Level 5:colcon.colcon_core.verb:set package 'workcell_description' build argument 'cmake_target_skip_unavailable' from command line to 'False'
[0.738s] Level 5:colcon.colcon_core.verb:set package 'workcell_description' build argument 'cmake_clean_cache' from command line to 'False'
[0.738s] Level 5:colcon.colcon_core.verb:set package 'workcell_description' build argument 'cmake_clean_first' from command line to 'False'
[0.738s] Level 5:colcon.colcon_core.verb:set package 'workcell_description' build argument 'cmake_force_configure' from command line to 'False'
[0.738s] Level 5:colcon.colcon_core.verb:set package 'workcell_description' build argument 'ament_cmake_args' from command line to 'None'
[0.738s] Level 5:colcon.colcon_core.verb:set package 'workcell_description' build argument 'catkin_cmake_args' from command line to 'None'
[0.738s] Level 5:colcon.colcon_core.verb:set package 'workcell_description' build argument 'catkin_skip_building_tests' from command line to 'False'
[0.738s] DEBUG:colcon.colcon_core.verb:Building package 'workcell_description' with the following arguments: {'ament_cmake_args': None, 'build_base': '/home/ros2/ws_RAMS/build/workcell_description', 'catkin_cmake_args': None, 'catkin_skip_building_tests': False, 'cmake_args': None, 'cmake_clean_cache': False, 'cmake_clean_first': False, 'cmake_force_configure': False, 'cmake_target': None, 'cmake_target_skip_unavailable': False, 'install_base': '/home/ros2/ws_RAMS/install/workcell_description', 'merge_install': False, 'path': '/home/ros2/ws_RAMS/src/workcell_description', 'symlink_install': False, 'test_result_base': None}
[0.738s] INFO:colcon.colcon_core.executor:Executing jobs using 'parallel' executor
[0.739s] DEBUG:colcon.colcon_parallel_executor.executor.parallel:run_until_complete
[0.739s] INFO:colcon.colcon_ros.task.ament_cmake.build:Building ROS package in '/home/ros2/ws_RAMS/src/workcell_description' with build type 'ament_cmake'
[0.739s] INFO:colcon.colcon_cmake.task.cmake.build:Building CMake package in '/home/ros2/ws_RAMS/src/workcell_description'
[0.747s] INFO:colcon.colcon_core.plugin_system:Skipping extension 'colcon_core.shell.bat': Not used on non-Windows systems
[0.747s] INFO:colcon.colcon_core.shell:Skip shell extension 'powershell' for command environment: Not usable outside of PowerShell
[0.747s] DEBUG:colcon.colcon_core.shell:Skip shell extension 'dsv' for command environment
[0.762s] DEBUG:colcon.colcon_core.event_handler.log_command:Invoking command in '/home/ros2/ws_RAMS/build/workcell_description': CMAKE_PREFIX_PATH=${CMAKE_PREFIX_PATH}:/home/ros2/ws_moveit/install/moveit_configs_utils:/home/ros2/ws_moveit/install/launch_param_builder:/opt/ros/humble /usr/bin/cmake /home/ros2/ws_RAMS/src/workcell_description -DCMAKE_INSTALL_PREFIX=/home/ros2/ws_RAMS/install/workcell_description
[1.705s] DEBUG:colcon.colcon_core.event_handler.log_command:Invoked command in '/home/ros2/ws_RAMS/build/workcell_description' returned '0': CMAKE_PREFIX_PATH=${CMAKE_PREFIX_PATH}:/home/ros2/ws_moveit/install/moveit_configs_utils:/home/ros2/ws_moveit/install/launch_param_builder:/opt/ros/humble /usr/bin/cmake /home/ros2/ws_RAMS/src/workcell_description -DCMAKE_INSTALL_PREFIX=/home/ros2/ws_RAMS/install/workcell_description
[1.708s] DEBUG:colcon.colcon_core.event_handler.log_command:Invoking command in '/home/ros2/ws_RAMS/build/workcell_description': CMAKE_PREFIX_PATH=${CMAKE_PREFIX_PATH}:/home/ros2/ws_moveit/install/moveit_configs_utils:/home/ros2/ws_moveit/install/launch_param_builder:/opt/ros/humble /usr/bin/cmake --build /home/ros2/ws_RAMS/build/workcell_description -- -j2 -l2
[1.751s] DEBUG:colcon.colcon_core.event_handler.log_command:Invoked command in '/home/ros2/ws_RAMS/build/workcell_description' returned '0': CMAKE_PREFIX_PATH=${CMAKE_PREFIX_PATH}:/home/ros2/ws_moveit/install/moveit_configs_utils:/home/ros2/ws_moveit/install/launch_param_builder:/opt/ros/humble /usr/bin/cmake --build /home/ros2/ws_RAMS/build/workcell_description -- -j2 -l2
[1.765s] DEBUG:colcon.colcon_core.event_handler.log_command:Invoking command in '/home/ros2/ws_RAMS/build/workcell_description': CMAKE_PREFIX_PATH=${CMAKE_PREFIX_PATH}:/home/ros2/ws_moveit/install/moveit_configs_utils:/home/ros2/ws_moveit/install/launch_param_builder:/opt/ros/humble /usr/bin/cmake --install /home/ros2/ws_RAMS/build/workcell_description
[2.036s] Level 1:colcon.colcon_core.environment:create_environment_scripts_only(workcell_description)
[2.037s] DEBUG:colcon.colcon_core.event_handler.log_command:Invoked command in '/home/ros2/ws_RAMS/build/workcell_description' returned '0': CMAKE_PREFIX_PATH=${CMAKE_PREFIX_PATH}:/home/ros2/ws_moveit/install/moveit_configs_utils:/home/ros2/ws_moveit/install/launch_param_builder:/opt/ros/humble /usr/bin/cmake --install /home/ros2/ws_RAMS/build/workcell_description
[2.043s] Level 1:colcon.colcon_core.environment:checking '/home/ros2/ws_RAMS/install/workcell_description' for CMake module files
[2.044s] Level 1:colcon.colcon_core.environment:checking '/home/ros2/ws_RAMS/install/workcell_description' for CMake config files
[2.044s] Level 1:colcon.colcon_core.shell:create_environment_hook('workcell_description', 'cmake_prefix_path')
[2.044s] INFO:colcon.colcon_core.shell:Creating environment hook '/home/ros2/ws_RAMS/install/workcell_description/share/workcell_description/hook/cmake_prefix_path.ps1'
[2.045s] INFO:colcon.colcon_core.shell:Creating environment descriptor '/home/ros2/ws_RAMS/install/workcell_description/share/workcell_description/hook/cmake_prefix_path.dsv'
[2.046s] INFO:colcon.colcon_core.shell:Creating environment hook '/home/ros2/ws_RAMS/install/workcell_description/share/workcell_description/hook/cmake_prefix_path.sh'
[2.046s] Level 1:colcon.colcon_core.environment:checking '/home/ros2/ws_RAMS/install/workcell_description/bin'
[2.047s] Level 1:colcon.colcon_core.environment:checking '/home/ros2/ws_RAMS/install/workcell_description/lib/pkgconfig/workcell_description.pc'
[2.047s] Level 1:colcon.colcon_core.environment:checking '/home/ros2/ws_RAMS/install/workcell_description/lib/python3.10/site-packages'
[2.047s] Level 1:colcon.colcon_core.environment:checking '/home/ros2/ws_RAMS/install/workcell_description/bin'
[2.047s] INFO:colcon.colcon_core.shell:Creating package script '/home/ros2/ws_RAMS/install/workcell_description/share/workcell_description/package.ps1'
[2.048s] INFO:colcon.colcon_core.shell:Creating package descriptor '/home/ros2/ws_RAMS/install/workcell_description/share/workcell_description/package.dsv'
[2.049s] INFO:colcon.colcon_core.shell:Creating package script '/home/ros2/ws_RAMS/install/workcell_description/share/workcell_description/package.sh'
[2.050s] INFO:colcon.colcon_core.shell:Creating package script '/home/ros2/ws_RAMS/install/workcell_description/share/workcell_description/package.bash'
[2.051s] INFO:colcon.colcon_core.shell:Creating package script '/home/ros2/ws_RAMS/install/workcell_description/share/workcell_description/package.zsh'
[2.052s] Level 1:colcon.colcon_core.environment:create_file_with_runtime_dependencies(/home/ros2/ws_RAMS/install/workcell_description/share/colcon-core/packages/workcell_description)
[2.052s] Level 1:colcon.colcon_core.environment:create_environment_scripts_only(workcell_description)
[2.053s] Level 1:colcon.colcon_core.environment:checking '/home/ros2/ws_RAMS/install/workcell_description' for CMake module files
[2.053s] Level 1:colcon.colcon_core.environment:checking '/home/ros2/ws_RAMS/install/workcell_description' for CMake config files
[2.053s] Level 1:colcon.colcon_core.shell:create_environment_hook('workcell_description', 'cmake_prefix_path')
[2.054s] INFO:colcon.colcon_core.shell:Creating environment hook '/home/ros2/ws_RAMS/install/workcell_description/share/workcell_description/hook/cmake_prefix_path.ps1'
[2.054s] INFO:colcon.colcon_core.shell:Creating environment descriptor '/home/ros2/ws_RAMS/install/workcell_description/share/workcell_description/hook/cmake_prefix_path.dsv'
[2.054s] INFO:colcon.colcon_core.shell:Creating environment hook '/home/ros2/ws_RAMS/install/workcell_description/share/workcell_description/hook/cmake_prefix_path.sh'
[2.055s] Level 1:colcon.colcon_core.environment:checking '/home/ros2/ws_RAMS/install/workcell_description/bin'
[2.055s] Level 1:colcon.colcon_core.environment:checking '/home/ros2/ws_RAMS/install/workcell_description/lib/pkgconfig/workcell_description.pc'
[2.055s] Level 1:colcon.colcon_core.environment:checking '/home/ros2/ws_RAMS/install/workcell_description/lib/python3.10/site-packages'
[2.055s] Level 1:colcon.colcon_core.environment:checking '/home/ros2/ws_RAMS/install/workcell_description/bin'
[2.055s] INFO:colcon.colcon_core.shell:Creating package script '/home/ros2/ws_RAMS/install/workcell_description/share/workcell_description/package.ps1'
[2.056s] INFO:colcon.colcon_core.shell:Creating package descriptor '/home/ros2/ws_RAMS/install/workcell_description/share/workcell_description/package.dsv'
[2.056s] INFO:colcon.colcon_core.shell:Creating package script '/home/ros2/ws_RAMS/install/workcell_description/share/workcell_description/package.sh'
[2.057s] INFO:colcon.colcon_core.shell:Creating package script '/home/ros2/ws_RAMS/install/workcell_description/share/workcell_description/package.bash'
[2.057s] INFO:colcon.colcon_core.shell:Creating package script '/home/ros2/ws_RAMS/install/workcell_description/share/workcell_description/package.zsh'
[2.057s] Level 1:colcon.colcon_core.environment:create_file_with_runtime_dependencies(/home/ros2/ws_RAMS/install/workcell_description/share/colcon-core/packages/workcell_description)
[2.058s] DEBUG:colcon.colcon_parallel_executor.executor.parallel:closing loop
[2.058s] DEBUG:colcon.colcon_parallel_executor.executor.parallel:loop closed
[2.058s] DEBUG:colcon.colcon_parallel_executor.executor.parallel:run_until_complete finished with '0'
[2.058s] DEBUG:colcon.colcon_core.event_reactor:joining thread
[2.074s] INFO:colcon.colcon_core.plugin_system:Skipping extension 'colcon_notification.desktop_notification.terminal_notifier': Not used on non-Darwin systems
[2.074s] INFO:colcon.colcon_core.plugin_system:Skipping extension 'colcon_notification.desktop_notification.win32': Not used on non-Windows systems
[2.074s] INFO:colcon.colcon_notification.desktop_notification:Sending desktop notification using 'notify2'
[2.140s] DEBUG:colcon.colcon_core.event_reactor:joined thread
[2.140s] INFO:colcon.colcon_core.shell:Creating prefix script '/home/ros2/ws_RAMS/install/local_setup.ps1'
[2.142s] INFO:colcon.colcon_core.shell:Creating prefix util module '/home/ros2/ws_RAMS/install/_local_setup_util_ps1.py'
[2.143s] INFO:colcon.colcon_core.shell:Creating prefix chain script '/home/ros2/ws_RAMS/install/setup.ps1'
[2.152s] INFO:colcon.colcon_core.shell:Creating prefix script '/home/ros2/ws_RAMS/install/local_setup.sh'
[2.153s] INFO:colcon.colcon_core.shell:Creating prefix util module '/home/ros2/ws_RAMS/install/_local_setup_util_sh.py'
[2.153s] INFO:colcon.colcon_core.shell:Creating prefix chain script '/home/ros2/ws_RAMS/install/setup.sh'
[2.157s] INFO:colcon.colcon_core.shell:Creating prefix script '/home/ros2/ws_RAMS/install/local_setup.bash'
[2.158s] INFO:colcon.colcon_core.shell:Creating prefix chain script '/home/ros2/ws_RAMS/install/setup.bash'
[2.161s] INFO:colcon.colcon_core.shell:Creating prefix script '/home/ros2/ws_RAMS/install/local_setup.zsh'
[2.162s] INFO:colcon.colcon_core.shell:Creating prefix chain script '/home/ros2/ws_RAMS/install/setup.zsh'
